[2024-12-04T19:21:54.249+0000] {taskinstance.py:1165} INFO - Dependencies all met for <TaskInstance: primer_dag_bash.primer_task_bash scheduled__2022-07-01T00:00:00+00:00 [queued]>
[2024-12-04T19:21:54.258+0000] {taskinstance.py:1165} INFO - Dependencies all met for <TaskInstance: primer_dag_bash.primer_task_bash scheduled__2022-07-01T00:00:00+00:00 [queued]>
[2024-12-04T19:21:54.258+0000] {taskinstance.py:1362} INFO - 
--------------------------------------------------------------------------------
[2024-12-04T19:21:54.258+0000] {taskinstance.py:1363} INFO - Starting attempt 1 of 1
[2024-12-04T19:21:54.258+0000] {taskinstance.py:1364} INFO - 
--------------------------------------------------------------------------------
[2024-12-04T19:21:54.271+0000] {taskinstance.py:1383} INFO - Executing <Task(BashOperator): primer_task_bash> on 2022-07-01 00:00:00+00:00
[2024-12-04T19:21:54.278+0000] {standard_task_runner.py:55} INFO - Started process 106 to run task
[2024-12-04T19:21:54.282+0000] {standard_task_runner.py:82} INFO - Running: ['***', 'tasks', 'run', 'primer_dag_bash', 'primer_task_bash', 'scheduled__2022-07-01T00:00:00+00:00', '--job-id', '40', '--raw', '--subdir', 'DAGS_FOLDER/bash_operator_dag.py', '--cfg-path', '/tmp/tmp_14dkm05']
[2024-12-04T19:21:54.283+0000] {standard_task_runner.py:83} INFO - Job 40: Subtask primer_task_bash
[2024-12-04T19:21:54.340+0000] {task_command.py:376} INFO - Running <TaskInstance: primer_dag_bash.primer_task_bash scheduled__2022-07-01T00:00:00+00:00 [running]> on host 308becaf7165
[2024-12-04T19:21:54.407+0000] {taskinstance.py:1592} INFO - Exporting the following env vars:
AIRFLOW_CTX_DAG_OWNER=***
AIRFLOW_CTX_DAG_ID=primer_dag_bash
AIRFLOW_CTX_TASK_ID=primer_task_bash
AIRFLOW_CTX_EXECUTION_DATE=2022-07-01T00:00:00+00:00
AIRFLOW_CTX_TRY_NUMBER=1
AIRFLOW_CTX_DAG_RUN_ID=scheduled__2022-07-01T00:00:00+00:00
[2024-12-04T19:21:54.407+0000] {subprocess.py:63} INFO - Tmp dir root location: 
 /tmp
[2024-12-04T19:21:54.408+0000] {subprocess.py:75} INFO - Running command: ['/bin/bash', '-c', 'echo "Hola mundo"']
[2024-12-04T19:21:54.426+0000] {subprocess.py:86} INFO - Output:
[2024-12-04T19:21:54.428+0000] {subprocess.py:93} INFO - Hola mundo
[2024-12-04T19:21:54.428+0000] {subprocess.py:97} INFO - Command exited with return code 0
[2024-12-04T19:21:54.456+0000] {taskinstance.py:1406} INFO - Marking task as SUCCESS. dag_id=primer_dag_bash, task_id=primer_task_bash, execution_date=20220701T000000, start_date=20241204T192154, end_date=20241204T192154
[2024-12-04T19:21:54.492+0000] {local_task_job.py:164} INFO - Task exited with return code 0
[2024-12-04T19:21:54.524+0000] {local_task_job.py:273} INFO - 0 downstream tasks scheduled from follow-on schedule check
