[2024-12-04T19:24:38.467+0000] {taskinstance.py:1165} INFO - Dependencies all met for <TaskInstance: python_operator.hello_with_python scheduled__2022-08-01T00:00:00+00:00 [queued]>
[2024-12-04T19:24:38.479+0000] {taskinstance.py:1165} INFO - Dependencies all met for <TaskInstance: python_operator.hello_with_python scheduled__2022-08-01T00:00:00+00:00 [queued]>
[2024-12-04T19:24:38.479+0000] {taskinstance.py:1362} INFO - 
--------------------------------------------------------------------------------
[2024-12-04T19:24:38.480+0000] {taskinstance.py:1363} INFO - Starting attempt 1 of 1
[2024-12-04T19:24:38.480+0000] {taskinstance.py:1364} INFO - 
--------------------------------------------------------------------------------
[2024-12-04T19:24:38.497+0000] {taskinstance.py:1383} INFO - Executing <Task(PythonOperator): hello_with_python> on 2022-08-01 00:00:00+00:00
[2024-12-04T19:24:38.506+0000] {standard_task_runner.py:55} INFO - Started process 235 to run task
[2024-12-04T19:24:38.511+0000] {standard_task_runner.py:82} INFO - Running: ['***', 'tasks', 'run', 'python_operator', 'hello_with_python', 'scheduled__2022-08-01T00:00:00+00:00', '--job-id', '41', '--raw', '--subdir', 'DAGS_FOLDER/python_operator_dag.py', '--cfg-path', '/tmp/tmpctlrnea8']
[2024-12-04T19:24:38.512+0000] {standard_task_runner.py:83} INFO - Job 41: Subtask hello_with_python
[2024-12-04T19:24:38.576+0000] {task_command.py:376} INFO - Running <TaskInstance: python_operator.hello_with_python scheduled__2022-08-01T00:00:00+00:00 [running]> on host 308becaf7165
[2024-12-04T19:24:38.656+0000] {taskinstance.py:1592} INFO - Exporting the following env vars:
AIRFLOW_CTX_DAG_OWNER=***
AIRFLOW_CTX_DAG_ID=python_operator
AIRFLOW_CTX_TASK_ID=hello_with_python
AIRFLOW_CTX_EXECUTION_DATE=2022-08-01T00:00:00+00:00
AIRFLOW_CTX_TRY_NUMBER=1
AIRFLOW_CTX_DAG_RUN_ID=scheduled__2022-08-01T00:00:00+00:00
[2024-12-04T19:24:38.657+0000] {logging_mixin.py:120} INFO - Hello people from python funtion
[2024-12-04T19:24:38.657+0000] {python.py:177} INFO - Done. Returned value was: None
[2024-12-04T19:24:38.669+0000] {taskinstance.py:1406} INFO - Marking task as SUCCESS. dag_id=python_operator, task_id=hello_with_python, execution_date=20220801T000000, start_date=20241204T192438, end_date=20241204T192438
[2024-12-04T19:24:38.722+0000] {local_task_job.py:164} INFO - Task exited with return code 0
[2024-12-04T19:24:38.745+0000] {local_task_job.py:273} INFO - 0 downstream tasks scheduled from follow-on schedule check
