[2024-12-04T19:33:39.706+0000] {taskinstance.py:1165} INFO - Dependencies all met for <TaskInstance: dependencias.t3_task_bash scheduled__2022-07-01T00:00:00+00:00 [queued]>
[2024-12-04T19:33:39.718+0000] {taskinstance.py:1165} INFO - Dependencies all met for <TaskInstance: dependencias.t3_task_bash scheduled__2022-07-01T00:00:00+00:00 [queued]>
[2024-12-04T19:33:39.718+0000] {taskinstance.py:1362} INFO - 
--------------------------------------------------------------------------------
[2024-12-04T19:33:39.718+0000] {taskinstance.py:1363} INFO - Starting attempt 1 of 1
[2024-12-04T19:33:39.718+0000] {taskinstance.py:1364} INFO - 
--------------------------------------------------------------------------------
[2024-12-04T19:33:39.733+0000] {taskinstance.py:1383} INFO - Executing <Task(BashOperator): t3_task_bash> on 2022-07-01 00:00:00+00:00
[2024-12-04T19:33:39.740+0000] {standard_task_runner.py:55} INFO - Started process 675 to run task
[2024-12-04T19:33:39.743+0000] {standard_task_runner.py:82} INFO - Running: ['***', 'tasks', 'run', 'dependencias', 't3_task_bash', 'scheduled__2022-07-01T00:00:00+00:00', '--job-id', '44', '--raw', '--subdir', 'DAGS_FOLDER/dependencia_tareas_dag.py', '--cfg-path', '/tmp/tmpf9gyx5ti']
[2024-12-04T19:33:39.744+0000] {standard_task_runner.py:83} INFO - Job 44: Subtask t3_task_bash
[2024-12-04T19:33:39.809+0000] {task_command.py:376} INFO - Running <TaskInstance: dependencias.t3_task_bash scheduled__2022-07-01T00:00:00+00:00 [running]> on host 308becaf7165
[2024-12-04T19:33:39.884+0000] {taskinstance.py:1592} INFO - Exporting the following env vars:
AIRFLOW_CTX_DAG_OWNER=***
AIRFLOW_CTX_DAG_ID=dependencias
AIRFLOW_CTX_TASK_ID=t3_task_bash
AIRFLOW_CTX_EXECUTION_DATE=2022-07-01T00:00:00+00:00
AIRFLOW_CTX_TRY_NUMBER=1
AIRFLOW_CTX_DAG_RUN_ID=scheduled__2022-07-01T00:00:00+00:00
[2024-12-04T19:33:39.885+0000] {subprocess.py:63} INFO - Tmp dir root location: 
 /tmp
[2024-12-04T19:33:39.885+0000] {subprocess.py:75} INFO - Running command: ['/bin/bash', '-c', 'echo "Tarea 3"']
[2024-12-04T19:33:39.904+0000] {subprocess.py:86} INFO - Output:
[2024-12-04T19:33:39.906+0000] {subprocess.py:93} INFO - Tarea 3
[2024-12-04T19:33:39.906+0000] {subprocess.py:97} INFO - Command exited with return code 0
[2024-12-04T19:33:39.936+0000] {taskinstance.py:1406} INFO - Marking task as SUCCESS. dag_id=dependencias, task_id=t3_task_bash, execution_date=20220701T000000, start_date=20241204T193339, end_date=20241204T193339
[2024-12-04T19:33:39.995+0000] {local_task_job.py:164} INFO - Task exited with return code 0
[2024-12-04T19:33:40.020+0000] {local_task_job.py:273} INFO - 1 downstream tasks scheduled from follow-on schedule check
