[2024-12-04T04:51:48.287+0000] {processor.py:154} INFO - Started process (PID=42) to work on /home/airflow/.local/lib/python3.7/site-packages/airflow/example_dags/example_task_group_decorator.py
[2024-12-04T04:51:48.289+0000] {processor.py:756} INFO - Processing file /home/airflow/.local/lib/python3.7/site-packages/airflow/example_dags/example_task_group_decorator.py for tasks to queue
[2024-12-04T04:51:48.290+0000] {logging_mixin.py:120} INFO - [2024-12-04T04:51:48.289+0000] {dagbag.py:537} INFO - Filling up the DagBag from /home/airflow/.local/lib/python3.7/site-packages/airflow/example_dags/example_task_group_decorator.py
[2024-12-04T04:51:48.350+0000] {processor.py:766} INFO - DAG(s) dict_keys(['example_task_group_decorator']) retrieved from /home/airflow/.local/lib/python3.7/site-packages/airflow/example_dags/example_task_group_decorator.py
[2024-12-04T04:51:48.378+0000] {logging_mixin.py:120} INFO - [2024-12-04T04:51:48.378+0000] {dag.py:2585} INFO - Sync 1 DAGs
[2024-12-04T04:51:48.406+0000] {logging_mixin.py:120} INFO - [2024-12-04T04:51:48.406+0000] {dag.py:3340} INFO - Setting next_dagrun for example_task_group_decorator to 2024-12-03T04:51:48.406493+00:00, run_after=2024-12-04T04:51:48.406493+00:00
[2024-12-04T04:51:48.429+0000] {processor.py:176} INFO - Processing /home/airflow/.local/lib/python3.7/site-packages/airflow/example_dags/example_task_group_decorator.py took 0.146 seconds
[2024-12-04T04:52:18.972+0000] {processor.py:154} INFO - Started process (PID=105) to work on /home/airflow/.local/lib/python3.7/site-packages/airflow/example_dags/example_task_group_decorator.py
[2024-12-04T04:52:18.980+0000] {processor.py:756} INFO - Processing file /home/airflow/.local/lib/python3.7/site-packages/airflow/example_dags/example_task_group_decorator.py for tasks to queue
[2024-12-04T04:52:18.981+0000] {logging_mixin.py:120} INFO - [2024-12-04T04:52:18.980+0000] {dagbag.py:537} INFO - Filling up the DagBag from /home/airflow/.local/lib/python3.7/site-packages/airflow/example_dags/example_task_group_decorator.py
[2024-12-04T04:52:19.029+0000] {processor.py:766} INFO - DAG(s) dict_keys(['example_task_group_decorator']) retrieved from /home/airflow/.local/lib/python3.7/site-packages/airflow/example_dags/example_task_group_decorator.py
[2024-12-04T04:52:19.104+0000] {logging_mixin.py:120} INFO - [2024-12-04T04:52:19.104+0000] {dag.py:2585} INFO - Sync 1 DAGs
[2024-12-04T04:52:19.149+0000] {logging_mixin.py:120} INFO - [2024-12-04T04:52:19.149+0000] {dag.py:3340} INFO - Setting next_dagrun for example_task_group_decorator to 2024-12-03T04:52:19.148671+00:00, run_after=2024-12-04T04:52:19.148671+00:00
[2024-12-04T04:52:19.186+0000] {processor.py:176} INFO - Processing /home/airflow/.local/lib/python3.7/site-packages/airflow/example_dags/example_task_group_decorator.py took 0.219 seconds
[2024-12-04T04:59:01.213+0000] {processor.py:154} INFO - Started process (PID=41) to work on /home/airflow/.local/lib/python3.7/site-packages/airflow/example_dags/example_task_group_decorator.py
[2024-12-04T04:59:01.215+0000] {processor.py:756} INFO - Processing file /home/airflow/.local/lib/python3.7/site-packages/airflow/example_dags/example_task_group_decorator.py for tasks to queue
[2024-12-04T04:59:01.215+0000] {logging_mixin.py:120} INFO - [2024-12-04T04:59:01.215+0000] {dagbag.py:537} INFO - Filling up the DagBag from /home/airflow/.local/lib/python3.7/site-packages/airflow/example_dags/example_task_group_decorator.py
[2024-12-04T04:59:01.260+0000] {processor.py:766} INFO - DAG(s) dict_keys(['example_task_group_decorator']) retrieved from /home/airflow/.local/lib/python3.7/site-packages/airflow/example_dags/example_task_group_decorator.py
[2024-12-04T04:59:01.286+0000] {logging_mixin.py:120} INFO - [2024-12-04T04:59:01.285+0000] {dag.py:2585} INFO - Sync 1 DAGs
[2024-12-04T04:59:01.310+0000] {logging_mixin.py:120} INFO - [2024-12-04T04:59:01.310+0000] {dag.py:3340} INFO - Setting next_dagrun for example_task_group_decorator to 2024-12-03T04:59:01.310302+00:00, run_after=2024-12-04T04:59:01.310302+00:00
[2024-12-04T04:59:01.329+0000] {processor.py:176} INFO - Processing /home/airflow/.local/lib/python3.7/site-packages/airflow/example_dags/example_task_group_decorator.py took 0.121 seconds
[2024-12-04T04:59:31.834+0000] {processor.py:154} INFO - Started process (PID=104) to work on /home/airflow/.local/lib/python3.7/site-packages/airflow/example_dags/example_task_group_decorator.py
[2024-12-04T04:59:31.842+0000] {processor.py:756} INFO - Processing file /home/airflow/.local/lib/python3.7/site-packages/airflow/example_dags/example_task_group_decorator.py for tasks to queue
[2024-12-04T04:59:31.843+0000] {logging_mixin.py:120} INFO - [2024-12-04T04:59:31.843+0000] {dagbag.py:537} INFO - Filling up the DagBag from /home/airflow/.local/lib/python3.7/site-packages/airflow/example_dags/example_task_group_decorator.py
[2024-12-04T04:59:31.879+0000] {processor.py:766} INFO - DAG(s) dict_keys(['example_task_group_decorator']) retrieved from /home/airflow/.local/lib/python3.7/site-packages/airflow/example_dags/example_task_group_decorator.py
[2024-12-04T04:59:31.918+0000] {logging_mixin.py:120} INFO - [2024-12-04T04:59:31.917+0000] {dag.py:2585} INFO - Sync 1 DAGs
[2024-12-04T04:59:31.945+0000] {logging_mixin.py:120} INFO - [2024-12-04T04:59:31.944+0000] {dag.py:3340} INFO - Setting next_dagrun for example_task_group_decorator to 2024-12-03T04:59:31.944716+00:00, run_after=2024-12-04T04:59:31.944716+00:00
[2024-12-04T04:59:31.974+0000] {processor.py:176} INFO - Processing /home/airflow/.local/lib/python3.7/site-packages/airflow/example_dags/example_task_group_decorator.py took 0.145 seconds
[2024-12-04T05:00:02.835+0000] {processor.py:154} INFO - Started process (PID=159) to work on /home/airflow/.local/lib/python3.7/site-packages/airflow/example_dags/example_task_group_decorator.py
[2024-12-04T05:00:02.845+0000] {processor.py:756} INFO - Processing file /home/airflow/.local/lib/python3.7/site-packages/airflow/example_dags/example_task_group_decorator.py for tasks to queue
[2024-12-04T05:00:02.846+0000] {logging_mixin.py:120} INFO - [2024-12-04T05:00:02.846+0000] {dagbag.py:537} INFO - Filling up the DagBag from /home/airflow/.local/lib/python3.7/site-packages/airflow/example_dags/example_task_group_decorator.py
[2024-12-04T05:00:02.918+0000] {processor.py:766} INFO - DAG(s) dict_keys(['example_task_group_decorator']) retrieved from /home/airflow/.local/lib/python3.7/site-packages/airflow/example_dags/example_task_group_decorator.py
[2024-12-04T05:00:03.033+0000] {logging_mixin.py:120} INFO - [2024-12-04T05:00:03.033+0000] {dag.py:2585} INFO - Sync 1 DAGs
[2024-12-04T05:00:03.100+0000] {logging_mixin.py:120} INFO - [2024-12-04T05:00:03.100+0000] {dag.py:3340} INFO - Setting next_dagrun for example_task_group_decorator to 2024-12-03T05:00:03.099602+00:00, run_after=2024-12-04T05:00:03.099602+00:00
[2024-12-04T05:00:03.154+0000] {processor.py:176} INFO - Processing /home/airflow/.local/lib/python3.7/site-packages/airflow/example_dags/example_task_group_decorator.py took 0.324 seconds
[2024-12-04T05:00:33.700+0000] {processor.py:154} INFO - Started process (PID=223) to work on /home/airflow/.local/lib/python3.7/site-packages/airflow/example_dags/example_task_group_decorator.py
[2024-12-04T05:00:33.708+0000] {processor.py:756} INFO - Processing file /home/airflow/.local/lib/python3.7/site-packages/airflow/example_dags/example_task_group_decorator.py for tasks to queue
[2024-12-04T05:00:33.709+0000] {logging_mixin.py:120} INFO - [2024-12-04T05:00:33.709+0000] {dagbag.py:537} INFO - Filling up the DagBag from /home/airflow/.local/lib/python3.7/site-packages/airflow/example_dags/example_task_group_decorator.py
[2024-12-04T05:00:33.757+0000] {processor.py:766} INFO - DAG(s) dict_keys(['example_task_group_decorator']) retrieved from /home/airflow/.local/lib/python3.7/site-packages/airflow/example_dags/example_task_group_decorator.py
[2024-12-04T05:00:33.838+0000] {logging_mixin.py:120} INFO - [2024-12-04T05:00:33.838+0000] {dag.py:2585} INFO - Sync 1 DAGs
[2024-12-04T05:00:33.881+0000] {logging_mixin.py:120} INFO - [2024-12-04T05:00:33.881+0000] {dag.py:3340} INFO - Setting next_dagrun for example_task_group_decorator to 2024-12-03T05:00:33.880998+00:00, run_after=2024-12-04T05:00:33.880998+00:00
[2024-12-04T05:00:33.917+0000] {processor.py:176} INFO - Processing /home/airflow/.local/lib/python3.7/site-packages/airflow/example_dags/example_task_group_decorator.py took 0.224 seconds
[2024-12-04T05:01:04.241+0000] {processor.py:154} INFO - Started process (PID=285) to work on /home/airflow/.local/lib/python3.7/site-packages/airflow/example_dags/example_task_group_decorator.py
[2024-12-04T05:01:04.244+0000] {processor.py:756} INFO - Processing file /home/airflow/.local/lib/python3.7/site-packages/airflow/example_dags/example_task_group_decorator.py for tasks to queue
[2024-12-04T05:01:04.244+0000] {logging_mixin.py:120} INFO - [2024-12-04T05:01:04.244+0000] {dagbag.py:537} INFO - Filling up the DagBag from /home/airflow/.local/lib/python3.7/site-packages/airflow/example_dags/example_task_group_decorator.py
[2024-12-04T05:01:04.303+0000] {processor.py:766} INFO - DAG(s) dict_keys(['example_task_group_decorator']) retrieved from /home/airflow/.local/lib/python3.7/site-packages/airflow/example_dags/example_task_group_decorator.py
[2024-12-04T05:01:04.368+0000] {logging_mixin.py:120} INFO - [2024-12-04T05:01:04.368+0000] {dag.py:2585} INFO - Sync 1 DAGs
[2024-12-04T05:01:04.396+0000] {logging_mixin.py:120} INFO - [2024-12-04T05:01:04.396+0000] {dag.py:3340} INFO - Setting next_dagrun for example_task_group_decorator to 2024-12-03T05:01:04.396418+00:00, run_after=2024-12-04T05:01:04.396418+00:00
[2024-12-04T05:01:04.423+0000] {processor.py:176} INFO - Processing /home/airflow/.local/lib/python3.7/site-packages/airflow/example_dags/example_task_group_decorator.py took 0.186 seconds
[2024-12-04T05:01:34.771+0000] {processor.py:154} INFO - Started process (PID=339) to work on /home/airflow/.local/lib/python3.7/site-packages/airflow/example_dags/example_task_group_decorator.py
[2024-12-04T05:01:34.780+0000] {processor.py:756} INFO - Processing file /home/airflow/.local/lib/python3.7/site-packages/airflow/example_dags/example_task_group_decorator.py for tasks to queue
[2024-12-04T05:01:34.781+0000] {logging_mixin.py:120} INFO - [2024-12-04T05:01:34.781+0000] {dagbag.py:537} INFO - Filling up the DagBag from /home/airflow/.local/lib/python3.7/site-packages/airflow/example_dags/example_task_group_decorator.py
[2024-12-04T05:01:34.829+0000] {processor.py:766} INFO - DAG(s) dict_keys(['example_task_group_decorator']) retrieved from /home/airflow/.local/lib/python3.7/site-packages/airflow/example_dags/example_task_group_decorator.py
[2024-12-04T05:01:34.892+0000] {logging_mixin.py:120} INFO - [2024-12-04T05:01:34.892+0000] {dag.py:2585} INFO - Sync 1 DAGs
[2024-12-04T05:01:34.932+0000] {logging_mixin.py:120} INFO - [2024-12-04T05:01:34.932+0000] {dag.py:3340} INFO - Setting next_dagrun for example_task_group_decorator to 2024-12-03T05:01:34.931984+00:00, run_after=2024-12-04T05:01:34.931984+00:00
[2024-12-04T05:01:34.969+0000] {processor.py:176} INFO - Processing /home/airflow/.local/lib/python3.7/site-packages/airflow/example_dags/example_task_group_decorator.py took 0.206 seconds
[2024-12-04T05:02:05.017+0000] {processor.py:154} INFO - Started process (PID=402) to work on /home/airflow/.local/lib/python3.7/site-packages/airflow/example_dags/example_task_group_decorator.py
[2024-12-04T05:02:05.018+0000] {processor.py:756} INFO - Processing file /home/airflow/.local/lib/python3.7/site-packages/airflow/example_dags/example_task_group_decorator.py for tasks to queue
[2024-12-04T05:02:05.019+0000] {logging_mixin.py:120} INFO - [2024-12-04T05:02:05.019+0000] {dagbag.py:537} INFO - Filling up the DagBag from /home/airflow/.local/lib/python3.7/site-packages/airflow/example_dags/example_task_group_decorator.py
[2024-12-04T05:02:05.063+0000] {processor.py:766} INFO - DAG(s) dict_keys(['example_task_group_decorator']) retrieved from /home/airflow/.local/lib/python3.7/site-packages/airflow/example_dags/example_task_group_decorator.py
[2024-12-04T05:02:05.127+0000] {logging_mixin.py:120} INFO - [2024-12-04T05:02:05.126+0000] {dag.py:2585} INFO - Sync 1 DAGs
[2024-12-04T05:02:05.173+0000] {logging_mixin.py:120} INFO - [2024-12-04T05:02:05.172+0000] {dag.py:3340} INFO - Setting next_dagrun for example_task_group_decorator to 2024-12-03T05:02:05.172332+00:00, run_after=2024-12-04T05:02:05.172332+00:00
[2024-12-04T05:02:05.209+0000] {processor.py:176} INFO - Processing /home/airflow/.local/lib/python3.7/site-packages/airflow/example_dags/example_task_group_decorator.py took 0.198 seconds
[2024-12-04T05:02:35.309+0000] {processor.py:154} INFO - Started process (PID=456) to work on /home/airflow/.local/lib/python3.7/site-packages/airflow/example_dags/example_task_group_decorator.py
[2024-12-04T05:02:35.317+0000] {processor.py:756} INFO - Processing file /home/airflow/.local/lib/python3.7/site-packages/airflow/example_dags/example_task_group_decorator.py for tasks to queue
[2024-12-04T05:02:35.318+0000] {logging_mixin.py:120} INFO - [2024-12-04T05:02:35.318+0000] {dagbag.py:537} INFO - Filling up the DagBag from /home/airflow/.local/lib/python3.7/site-packages/airflow/example_dags/example_task_group_decorator.py
[2024-12-04T05:02:35.357+0000] {processor.py:766} INFO - DAG(s) dict_keys(['example_task_group_decorator']) retrieved from /home/airflow/.local/lib/python3.7/site-packages/airflow/example_dags/example_task_group_decorator.py
[2024-12-04T05:02:35.419+0000] {logging_mixin.py:120} INFO - [2024-12-04T05:02:35.419+0000] {dag.py:2585} INFO - Sync 1 DAGs
[2024-12-04T05:02:35.457+0000] {logging_mixin.py:120} INFO - [2024-12-04T05:02:35.456+0000] {dag.py:3340} INFO - Setting next_dagrun for example_task_group_decorator to 2024-12-03T05:02:35.456626+00:00, run_after=2024-12-04T05:02:35.456626+00:00
[2024-12-04T05:02:35.484+0000] {processor.py:176} INFO - Processing /home/airflow/.local/lib/python3.7/site-packages/airflow/example_dags/example_task_group_decorator.py took 0.179 seconds
[2024-12-04T05:03:05.849+0000] {processor.py:154} INFO - Started process (PID=519) to work on /home/airflow/.local/lib/python3.7/site-packages/airflow/example_dags/example_task_group_decorator.py
[2024-12-04T05:03:05.852+0000] {processor.py:756} INFO - Processing file /home/airflow/.local/lib/python3.7/site-packages/airflow/example_dags/example_task_group_decorator.py for tasks to queue
[2024-12-04T05:03:05.853+0000] {logging_mixin.py:120} INFO - [2024-12-04T05:03:05.853+0000] {dagbag.py:537} INFO - Filling up the DagBag from /home/airflow/.local/lib/python3.7/site-packages/airflow/example_dags/example_task_group_decorator.py
[2024-12-04T05:03:05.894+0000] {processor.py:766} INFO - DAG(s) dict_keys(['example_task_group_decorator']) retrieved from /home/airflow/.local/lib/python3.7/site-packages/airflow/example_dags/example_task_group_decorator.py
[2024-12-04T05:03:05.959+0000] {logging_mixin.py:120} INFO - [2024-12-04T05:03:05.959+0000] {dag.py:2585} INFO - Sync 1 DAGs
[2024-12-04T05:03:05.993+0000] {logging_mixin.py:120} INFO - [2024-12-04T05:03:05.993+0000] {dag.py:3340} INFO - Setting next_dagrun for example_task_group_decorator to 2024-12-03T05:03:05.992753+00:00, run_after=2024-12-04T05:03:05.992753+00:00
[2024-12-04T05:03:06.028+0000] {processor.py:176} INFO - Processing /home/airflow/.local/lib/python3.7/site-packages/airflow/example_dags/example_task_group_decorator.py took 0.184 seconds
[2024-12-04T05:03:36.624+0000] {processor.py:154} INFO - Started process (PID=573) to work on /home/airflow/.local/lib/python3.7/site-packages/airflow/example_dags/example_task_group_decorator.py
[2024-12-04T05:03:36.632+0000] {processor.py:756} INFO - Processing file /home/airflow/.local/lib/python3.7/site-packages/airflow/example_dags/example_task_group_decorator.py for tasks to queue
[2024-12-04T05:03:36.633+0000] {logging_mixin.py:120} INFO - [2024-12-04T05:03:36.633+0000] {dagbag.py:537} INFO - Filling up the DagBag from /home/airflow/.local/lib/python3.7/site-packages/airflow/example_dags/example_task_group_decorator.py
[2024-12-04T05:03:36.674+0000] {processor.py:766} INFO - DAG(s) dict_keys(['example_task_group_decorator']) retrieved from /home/airflow/.local/lib/python3.7/site-packages/airflow/example_dags/example_task_group_decorator.py
[2024-12-04T05:03:36.729+0000] {logging_mixin.py:120} INFO - [2024-12-04T05:03:36.729+0000] {dag.py:2585} INFO - Sync 1 DAGs
[2024-12-04T05:03:36.765+0000] {logging_mixin.py:120} INFO - [2024-12-04T05:03:36.764+0000] {dag.py:3340} INFO - Setting next_dagrun for example_task_group_decorator to 2024-12-03T05:03:36.764551+00:00, run_after=2024-12-04T05:03:36.764551+00:00
[2024-12-04T05:03:36.799+0000] {processor.py:176} INFO - Processing /home/airflow/.local/lib/python3.7/site-packages/airflow/example_dags/example_task_group_decorator.py took 0.180 seconds
[2024-12-04T05:04:06.990+0000] {processor.py:154} INFO - Started process (PID=636) to work on /home/airflow/.local/lib/python3.7/site-packages/airflow/example_dags/example_task_group_decorator.py
[2024-12-04T05:04:06.991+0000] {processor.py:756} INFO - Processing file /home/airflow/.local/lib/python3.7/site-packages/airflow/example_dags/example_task_group_decorator.py for tasks to queue
[2024-12-04T05:04:06.992+0000] {logging_mixin.py:120} INFO - [2024-12-04T05:04:06.992+0000] {dagbag.py:537} INFO - Filling up the DagBag from /home/airflow/.local/lib/python3.7/site-packages/airflow/example_dags/example_task_group_decorator.py
[2024-12-04T05:04:07.033+0000] {processor.py:766} INFO - DAG(s) dict_keys(['example_task_group_decorator']) retrieved from /home/airflow/.local/lib/python3.7/site-packages/airflow/example_dags/example_task_group_decorator.py
[2024-12-04T05:04:07.096+0000] {logging_mixin.py:120} INFO - [2024-12-04T05:04:07.095+0000] {dag.py:2585} INFO - Sync 1 DAGs
[2024-12-04T05:04:07.131+0000] {logging_mixin.py:120} INFO - [2024-12-04T05:04:07.131+0000] {dag.py:3340} INFO - Setting next_dagrun for example_task_group_decorator to 2024-12-03T05:04:07.130703+00:00, run_after=2024-12-04T05:04:07.130703+00:00
[2024-12-04T05:04:07.168+0000] {processor.py:176} INFO - Processing /home/airflow/.local/lib/python3.7/site-packages/airflow/example_dags/example_task_group_decorator.py took 0.182 seconds
[2024-12-04T05:04:37.674+0000] {processor.py:154} INFO - Started process (PID=699) to work on /home/airflow/.local/lib/python3.7/site-packages/airflow/example_dags/example_task_group_decorator.py
[2024-12-04T05:04:37.675+0000] {processor.py:756} INFO - Processing file /home/airflow/.local/lib/python3.7/site-packages/airflow/example_dags/example_task_group_decorator.py for tasks to queue
[2024-12-04T05:04:37.676+0000] {logging_mixin.py:120} INFO - [2024-12-04T05:04:37.676+0000] {dagbag.py:537} INFO - Filling up the DagBag from /home/airflow/.local/lib/python3.7/site-packages/airflow/example_dags/example_task_group_decorator.py
[2024-12-04T05:04:37.724+0000] {processor.py:766} INFO - DAG(s) dict_keys(['example_task_group_decorator']) retrieved from /home/airflow/.local/lib/python3.7/site-packages/airflow/example_dags/example_task_group_decorator.py
[2024-12-04T05:04:37.799+0000] {logging_mixin.py:120} INFO - [2024-12-04T05:04:37.798+0000] {dag.py:2585} INFO - Sync 1 DAGs
[2024-12-04T05:04:37.836+0000] {logging_mixin.py:120} INFO - [2024-12-04T05:04:37.836+0000] {dag.py:3340} INFO - Setting next_dagrun for example_task_group_decorator to 2024-12-03T05:04:37.836403+00:00, run_after=2024-12-04T05:04:37.836403+00:00
[2024-12-04T05:04:37.864+0000] {processor.py:176} INFO - Processing /home/airflow/.local/lib/python3.7/site-packages/airflow/example_dags/example_task_group_decorator.py took 0.195 seconds
[2024-12-04T05:05:08.092+0000] {processor.py:154} INFO - Started process (PID=753) to work on /home/airflow/.local/lib/python3.7/site-packages/airflow/example_dags/example_task_group_decorator.py
[2024-12-04T05:05:08.101+0000] {processor.py:756} INFO - Processing file /home/airflow/.local/lib/python3.7/site-packages/airflow/example_dags/example_task_group_decorator.py for tasks to queue
[2024-12-04T05:05:08.102+0000] {logging_mixin.py:120} INFO - [2024-12-04T05:05:08.102+0000] {dagbag.py:537} INFO - Filling up the DagBag from /home/airflow/.local/lib/python3.7/site-packages/airflow/example_dags/example_task_group_decorator.py
[2024-12-04T05:05:08.169+0000] {processor.py:766} INFO - DAG(s) dict_keys(['example_task_group_decorator']) retrieved from /home/airflow/.local/lib/python3.7/site-packages/airflow/example_dags/example_task_group_decorator.py
