[2024-12-04T04:51:49.272+0000] {processor.py:154} INFO - Started process (PID=58) to work on /home/airflow/.local/lib/python3.7/site-packages/airflow/example_dags/example_subdag_operator.py
[2024-12-04T04:51:49.273+0000] {processor.py:756} INFO - Processing file /home/airflow/.local/lib/python3.7/site-packages/airflow/example_dags/example_subdag_operator.py for tasks to queue
[2024-12-04T04:51:49.274+0000] {logging_mixin.py:120} INFO - [2024-12-04T04:51:49.274+0000] {dagbag.py:537} INFO - Filling up the DagBag from /home/airflow/.local/lib/python3.7/site-packages/airflow/example_dags/example_subdag_operator.py
[2024-12-04T04:51:49.325+0000] {processor.py:766} INFO - DAG(s) dict_keys(['example_subdag_operator.section-1', 'example_subdag_operator.section-2', 'example_subdag_operator']) retrieved from /home/airflow/.local/lib/python3.7/site-packages/airflow/example_dags/example_subdag_operator.py
[2024-12-04T04:51:49.355+0000] {logging_mixin.py:120} INFO - [2024-12-04T04:51:49.354+0000] {dag.py:2585} INFO - Sync 3 DAGs
[2024-12-04T04:51:49.392+0000] {logging_mixin.py:120} INFO - [2024-12-04T04:51:49.392+0000] {dag.py:3340} INFO - Setting next_dagrun for example_subdag_operator to 2022-01-01T00:00:00+00:00, run_after=2022-01-01T00:00:00+00:00
[2024-12-04T04:51:49.396+0000] {logging_mixin.py:120} INFO - [2024-12-04T04:51:49.396+0000] {dag.py:3340} INFO - Setting next_dagrun for example_subdag_operator.section-1 to None, run_after=None
[2024-12-04T04:51:49.398+0000] {logging_mixin.py:120} INFO - [2024-12-04T04:51:49.398+0000] {dag.py:3340} INFO - Setting next_dagrun for example_subdag_operator.section-2 to None, run_after=None
[2024-12-04T04:51:49.408+0000] {logging_mixin.py:120} INFO - [2024-12-04T04:51:49.408+0000] {dag.py:2585} INFO - Sync 2 DAGs
[2024-12-04T04:51:49.416+0000] {logging_mixin.py:120} INFO - [2024-12-04T04:51:49.415+0000] {dag.py:3340} INFO - Setting next_dagrun for example_subdag_operator.section-1 to None, run_after=None
[2024-12-04T04:51:49.416+0000] {logging_mixin.py:120} INFO - [2024-12-04T04:51:49.416+0000] {dag.py:3340} INFO - Setting next_dagrun for example_subdag_operator.section-2 to None, run_after=None
[2024-12-04T04:51:49.432+0000] {processor.py:176} INFO - Processing /home/airflow/.local/lib/python3.7/site-packages/airflow/example_dags/example_subdag_operator.py took 0.164 seconds
[2024-12-04T04:52:20.503+0000] {processor.py:154} INFO - Started process (PID=114) to work on /home/airflow/.local/lib/python3.7/site-packages/airflow/example_dags/example_subdag_operator.py
[2024-12-04T04:52:20.504+0000] {processor.py:756} INFO - Processing file /home/airflow/.local/lib/python3.7/site-packages/airflow/example_dags/example_subdag_operator.py for tasks to queue
[2024-12-04T04:52:20.505+0000] {logging_mixin.py:120} INFO - [2024-12-04T04:52:20.505+0000] {dagbag.py:537} INFO - Filling up the DagBag from /home/airflow/.local/lib/python3.7/site-packages/airflow/example_dags/example_subdag_operator.py
[2024-12-04T04:52:20.555+0000] {processor.py:766} INFO - DAG(s) dict_keys(['example_subdag_operator.section-1', 'example_subdag_operator.section-2', 'example_subdag_operator']) retrieved from /home/airflow/.local/lib/python3.7/site-packages/airflow/example_dags/example_subdag_operator.py
[2024-12-04T04:52:20.844+0000] {logging_mixin.py:120} INFO - [2024-12-04T04:52:20.844+0000] {dag.py:2585} INFO - Sync 3 DAGs
[2024-12-04T04:52:20.880+0000] {logging_mixin.py:120} INFO - [2024-12-04T04:52:20.880+0000] {dag.py:3340} INFO - Setting next_dagrun for example_subdag_operator to 2022-01-01T00:00:00+00:00, run_after=2022-01-01T00:00:00+00:00
[2024-12-04T04:52:20.885+0000] {logging_mixin.py:120} INFO - [2024-12-04T04:52:20.885+0000] {dag.py:3340} INFO - Setting next_dagrun for example_subdag_operator.section-1 to None, run_after=None
[2024-12-04T04:52:20.887+0000] {logging_mixin.py:120} INFO - [2024-12-04T04:52:20.887+0000] {dag.py:3340} INFO - Setting next_dagrun for example_subdag_operator.section-2 to None, run_after=None
[2024-12-04T04:52:20.898+0000] {logging_mixin.py:120} INFO - [2024-12-04T04:52:20.898+0000] {dag.py:2585} INFO - Sync 2 DAGs
[2024-12-04T04:52:20.906+0000] {logging_mixin.py:120} INFO - [2024-12-04T04:52:20.906+0000] {dag.py:3340} INFO - Setting next_dagrun for example_subdag_operator.section-1 to None, run_after=None
[2024-12-04T04:52:20.907+0000] {logging_mixin.py:120} INFO - [2024-12-04T04:52:20.907+0000] {dag.py:3340} INFO - Setting next_dagrun for example_subdag_operator.section-2 to None, run_after=None
[2024-12-04T04:52:20.924+0000] {processor.py:176} INFO - Processing /home/airflow/.local/lib/python3.7/site-packages/airflow/example_dags/example_subdag_operator.py took 0.426 seconds
[2024-12-04T04:59:01.766+0000] {processor.py:154} INFO - Started process (PID=50) to work on /home/airflow/.local/lib/python3.7/site-packages/airflow/example_dags/example_subdag_operator.py
[2024-12-04T04:59:01.767+0000] {processor.py:756} INFO - Processing file /home/airflow/.local/lib/python3.7/site-packages/airflow/example_dags/example_subdag_operator.py for tasks to queue
[2024-12-04T04:59:01.768+0000] {logging_mixin.py:120} INFO - [2024-12-04T04:59:01.768+0000] {dagbag.py:537} INFO - Filling up the DagBag from /home/airflow/.local/lib/python3.7/site-packages/airflow/example_dags/example_subdag_operator.py
[2024-12-04T04:59:01.804+0000] {processor.py:766} INFO - DAG(s) dict_keys(['example_subdag_operator.section-1', 'example_subdag_operator.section-2', 'example_subdag_operator']) retrieved from /home/airflow/.local/lib/python3.7/site-packages/airflow/example_dags/example_subdag_operator.py
[2024-12-04T04:59:01.824+0000] {logging_mixin.py:120} INFO - [2024-12-04T04:59:01.824+0000] {dag.py:2585} INFO - Sync 3 DAGs
[2024-12-04T04:59:01.852+0000] {logging_mixin.py:120} INFO - [2024-12-04T04:59:01.852+0000] {dag.py:3340} INFO - Setting next_dagrun for example_subdag_operator to 2022-01-01T00:00:00+00:00, run_after=2022-01-01T00:00:00+00:00
[2024-12-04T04:59:01.856+0000] {logging_mixin.py:120} INFO - [2024-12-04T04:59:01.856+0000] {dag.py:3340} INFO - Setting next_dagrun for example_subdag_operator.section-1 to None, run_after=None
[2024-12-04T04:59:01.857+0000] {logging_mixin.py:120} INFO - [2024-12-04T04:59:01.857+0000] {dag.py:3340} INFO - Setting next_dagrun for example_subdag_operator.section-2 to None, run_after=None
[2024-12-04T04:59:01.865+0000] {logging_mixin.py:120} INFO - [2024-12-04T04:59:01.865+0000] {dag.py:2585} INFO - Sync 2 DAGs
[2024-12-04T04:59:01.871+0000] {logging_mixin.py:120} INFO - [2024-12-04T04:59:01.871+0000] {dag.py:3340} INFO - Setting next_dagrun for example_subdag_operator.section-1 to None, run_after=None
[2024-12-04T04:59:01.871+0000] {logging_mixin.py:120} INFO - [2024-12-04T04:59:01.871+0000] {dag.py:3340} INFO - Setting next_dagrun for example_subdag_operator.section-2 to None, run_after=None
[2024-12-04T04:59:01.884+0000] {processor.py:176} INFO - Processing /home/airflow/.local/lib/python3.7/site-packages/airflow/example_dags/example_subdag_operator.py took 0.120 seconds
[2024-12-04T04:59:32.738+0000] {processor.py:154} INFO - Started process (PID=113) to work on /home/airflow/.local/lib/python3.7/site-packages/airflow/example_dags/example_subdag_operator.py
[2024-12-04T04:59:32.739+0000] {processor.py:756} INFO - Processing file /home/airflow/.local/lib/python3.7/site-packages/airflow/example_dags/example_subdag_operator.py for tasks to queue
[2024-12-04T04:59:32.740+0000] {logging_mixin.py:120} INFO - [2024-12-04T04:59:32.739+0000] {dagbag.py:537} INFO - Filling up the DagBag from /home/airflow/.local/lib/python3.7/site-packages/airflow/example_dags/example_subdag_operator.py
[2024-12-04T04:59:32.775+0000] {processor.py:766} INFO - DAG(s) dict_keys(['example_subdag_operator.section-1', 'example_subdag_operator.section-2', 'example_subdag_operator']) retrieved from /home/airflow/.local/lib/python3.7/site-packages/airflow/example_dags/example_subdag_operator.py
[2024-12-04T04:59:32.979+0000] {logging_mixin.py:120} INFO - [2024-12-04T04:59:32.979+0000] {dag.py:2585} INFO - Sync 3 DAGs
[2024-12-04T04:59:33.006+0000] {logging_mixin.py:120} INFO - [2024-12-04T04:59:33.006+0000] {dag.py:3340} INFO - Setting next_dagrun for example_subdag_operator to 2022-01-01T00:00:00+00:00, run_after=2022-01-01T00:00:00+00:00
[2024-12-04T04:59:33.011+0000] {logging_mixin.py:120} INFO - [2024-12-04T04:59:33.010+0000] {dag.py:3340} INFO - Setting next_dagrun for example_subdag_operator.section-1 to None, run_after=None
[2024-12-04T04:59:33.012+0000] {logging_mixin.py:120} INFO - [2024-12-04T04:59:33.012+0000] {dag.py:3340} INFO - Setting next_dagrun for example_subdag_operator.section-2 to None, run_after=None
[2024-12-04T04:59:33.021+0000] {logging_mixin.py:120} INFO - [2024-12-04T04:59:33.021+0000] {dag.py:2585} INFO - Sync 2 DAGs
[2024-12-04T04:59:33.028+0000] {logging_mixin.py:120} INFO - [2024-12-04T04:59:33.028+0000] {dag.py:3340} INFO - Setting next_dagrun for example_subdag_operator.section-1 to None, run_after=None
[2024-12-04T04:59:33.029+0000] {logging_mixin.py:120} INFO - [2024-12-04T04:59:33.029+0000] {dag.py:3340} INFO - Setting next_dagrun for example_subdag_operator.section-2 to None, run_after=None
[2024-12-04T04:59:33.041+0000] {processor.py:176} INFO - Processing /home/airflow/.local/lib/python3.7/site-packages/airflow/example_dags/example_subdag_operator.py took 0.306 seconds
[2024-12-04T05:00:04.481+0000] {processor.py:154} INFO - Started process (PID=177) to work on /home/airflow/.local/lib/python3.7/site-packages/airflow/example_dags/example_subdag_operator.py
[2024-12-04T05:00:04.482+0000] {processor.py:756} INFO - Processing file /home/airflow/.local/lib/python3.7/site-packages/airflow/example_dags/example_subdag_operator.py for tasks to queue
[2024-12-04T05:00:04.483+0000] {logging_mixin.py:120} INFO - [2024-12-04T05:00:04.483+0000] {dagbag.py:537} INFO - Filling up the DagBag from /home/airflow/.local/lib/python3.7/site-packages/airflow/example_dags/example_subdag_operator.py
[2024-12-04T05:00:04.543+0000] {processor.py:766} INFO - DAG(s) dict_keys(['example_subdag_operator.section-1', 'example_subdag_operator.section-2', 'example_subdag_operator']) retrieved from /home/airflow/.local/lib/python3.7/site-packages/airflow/example_dags/example_subdag_operator.py
[2024-12-04T05:00:04.994+0000] {logging_mixin.py:120} INFO - [2024-12-04T05:00:04.994+0000] {dag.py:2585} INFO - Sync 3 DAGs
[2024-12-04T05:00:05.041+0000] {logging_mixin.py:120} INFO - [2024-12-04T05:00:05.040+0000] {dag.py:3340} INFO - Setting next_dagrun for example_subdag_operator to 2022-01-01T00:00:00+00:00, run_after=2022-01-01T00:00:00+00:00
[2024-12-04T05:00:05.047+0000] {logging_mixin.py:120} INFO - [2024-12-04T05:00:05.047+0000] {dag.py:3340} INFO - Setting next_dagrun for example_subdag_operator.section-1 to None, run_after=None
[2024-12-04T05:00:05.050+0000] {logging_mixin.py:120} INFO - [2024-12-04T05:00:05.050+0000] {dag.py:3340} INFO - Setting next_dagrun for example_subdag_operator.section-2 to None, run_after=None
[2024-12-04T05:00:05.068+0000] {logging_mixin.py:120} INFO - [2024-12-04T05:00:05.068+0000] {dag.py:2585} INFO - Sync 2 DAGs
[2024-12-04T05:00:05.082+0000] {logging_mixin.py:120} INFO - [2024-12-04T05:00:05.082+0000] {dag.py:3340} INFO - Setting next_dagrun for example_subdag_operator.section-1 to None, run_after=None
[2024-12-04T05:00:05.082+0000] {logging_mixin.py:120} INFO - [2024-12-04T05:00:05.082+0000] {dag.py:3340} INFO - Setting next_dagrun for example_subdag_operator.section-2 to None, run_after=None
[2024-12-04T05:00:05.114+0000] {processor.py:176} INFO - Processing /home/airflow/.local/lib/python3.7/site-packages/airflow/example_dags/example_subdag_operator.py took 0.640 seconds
[2024-12-04T05:00:35.203+0000] {processor.py:154} INFO - Started process (PID=233) to work on /home/airflow/.local/lib/python3.7/site-packages/airflow/example_dags/example_subdag_operator.py
[2024-12-04T05:00:35.204+0000] {processor.py:756} INFO - Processing file /home/airflow/.local/lib/python3.7/site-packages/airflow/example_dags/example_subdag_operator.py for tasks to queue
[2024-12-04T05:00:35.205+0000] {logging_mixin.py:120} INFO - [2024-12-04T05:00:35.205+0000] {dagbag.py:537} INFO - Filling up the DagBag from /home/airflow/.local/lib/python3.7/site-packages/airflow/example_dags/example_subdag_operator.py
[2024-12-04T05:00:35.253+0000] {processor.py:766} INFO - DAG(s) dict_keys(['example_subdag_operator.section-1', 'example_subdag_operator.section-2', 'example_subdag_operator']) retrieved from /home/airflow/.local/lib/python3.7/site-packages/airflow/example_dags/example_subdag_operator.py
[2024-12-04T05:00:35.537+0000] {logging_mixin.py:120} INFO - [2024-12-04T05:00:35.537+0000] {dag.py:2585} INFO - Sync 3 DAGs
[2024-12-04T05:00:35.573+0000] {logging_mixin.py:120} INFO - [2024-12-04T05:00:35.573+0000] {dag.py:3340} INFO - Setting next_dagrun for example_subdag_operator to 2022-01-01T00:00:00+00:00, run_after=2022-01-01T00:00:00+00:00
[2024-12-04T05:00:35.578+0000] {logging_mixin.py:120} INFO - [2024-12-04T05:00:35.578+0000] {dag.py:3340} INFO - Setting next_dagrun for example_subdag_operator.section-1 to None, run_after=None
[2024-12-04T05:00:35.580+0000] {logging_mixin.py:120} INFO - [2024-12-04T05:00:35.580+0000] {dag.py:3340} INFO - Setting next_dagrun for example_subdag_operator.section-2 to None, run_after=None
[2024-12-04T05:00:35.592+0000] {logging_mixin.py:120} INFO - [2024-12-04T05:00:35.592+0000] {dag.py:2585} INFO - Sync 2 DAGs
[2024-12-04T05:00:35.601+0000] {logging_mixin.py:120} INFO - [2024-12-04T05:00:35.600+0000] {dag.py:3340} INFO - Setting next_dagrun for example_subdag_operator.section-1 to None, run_after=None
[2024-12-04T05:00:35.601+0000] {logging_mixin.py:120} INFO - [2024-12-04T05:00:35.601+0000] {dag.py:3340} INFO - Setting next_dagrun for example_subdag_operator.section-2 to None, run_after=None
[2024-12-04T05:00:35.619+0000] {processor.py:176} INFO - Processing /home/airflow/.local/lib/python3.7/site-packages/airflow/example_dags/example_subdag_operator.py took 0.420 seconds
[2024-12-04T05:01:06.504+0000] {processor.py:154} INFO - Started process (PID=296) to work on /home/airflow/.local/lib/python3.7/site-packages/airflow/example_dags/example_subdag_operator.py
[2024-12-04T05:01:06.505+0000] {processor.py:756} INFO - Processing file /home/airflow/.local/lib/python3.7/site-packages/airflow/example_dags/example_subdag_operator.py for tasks to queue
[2024-12-04T05:01:06.505+0000] {logging_mixin.py:120} INFO - [2024-12-04T05:01:06.505+0000] {dagbag.py:537} INFO - Filling up the DagBag from /home/airflow/.local/lib/python3.7/site-packages/airflow/example_dags/example_subdag_operator.py
[2024-12-04T05:01:06.537+0000] {processor.py:766} INFO - DAG(s) dict_keys(['example_subdag_operator.section-1', 'example_subdag_operator.section-2', 'example_subdag_operator']) retrieved from /home/airflow/.local/lib/python3.7/site-packages/airflow/example_dags/example_subdag_operator.py
[2024-12-04T05:01:06.712+0000] {logging_mixin.py:120} INFO - [2024-12-04T05:01:06.712+0000] {dag.py:2585} INFO - Sync 3 DAGs
[2024-12-04T05:01:06.734+0000] {logging_mixin.py:120} INFO - [2024-12-04T05:01:06.734+0000] {dag.py:3340} INFO - Setting next_dagrun for example_subdag_operator to 2022-01-01T00:00:00+00:00, run_after=2022-01-01T00:00:00+00:00
[2024-12-04T05:01:06.737+0000] {logging_mixin.py:120} INFO - [2024-12-04T05:01:06.737+0000] {dag.py:3340} INFO - Setting next_dagrun for example_subdag_operator.section-1 to None, run_after=None
[2024-12-04T05:01:06.738+0000] {logging_mixin.py:120} INFO - [2024-12-04T05:01:06.738+0000] {dag.py:3340} INFO - Setting next_dagrun for example_subdag_operator.section-2 to None, run_after=None
[2024-12-04T05:01:06.745+0000] {logging_mixin.py:120} INFO - [2024-12-04T05:01:06.744+0000] {dag.py:2585} INFO - Sync 2 DAGs
[2024-12-04T05:01:06.750+0000] {logging_mixin.py:120} INFO - [2024-12-04T05:01:06.750+0000] {dag.py:3340} INFO - Setting next_dagrun for example_subdag_operator.section-1 to None, run_after=None
[2024-12-04T05:01:06.750+0000] {logging_mixin.py:120} INFO - [2024-12-04T05:01:06.750+0000] {dag.py:3340} INFO - Setting next_dagrun for example_subdag_operator.section-2 to None, run_after=None
[2024-12-04T05:01:06.761+0000] {processor.py:176} INFO - Processing /home/airflow/.local/lib/python3.7/site-packages/airflow/example_dags/example_subdag_operator.py took 0.261 seconds
[2024-12-04T05:01:37.336+0000] {processor.py:154} INFO - Started process (PID=350) to work on /home/airflow/.local/lib/python3.7/site-packages/airflow/example_dags/example_subdag_operator.py
[2024-12-04T05:01:37.338+0000] {processor.py:756} INFO - Processing file /home/airflow/.local/lib/python3.7/site-packages/airflow/example_dags/example_subdag_operator.py for tasks to queue
[2024-12-04T05:01:37.339+0000] {logging_mixin.py:120} INFO - [2024-12-04T05:01:37.339+0000] {dagbag.py:537} INFO - Filling up the DagBag from /home/airflow/.local/lib/python3.7/site-packages/airflow/example_dags/example_subdag_operator.py
[2024-12-04T05:01:37.393+0000] {processor.py:766} INFO - DAG(s) dict_keys(['example_subdag_operator.section-1', 'example_subdag_operator.section-2', 'example_subdag_operator']) retrieved from /home/airflow/.local/lib/python3.7/site-packages/airflow/example_dags/example_subdag_operator.py
[2024-12-04T05:01:37.662+0000] {logging_mixin.py:120} INFO - [2024-12-04T05:01:37.662+0000] {dag.py:2585} INFO - Sync 3 DAGs
[2024-12-04T05:01:37.701+0000] {logging_mixin.py:120} INFO - [2024-12-04T05:01:37.701+0000] {dag.py:3340} INFO - Setting next_dagrun for example_subdag_operator to 2022-01-01T00:00:00+00:00, run_after=2022-01-01T00:00:00+00:00
[2024-12-04T05:01:37.707+0000] {logging_mixin.py:120} INFO - [2024-12-04T05:01:37.707+0000] {dag.py:3340} INFO - Setting next_dagrun for example_subdag_operator.section-1 to None, run_after=None
[2024-12-04T05:01:37.709+0000] {logging_mixin.py:120} INFO - [2024-12-04T05:01:37.709+0000] {dag.py:3340} INFO - Setting next_dagrun for example_subdag_operator.section-2 to None, run_after=None
[2024-12-04T05:01:37.720+0000] {logging_mixin.py:120} INFO - [2024-12-04T05:01:37.720+0000] {dag.py:2585} INFO - Sync 2 DAGs
[2024-12-04T05:01:37.731+0000] {logging_mixin.py:120} INFO - [2024-12-04T05:01:37.731+0000] {dag.py:3340} INFO - Setting next_dagrun for example_subdag_operator.section-1 to None, run_after=None
[2024-12-04T05:01:37.731+0000] {logging_mixin.py:120} INFO - [2024-12-04T05:01:37.731+0000] {dag.py:3340} INFO - Setting next_dagrun for example_subdag_operator.section-2 to None, run_after=None
[2024-12-04T05:01:37.750+0000] {processor.py:176} INFO - Processing /home/airflow/.local/lib/python3.7/site-packages/airflow/example_dags/example_subdag_operator.py took 0.421 seconds
[2024-12-04T05:02:07.902+0000] {processor.py:154} INFO - Started process (PID=413) to work on /home/airflow/.local/lib/python3.7/site-packages/airflow/example_dags/example_subdag_operator.py
[2024-12-04T05:02:07.910+0000] {processor.py:756} INFO - Processing file /home/airflow/.local/lib/python3.7/site-packages/airflow/example_dags/example_subdag_operator.py for tasks to queue
[2024-12-04T05:02:07.911+0000] {logging_mixin.py:120} INFO - [2024-12-04T05:02:07.911+0000] {dagbag.py:537} INFO - Filling up the DagBag from /home/airflow/.local/lib/python3.7/site-packages/airflow/example_dags/example_subdag_operator.py
[2024-12-04T05:02:07.955+0000] {processor.py:766} INFO - DAG(s) dict_keys(['example_subdag_operator.section-1', 'example_subdag_operator.section-2', 'example_subdag_operator']) retrieved from /home/airflow/.local/lib/python3.7/site-packages/airflow/example_dags/example_subdag_operator.py
[2024-12-04T05:02:08.185+0000] {logging_mixin.py:120} INFO - [2024-12-04T05:02:08.185+0000] {dag.py:2585} INFO - Sync 3 DAGs
[2024-12-04T05:02:08.227+0000] {logging_mixin.py:120} INFO - [2024-12-04T05:02:08.227+0000] {dag.py:3340} INFO - Setting next_dagrun for example_subdag_operator to 2022-01-01T00:00:00+00:00, run_after=2022-01-01T00:00:00+00:00
[2024-12-04T05:02:08.233+0000] {logging_mixin.py:120} INFO - [2024-12-04T05:02:08.233+0000] {dag.py:3340} INFO - Setting next_dagrun for example_subdag_operator.section-1 to None, run_after=None
[2024-12-04T05:02:08.236+0000] {logging_mixin.py:120} INFO - [2024-12-04T05:02:08.236+0000] {dag.py:3340} INFO - Setting next_dagrun for example_subdag_operator.section-2 to None, run_after=None
[2024-12-04T05:02:08.250+0000] {logging_mixin.py:120} INFO - [2024-12-04T05:02:08.249+0000] {dag.py:2585} INFO - Sync 2 DAGs
[2024-12-04T05:02:08.260+0000] {logging_mixin.py:120} INFO - [2024-12-04T05:02:08.260+0000] {dag.py:3340} INFO - Setting next_dagrun for example_subdag_operator.section-1 to None, run_after=None
[2024-12-04T05:02:08.261+0000] {logging_mixin.py:120} INFO - [2024-12-04T05:02:08.261+0000] {dag.py:3340} INFO - Setting next_dagrun for example_subdag_operator.section-2 to None, run_after=None
[2024-12-04T05:02:08.279+0000] {processor.py:176} INFO - Processing /home/airflow/.local/lib/python3.7/site-packages/airflow/example_dags/example_subdag_operator.py took 0.384 seconds
[2024-12-04T05:02:38.544+0000] {processor.py:154} INFO - Started process (PID=476) to work on /home/airflow/.local/lib/python3.7/site-packages/airflow/example_dags/example_subdag_operator.py
[2024-12-04T05:02:38.552+0000] {processor.py:756} INFO - Processing file /home/airflow/.local/lib/python3.7/site-packages/airflow/example_dags/example_subdag_operator.py for tasks to queue
[2024-12-04T05:02:38.553+0000] {logging_mixin.py:120} INFO - [2024-12-04T05:02:38.553+0000] {dagbag.py:537} INFO - Filling up the DagBag from /home/airflow/.local/lib/python3.7/site-packages/airflow/example_dags/example_subdag_operator.py
[2024-12-04T05:02:38.609+0000] {processor.py:766} INFO - DAG(s) dict_keys(['example_subdag_operator.section-1', 'example_subdag_operator.section-2', 'example_subdag_operator']) retrieved from /home/airflow/.local/lib/python3.7/site-packages/airflow/example_dags/example_subdag_operator.py
[2024-12-04T05:02:38.904+0000] {logging_mixin.py:120} INFO - [2024-12-04T05:02:38.904+0000] {dag.py:2585} INFO - Sync 3 DAGs
[2024-12-04T05:02:38.943+0000] {logging_mixin.py:120} INFO - [2024-12-04T05:02:38.942+0000] {dag.py:3340} INFO - Setting next_dagrun for example_subdag_operator to 2022-01-01T00:00:00+00:00, run_after=2022-01-01T00:00:00+00:00
[2024-12-04T05:02:38.949+0000] {logging_mixin.py:120} INFO - [2024-12-04T05:02:38.949+0000] {dag.py:3340} INFO - Setting next_dagrun for example_subdag_operator.section-1 to None, run_after=None
[2024-12-04T05:02:38.952+0000] {logging_mixin.py:120} INFO - [2024-12-04T05:02:38.951+0000] {dag.py:3340} INFO - Setting next_dagrun for example_subdag_operator.section-2 to None, run_after=None
[2024-12-04T05:02:38.963+0000] {logging_mixin.py:120} INFO - [2024-12-04T05:02:38.963+0000] {dag.py:2585} INFO - Sync 2 DAGs
[2024-12-04T05:02:38.976+0000] {logging_mixin.py:120} INFO - [2024-12-04T05:02:38.975+0000] {dag.py:3340} INFO - Setting next_dagrun for example_subdag_operator.section-1 to None, run_after=None
[2024-12-04T05:02:38.976+0000] {logging_mixin.py:120} INFO - [2024-12-04T05:02:38.976+0000] {dag.py:3340} INFO - Setting next_dagrun for example_subdag_operator.section-2 to None, run_after=None
[2024-12-04T05:02:38.996+0000] {processor.py:176} INFO - Processing /home/airflow/.local/lib/python3.7/site-packages/airflow/example_dags/example_subdag_operator.py took 0.458 seconds
[2024-12-04T05:03:09.107+0000] {processor.py:154} INFO - Started process (PID=531) to work on /home/airflow/.local/lib/python3.7/site-packages/airflow/example_dags/example_subdag_operator.py
[2024-12-04T05:03:09.115+0000] {processor.py:756} INFO - Processing file /home/airflow/.local/lib/python3.7/site-packages/airflow/example_dags/example_subdag_operator.py for tasks to queue
[2024-12-04T05:03:09.117+0000] {logging_mixin.py:120} INFO - [2024-12-04T05:03:09.117+0000] {dagbag.py:537} INFO - Filling up the DagBag from /home/airflow/.local/lib/python3.7/site-packages/airflow/example_dags/example_subdag_operator.py
[2024-12-04T05:03:09.168+0000] {processor.py:766} INFO - DAG(s) dict_keys(['example_subdag_operator.section-1', 'example_subdag_operator.section-2', 'example_subdag_operator']) retrieved from /home/airflow/.local/lib/python3.7/site-packages/airflow/example_dags/example_subdag_operator.py
[2024-12-04T05:03:09.470+0000] {logging_mixin.py:120} INFO - [2024-12-04T05:03:09.470+0000] {dag.py:2585} INFO - Sync 3 DAGs
[2024-12-04T05:03:09.506+0000] {logging_mixin.py:120} INFO - [2024-12-04T05:03:09.506+0000] {dag.py:3340} INFO - Setting next_dagrun for example_subdag_operator to 2022-01-01T00:00:00+00:00, run_after=2022-01-01T00:00:00+00:00
[2024-12-04T05:03:09.511+0000] {logging_mixin.py:120} INFO - [2024-12-04T05:03:09.510+0000] {dag.py:3340} INFO - Setting next_dagrun for example_subdag_operator.section-1 to None, run_after=None
[2024-12-04T05:03:09.512+0000] {logging_mixin.py:120} INFO - [2024-12-04T05:03:09.512+0000] {dag.py:3340} INFO - Setting next_dagrun for example_subdag_operator.section-2 to None, run_after=None
[2024-12-04T05:03:09.523+0000] {logging_mixin.py:120} INFO - [2024-12-04T05:03:09.523+0000] {dag.py:2585} INFO - Sync 2 DAGs
[2024-12-04T05:03:09.531+0000] {logging_mixin.py:120} INFO - [2024-12-04T05:03:09.531+0000] {dag.py:3340} INFO - Setting next_dagrun for example_subdag_operator.section-1 to None, run_after=None
[2024-12-04T05:03:09.531+0000] {logging_mixin.py:120} INFO - [2024-12-04T05:03:09.531+0000] {dag.py:3340} INFO - Setting next_dagrun for example_subdag_operator.section-2 to None, run_after=None
[2024-12-04T05:03:09.549+0000] {processor.py:176} INFO - Processing /home/airflow/.local/lib/python3.7/site-packages/airflow/example_dags/example_subdag_operator.py took 0.448 seconds
[2024-12-04T05:03:39.683+0000] {processor.py:154} INFO - Started process (PID=595) to work on /home/airflow/.local/lib/python3.7/site-packages/airflow/example_dags/example_subdag_operator.py
[2024-12-04T05:03:39.684+0000] {processor.py:756} INFO - Processing file /home/airflow/.local/lib/python3.7/site-packages/airflow/example_dags/example_subdag_operator.py for tasks to queue
[2024-12-04T05:03:39.685+0000] {logging_mixin.py:120} INFO - [2024-12-04T05:03:39.685+0000] {dagbag.py:537} INFO - Filling up the DagBag from /home/airflow/.local/lib/python3.7/site-packages/airflow/example_dags/example_subdag_operator.py
[2024-12-04T05:03:39.734+0000] {processor.py:766} INFO - DAG(s) dict_keys(['example_subdag_operator.section-1', 'example_subdag_operator.section-2', 'example_subdag_operator']) retrieved from /home/airflow/.local/lib/python3.7/site-packages/airflow/example_dags/example_subdag_operator.py
[2024-12-04T05:03:40.007+0000] {logging_mixin.py:120} INFO - [2024-12-04T05:03:40.007+0000] {dag.py:2585} INFO - Sync 3 DAGs
[2024-12-04T05:03:40.041+0000] {logging_mixin.py:120} INFO - [2024-12-04T05:03:40.041+0000] {dag.py:3340} INFO - Setting next_dagrun for example_subdag_operator to 2022-01-01T00:00:00+00:00, run_after=2022-01-01T00:00:00+00:00
[2024-12-04T05:03:40.046+0000] {logging_mixin.py:120} INFO - [2024-12-04T05:03:40.045+0000] {dag.py:3340} INFO - Setting next_dagrun for example_subdag_operator.section-1 to None, run_after=None
[2024-12-04T05:03:40.048+0000] {logging_mixin.py:120} INFO - [2024-12-04T05:03:40.047+0000] {dag.py:3340} INFO - Setting next_dagrun for example_subdag_operator.section-2 to None, run_after=None
[2024-12-04T05:03:40.058+0000] {logging_mixin.py:120} INFO - [2024-12-04T05:03:40.058+0000] {dag.py:2585} INFO - Sync 2 DAGs
[2024-12-04T05:03:40.066+0000] {logging_mixin.py:120} INFO - [2024-12-04T05:03:40.066+0000] {dag.py:3340} INFO - Setting next_dagrun for example_subdag_operator.section-1 to None, run_after=None
[2024-12-04T05:03:40.066+0000] {logging_mixin.py:120} INFO - [2024-12-04T05:03:40.066+0000] {dag.py:3340} INFO - Setting next_dagrun for example_subdag_operator.section-2 to None, run_after=None
[2024-12-04T05:03:40.088+0000] {processor.py:176} INFO - Processing /home/airflow/.local/lib/python3.7/site-packages/airflow/example_dags/example_subdag_operator.py took 0.409 seconds
[2024-12-04T05:04:10.309+0000] {processor.py:154} INFO - Started process (PID=647) to work on /home/airflow/.local/lib/python3.7/site-packages/airflow/example_dags/example_subdag_operator.py
[2024-12-04T05:04:10.310+0000] {processor.py:756} INFO - Processing file /home/airflow/.local/lib/python3.7/site-packages/airflow/example_dags/example_subdag_operator.py for tasks to queue
[2024-12-04T05:04:10.311+0000] {logging_mixin.py:120} INFO - [2024-12-04T05:04:10.311+0000] {dagbag.py:537} INFO - Filling up the DagBag from /home/airflow/.local/lib/python3.7/site-packages/airflow/example_dags/example_subdag_operator.py
[2024-12-04T05:04:10.357+0000] {processor.py:766} INFO - DAG(s) dict_keys(['example_subdag_operator.section-1', 'example_subdag_operator.section-2', 'example_subdag_operator']) retrieved from /home/airflow/.local/lib/python3.7/site-packages/airflow/example_dags/example_subdag_operator.py
[2024-12-04T05:04:10.654+0000] {logging_mixin.py:120} INFO - [2024-12-04T05:04:10.654+0000] {dag.py:2585} INFO - Sync 3 DAGs
[2024-12-04T05:04:10.691+0000] {logging_mixin.py:120} INFO - [2024-12-04T05:04:10.690+0000] {dag.py:3340} INFO - Setting next_dagrun for example_subdag_operator to 2022-01-01T00:00:00+00:00, run_after=2022-01-01T00:00:00+00:00
[2024-12-04T05:04:10.695+0000] {logging_mixin.py:120} INFO - [2024-12-04T05:04:10.695+0000] {dag.py:3340} INFO - Setting next_dagrun for example_subdag_operator.section-1 to None, run_after=None
[2024-12-04T05:04:10.697+0000] {logging_mixin.py:120} INFO - [2024-12-04T05:04:10.696+0000] {dag.py:3340} INFO - Setting next_dagrun for example_subdag_operator.section-2 to None, run_after=None
[2024-12-04T05:04:10.707+0000] {logging_mixin.py:120} INFO - [2024-12-04T05:04:10.706+0000] {dag.py:2585} INFO - Sync 2 DAGs
[2024-12-04T05:04:10.717+0000] {logging_mixin.py:120} INFO - [2024-12-04T05:04:10.717+0000] {dag.py:3340} INFO - Setting next_dagrun for example_subdag_operator.section-1 to None, run_after=None
[2024-12-04T05:04:10.717+0000] {logging_mixin.py:120} INFO - [2024-12-04T05:04:10.717+0000] {dag.py:3340} INFO - Setting next_dagrun for example_subdag_operator.section-2 to None, run_after=None
[2024-12-04T05:04:10.732+0000] {processor.py:176} INFO - Processing /home/airflow/.local/lib/python3.7/site-packages/airflow/example_dags/example_subdag_operator.py took 0.428 seconds
[2024-12-04T05:04:40.847+0000] {processor.py:154} INFO - Started process (PID=710) to work on /home/airflow/.local/lib/python3.7/site-packages/airflow/example_dags/example_subdag_operator.py
[2024-12-04T05:04:40.855+0000] {processor.py:756} INFO - Processing file /home/airflow/.local/lib/python3.7/site-packages/airflow/example_dags/example_subdag_operator.py for tasks to queue
[2024-12-04T05:04:40.856+0000] {logging_mixin.py:120} INFO - [2024-12-04T05:04:40.856+0000] {dagbag.py:537} INFO - Filling up the DagBag from /home/airflow/.local/lib/python3.7/site-packages/airflow/example_dags/example_subdag_operator.py
[2024-12-04T05:04:40.902+0000] {processor.py:766} INFO - DAG(s) dict_keys(['example_subdag_operator.section-1', 'example_subdag_operator.section-2', 'example_subdag_operator']) retrieved from /home/airflow/.local/lib/python3.7/site-packages/airflow/example_dags/example_subdag_operator.py
[2024-12-04T05:04:41.192+0000] {logging_mixin.py:120} INFO - [2024-12-04T05:04:41.192+0000] {dag.py:2585} INFO - Sync 3 DAGs
[2024-12-04T05:04:41.230+0000] {logging_mixin.py:120} INFO - [2024-12-04T05:04:41.229+0000] {dag.py:3340} INFO - Setting next_dagrun for example_subdag_operator to 2022-01-01T00:00:00+00:00, run_after=2022-01-01T00:00:00+00:00
[2024-12-04T05:04:41.235+0000] {logging_mixin.py:120} INFO - [2024-12-04T05:04:41.235+0000] {dag.py:3340} INFO - Setting next_dagrun for example_subdag_operator.section-1 to None, run_after=None
[2024-12-04T05:04:41.237+0000] {logging_mixin.py:120} INFO - [2024-12-04T05:04:41.237+0000] {dag.py:3340} INFO - Setting next_dagrun for example_subdag_operator.section-2 to None, run_after=None
[2024-12-04T05:04:41.249+0000] {logging_mixin.py:120} INFO - [2024-12-04T05:04:41.249+0000] {dag.py:2585} INFO - Sync 2 DAGs
[2024-12-04T05:04:41.259+0000] {logging_mixin.py:120} INFO - [2024-12-04T05:04:41.259+0000] {dag.py:3340} INFO - Setting next_dagrun for example_subdag_operator.section-1 to None, run_after=None
[2024-12-04T05:04:41.259+0000] {logging_mixin.py:120} INFO - [2024-12-04T05:04:41.259+0000] {dag.py:3340} INFO - Setting next_dagrun for example_subdag_operator.section-2 to None, run_after=None
[2024-12-04T05:04:41.278+0000] {processor.py:176} INFO - Processing /home/airflow/.local/lib/python3.7/site-packages/airflow/example_dags/example_subdag_operator.py took 0.435 seconds
