[2024-12-04T04:51:50.961+0000] {processor.py:154} INFO - Started process (PID=75) to work on /home/airflow/.local/lib/python3.7/site-packages/airflow/example_dags/example_dag_decorator.py
[2024-12-04T04:51:50.962+0000] {processor.py:756} INFO - Processing file /home/airflow/.local/lib/python3.7/site-packages/airflow/example_dags/example_dag_decorator.py for tasks to queue
[2024-12-04T04:51:50.963+0000] {logging_mixin.py:120} INFO - [2024-12-04T04:51:50.963+0000] {dagbag.py:537} INFO - Filling up the DagBag from /home/airflow/.local/lib/python3.7/site-packages/airflow/example_dags/example_dag_decorator.py
[2024-12-04T04:51:50.980+0000] {logging_mixin.py:120} INFO - [2024-12-04T04:51:50.980+0000] {taskmixin.py:205} WARNING - Dependency <Task(_PythonDecoratedOperator): prepare_email>, send_email already registered for DAG: example_dag_decorator
[2024-12-04T04:51:50.980+0000] {logging_mixin.py:120} INFO - [2024-12-04T04:51:50.980+0000] {taskmixin.py:205} WARNING - Dependency <Task(EmailOperator): send_email>, prepare_email already registered for DAG: example_dag_decorator
[2024-12-04T04:51:51.002+0000] {processor.py:766} INFO - DAG(s) dict_keys(['example_dag_decorator']) retrieved from /home/airflow/.local/lib/python3.7/site-packages/airflow/example_dags/example_dag_decorator.py
[2024-12-04T04:51:51.030+0000] {logging_mixin.py:120} INFO - [2024-12-04T04:51:51.030+0000] {dag.py:2585} INFO - Sync 1 DAGs
[2024-12-04T04:51:51.058+0000] {logging_mixin.py:120} INFO - [2024-12-04T04:51:51.058+0000] {dag.py:3340} INFO - Setting next_dagrun for example_dag_decorator to None, run_after=None
[2024-12-04T04:51:51.085+0000] {processor.py:176} INFO - Processing /home/airflow/.local/lib/python3.7/site-packages/airflow/example_dags/example_dag_decorator.py took 0.130 seconds
[2024-12-04T04:52:22.297+0000] {processor.py:154} INFO - Started process (PID=129) to work on /home/airflow/.local/lib/python3.7/site-packages/airflow/example_dags/example_dag_decorator.py
[2024-12-04T04:52:22.298+0000] {processor.py:756} INFO - Processing file /home/airflow/.local/lib/python3.7/site-packages/airflow/example_dags/example_dag_decorator.py for tasks to queue
[2024-12-04T04:52:22.299+0000] {logging_mixin.py:120} INFO - [2024-12-04T04:52:22.299+0000] {dagbag.py:537} INFO - Filling up the DagBag from /home/airflow/.local/lib/python3.7/site-packages/airflow/example_dags/example_dag_decorator.py
[2024-12-04T04:52:22.325+0000] {logging_mixin.py:120} INFO - [2024-12-04T04:52:22.324+0000] {taskmixin.py:205} WARNING - Dependency <Task(_PythonDecoratedOperator): prepare_email>, send_email already registered for DAG: example_dag_decorator
[2024-12-04T04:52:22.325+0000] {logging_mixin.py:120} INFO - [2024-12-04T04:52:22.325+0000] {taskmixin.py:205} WARNING - Dependency <Task(EmailOperator): send_email>, prepare_email already registered for DAG: example_dag_decorator
[2024-12-04T04:52:22.346+0000] {processor.py:766} INFO - DAG(s) dict_keys(['example_dag_decorator']) retrieved from /home/airflow/.local/lib/python3.7/site-packages/airflow/example_dags/example_dag_decorator.py
[2024-12-04T04:52:22.463+0000] {logging_mixin.py:120} INFO - [2024-12-04T04:52:22.463+0000] {dag.py:2585} INFO - Sync 1 DAGs
[2024-12-04T04:52:22.497+0000] {logging_mixin.py:120} INFO - [2024-12-04T04:52:22.496+0000] {dag.py:3340} INFO - Setting next_dagrun for example_dag_decorator to None, run_after=None
[2024-12-04T04:52:22.526+0000] {processor.py:176} INFO - Processing /home/airflow/.local/lib/python3.7/site-packages/airflow/example_dags/example_dag_decorator.py took 0.233 seconds
[2024-12-04T04:59:02.830+0000] {processor.py:154} INFO - Started process (PID=65) to work on /home/airflow/.local/lib/python3.7/site-packages/airflow/example_dags/example_dag_decorator.py
[2024-12-04T04:59:02.831+0000] {processor.py:756} INFO - Processing file /home/airflow/.local/lib/python3.7/site-packages/airflow/example_dags/example_dag_decorator.py for tasks to queue
[2024-12-04T04:59:02.832+0000] {logging_mixin.py:120} INFO - [2024-12-04T04:59:02.832+0000] {dagbag.py:537} INFO - Filling up the DagBag from /home/airflow/.local/lib/python3.7/site-packages/airflow/example_dags/example_dag_decorator.py
[2024-12-04T04:59:02.851+0000] {logging_mixin.py:120} INFO - [2024-12-04T04:59:02.850+0000] {taskmixin.py:205} WARNING - Dependency <Task(_PythonDecoratedOperator): prepare_email>, send_email already registered for DAG: example_dag_decorator
[2024-12-04T04:59:02.851+0000] {logging_mixin.py:120} INFO - [2024-12-04T04:59:02.851+0000] {taskmixin.py:205} WARNING - Dependency <Task(EmailOperator): send_email>, prepare_email already registered for DAG: example_dag_decorator
[2024-12-04T04:59:02.867+0000] {processor.py:766} INFO - DAG(s) dict_keys(['example_dag_decorator']) retrieved from /home/airflow/.local/lib/python3.7/site-packages/airflow/example_dags/example_dag_decorator.py
[2024-12-04T04:59:02.902+0000] {logging_mixin.py:120} INFO - [2024-12-04T04:59:02.902+0000] {dag.py:2585} INFO - Sync 1 DAGs
[2024-12-04T04:59:02.932+0000] {logging_mixin.py:120} INFO - [2024-12-04T04:59:02.932+0000] {dag.py:3340} INFO - Setting next_dagrun for example_dag_decorator to None, run_after=None
[2024-12-04T04:59:02.963+0000] {processor.py:176} INFO - Processing /home/airflow/.local/lib/python3.7/site-packages/airflow/example_dags/example_dag_decorator.py took 0.136 seconds
[2024-12-04T04:59:33.907+0000] {processor.py:154} INFO - Started process (PID=128) to work on /home/airflow/.local/lib/python3.7/site-packages/airflow/example_dags/example_dag_decorator.py
[2024-12-04T04:59:33.907+0000] {processor.py:756} INFO - Processing file /home/airflow/.local/lib/python3.7/site-packages/airflow/example_dags/example_dag_decorator.py for tasks to queue
[2024-12-04T04:59:33.908+0000] {logging_mixin.py:120} INFO - [2024-12-04T04:59:33.908+0000] {dagbag.py:537} INFO - Filling up the DagBag from /home/airflow/.local/lib/python3.7/site-packages/airflow/example_dags/example_dag_decorator.py
[2024-12-04T04:59:33.921+0000] {logging_mixin.py:120} INFO - [2024-12-04T04:59:33.921+0000] {taskmixin.py:205} WARNING - Dependency <Task(_PythonDecoratedOperator): prepare_email>, send_email already registered for DAG: example_dag_decorator
[2024-12-04T04:59:33.921+0000] {logging_mixin.py:120} INFO - [2024-12-04T04:59:33.921+0000] {taskmixin.py:205} WARNING - Dependency <Task(EmailOperator): send_email>, prepare_email already registered for DAG: example_dag_decorator
[2024-12-04T04:59:33.931+0000] {processor.py:766} INFO - DAG(s) dict_keys(['example_dag_decorator']) retrieved from /home/airflow/.local/lib/python3.7/site-packages/airflow/example_dags/example_dag_decorator.py
[2024-12-04T04:59:34.003+0000] {logging_mixin.py:120} INFO - [2024-12-04T04:59:34.003+0000] {dag.py:2585} INFO - Sync 1 DAGs
[2024-12-04T04:59:34.026+0000] {logging_mixin.py:120} INFO - [2024-12-04T04:59:34.026+0000] {dag.py:3340} INFO - Setting next_dagrun for example_dag_decorator to None, run_after=None
[2024-12-04T04:59:34.044+0000] {processor.py:176} INFO - Processing /home/airflow/.local/lib/python3.7/site-packages/airflow/example_dags/example_dag_decorator.py took 0.140 seconds
[2024-12-04T05:00:06.615+0000] {processor.py:154} INFO - Started process (PID=192) to work on /home/airflow/.local/lib/python3.7/site-packages/airflow/example_dags/example_dag_decorator.py
[2024-12-04T05:00:06.616+0000] {processor.py:756} INFO - Processing file /home/airflow/.local/lib/python3.7/site-packages/airflow/example_dags/example_dag_decorator.py for tasks to queue
[2024-12-04T05:00:06.617+0000] {logging_mixin.py:120} INFO - [2024-12-04T05:00:06.617+0000] {dagbag.py:537} INFO - Filling up the DagBag from /home/airflow/.local/lib/python3.7/site-packages/airflow/example_dags/example_dag_decorator.py
[2024-12-04T05:00:06.636+0000] {logging_mixin.py:120} INFO - [2024-12-04T05:00:06.636+0000] {taskmixin.py:205} WARNING - Dependency <Task(_PythonDecoratedOperator): prepare_email>, send_email already registered for DAG: example_dag_decorator
[2024-12-04T05:00:06.636+0000] {logging_mixin.py:120} INFO - [2024-12-04T05:00:06.636+0000] {taskmixin.py:205} WARNING - Dependency <Task(EmailOperator): send_email>, prepare_email already registered for DAG: example_dag_decorator
[2024-12-04T05:00:06.650+0000] {processor.py:766} INFO - DAG(s) dict_keys(['example_dag_decorator']) retrieved from /home/airflow/.local/lib/python3.7/site-packages/airflow/example_dags/example_dag_decorator.py
[2024-12-04T05:00:06.755+0000] {logging_mixin.py:120} INFO - [2024-12-04T05:00:06.755+0000] {dag.py:2585} INFO - Sync 1 DAGs
[2024-12-04T05:00:06.784+0000] {logging_mixin.py:120} INFO - [2024-12-04T05:00:06.783+0000] {dag.py:3340} INFO - Setting next_dagrun for example_dag_decorator to None, run_after=None
[2024-12-04T05:00:06.807+0000] {processor.py:176} INFO - Processing /home/airflow/.local/lib/python3.7/site-packages/airflow/example_dags/example_dag_decorator.py took 0.196 seconds
[2024-12-04T05:00:37.612+0000] {processor.py:154} INFO - Started process (PID=247) to work on /home/airflow/.local/lib/python3.7/site-packages/airflow/example_dags/example_dag_decorator.py
[2024-12-04T05:00:37.613+0000] {processor.py:756} INFO - Processing file /home/airflow/.local/lib/python3.7/site-packages/airflow/example_dags/example_dag_decorator.py for tasks to queue
[2024-12-04T05:00:37.613+0000] {logging_mixin.py:120} INFO - [2024-12-04T05:00:37.613+0000] {dagbag.py:537} INFO - Filling up the DagBag from /home/airflow/.local/lib/python3.7/site-packages/airflow/example_dags/example_dag_decorator.py
[2024-12-04T05:00:37.639+0000] {logging_mixin.py:120} INFO - [2024-12-04T05:00:37.639+0000] {taskmixin.py:205} WARNING - Dependency <Task(_PythonDecoratedOperator): prepare_email>, send_email already registered for DAG: example_dag_decorator
[2024-12-04T05:00:37.639+0000] {logging_mixin.py:120} INFO - [2024-12-04T05:00:37.639+0000] {taskmixin.py:205} WARNING - Dependency <Task(EmailOperator): send_email>, prepare_email already registered for DAG: example_dag_decorator
[2024-12-04T05:00:37.659+0000] {processor.py:766} INFO - DAG(s) dict_keys(['example_dag_decorator']) retrieved from /home/airflow/.local/lib/python3.7/site-packages/airflow/example_dags/example_dag_decorator.py
[2024-12-04T05:00:37.810+0000] {logging_mixin.py:120} INFO - [2024-12-04T05:00:37.810+0000] {dag.py:2585} INFO - Sync 1 DAGs
[2024-12-04T05:00:37.845+0000] {logging_mixin.py:120} INFO - [2024-12-04T05:00:37.845+0000] {dag.py:3340} INFO - Setting next_dagrun for example_dag_decorator to None, run_after=None
[2024-12-04T05:00:37.874+0000] {processor.py:176} INFO - Processing /home/airflow/.local/lib/python3.7/site-packages/airflow/example_dags/example_dag_decorator.py took 0.267 seconds
[2024-12-04T05:01:08.637+0000] {processor.py:154} INFO - Started process (PID=309) to work on /home/airflow/.local/lib/python3.7/site-packages/airflow/example_dags/example_dag_decorator.py
[2024-12-04T05:01:08.638+0000] {processor.py:756} INFO - Processing file /home/airflow/.local/lib/python3.7/site-packages/airflow/example_dags/example_dag_decorator.py for tasks to queue
[2024-12-04T05:01:08.638+0000] {logging_mixin.py:120} INFO - [2024-12-04T05:01:08.638+0000] {dagbag.py:537} INFO - Filling up the DagBag from /home/airflow/.local/lib/python3.7/site-packages/airflow/example_dags/example_dag_decorator.py
[2024-12-04T05:01:08.654+0000] {logging_mixin.py:120} INFO - [2024-12-04T05:01:08.654+0000] {taskmixin.py:205} WARNING - Dependency <Task(_PythonDecoratedOperator): prepare_email>, send_email already registered for DAG: example_dag_decorator
[2024-12-04T05:01:08.655+0000] {logging_mixin.py:120} INFO - [2024-12-04T05:01:08.655+0000] {taskmixin.py:205} WARNING - Dependency <Task(EmailOperator): send_email>, prepare_email already registered for DAG: example_dag_decorator
[2024-12-04T05:01:08.668+0000] {processor.py:766} INFO - DAG(s) dict_keys(['example_dag_decorator']) retrieved from /home/airflow/.local/lib/python3.7/site-packages/airflow/example_dags/example_dag_decorator.py
[2024-12-04T05:01:08.758+0000] {logging_mixin.py:120} INFO - [2024-12-04T05:01:08.757+0000] {dag.py:2585} INFO - Sync 1 DAGs
[2024-12-04T05:01:08.783+0000] {logging_mixin.py:120} INFO - [2024-12-04T05:01:08.783+0000] {dag.py:3340} INFO - Setting next_dagrun for example_dag_decorator to None, run_after=None
[2024-12-04T05:01:08.806+0000] {processor.py:176} INFO - Processing /home/airflow/.local/lib/python3.7/site-packages/airflow/example_dags/example_dag_decorator.py took 0.172 seconds
[2024-12-04T05:01:39.247+0000] {processor.py:154} INFO - Started process (PID=372) to work on /home/airflow/.local/lib/python3.7/site-packages/airflow/example_dags/example_dag_decorator.py
[2024-12-04T05:01:39.248+0000] {processor.py:756} INFO - Processing file /home/airflow/.local/lib/python3.7/site-packages/airflow/example_dags/example_dag_decorator.py for tasks to queue
[2024-12-04T05:01:39.249+0000] {logging_mixin.py:120} INFO - [2024-12-04T05:01:39.249+0000] {dagbag.py:537} INFO - Filling up the DagBag from /home/airflow/.local/lib/python3.7/site-packages/airflow/example_dags/example_dag_decorator.py
[2024-12-04T05:01:39.269+0000] {logging_mixin.py:120} INFO - [2024-12-04T05:01:39.269+0000] {taskmixin.py:205} WARNING - Dependency <Task(_PythonDecoratedOperator): prepare_email>, send_email already registered for DAG: example_dag_decorator
[2024-12-04T05:01:39.269+0000] {logging_mixin.py:120} INFO - [2024-12-04T05:01:39.269+0000] {taskmixin.py:205} WARNING - Dependency <Task(EmailOperator): send_email>, prepare_email already registered for DAG: example_dag_decorator
[2024-12-04T05:01:39.286+0000] {processor.py:766} INFO - DAG(s) dict_keys(['example_dag_decorator']) retrieved from /home/airflow/.local/lib/python3.7/site-packages/airflow/example_dags/example_dag_decorator.py
[2024-12-04T05:01:39.400+0000] {logging_mixin.py:120} INFO - [2024-12-04T05:01:39.399+0000] {dag.py:2585} INFO - Sync 1 DAGs
[2024-12-04T05:01:39.433+0000] {logging_mixin.py:120} INFO - [2024-12-04T05:01:39.432+0000] {dag.py:3340} INFO - Setting next_dagrun for example_dag_decorator to None, run_after=None
[2024-12-04T05:01:39.473+0000] {processor.py:176} INFO - Processing /home/airflow/.local/lib/python3.7/site-packages/airflow/example_dags/example_dag_decorator.py took 0.231 seconds
[2024-12-04T05:02:09.675+0000] {processor.py:154} INFO - Started process (PID=426) to work on /home/airflow/.local/lib/python3.7/site-packages/airflow/example_dags/example_dag_decorator.py
[2024-12-04T05:02:09.676+0000] {processor.py:756} INFO - Processing file /home/airflow/.local/lib/python3.7/site-packages/airflow/example_dags/example_dag_decorator.py for tasks to queue
[2024-12-04T05:02:09.677+0000] {logging_mixin.py:120} INFO - [2024-12-04T05:02:09.676+0000] {dagbag.py:537} INFO - Filling up the DagBag from /home/airflow/.local/lib/python3.7/site-packages/airflow/example_dags/example_dag_decorator.py
[2024-12-04T05:02:09.696+0000] {logging_mixin.py:120} INFO - [2024-12-04T05:02:09.696+0000] {taskmixin.py:205} WARNING - Dependency <Task(_PythonDecoratedOperator): prepare_email>, send_email already registered for DAG: example_dag_decorator
[2024-12-04T05:02:09.696+0000] {logging_mixin.py:120} INFO - [2024-12-04T05:02:09.696+0000] {taskmixin.py:205} WARNING - Dependency <Task(EmailOperator): send_email>, prepare_email already registered for DAG: example_dag_decorator
[2024-12-04T05:02:09.713+0000] {processor.py:766} INFO - DAG(s) dict_keys(['example_dag_decorator']) retrieved from /home/airflow/.local/lib/python3.7/site-packages/airflow/example_dags/example_dag_decorator.py
[2024-12-04T05:02:09.818+0000] {logging_mixin.py:120} INFO - [2024-12-04T05:02:09.818+0000] {dag.py:2585} INFO - Sync 1 DAGs
[2024-12-04T05:02:09.851+0000] {logging_mixin.py:120} INFO - [2024-12-04T05:02:09.851+0000] {dag.py:3340} INFO - Setting next_dagrun for example_dag_decorator to None, run_after=None
[2024-12-04T05:02:09.886+0000] {processor.py:176} INFO - Processing /home/airflow/.local/lib/python3.7/site-packages/airflow/example_dags/example_dag_decorator.py took 0.218 seconds
[2024-12-04T05:02:40.445+0000] {processor.py:154} INFO - Started process (PID=489) to work on /home/airflow/.local/lib/python3.7/site-packages/airflow/example_dags/example_dag_decorator.py
[2024-12-04T05:02:40.446+0000] {processor.py:756} INFO - Processing file /home/airflow/.local/lib/python3.7/site-packages/airflow/example_dags/example_dag_decorator.py for tasks to queue
[2024-12-04T05:02:40.447+0000] {logging_mixin.py:120} INFO - [2024-12-04T05:02:40.447+0000] {dagbag.py:537} INFO - Filling up the DagBag from /home/airflow/.local/lib/python3.7/site-packages/airflow/example_dags/example_dag_decorator.py
[2024-12-04T05:02:40.467+0000] {logging_mixin.py:120} INFO - [2024-12-04T05:02:40.467+0000] {taskmixin.py:205} WARNING - Dependency <Task(_PythonDecoratedOperator): prepare_email>, send_email already registered for DAG: example_dag_decorator
[2024-12-04T05:02:40.467+0000] {logging_mixin.py:120} INFO - [2024-12-04T05:02:40.467+0000] {taskmixin.py:205} WARNING - Dependency <Task(EmailOperator): send_email>, prepare_email already registered for DAG: example_dag_decorator
[2024-12-04T05:02:40.484+0000] {processor.py:766} INFO - DAG(s) dict_keys(['example_dag_decorator']) retrieved from /home/airflow/.local/lib/python3.7/site-packages/airflow/example_dags/example_dag_decorator.py
[2024-12-04T05:02:40.596+0000] {logging_mixin.py:120} INFO - [2024-12-04T05:02:40.596+0000] {dag.py:2585} INFO - Sync 1 DAGs
[2024-12-04T05:02:40.625+0000] {logging_mixin.py:120} INFO - [2024-12-04T05:02:40.625+0000] {dag.py:3340} INFO - Setting next_dagrun for example_dag_decorator to None, run_after=None
[2024-12-04T05:02:40.659+0000] {processor.py:176} INFO - Processing /home/airflow/.local/lib/python3.7/site-packages/airflow/example_dags/example_dag_decorator.py took 0.218 seconds
[2024-12-04T05:03:10.976+0000] {processor.py:154} INFO - Started process (PID=543) to work on /home/airflow/.local/lib/python3.7/site-packages/airflow/example_dags/example_dag_decorator.py
[2024-12-04T05:03:10.977+0000] {processor.py:756} INFO - Processing file /home/airflow/.local/lib/python3.7/site-packages/airflow/example_dags/example_dag_decorator.py for tasks to queue
[2024-12-04T05:03:10.978+0000] {logging_mixin.py:120} INFO - [2024-12-04T05:03:10.977+0000] {dagbag.py:537} INFO - Filling up the DagBag from /home/airflow/.local/lib/python3.7/site-packages/airflow/example_dags/example_dag_decorator.py
[2024-12-04T05:03:10.998+0000] {logging_mixin.py:120} INFO - [2024-12-04T05:03:10.998+0000] {taskmixin.py:205} WARNING - Dependency <Task(_PythonDecoratedOperator): prepare_email>, send_email already registered for DAG: example_dag_decorator
[2024-12-04T05:03:10.998+0000] {logging_mixin.py:120} INFO - [2024-12-04T05:03:10.998+0000] {taskmixin.py:205} WARNING - Dependency <Task(EmailOperator): send_email>, prepare_email already registered for DAG: example_dag_decorator
[2024-12-04T05:03:11.016+0000] {processor.py:766} INFO - DAG(s) dict_keys(['example_dag_decorator']) retrieved from /home/airflow/.local/lib/python3.7/site-packages/airflow/example_dags/example_dag_decorator.py
[2024-12-04T05:03:11.127+0000] {logging_mixin.py:120} INFO - [2024-12-04T05:03:11.127+0000] {dag.py:2585} INFO - Sync 1 DAGs
[2024-12-04T05:03:11.160+0000] {logging_mixin.py:120} INFO - [2024-12-04T05:03:11.160+0000] {dag.py:3340} INFO - Setting next_dagrun for example_dag_decorator to None, run_after=None
[2024-12-04T05:03:11.190+0000] {processor.py:176} INFO - Processing /home/airflow/.local/lib/python3.7/site-packages/airflow/example_dags/example_dag_decorator.py took 0.218 seconds
[2024-12-04T05:03:41.305+0000] {processor.py:154} INFO - Started process (PID=606) to work on /home/airflow/.local/lib/python3.7/site-packages/airflow/example_dags/example_dag_decorator.py
[2024-12-04T05:03:41.307+0000] {processor.py:756} INFO - Processing file /home/airflow/.local/lib/python3.7/site-packages/airflow/example_dags/example_dag_decorator.py for tasks to queue
[2024-12-04T05:03:41.308+0000] {logging_mixin.py:120} INFO - [2024-12-04T05:03:41.308+0000] {dagbag.py:537} INFO - Filling up the DagBag from /home/airflow/.local/lib/python3.7/site-packages/airflow/example_dags/example_dag_decorator.py
[2024-12-04T05:03:41.334+0000] {logging_mixin.py:120} INFO - [2024-12-04T05:03:41.334+0000] {taskmixin.py:205} WARNING - Dependency <Task(_PythonDecoratedOperator): prepare_email>, send_email already registered for DAG: example_dag_decorator
[2024-12-04T05:03:41.334+0000] {logging_mixin.py:120} INFO - [2024-12-04T05:03:41.334+0000] {taskmixin.py:205} WARNING - Dependency <Task(EmailOperator): send_email>, prepare_email already registered for DAG: example_dag_decorator
[2024-12-04T05:03:41.352+0000] {processor.py:766} INFO - DAG(s) dict_keys(['example_dag_decorator']) retrieved from /home/airflow/.local/lib/python3.7/site-packages/airflow/example_dags/example_dag_decorator.py
[2024-12-04T05:03:41.467+0000] {logging_mixin.py:120} INFO - [2024-12-04T05:03:41.467+0000] {dag.py:2585} INFO - Sync 1 DAGs
[2024-12-04T05:03:41.501+0000] {logging_mixin.py:120} INFO - [2024-12-04T05:03:41.501+0000] {dag.py:3340} INFO - Setting next_dagrun for example_dag_decorator to None, run_after=None
[2024-12-04T05:03:41.530+0000] {processor.py:176} INFO - Processing /home/airflow/.local/lib/python3.7/site-packages/airflow/example_dags/example_dag_decorator.py took 0.233 seconds
[2024-12-04T05:04:12.180+0000] {processor.py:154} INFO - Started process (PID=660) to work on /home/airflow/.local/lib/python3.7/site-packages/airflow/example_dags/example_dag_decorator.py
[2024-12-04T05:04:12.181+0000] {processor.py:756} INFO - Processing file /home/airflow/.local/lib/python3.7/site-packages/airflow/example_dags/example_dag_decorator.py for tasks to queue
[2024-12-04T05:04:12.182+0000] {logging_mixin.py:120} INFO - [2024-12-04T05:04:12.182+0000] {dagbag.py:537} INFO - Filling up the DagBag from /home/airflow/.local/lib/python3.7/site-packages/airflow/example_dags/example_dag_decorator.py
[2024-12-04T05:04:12.203+0000] {logging_mixin.py:120} INFO - [2024-12-04T05:04:12.203+0000] {taskmixin.py:205} WARNING - Dependency <Task(_PythonDecoratedOperator): prepare_email>, send_email already registered for DAG: example_dag_decorator
[2024-12-04T05:04:12.203+0000] {logging_mixin.py:120} INFO - [2024-12-04T05:04:12.203+0000] {taskmixin.py:205} WARNING - Dependency <Task(EmailOperator): send_email>, prepare_email already registered for DAG: example_dag_decorator
[2024-12-04T05:04:12.221+0000] {processor.py:766} INFO - DAG(s) dict_keys(['example_dag_decorator']) retrieved from /home/airflow/.local/lib/python3.7/site-packages/airflow/example_dags/example_dag_decorator.py
[2024-12-04T05:04:12.336+0000] {logging_mixin.py:120} INFO - [2024-12-04T05:04:12.336+0000] {dag.py:2585} INFO - Sync 1 DAGs
[2024-12-04T05:04:12.369+0000] {logging_mixin.py:120} INFO - [2024-12-04T05:04:12.369+0000] {dag.py:3340} INFO - Setting next_dagrun for example_dag_decorator to None, run_after=None
[2024-12-04T05:04:12.404+0000] {processor.py:176} INFO - Processing /home/airflow/.local/lib/python3.7/site-packages/airflow/example_dags/example_dag_decorator.py took 0.228 seconds
[2024-12-04T05:04:42.442+0000] {processor.py:154} INFO - Started process (PID=723) to work on /home/airflow/.local/lib/python3.7/site-packages/airflow/example_dags/example_dag_decorator.py
[2024-12-04T05:04:42.443+0000] {processor.py:756} INFO - Processing file /home/airflow/.local/lib/python3.7/site-packages/airflow/example_dags/example_dag_decorator.py for tasks to queue
[2024-12-04T05:04:42.444+0000] {logging_mixin.py:120} INFO - [2024-12-04T05:04:42.444+0000] {dagbag.py:537} INFO - Filling up the DagBag from /home/airflow/.local/lib/python3.7/site-packages/airflow/example_dags/example_dag_decorator.py
[2024-12-04T05:04:42.463+0000] {logging_mixin.py:120} INFO - [2024-12-04T05:04:42.462+0000] {taskmixin.py:205} WARNING - Dependency <Task(_PythonDecoratedOperator): prepare_email>, send_email already registered for DAG: example_dag_decorator
[2024-12-04T05:04:42.463+0000] {logging_mixin.py:120} INFO - [2024-12-04T05:04:42.463+0000] {taskmixin.py:205} WARNING - Dependency <Task(EmailOperator): send_email>, prepare_email already registered for DAG: example_dag_decorator
[2024-12-04T05:04:42.479+0000] {processor.py:766} INFO - DAG(s) dict_keys(['example_dag_decorator']) retrieved from /home/airflow/.local/lib/python3.7/site-packages/airflow/example_dags/example_dag_decorator.py
[2024-12-04T05:04:42.584+0000] {logging_mixin.py:120} INFO - [2024-12-04T05:04:42.584+0000] {dag.py:2585} INFO - Sync 1 DAGs
[2024-12-04T05:04:42.617+0000] {logging_mixin.py:120} INFO - [2024-12-04T05:04:42.617+0000] {dag.py:3340} INFO - Setting next_dagrun for example_dag_decorator to None, run_after=None
[2024-12-04T05:04:42.645+0000] {processor.py:176} INFO - Processing /home/airflow/.local/lib/python3.7/site-packages/airflow/example_dags/example_dag_decorator.py took 0.207 seconds
