[2024-12-04T04:51:49.625+0000] {processor.py:154} INFO - Started process (PID=64) to work on /home/airflow/.local/lib/python3.7/site-packages/airflow/example_dags/example_branch_operator.py
[2024-12-04T04:51:49.626+0000] {processor.py:756} INFO - Processing file /home/airflow/.local/lib/python3.7/site-packages/airflow/example_dags/example_branch_operator.py for tasks to queue
[2024-12-04T04:51:49.627+0000] {logging_mixin.py:120} INFO - [2024-12-04T04:51:49.627+0000] {dagbag.py:537} INFO - Filling up the DagBag from /home/airflow/.local/lib/python3.7/site-packages/airflow/example_dags/example_branch_operator.py
[2024-12-04T04:51:49.652+0000] {processor.py:766} INFO - DAG(s) dict_keys(['example_branch_operator']) retrieved from /home/airflow/.local/lib/python3.7/site-packages/airflow/example_dags/example_branch_operator.py
[2024-12-04T04:51:49.690+0000] {logging_mixin.py:120} INFO - [2024-12-04T04:51:49.690+0000] {dag.py:2585} INFO - Sync 1 DAGs
[2024-12-04T04:51:49.719+0000] {logging_mixin.py:120} INFO - [2024-12-04T04:51:49.719+0000] {dag.py:3340} INFO - Setting next_dagrun for example_branch_operator to 2024-12-03T00:00:00+00:00, run_after=2024-12-04T00:00:00+00:00
[2024-12-04T04:51:49.753+0000] {processor.py:176} INFO - Processing /home/airflow/.local/lib/python3.7/site-packages/airflow/example_dags/example_branch_operator.py took 0.132 seconds
[2024-12-04T04:52:21.043+0000] {processor.py:154} INFO - Started process (PID=118) to work on /home/airflow/.local/lib/python3.7/site-packages/airflow/example_dags/example_branch_operator.py
[2024-12-04T04:52:21.044+0000] {processor.py:756} INFO - Processing file /home/airflow/.local/lib/python3.7/site-packages/airflow/example_dags/example_branch_operator.py for tasks to queue
[2024-12-04T04:52:21.045+0000] {logging_mixin.py:120} INFO - [2024-12-04T04:52:21.045+0000] {dagbag.py:537} INFO - Filling up the DagBag from /home/airflow/.local/lib/python3.7/site-packages/airflow/example_dags/example_branch_operator.py
[2024-12-04T04:52:21.073+0000] {processor.py:766} INFO - DAG(s) dict_keys(['example_branch_operator']) retrieved from /home/airflow/.local/lib/python3.7/site-packages/airflow/example_dags/example_branch_operator.py
[2024-12-04T04:52:21.134+0000] {logging_mixin.py:120} INFO - [2024-12-04T04:52:21.133+0000] {dag.py:2585} INFO - Sync 1 DAGs
[2024-12-04T04:52:21.178+0000] {logging_mixin.py:120} INFO - [2024-12-04T04:52:21.178+0000] {dag.py:3340} INFO - Setting next_dagrun for example_branch_operator to 2024-12-03T00:00:00+00:00, run_after=2024-12-04T00:00:00+00:00
[2024-12-04T04:52:21.208+0000] {processor.py:176} INFO - Processing /home/airflow/.local/lib/python3.7/site-packages/airflow/example_dags/example_branch_operator.py took 0.169 seconds
[2024-12-04T04:59:02.057+0000] {processor.py:154} INFO - Started process (PID=54) to work on /home/airflow/.local/lib/python3.7/site-packages/airflow/example_dags/example_branch_operator.py
[2024-12-04T04:59:02.058+0000] {processor.py:756} INFO - Processing file /home/airflow/.local/lib/python3.7/site-packages/airflow/example_dags/example_branch_operator.py for tasks to queue
[2024-12-04T04:59:02.059+0000] {logging_mixin.py:120} INFO - [2024-12-04T04:59:02.059+0000] {dagbag.py:537} INFO - Filling up the DagBag from /home/airflow/.local/lib/python3.7/site-packages/airflow/example_dags/example_branch_operator.py
[2024-12-04T04:59:02.078+0000] {processor.py:766} INFO - DAG(s) dict_keys(['example_branch_operator']) retrieved from /home/airflow/.local/lib/python3.7/site-packages/airflow/example_dags/example_branch_operator.py
[2024-12-04T04:59:02.103+0000] {logging_mixin.py:120} INFO - [2024-12-04T04:59:02.103+0000] {dag.py:2585} INFO - Sync 1 DAGs
[2024-12-04T04:59:02.131+0000] {logging_mixin.py:120} INFO - [2024-12-04T04:59:02.131+0000] {dag.py:3340} INFO - Setting next_dagrun for example_branch_operator to 2024-12-03T00:00:00+00:00, run_after=2024-12-04T00:00:00+00:00
[2024-12-04T04:59:02.149+0000] {processor.py:176} INFO - Processing /home/airflow/.local/lib/python3.7/site-packages/airflow/example_dags/example_branch_operator.py took 0.095 seconds
[2024-12-04T04:59:33.128+0000] {processor.py:154} INFO - Started process (PID=117) to work on /home/airflow/.local/lib/python3.7/site-packages/airflow/example_dags/example_branch_operator.py
[2024-12-04T04:59:33.129+0000] {processor.py:756} INFO - Processing file /home/airflow/.local/lib/python3.7/site-packages/airflow/example_dags/example_branch_operator.py for tasks to queue
[2024-12-04T04:59:33.129+0000] {logging_mixin.py:120} INFO - [2024-12-04T04:59:33.129+0000] {dagbag.py:537} INFO - Filling up the DagBag from /home/airflow/.local/lib/python3.7/site-packages/airflow/example_dags/example_branch_operator.py
[2024-12-04T04:59:33.145+0000] {processor.py:766} INFO - DAG(s) dict_keys(['example_branch_operator']) retrieved from /home/airflow/.local/lib/python3.7/site-packages/airflow/example_dags/example_branch_operator.py
[2024-12-04T04:59:33.188+0000] {logging_mixin.py:120} INFO - [2024-12-04T04:59:33.188+0000] {dag.py:2585} INFO - Sync 1 DAGs
[2024-12-04T04:59:33.216+0000] {logging_mixin.py:120} INFO - [2024-12-04T04:59:33.216+0000] {dag.py:3340} INFO - Setting next_dagrun for example_branch_operator to 2024-12-03T00:00:00+00:00, run_after=2024-12-04T00:00:00+00:00
[2024-12-04T04:59:33.235+0000] {processor.py:176} INFO - Processing /home/airflow/.local/lib/python3.7/site-packages/airflow/example_dags/example_branch_operator.py took 0.112 seconds
[2024-12-04T05:00:05.421+0000] {processor.py:154} INFO - Started process (PID=181) to work on /home/airflow/.local/lib/python3.7/site-packages/airflow/example_dags/example_branch_operator.py
[2024-12-04T05:00:05.422+0000] {processor.py:756} INFO - Processing file /home/airflow/.local/lib/python3.7/site-packages/airflow/example_dags/example_branch_operator.py for tasks to queue
[2024-12-04T05:00:05.423+0000] {logging_mixin.py:120} INFO - [2024-12-04T05:00:05.423+0000] {dagbag.py:537} INFO - Filling up the DagBag from /home/airflow/.local/lib/python3.7/site-packages/airflow/example_dags/example_branch_operator.py
[2024-12-04T05:00:05.451+0000] {processor.py:766} INFO - DAG(s) dict_keys(['example_branch_operator']) retrieved from /home/airflow/.local/lib/python3.7/site-packages/airflow/example_dags/example_branch_operator.py
[2024-12-04T05:00:05.513+0000] {logging_mixin.py:120} INFO - [2024-12-04T05:00:05.513+0000] {dag.py:2585} INFO - Sync 1 DAGs
[2024-12-04T05:00:05.551+0000] {logging_mixin.py:120} INFO - [2024-12-04T05:00:05.551+0000] {dag.py:3340} INFO - Setting next_dagrun for example_branch_operator to 2024-12-03T00:00:00+00:00, run_after=2024-12-04T00:00:00+00:00
[2024-12-04T05:00:05.588+0000] {processor.py:176} INFO - Processing /home/airflow/.local/lib/python3.7/site-packages/airflow/example_dags/example_branch_operator.py took 0.172 seconds
[2024-12-04T05:00:35.666+0000] {processor.py:154} INFO - Started process (PID=236) to work on /home/airflow/.local/lib/python3.7/site-packages/airflow/example_dags/example_branch_operator.py
[2024-12-04T05:00:35.668+0000] {processor.py:756} INFO - Processing file /home/airflow/.local/lib/python3.7/site-packages/airflow/example_dags/example_branch_operator.py for tasks to queue
[2024-12-04T05:00:35.669+0000] {logging_mixin.py:120} INFO - [2024-12-04T05:00:35.669+0000] {dagbag.py:537} INFO - Filling up the DagBag from /home/airflow/.local/lib/python3.7/site-packages/airflow/example_dags/example_branch_operator.py
[2024-12-04T05:00:35.696+0000] {processor.py:766} INFO - DAG(s) dict_keys(['example_branch_operator']) retrieved from /home/airflow/.local/lib/python3.7/site-packages/airflow/example_dags/example_branch_operator.py
[2024-12-04T05:00:35.758+0000] {logging_mixin.py:120} INFO - [2024-12-04T05:00:35.758+0000] {dag.py:2585} INFO - Sync 1 DAGs
[2024-12-04T05:00:35.798+0000] {logging_mixin.py:120} INFO - [2024-12-04T05:00:35.798+0000] {dag.py:3340} INFO - Setting next_dagrun for example_branch_operator to 2024-12-03T00:00:00+00:00, run_after=2024-12-04T00:00:00+00:00
[2024-12-04T05:00:35.825+0000] {processor.py:176} INFO - Processing /home/airflow/.local/lib/python3.7/site-packages/airflow/example_dags/example_branch_operator.py took 0.163 seconds
[2024-12-04T05:01:06.645+0000] {processor.py:154} INFO - Started process (PID=298) to work on /home/airflow/.local/lib/python3.7/site-packages/airflow/example_dags/example_branch_operator.py
[2024-12-04T05:01:06.646+0000] {processor.py:756} INFO - Processing file /home/airflow/.local/lib/python3.7/site-packages/airflow/example_dags/example_branch_operator.py for tasks to queue
[2024-12-04T05:01:06.647+0000] {logging_mixin.py:120} INFO - [2024-12-04T05:01:06.647+0000] {dagbag.py:537} INFO - Filling up the DagBag from /home/airflow/.local/lib/python3.7/site-packages/airflow/example_dags/example_branch_operator.py
[2024-12-04T05:01:06.667+0000] {processor.py:766} INFO - DAG(s) dict_keys(['example_branch_operator']) retrieved from /home/airflow/.local/lib/python3.7/site-packages/airflow/example_dags/example_branch_operator.py
[2024-12-04T05:01:06.707+0000] {logging_mixin.py:120} INFO - [2024-12-04T05:01:06.707+0000] {dag.py:2585} INFO - Sync 1 DAGs
[2024-12-04T05:01:06.730+0000] {logging_mixin.py:120} INFO - [2024-12-04T05:01:06.730+0000] {dag.py:3340} INFO - Setting next_dagrun for example_branch_operator to 2024-12-03T00:00:00+00:00, run_after=2024-12-04T00:00:00+00:00
[2024-12-04T05:01:06.749+0000] {processor.py:176} INFO - Processing /home/airflow/.local/lib/python3.7/site-packages/airflow/example_dags/example_branch_operator.py took 0.110 seconds
[2024-12-04T05:01:37.570+0000] {processor.py:154} INFO - Started process (PID=352) to work on /home/airflow/.local/lib/python3.7/site-packages/airflow/example_dags/example_branch_operator.py
[2024-12-04T05:01:37.571+0000] {processor.py:756} INFO - Processing file /home/airflow/.local/lib/python3.7/site-packages/airflow/example_dags/example_branch_operator.py for tasks to queue
[2024-12-04T05:01:37.572+0000] {logging_mixin.py:120} INFO - [2024-12-04T05:01:37.572+0000] {dagbag.py:537} INFO - Filling up the DagBag from /home/airflow/.local/lib/python3.7/site-packages/airflow/example_dags/example_branch_operator.py
[2024-12-04T05:01:37.597+0000] {processor.py:766} INFO - DAG(s) dict_keys(['example_branch_operator']) retrieved from /home/airflow/.local/lib/python3.7/site-packages/airflow/example_dags/example_branch_operator.py
[2024-12-04T05:01:37.660+0000] {logging_mixin.py:120} INFO - [2024-12-04T05:01:37.660+0000] {dag.py:2585} INFO - Sync 1 DAGs
[2024-12-04T05:01:37.704+0000] {logging_mixin.py:120} INFO - [2024-12-04T05:01:37.703+0000] {dag.py:3340} INFO - Setting next_dagrun for example_branch_operator to 2024-12-03T00:00:00+00:00, run_after=2024-12-04T00:00:00+00:00
[2024-12-04T05:01:37.743+0000] {processor.py:176} INFO - Processing /home/airflow/.local/lib/python3.7/site-packages/airflow/example_dags/example_branch_operator.py took 0.178 seconds
[2024-12-04T05:02:08.075+0000] {processor.py:154} INFO - Started process (PID=415) to work on /home/airflow/.local/lib/python3.7/site-packages/airflow/example_dags/example_branch_operator.py
[2024-12-04T05:02:08.076+0000] {processor.py:756} INFO - Processing file /home/airflow/.local/lib/python3.7/site-packages/airflow/example_dags/example_branch_operator.py for tasks to queue
[2024-12-04T05:02:08.076+0000] {logging_mixin.py:120} INFO - [2024-12-04T05:02:08.076+0000] {dagbag.py:537} INFO - Filling up the DagBag from /home/airflow/.local/lib/python3.7/site-packages/airflow/example_dags/example_branch_operator.py
[2024-12-04T05:02:08.096+0000] {processor.py:766} INFO - DAG(s) dict_keys(['example_branch_operator']) retrieved from /home/airflow/.local/lib/python3.7/site-packages/airflow/example_dags/example_branch_operator.py
[2024-12-04T05:02:08.147+0000] {logging_mixin.py:120} INFO - [2024-12-04T05:02:08.147+0000] {dag.py:2585} INFO - Sync 1 DAGs
[2024-12-04T05:02:08.186+0000] {logging_mixin.py:120} INFO - [2024-12-04T05:02:08.185+0000] {dag.py:3340} INFO - Setting next_dagrun for example_branch_operator to 2024-12-03T00:00:00+00:00, run_after=2024-12-04T00:00:00+00:00
[2024-12-04T05:02:08.220+0000] {processor.py:176} INFO - Processing /home/airflow/.local/lib/python3.7/site-packages/airflow/example_dags/example_branch_operator.py took 0.149 seconds
[2024-12-04T05:02:38.772+0000] {processor.py:154} INFO - Started process (PID=478) to work on /home/airflow/.local/lib/python3.7/site-packages/airflow/example_dags/example_branch_operator.py
[2024-12-04T05:02:38.773+0000] {processor.py:756} INFO - Processing file /home/airflow/.local/lib/python3.7/site-packages/airflow/example_dags/example_branch_operator.py for tasks to queue
[2024-12-04T05:02:38.774+0000] {logging_mixin.py:120} INFO - [2024-12-04T05:02:38.774+0000] {dagbag.py:537} INFO - Filling up the DagBag from /home/airflow/.local/lib/python3.7/site-packages/airflow/example_dags/example_branch_operator.py
[2024-12-04T05:02:38.799+0000] {processor.py:766} INFO - DAG(s) dict_keys(['example_branch_operator']) retrieved from /home/airflow/.local/lib/python3.7/site-packages/airflow/example_dags/example_branch_operator.py
[2024-12-04T05:02:38.860+0000] {logging_mixin.py:120} INFO - [2024-12-04T05:02:38.860+0000] {dag.py:2585} INFO - Sync 1 DAGs
[2024-12-04T05:02:38.902+0000] {logging_mixin.py:120} INFO - [2024-12-04T05:02:38.902+0000] {dag.py:3340} INFO - Setting next_dagrun for example_branch_operator to 2024-12-03T00:00:00+00:00, run_after=2024-12-04T00:00:00+00:00
[2024-12-04T05:02:38.939+0000] {processor.py:176} INFO - Processing /home/airflow/.local/lib/python3.7/site-packages/airflow/example_dags/example_branch_operator.py took 0.172 seconds
[2024-12-04T05:03:09.185+0000] {processor.py:154} INFO - Started process (PID=532) to work on /home/airflow/.local/lib/python3.7/site-packages/airflow/example_dags/example_branch_operator.py
[2024-12-04T05:03:09.186+0000] {processor.py:756} INFO - Processing file /home/airflow/.local/lib/python3.7/site-packages/airflow/example_dags/example_branch_operator.py for tasks to queue
[2024-12-04T05:03:09.187+0000] {logging_mixin.py:120} INFO - [2024-12-04T05:03:09.187+0000] {dagbag.py:537} INFO - Filling up the DagBag from /home/airflow/.local/lib/python3.7/site-packages/airflow/example_dags/example_branch_operator.py
[2024-12-04T05:03:09.211+0000] {processor.py:766} INFO - DAG(s) dict_keys(['example_branch_operator']) retrieved from /home/airflow/.local/lib/python3.7/site-packages/airflow/example_dags/example_branch_operator.py
[2024-12-04T05:03:09.278+0000] {logging_mixin.py:120} INFO - [2024-12-04T05:03:09.277+0000] {dag.py:2585} INFO - Sync 1 DAGs
[2024-12-04T05:03:09.319+0000] {logging_mixin.py:120} INFO - [2024-12-04T05:03:09.319+0000] {dag.py:3340} INFO - Setting next_dagrun for example_branch_operator to 2024-12-03T00:00:00+00:00, run_after=2024-12-04T00:00:00+00:00
[2024-12-04T05:03:09.357+0000] {processor.py:176} INFO - Processing /home/airflow/.local/lib/python3.7/site-packages/airflow/example_dags/example_branch_operator.py took 0.177 seconds
[2024-12-04T05:03:39.480+0000] {processor.py:154} INFO - Started process (PID=594) to work on /home/airflow/.local/lib/python3.7/site-packages/airflow/example_dags/example_branch_operator.py
[2024-12-04T05:03:39.481+0000] {processor.py:756} INFO - Processing file /home/airflow/.local/lib/python3.7/site-packages/airflow/example_dags/example_branch_operator.py for tasks to queue
[2024-12-04T05:03:39.481+0000] {logging_mixin.py:120} INFO - [2024-12-04T05:03:39.481+0000] {dagbag.py:537} INFO - Filling up the DagBag from /home/airflow/.local/lib/python3.7/site-packages/airflow/example_dags/example_branch_operator.py
[2024-12-04T05:03:39.508+0000] {processor.py:766} INFO - DAG(s) dict_keys(['example_branch_operator']) retrieved from /home/airflow/.local/lib/python3.7/site-packages/airflow/example_dags/example_branch_operator.py
[2024-12-04T05:03:39.568+0000] {logging_mixin.py:120} INFO - [2024-12-04T05:03:39.567+0000] {dag.py:2585} INFO - Sync 1 DAGs
[2024-12-04T05:03:39.607+0000] {logging_mixin.py:120} INFO - [2024-12-04T05:03:39.606+0000] {dag.py:3340} INFO - Setting next_dagrun for example_branch_operator to 2024-12-03T00:00:00+00:00, run_after=2024-12-04T00:00:00+00:00
[2024-12-04T05:03:39.640+0000] {processor.py:176} INFO - Processing /home/airflow/.local/lib/python3.7/site-packages/airflow/example_dags/example_branch_operator.py took 0.164 seconds
[2024-12-04T05:04:10.554+0000] {processor.py:154} INFO - Started process (PID=649) to work on /home/airflow/.local/lib/python3.7/site-packages/airflow/example_dags/example_branch_operator.py
[2024-12-04T05:04:10.555+0000] {processor.py:756} INFO - Processing file /home/airflow/.local/lib/python3.7/site-packages/airflow/example_dags/example_branch_operator.py for tasks to queue
[2024-12-04T05:04:10.556+0000] {logging_mixin.py:120} INFO - [2024-12-04T05:04:10.556+0000] {dagbag.py:537} INFO - Filling up the DagBag from /home/airflow/.local/lib/python3.7/site-packages/airflow/example_dags/example_branch_operator.py
[2024-12-04T05:04:10.582+0000] {processor.py:766} INFO - DAG(s) dict_keys(['example_branch_operator']) retrieved from /home/airflow/.local/lib/python3.7/site-packages/airflow/example_dags/example_branch_operator.py
[2024-12-04T05:04:10.647+0000] {logging_mixin.py:120} INFO - [2024-12-04T05:04:10.647+0000] {dag.py:2585} INFO - Sync 1 DAGs
[2024-12-04T05:04:10.692+0000] {logging_mixin.py:120} INFO - [2024-12-04T05:04:10.692+0000] {dag.py:3340} INFO - Setting next_dagrun for example_branch_operator to 2024-12-03T00:00:00+00:00, run_after=2024-12-04T00:00:00+00:00
[2024-12-04T05:04:10.719+0000] {processor.py:176} INFO - Processing /home/airflow/.local/lib/python3.7/site-packages/airflow/example_dags/example_branch_operator.py took 0.171 seconds
[2024-12-04T05:04:41.069+0000] {processor.py:154} INFO - Started process (PID=712) to work on /home/airflow/.local/lib/python3.7/site-packages/airflow/example_dags/example_branch_operator.py
[2024-12-04T05:04:41.070+0000] {processor.py:756} INFO - Processing file /home/airflow/.local/lib/python3.7/site-packages/airflow/example_dags/example_branch_operator.py for tasks to queue
[2024-12-04T05:04:41.072+0000] {logging_mixin.py:120} INFO - [2024-12-04T05:04:41.071+0000] {dagbag.py:537} INFO - Filling up the DagBag from /home/airflow/.local/lib/python3.7/site-packages/airflow/example_dags/example_branch_operator.py
[2024-12-04T05:04:41.111+0000] {processor.py:766} INFO - DAG(s) dict_keys(['example_branch_operator']) retrieved from /home/airflow/.local/lib/python3.7/site-packages/airflow/example_dags/example_branch_operator.py
[2024-12-04T05:04:41.180+0000] {logging_mixin.py:120} INFO - [2024-12-04T05:04:41.180+0000] {dag.py:2585} INFO - Sync 1 DAGs
[2024-12-04T05:04:41.218+0000] {logging_mixin.py:120} INFO - [2024-12-04T05:04:41.218+0000] {dag.py:3340} INFO - Setting next_dagrun for example_branch_operator to 2024-12-03T00:00:00+00:00, run_after=2024-12-04T00:00:00+00:00
[2024-12-04T05:04:41.255+0000] {processor.py:176} INFO - Processing /home/airflow/.local/lib/python3.7/site-packages/airflow/example_dags/example_branch_operator.py took 0.194 seconds
