[2024-12-04T04:51:50.111+0000] {processor.py:154} INFO - Started process (PID=68) to work on /home/airflow/.local/lib/python3.7/site-packages/airflow/example_dags/example_short_circuit_decorator.py
[2024-12-04T04:51:50.112+0000] {processor.py:756} INFO - Processing file /home/airflow/.local/lib/python3.7/site-packages/airflow/example_dags/example_short_circuit_decorator.py for tasks to queue
[2024-12-04T04:51:50.113+0000] {logging_mixin.py:120} INFO - [2024-12-04T04:51:50.113+0000] {dagbag.py:537} INFO - Filling up the DagBag from /home/airflow/.local/lib/python3.7/site-packages/airflow/example_dags/example_short_circuit_decorator.py
[2024-12-04T04:51:50.142+0000] {processor.py:766} INFO - DAG(s) dict_keys(['example_short_circuit_decorator']) retrieved from /home/airflow/.local/lib/python3.7/site-packages/airflow/example_dags/example_short_circuit_decorator.py
[2024-12-04T04:51:50.174+0000] {logging_mixin.py:120} INFO - [2024-12-04T04:51:50.173+0000] {dag.py:2585} INFO - Sync 1 DAGs
[2024-12-04T04:51:50.210+0000] {logging_mixin.py:120} INFO - [2024-12-04T04:51:50.210+0000] {dag.py:3340} INFO - Setting next_dagrun for example_short_circuit_decorator to 2024-12-03T04:51:50.210333+00:00, run_after=2024-12-04T04:51:50.210333+00:00
[2024-12-04T04:51:50.247+0000] {processor.py:176} INFO - Processing /home/airflow/.local/lib/python3.7/site-packages/airflow/example_dags/example_short_circuit_decorator.py took 0.139 seconds
[2024-12-04T04:52:21.615+0000] {processor.py:154} INFO - Started process (PID=122) to work on /home/airflow/.local/lib/python3.7/site-packages/airflow/example_dags/example_short_circuit_decorator.py
[2024-12-04T04:52:21.616+0000] {processor.py:756} INFO - Processing file /home/airflow/.local/lib/python3.7/site-packages/airflow/example_dags/example_short_circuit_decorator.py for tasks to queue
[2024-12-04T04:52:21.617+0000] {logging_mixin.py:120} INFO - [2024-12-04T04:52:21.617+0000] {dagbag.py:537} INFO - Filling up the DagBag from /home/airflow/.local/lib/python3.7/site-packages/airflow/example_dags/example_short_circuit_decorator.py
[2024-12-04T04:52:21.665+0000] {processor.py:766} INFO - DAG(s) dict_keys(['example_short_circuit_decorator']) retrieved from /home/airflow/.local/lib/python3.7/site-packages/airflow/example_dags/example_short_circuit_decorator.py
[2024-12-04T04:52:21.728+0000] {logging_mixin.py:120} INFO - [2024-12-04T04:52:21.728+0000] {dag.py:2585} INFO - Sync 1 DAGs
[2024-12-04T04:52:21.767+0000] {logging_mixin.py:120} INFO - [2024-12-04T04:52:21.767+0000] {dag.py:3340} INFO - Setting next_dagrun for example_short_circuit_decorator to 2024-12-03T04:52:21.766813+00:00, run_after=2024-12-04T04:52:21.766813+00:00
[2024-12-04T04:52:21.803+0000] {processor.py:176} INFO - Processing /home/airflow/.local/lib/python3.7/site-packages/airflow/example_dags/example_short_circuit_decorator.py took 0.194 seconds
[2024-12-04T04:59:02.305+0000] {processor.py:154} INFO - Started process (PID=58) to work on /home/airflow/.local/lib/python3.7/site-packages/airflow/example_dags/example_short_circuit_decorator.py
[2024-12-04T04:59:02.307+0000] {processor.py:756} INFO - Processing file /home/airflow/.local/lib/python3.7/site-packages/airflow/example_dags/example_short_circuit_decorator.py for tasks to queue
[2024-12-04T04:59:02.308+0000] {logging_mixin.py:120} INFO - [2024-12-04T04:59:02.308+0000] {dagbag.py:537} INFO - Filling up the DagBag from /home/airflow/.local/lib/python3.7/site-packages/airflow/example_dags/example_short_circuit_decorator.py
[2024-12-04T04:59:02.343+0000] {processor.py:766} INFO - DAG(s) dict_keys(['example_short_circuit_decorator']) retrieved from /home/airflow/.local/lib/python3.7/site-packages/airflow/example_dags/example_short_circuit_decorator.py
[2024-12-04T04:59:02.372+0000] {logging_mixin.py:120} INFO - [2024-12-04T04:59:02.372+0000] {dag.py:2585} INFO - Sync 1 DAGs
[2024-12-04T04:59:02.402+0000] {logging_mixin.py:120} INFO - [2024-12-04T04:59:02.402+0000] {dag.py:3340} INFO - Setting next_dagrun for example_short_circuit_decorator to 2024-12-03T04:59:02.402080+00:00, run_after=2024-12-04T04:59:02.402080+00:00
[2024-12-04T04:59:02.428+0000] {processor.py:176} INFO - Processing /home/airflow/.local/lib/python3.7/site-packages/airflow/example_dags/example_short_circuit_decorator.py took 0.127 seconds
[2024-12-04T04:59:33.480+0000] {processor.py:154} INFO - Started process (PID=121) to work on /home/airflow/.local/lib/python3.7/site-packages/airflow/example_dags/example_short_circuit_decorator.py
[2024-12-04T04:59:33.481+0000] {processor.py:756} INFO - Processing file /home/airflow/.local/lib/python3.7/site-packages/airflow/example_dags/example_short_circuit_decorator.py for tasks to queue
[2024-12-04T04:59:33.481+0000] {logging_mixin.py:120} INFO - [2024-12-04T04:59:33.481+0000] {dagbag.py:537} INFO - Filling up the DagBag from /home/airflow/.local/lib/python3.7/site-packages/airflow/example_dags/example_short_circuit_decorator.py
[2024-12-04T04:59:33.506+0000] {processor.py:766} INFO - DAG(s) dict_keys(['example_short_circuit_decorator']) retrieved from /home/airflow/.local/lib/python3.7/site-packages/airflow/example_dags/example_short_circuit_decorator.py
[2024-12-04T04:59:33.544+0000] {logging_mixin.py:120} INFO - [2024-12-04T04:59:33.544+0000] {dag.py:2585} INFO - Sync 1 DAGs
[2024-12-04T04:59:33.567+0000] {logging_mixin.py:120} INFO - [2024-12-04T04:59:33.567+0000] {dag.py:3340} INFO - Setting next_dagrun for example_short_circuit_decorator to 2024-12-03T04:59:33.567463+00:00, run_after=2024-12-04T04:59:33.567463+00:00
[2024-12-04T04:59:33.585+0000] {processor.py:176} INFO - Processing /home/airflow/.local/lib/python3.7/site-packages/airflow/example_dags/example_short_circuit_decorator.py took 0.108 seconds
[2024-12-04T05:00:05.885+0000] {processor.py:154} INFO - Started process (PID=185) to work on /home/airflow/.local/lib/python3.7/site-packages/airflow/example_dags/example_short_circuit_decorator.py
[2024-12-04T05:00:05.886+0000] {processor.py:756} INFO - Processing file /home/airflow/.local/lib/python3.7/site-packages/airflow/example_dags/example_short_circuit_decorator.py for tasks to queue
[2024-12-04T05:00:05.887+0000] {logging_mixin.py:120} INFO - [2024-12-04T05:00:05.887+0000] {dagbag.py:537} INFO - Filling up the DagBag from /home/airflow/.local/lib/python3.7/site-packages/airflow/example_dags/example_short_circuit_decorator.py
[2024-12-04T05:00:05.925+0000] {processor.py:766} INFO - DAG(s) dict_keys(['example_short_circuit_decorator']) retrieved from /home/airflow/.local/lib/python3.7/site-packages/airflow/example_dags/example_short_circuit_decorator.py
[2024-12-04T05:00:05.989+0000] {logging_mixin.py:120} INFO - [2024-12-04T05:00:05.988+0000] {dag.py:2585} INFO - Sync 1 DAGs
[2024-12-04T05:00:06.026+0000] {logging_mixin.py:120} INFO - [2024-12-04T05:00:06.026+0000] {dag.py:3340} INFO - Setting next_dagrun for example_short_circuit_decorator to 2024-12-03T05:00:06.025813+00:00, run_after=2024-12-04T05:00:06.025813+00:00
[2024-12-04T05:00:06.054+0000] {processor.py:176} INFO - Processing /home/airflow/.local/lib/python3.7/site-packages/airflow/example_dags/example_short_circuit_decorator.py took 0.174 seconds
[2024-12-04T05:00:36.523+0000] {processor.py:154} INFO - Started process (PID=240) to work on /home/airflow/.local/lib/python3.7/site-packages/airflow/example_dags/example_short_circuit_decorator.py
[2024-12-04T05:00:36.524+0000] {processor.py:756} INFO - Processing file /home/airflow/.local/lib/python3.7/site-packages/airflow/example_dags/example_short_circuit_decorator.py for tasks to queue
[2024-12-04T05:00:36.525+0000] {logging_mixin.py:120} INFO - [2024-12-04T05:00:36.525+0000] {dagbag.py:537} INFO - Filling up the DagBag from /home/airflow/.local/lib/python3.7/site-packages/airflow/example_dags/example_short_circuit_decorator.py
[2024-12-04T05:00:36.561+0000] {processor.py:766} INFO - DAG(s) dict_keys(['example_short_circuit_decorator']) retrieved from /home/airflow/.local/lib/python3.7/site-packages/airflow/example_dags/example_short_circuit_decorator.py
[2024-12-04T05:00:36.633+0000] {logging_mixin.py:120} INFO - [2024-12-04T05:00:36.633+0000] {dag.py:2585} INFO - Sync 1 DAGs
[2024-12-04T05:00:36.674+0000] {logging_mixin.py:120} INFO - [2024-12-04T05:00:36.673+0000] {dag.py:3340} INFO - Setting next_dagrun for example_short_circuit_decorator to 2024-12-03T05:00:36.673389+00:00, run_after=2024-12-04T05:00:36.673389+00:00
[2024-12-04T05:00:36.716+0000] {processor.py:176} INFO - Processing /home/airflow/.local/lib/python3.7/site-packages/airflow/example_dags/example_short_circuit_decorator.py took 0.198 seconds
[2024-12-04T05:01:07.051+0000] {processor.py:154} INFO - Started process (PID=302) to work on /home/airflow/.local/lib/python3.7/site-packages/airflow/example_dags/example_short_circuit_decorator.py
[2024-12-04T05:01:07.052+0000] {processor.py:756} INFO - Processing file /home/airflow/.local/lib/python3.7/site-packages/airflow/example_dags/example_short_circuit_decorator.py for tasks to queue
[2024-12-04T05:01:07.052+0000] {logging_mixin.py:120} INFO - [2024-12-04T05:01:07.052+0000] {dagbag.py:537} INFO - Filling up the DagBag from /home/airflow/.local/lib/python3.7/site-packages/airflow/example_dags/example_short_circuit_decorator.py
[2024-12-04T05:01:07.074+0000] {processor.py:766} INFO - DAG(s) dict_keys(['example_short_circuit_decorator']) retrieved from /home/airflow/.local/lib/python3.7/site-packages/airflow/example_dags/example_short_circuit_decorator.py
[2024-12-04T05:01:07.116+0000] {logging_mixin.py:120} INFO - [2024-12-04T05:01:07.116+0000] {dag.py:2585} INFO - Sync 1 DAGs
[2024-12-04T05:01:07.142+0000] {logging_mixin.py:120} INFO - [2024-12-04T05:01:07.142+0000] {dag.py:3340} INFO - Setting next_dagrun for example_short_circuit_decorator to 2024-12-03T05:01:07.142063+00:00, run_after=2024-12-04T05:01:07.142063+00:00
[2024-12-04T05:01:07.167+0000] {processor.py:176} INFO - Processing /home/airflow/.local/lib/python3.7/site-packages/airflow/example_dags/example_short_circuit_decorator.py took 0.118 seconds
[2024-12-04T05:01:38.415+0000] {processor.py:154} INFO - Started process (PID=356) to work on /home/airflow/.local/lib/python3.7/site-packages/airflow/example_dags/example_short_circuit_decorator.py
[2024-12-04T05:01:38.416+0000] {processor.py:756} INFO - Processing file /home/airflow/.local/lib/python3.7/site-packages/airflow/example_dags/example_short_circuit_decorator.py for tasks to queue
[2024-12-04T05:01:38.417+0000] {logging_mixin.py:120} INFO - [2024-12-04T05:01:38.417+0000] {dagbag.py:537} INFO - Filling up the DagBag from /home/airflow/.local/lib/python3.7/site-packages/airflow/example_dags/example_short_circuit_decorator.py
[2024-12-04T05:01:38.449+0000] {processor.py:766} INFO - DAG(s) dict_keys(['example_short_circuit_decorator']) retrieved from /home/airflow/.local/lib/python3.7/site-packages/airflow/example_dags/example_short_circuit_decorator.py
[2024-12-04T05:01:38.508+0000] {logging_mixin.py:120} INFO - [2024-12-04T05:01:38.508+0000] {dag.py:2585} INFO - Sync 1 DAGs
[2024-12-04T05:01:38.555+0000] {logging_mixin.py:120} INFO - [2024-12-04T05:01:38.555+0000] {dag.py:3340} INFO - Setting next_dagrun for example_short_circuit_decorator to 2024-12-03T05:01:38.554879+00:00, run_after=2024-12-04T05:01:38.554879+00:00
[2024-12-04T05:01:38.589+0000] {processor.py:176} INFO - Processing /home/airflow/.local/lib/python3.7/site-packages/airflow/example_dags/example_short_circuit_decorator.py took 0.178 seconds
[2024-12-04T05:02:08.849+0000] {processor.py:154} INFO - Started process (PID=419) to work on /home/airflow/.local/lib/python3.7/site-packages/airflow/example_dags/example_short_circuit_decorator.py
[2024-12-04T05:02:08.851+0000] {processor.py:756} INFO - Processing file /home/airflow/.local/lib/python3.7/site-packages/airflow/example_dags/example_short_circuit_decorator.py for tasks to queue
[2024-12-04T05:02:08.852+0000] {logging_mixin.py:120} INFO - [2024-12-04T05:02:08.852+0000] {dagbag.py:537} INFO - Filling up the DagBag from /home/airflow/.local/lib/python3.7/site-packages/airflow/example_dags/example_short_circuit_decorator.py
[2024-12-04T05:02:08.886+0000] {processor.py:766} INFO - DAG(s) dict_keys(['example_short_circuit_decorator']) retrieved from /home/airflow/.local/lib/python3.7/site-packages/airflow/example_dags/example_short_circuit_decorator.py
[2024-12-04T05:02:08.950+0000] {logging_mixin.py:120} INFO - [2024-12-04T05:02:08.950+0000] {dag.py:2585} INFO - Sync 1 DAGs
[2024-12-04T05:02:08.991+0000] {logging_mixin.py:120} INFO - [2024-12-04T05:02:08.991+0000] {dag.py:3340} INFO - Setting next_dagrun for example_short_circuit_decorator to 2024-12-03T05:02:08.990664+00:00, run_after=2024-12-04T05:02:08.990664+00:00
[2024-12-04T05:02:09.028+0000] {processor.py:176} INFO - Processing /home/airflow/.local/lib/python3.7/site-packages/airflow/example_dags/example_short_circuit_decorator.py took 0.186 seconds
[2024-12-04T05:02:39.464+0000] {processor.py:154} INFO - Started process (PID=482) to work on /home/airflow/.local/lib/python3.7/site-packages/airflow/example_dags/example_short_circuit_decorator.py
[2024-12-04T05:02:39.465+0000] {processor.py:756} INFO - Processing file /home/airflow/.local/lib/python3.7/site-packages/airflow/example_dags/example_short_circuit_decorator.py for tasks to queue
[2024-12-04T05:02:39.466+0000] {logging_mixin.py:120} INFO - [2024-12-04T05:02:39.466+0000] {dagbag.py:537} INFO - Filling up the DagBag from /home/airflow/.local/lib/python3.7/site-packages/airflow/example_dags/example_short_circuit_decorator.py
[2024-12-04T05:02:39.505+0000] {processor.py:766} INFO - DAG(s) dict_keys(['example_short_circuit_decorator']) retrieved from /home/airflow/.local/lib/python3.7/site-packages/airflow/example_dags/example_short_circuit_decorator.py
[2024-12-04T05:02:39.565+0000] {logging_mixin.py:120} INFO - [2024-12-04T05:02:39.565+0000] {dag.py:2585} INFO - Sync 1 DAGs
[2024-12-04T05:02:39.602+0000] {logging_mixin.py:120} INFO - [2024-12-04T05:02:39.602+0000] {dag.py:3340} INFO - Setting next_dagrun for example_short_circuit_decorator to 2024-12-03T05:02:39.601837+00:00, run_after=2024-12-04T05:02:39.601837+00:00
[2024-12-04T05:02:39.639+0000] {processor.py:176} INFO - Processing /home/airflow/.local/lib/python3.7/site-packages/airflow/example_dags/example_short_circuit_decorator.py took 0.179 seconds
[2024-12-04T05:03:10.170+0000] {processor.py:154} INFO - Started process (PID=536) to work on /home/airflow/.local/lib/python3.7/site-packages/airflow/example_dags/example_short_circuit_decorator.py
[2024-12-04T05:03:10.172+0000] {processor.py:756} INFO - Processing file /home/airflow/.local/lib/python3.7/site-packages/airflow/example_dags/example_short_circuit_decorator.py for tasks to queue
[2024-12-04T05:03:10.173+0000] {logging_mixin.py:120} INFO - [2024-12-04T05:03:10.172+0000] {dagbag.py:537} INFO - Filling up the DagBag from /home/airflow/.local/lib/python3.7/site-packages/airflow/example_dags/example_short_circuit_decorator.py
[2024-12-04T05:03:10.206+0000] {processor.py:766} INFO - DAG(s) dict_keys(['example_short_circuit_decorator']) retrieved from /home/airflow/.local/lib/python3.7/site-packages/airflow/example_dags/example_short_circuit_decorator.py
[2024-12-04T05:03:10.262+0000] {logging_mixin.py:120} INFO - [2024-12-04T05:03:10.262+0000] {dag.py:2585} INFO - Sync 1 DAGs
[2024-12-04T05:03:10.313+0000] {logging_mixin.py:120} INFO - [2024-12-04T05:03:10.313+0000] {dag.py:3340} INFO - Setting next_dagrun for example_short_circuit_decorator to 2024-12-03T05:03:10.310758+00:00, run_after=2024-12-04T05:03:10.310758+00:00
[2024-12-04T05:03:10.339+0000] {processor.py:176} INFO - Processing /home/airflow/.local/lib/python3.7/site-packages/airflow/example_dags/example_short_circuit_decorator.py took 0.173 seconds
[2024-12-04T05:03:40.554+0000] {processor.py:154} INFO - Started process (PID=599) to work on /home/airflow/.local/lib/python3.7/site-packages/airflow/example_dags/example_short_circuit_decorator.py
[2024-12-04T05:03:40.555+0000] {processor.py:756} INFO - Processing file /home/airflow/.local/lib/python3.7/site-packages/airflow/example_dags/example_short_circuit_decorator.py for tasks to queue
[2024-12-04T05:03:40.556+0000] {logging_mixin.py:120} INFO - [2024-12-04T05:03:40.556+0000] {dagbag.py:537} INFO - Filling up the DagBag from /home/airflow/.local/lib/python3.7/site-packages/airflow/example_dags/example_short_circuit_decorator.py
[2024-12-04T05:03:40.590+0000] {processor.py:766} INFO - DAG(s) dict_keys(['example_short_circuit_decorator']) retrieved from /home/airflow/.local/lib/python3.7/site-packages/airflow/example_dags/example_short_circuit_decorator.py
[2024-12-04T05:03:40.658+0000] {logging_mixin.py:120} INFO - [2024-12-04T05:03:40.657+0000] {dag.py:2585} INFO - Sync 1 DAGs
[2024-12-04T05:03:40.699+0000] {logging_mixin.py:120} INFO - [2024-12-04T05:03:40.699+0000] {dag.py:3340} INFO - Setting next_dagrun for example_short_circuit_decorator to 2024-12-03T05:03:40.699396+00:00, run_after=2024-12-04T05:03:40.699396+00:00
[2024-12-04T05:03:40.724+0000] {processor.py:176} INFO - Processing /home/airflow/.local/lib/python3.7/site-packages/airflow/example_dags/example_short_circuit_decorator.py took 0.176 seconds
[2024-12-04T05:04:11.165+0000] {processor.py:154} INFO - Started process (PID=653) to work on /home/airflow/.local/lib/python3.7/site-packages/airflow/example_dags/example_short_circuit_decorator.py
[2024-12-04T05:04:11.166+0000] {processor.py:756} INFO - Processing file /home/airflow/.local/lib/python3.7/site-packages/airflow/example_dags/example_short_circuit_decorator.py for tasks to queue
[2024-12-04T05:04:11.168+0000] {logging_mixin.py:120} INFO - [2024-12-04T05:04:11.167+0000] {dagbag.py:537} INFO - Filling up the DagBag from /home/airflow/.local/lib/python3.7/site-packages/airflow/example_dags/example_short_circuit_decorator.py
[2024-12-04T05:04:11.203+0000] {processor.py:766} INFO - DAG(s) dict_keys(['example_short_circuit_decorator']) retrieved from /home/airflow/.local/lib/python3.7/site-packages/airflow/example_dags/example_short_circuit_decorator.py
[2024-12-04T05:04:11.258+0000] {logging_mixin.py:120} INFO - [2024-12-04T05:04:11.258+0000] {dag.py:2585} INFO - Sync 1 DAGs
[2024-12-04T05:04:11.296+0000] {logging_mixin.py:120} INFO - [2024-12-04T05:04:11.296+0000] {dag.py:3340} INFO - Setting next_dagrun for example_short_circuit_decorator to 2024-12-03T05:04:11.295719+00:00, run_after=2024-12-04T05:04:11.295719+00:00
[2024-12-04T05:04:11.331+0000] {processor.py:176} INFO - Processing /home/airflow/.local/lib/python3.7/site-packages/airflow/example_dags/example_short_circuit_decorator.py took 0.170 seconds
[2024-12-04T05:04:41.509+0000] {processor.py:154} INFO - Started process (PID=716) to work on /home/airflow/.local/lib/python3.7/site-packages/airflow/example_dags/example_short_circuit_decorator.py
[2024-12-04T05:04:41.511+0000] {processor.py:756} INFO - Processing file /home/airflow/.local/lib/python3.7/site-packages/airflow/example_dags/example_short_circuit_decorator.py for tasks to queue
[2024-12-04T05:04:41.512+0000] {logging_mixin.py:120} INFO - [2024-12-04T05:04:41.512+0000] {dagbag.py:537} INFO - Filling up the DagBag from /home/airflow/.local/lib/python3.7/site-packages/airflow/example_dags/example_short_circuit_decorator.py
[2024-12-04T05:04:41.545+0000] {processor.py:766} INFO - DAG(s) dict_keys(['example_short_circuit_decorator']) retrieved from /home/airflow/.local/lib/python3.7/site-packages/airflow/example_dags/example_short_circuit_decorator.py
[2024-12-04T05:04:41.601+0000] {logging_mixin.py:120} INFO - [2024-12-04T05:04:41.601+0000] {dag.py:2585} INFO - Sync 1 DAGs
[2024-12-04T05:04:41.635+0000] {logging_mixin.py:120} INFO - [2024-12-04T05:04:41.635+0000] {dag.py:3340} INFO - Setting next_dagrun for example_short_circuit_decorator to 2024-12-03T05:04:41.635037+00:00, run_after=2024-12-04T05:04:41.635037+00:00
[2024-12-04T05:04:41.669+0000] {processor.py:176} INFO - Processing /home/airflow/.local/lib/python3.7/site-packages/airflow/example_dags/example_short_circuit_decorator.py took 0.167 seconds
