[2024-12-04T04:51:51.289+0000] {processor.py:154} INFO - Started process (PID=80) to work on /home/airflow/.local/lib/python3.7/site-packages/airflow/example_dags/example_skip_dag.py
[2024-12-04T04:51:51.290+0000] {processor.py:756} INFO - Processing file /home/airflow/.local/lib/python3.7/site-packages/airflow/example_dags/example_skip_dag.py for tasks to queue
[2024-12-04T04:51:51.290+0000] {logging_mixin.py:120} INFO - [2024-12-04T04:51:51.290+0000] {dagbag.py:537} INFO - Filling up the DagBag from /home/airflow/.local/lib/python3.7/site-packages/airflow/example_dags/example_skip_dag.py
[2024-12-04T04:51:51.306+0000] {processor.py:766} INFO - DAG(s) dict_keys(['example_skip_dag']) retrieved from /home/airflow/.local/lib/python3.7/site-packages/airflow/example_dags/example_skip_dag.py
[2024-12-04T04:51:51.340+0000] {logging_mixin.py:120} INFO - [2024-12-04T04:51:51.340+0000] {dag.py:2585} INFO - Sync 1 DAGs
[2024-12-04T04:51:51.375+0000] {logging_mixin.py:120} INFO - [2024-12-04T04:51:51.375+0000] {dag.py:3340} INFO - Setting next_dagrun for example_skip_dag to 2024-12-03T04:51:51.375075+00:00, run_after=2024-12-04T04:51:51.375075+00:00
[2024-12-04T04:51:51.400+0000] {processor.py:176} INFO - Processing /home/airflow/.local/lib/python3.7/site-packages/airflow/example_dags/example_skip_dag.py took 0.115 seconds
[2024-12-04T04:52:22.849+0000] {processor.py:154} INFO - Started process (PID=134) to work on /home/airflow/.local/lib/python3.7/site-packages/airflow/example_dags/example_skip_dag.py
[2024-12-04T04:52:22.850+0000] {processor.py:756} INFO - Processing file /home/airflow/.local/lib/python3.7/site-packages/airflow/example_dags/example_skip_dag.py for tasks to queue
[2024-12-04T04:52:22.851+0000] {logging_mixin.py:120} INFO - [2024-12-04T04:52:22.851+0000] {dagbag.py:537} INFO - Filling up the DagBag from /home/airflow/.local/lib/python3.7/site-packages/airflow/example_dags/example_skip_dag.py
[2024-12-04T04:52:22.880+0000] {processor.py:766} INFO - DAG(s) dict_keys(['example_skip_dag']) retrieved from /home/airflow/.local/lib/python3.7/site-packages/airflow/example_dags/example_skip_dag.py
[2024-12-04T04:52:22.944+0000] {logging_mixin.py:120} INFO - [2024-12-04T04:52:22.944+0000] {dag.py:2585} INFO - Sync 1 DAGs
[2024-12-04T04:52:22.985+0000] {logging_mixin.py:120} INFO - [2024-12-04T04:52:22.985+0000] {dag.py:3340} INFO - Setting next_dagrun for example_skip_dag to 2024-12-03T04:52:22.985410+00:00, run_after=2024-12-04T04:52:22.985410+00:00
[2024-12-04T04:52:23.015+0000] {processor.py:176} INFO - Processing /home/airflow/.local/lib/python3.7/site-packages/airflow/example_dags/example_skip_dag.py took 0.172 seconds
[2024-12-04T04:59:03.237+0000] {processor.py:154} INFO - Started process (PID=70) to work on /home/airflow/.local/lib/python3.7/site-packages/airflow/example_dags/example_skip_dag.py
[2024-12-04T04:59:03.239+0000] {processor.py:756} INFO - Processing file /home/airflow/.local/lib/python3.7/site-packages/airflow/example_dags/example_skip_dag.py for tasks to queue
[2024-12-04T04:59:03.239+0000] {logging_mixin.py:120} INFO - [2024-12-04T04:59:03.239+0000] {dagbag.py:537} INFO - Filling up the DagBag from /home/airflow/.local/lib/python3.7/site-packages/airflow/example_dags/example_skip_dag.py
[2024-12-04T04:59:03.263+0000] {processor.py:766} INFO - DAG(s) dict_keys(['example_skip_dag']) retrieved from /home/airflow/.local/lib/python3.7/site-packages/airflow/example_dags/example_skip_dag.py
[2024-12-04T04:59:03.294+0000] {logging_mixin.py:120} INFO - [2024-12-04T04:59:03.294+0000] {dag.py:2585} INFO - Sync 1 DAGs
[2024-12-04T04:59:03.325+0000] {logging_mixin.py:120} INFO - [2024-12-04T04:59:03.325+0000] {dag.py:3340} INFO - Setting next_dagrun for example_skip_dag to 2024-12-03T04:59:03.325033+00:00, run_after=2024-12-04T04:59:03.325033+00:00
[2024-12-04T04:59:03.348+0000] {processor.py:176} INFO - Processing /home/airflow/.local/lib/python3.7/site-packages/airflow/example_dags/example_skip_dag.py took 0.114 seconds
[2024-12-04T04:59:34.252+0000] {processor.py:154} INFO - Started process (PID=133) to work on /home/airflow/.local/lib/python3.7/site-packages/airflow/example_dags/example_skip_dag.py
[2024-12-04T04:59:34.253+0000] {processor.py:756} INFO - Processing file /home/airflow/.local/lib/python3.7/site-packages/airflow/example_dags/example_skip_dag.py for tasks to queue
[2024-12-04T04:59:34.253+0000] {logging_mixin.py:120} INFO - [2024-12-04T04:59:34.253+0000] {dagbag.py:537} INFO - Filling up the DagBag from /home/airflow/.local/lib/python3.7/site-packages/airflow/example_dags/example_skip_dag.py
[2024-12-04T04:59:34.265+0000] {processor.py:766} INFO - DAG(s) dict_keys(['example_skip_dag']) retrieved from /home/airflow/.local/lib/python3.7/site-packages/airflow/example_dags/example_skip_dag.py
[2024-12-04T04:59:34.304+0000] {logging_mixin.py:120} INFO - [2024-12-04T04:59:34.304+0000] {dag.py:2585} INFO - Sync 1 DAGs
[2024-12-04T04:59:34.328+0000] {logging_mixin.py:120} INFO - [2024-12-04T04:59:34.328+0000] {dag.py:3340} INFO - Setting next_dagrun for example_skip_dag to 2024-12-03T04:59:34.327825+00:00, run_after=2024-12-04T04:59:34.327825+00:00
[2024-12-04T04:59:34.347+0000] {processor.py:176} INFO - Processing /home/airflow/.local/lib/python3.7/site-packages/airflow/example_dags/example_skip_dag.py took 0.098 seconds
[2024-12-04T05:00:07.123+0000] {processor.py:154} INFO - Started process (PID=197) to work on /home/airflow/.local/lib/python3.7/site-packages/airflow/example_dags/example_skip_dag.py
[2024-12-04T05:00:07.124+0000] {processor.py:756} INFO - Processing file /home/airflow/.local/lib/python3.7/site-packages/airflow/example_dags/example_skip_dag.py for tasks to queue
[2024-12-04T05:00:07.124+0000] {logging_mixin.py:120} INFO - [2024-12-04T05:00:07.124+0000] {dagbag.py:537} INFO - Filling up the DagBag from /home/airflow/.local/lib/python3.7/site-packages/airflow/example_dags/example_skip_dag.py
[2024-12-04T05:00:07.141+0000] {processor.py:766} INFO - DAG(s) dict_keys(['example_skip_dag']) retrieved from /home/airflow/.local/lib/python3.7/site-packages/airflow/example_dags/example_skip_dag.py
[2024-12-04T05:00:07.187+0000] {logging_mixin.py:120} INFO - [2024-12-04T05:00:07.187+0000] {dag.py:2585} INFO - Sync 1 DAGs
[2024-12-04T05:00:07.214+0000] {logging_mixin.py:120} INFO - [2024-12-04T05:00:07.214+0000] {dag.py:3340} INFO - Setting next_dagrun for example_skip_dag to 2024-12-03T05:00:07.214292+00:00, run_after=2024-12-04T05:00:07.214292+00:00
[2024-12-04T05:00:07.243+0000] {processor.py:176} INFO - Processing /home/airflow/.local/lib/python3.7/site-packages/airflow/example_dags/example_skip_dag.py took 0.123 seconds
[2024-12-04T05:00:38.378+0000] {processor.py:154} INFO - Started process (PID=252) to work on /home/airflow/.local/lib/python3.7/site-packages/airflow/example_dags/example_skip_dag.py
[2024-12-04T05:00:38.379+0000] {processor.py:756} INFO - Processing file /home/airflow/.local/lib/python3.7/site-packages/airflow/example_dags/example_skip_dag.py for tasks to queue
[2024-12-04T05:00:38.381+0000] {logging_mixin.py:120} INFO - [2024-12-04T05:00:38.380+0000] {dagbag.py:537} INFO - Filling up the DagBag from /home/airflow/.local/lib/python3.7/site-packages/airflow/example_dags/example_skip_dag.py
[2024-12-04T05:00:38.408+0000] {processor.py:766} INFO - DAG(s) dict_keys(['example_skip_dag']) retrieved from /home/airflow/.local/lib/python3.7/site-packages/airflow/example_dags/example_skip_dag.py
[2024-12-04T05:00:38.481+0000] {logging_mixin.py:120} INFO - [2024-12-04T05:00:38.480+0000] {dag.py:2585} INFO - Sync 1 DAGs
[2024-12-04T05:00:38.528+0000] {logging_mixin.py:120} INFO - [2024-12-04T05:00:38.527+0000] {dag.py:3340} INFO - Setting next_dagrun for example_skip_dag to 2024-12-03T05:00:38.527456+00:00, run_after=2024-12-04T05:00:38.527456+00:00
[2024-12-04T05:00:38.571+0000] {processor.py:176} INFO - Processing /home/airflow/.local/lib/python3.7/site-packages/airflow/example_dags/example_skip_dag.py took 0.198 seconds
[2024-12-04T05:01:09.152+0000] {processor.py:154} INFO - Started process (PID=314) to work on /home/airflow/.local/lib/python3.7/site-packages/airflow/example_dags/example_skip_dag.py
[2024-12-04T05:01:09.153+0000] {processor.py:756} INFO - Processing file /home/airflow/.local/lib/python3.7/site-packages/airflow/example_dags/example_skip_dag.py for tasks to queue
[2024-12-04T05:01:09.154+0000] {logging_mixin.py:120} INFO - [2024-12-04T05:01:09.153+0000] {dagbag.py:537} INFO - Filling up the DagBag from /home/airflow/.local/lib/python3.7/site-packages/airflow/example_dags/example_skip_dag.py
[2024-12-04T05:01:09.169+0000] {processor.py:766} INFO - DAG(s) dict_keys(['example_skip_dag']) retrieved from /home/airflow/.local/lib/python3.7/site-packages/airflow/example_dags/example_skip_dag.py
[2024-12-04T05:01:09.218+0000] {logging_mixin.py:120} INFO - [2024-12-04T05:01:09.218+0000] {dag.py:2585} INFO - Sync 1 DAGs
[2024-12-04T05:01:09.247+0000] {logging_mixin.py:120} INFO - [2024-12-04T05:01:09.247+0000] {dag.py:3340} INFO - Setting next_dagrun for example_skip_dag to 2024-12-03T05:01:09.247181+00:00, run_after=2024-12-04T05:01:09.247181+00:00
[2024-12-04T05:01:09.274+0000] {processor.py:176} INFO - Processing /home/airflow/.local/lib/python3.7/site-packages/airflow/example_dags/example_skip_dag.py took 0.125 seconds
[2024-12-04T05:01:39.973+0000] {processor.py:154} INFO - Started process (PID=377) to work on /home/airflow/.local/lib/python3.7/site-packages/airflow/example_dags/example_skip_dag.py
[2024-12-04T05:01:39.974+0000] {processor.py:756} INFO - Processing file /home/airflow/.local/lib/python3.7/site-packages/airflow/example_dags/example_skip_dag.py for tasks to queue
[2024-12-04T05:01:39.974+0000] {logging_mixin.py:120} INFO - [2024-12-04T05:01:39.974+0000] {dagbag.py:537} INFO - Filling up the DagBag from /home/airflow/.local/lib/python3.7/site-packages/airflow/example_dags/example_skip_dag.py
[2024-12-04T05:01:39.994+0000] {processor.py:766} INFO - DAG(s) dict_keys(['example_skip_dag']) retrieved from /home/airflow/.local/lib/python3.7/site-packages/airflow/example_dags/example_skip_dag.py
[2024-12-04T05:01:40.060+0000] {logging_mixin.py:120} INFO - [2024-12-04T05:01:40.060+0000] {dag.py:2585} INFO - Sync 1 DAGs
[2024-12-04T05:01:40.111+0000] {logging_mixin.py:120} INFO - [2024-12-04T05:01:40.111+0000] {dag.py:3340} INFO - Setting next_dagrun for example_skip_dag to 2024-12-03T05:01:40.110649+00:00, run_after=2024-12-04T05:01:40.110649+00:00
[2024-12-04T05:01:40.141+0000] {processor.py:176} INFO - Processing /home/airflow/.local/lib/python3.7/site-packages/airflow/example_dags/example_skip_dag.py took 0.172 seconds
[2024-12-04T05:02:10.326+0000] {processor.py:154} INFO - Started process (PID=431) to work on /home/airflow/.local/lib/python3.7/site-packages/airflow/example_dags/example_skip_dag.py
[2024-12-04T05:02:10.328+0000] {processor.py:756} INFO - Processing file /home/airflow/.local/lib/python3.7/site-packages/airflow/example_dags/example_skip_dag.py for tasks to queue
[2024-12-04T05:02:10.329+0000] {logging_mixin.py:120} INFO - [2024-12-04T05:02:10.328+0000] {dagbag.py:537} INFO - Filling up the DagBag from /home/airflow/.local/lib/python3.7/site-packages/airflow/example_dags/example_skip_dag.py
[2024-12-04T05:02:10.348+0000] {processor.py:766} INFO - DAG(s) dict_keys(['example_skip_dag']) retrieved from /home/airflow/.local/lib/python3.7/site-packages/airflow/example_dags/example_skip_dag.py
[2024-12-04T05:02:10.400+0000] {logging_mixin.py:120} INFO - [2024-12-04T05:02:10.400+0000] {dag.py:2585} INFO - Sync 1 DAGs
[2024-12-04T05:02:10.433+0000] {logging_mixin.py:120} INFO - [2024-12-04T05:02:10.433+0000] {dag.py:3340} INFO - Setting next_dagrun for example_skip_dag to 2024-12-03T05:02:10.432927+00:00, run_after=2024-12-04T05:02:10.432927+00:00
[2024-12-04T05:02:10.467+0000] {processor.py:176} INFO - Processing /home/airflow/.local/lib/python3.7/site-packages/airflow/example_dags/example_skip_dag.py took 0.147 seconds
[2024-12-04T05:02:41.130+0000] {processor.py:154} INFO - Started process (PID=494) to work on /home/airflow/.local/lib/python3.7/site-packages/airflow/example_dags/example_skip_dag.py
[2024-12-04T05:02:41.132+0000] {processor.py:756} INFO - Processing file /home/airflow/.local/lib/python3.7/site-packages/airflow/example_dags/example_skip_dag.py for tasks to queue
[2024-12-04T05:02:41.133+0000] {logging_mixin.py:120} INFO - [2024-12-04T05:02:41.132+0000] {dagbag.py:537} INFO - Filling up the DagBag from /home/airflow/.local/lib/python3.7/site-packages/airflow/example_dags/example_skip_dag.py
[2024-12-04T05:02:41.158+0000] {processor.py:766} INFO - DAG(s) dict_keys(['example_skip_dag']) retrieved from /home/airflow/.local/lib/python3.7/site-packages/airflow/example_dags/example_skip_dag.py
[2024-12-04T05:02:41.215+0000] {logging_mixin.py:120} INFO - [2024-12-04T05:02:41.214+0000] {dag.py:2585} INFO - Sync 1 DAGs
[2024-12-04T05:02:41.252+0000] {logging_mixin.py:120} INFO - [2024-12-04T05:02:41.251+0000] {dag.py:3340} INFO - Setting next_dagrun for example_skip_dag to 2024-12-03T05:02:41.251653+00:00, run_after=2024-12-04T05:02:41.251653+00:00
[2024-12-04T05:02:41.278+0000] {processor.py:176} INFO - Processing /home/airflow/.local/lib/python3.7/site-packages/airflow/example_dags/example_skip_dag.py took 0.153 seconds
[2024-12-04T05:03:11.645+0000] {processor.py:154} INFO - Started process (PID=548) to work on /home/airflow/.local/lib/python3.7/site-packages/airflow/example_dags/example_skip_dag.py
[2024-12-04T05:03:11.646+0000] {processor.py:756} INFO - Processing file /home/airflow/.local/lib/python3.7/site-packages/airflow/example_dags/example_skip_dag.py for tasks to queue
[2024-12-04T05:03:11.647+0000] {logging_mixin.py:120} INFO - [2024-12-04T05:03:11.647+0000] {dagbag.py:537} INFO - Filling up the DagBag from /home/airflow/.local/lib/python3.7/site-packages/airflow/example_dags/example_skip_dag.py
[2024-12-04T05:03:11.666+0000] {processor.py:766} INFO - DAG(s) dict_keys(['example_skip_dag']) retrieved from /home/airflow/.local/lib/python3.7/site-packages/airflow/example_dags/example_skip_dag.py
[2024-12-04T05:03:11.721+0000] {logging_mixin.py:120} INFO - [2024-12-04T05:03:11.721+0000] {dag.py:2585} INFO - Sync 1 DAGs
[2024-12-04T05:03:11.757+0000] {logging_mixin.py:120} INFO - [2024-12-04T05:03:11.757+0000] {dag.py:3340} INFO - Setting next_dagrun for example_skip_dag to 2024-12-03T05:03:11.756922+00:00, run_after=2024-12-04T05:03:11.756922+00:00
[2024-12-04T05:03:11.791+0000] {processor.py:176} INFO - Processing /home/airflow/.local/lib/python3.7/site-packages/airflow/example_dags/example_skip_dag.py took 0.150 seconds
[2024-12-04T05:03:41.978+0000] {processor.py:154} INFO - Started process (PID=611) to work on /home/airflow/.local/lib/python3.7/site-packages/airflow/example_dags/example_skip_dag.py
[2024-12-04T05:03:41.979+0000] {processor.py:756} INFO - Processing file /home/airflow/.local/lib/python3.7/site-packages/airflow/example_dags/example_skip_dag.py for tasks to queue
[2024-12-04T05:03:41.980+0000] {logging_mixin.py:120} INFO - [2024-12-04T05:03:41.979+0000] {dagbag.py:537} INFO - Filling up the DagBag from /home/airflow/.local/lib/python3.7/site-packages/airflow/example_dags/example_skip_dag.py
[2024-12-04T05:03:42.001+0000] {processor.py:766} INFO - DAG(s) dict_keys(['example_skip_dag']) retrieved from /home/airflow/.local/lib/python3.7/site-packages/airflow/example_dags/example_skip_dag.py
[2024-12-04T05:03:42.057+0000] {logging_mixin.py:120} INFO - [2024-12-04T05:03:42.056+0000] {dag.py:2585} INFO - Sync 1 DAGs
[2024-12-04T05:03:42.097+0000] {logging_mixin.py:120} INFO - [2024-12-04T05:03:42.097+0000] {dag.py:3340} INFO - Setting next_dagrun for example_skip_dag to 2024-12-03T05:03:42.096903+00:00, run_after=2024-12-04T05:03:42.096903+00:00
[2024-12-04T05:03:42.132+0000] {processor.py:176} INFO - Processing /home/airflow/.local/lib/python3.7/site-packages/airflow/example_dags/example_skip_dag.py took 0.158 seconds
[2024-12-04T05:04:12.843+0000] {processor.py:154} INFO - Started process (PID=665) to work on /home/airflow/.local/lib/python3.7/site-packages/airflow/example_dags/example_skip_dag.py
[2024-12-04T05:04:12.844+0000] {processor.py:756} INFO - Processing file /home/airflow/.local/lib/python3.7/site-packages/airflow/example_dags/example_skip_dag.py for tasks to queue
[2024-12-04T05:04:12.845+0000] {logging_mixin.py:120} INFO - [2024-12-04T05:04:12.845+0000] {dagbag.py:537} INFO - Filling up the DagBag from /home/airflow/.local/lib/python3.7/site-packages/airflow/example_dags/example_skip_dag.py
[2024-12-04T05:04:12.864+0000] {processor.py:766} INFO - DAG(s) dict_keys(['example_skip_dag']) retrieved from /home/airflow/.local/lib/python3.7/site-packages/airflow/example_dags/example_skip_dag.py
[2024-12-04T05:04:12.919+0000] {logging_mixin.py:120} INFO - [2024-12-04T05:04:12.919+0000] {dag.py:2585} INFO - Sync 1 DAGs
[2024-12-04T05:04:12.958+0000] {logging_mixin.py:120} INFO - [2024-12-04T05:04:12.958+0000] {dag.py:3340} INFO - Setting next_dagrun for example_skip_dag to 2024-12-03T05:04:12.957996+00:00, run_after=2024-12-04T05:04:12.957996+00:00
[2024-12-04T05:04:12.992+0000] {processor.py:176} INFO - Processing /home/airflow/.local/lib/python3.7/site-packages/airflow/example_dags/example_skip_dag.py took 0.153 seconds
[2024-12-04T05:04:43.076+0000] {processor.py:154} INFO - Started process (PID=728) to work on /home/airflow/.local/lib/python3.7/site-packages/airflow/example_dags/example_skip_dag.py
[2024-12-04T05:04:43.077+0000] {processor.py:756} INFO - Processing file /home/airflow/.local/lib/python3.7/site-packages/airflow/example_dags/example_skip_dag.py for tasks to queue
[2024-12-04T05:04:43.077+0000] {logging_mixin.py:120} INFO - [2024-12-04T05:04:43.077+0000] {dagbag.py:537} INFO - Filling up the DagBag from /home/airflow/.local/lib/python3.7/site-packages/airflow/example_dags/example_skip_dag.py
[2024-12-04T05:04:43.095+0000] {processor.py:766} INFO - DAG(s) dict_keys(['example_skip_dag']) retrieved from /home/airflow/.local/lib/python3.7/site-packages/airflow/example_dags/example_skip_dag.py
[2024-12-04T05:04:43.151+0000] {logging_mixin.py:120} INFO - [2024-12-04T05:04:43.150+0000] {dag.py:2585} INFO - Sync 1 DAGs
[2024-12-04T05:04:43.188+0000] {logging_mixin.py:120} INFO - [2024-12-04T05:04:43.187+0000] {dag.py:3340} INFO - Setting next_dagrun for example_skip_dag to 2024-12-03T05:04:43.187537+00:00, run_after=2024-12-04T05:04:43.187537+00:00
[2024-12-04T05:04:43.214+0000] {processor.py:176} INFO - Processing /home/airflow/.local/lib/python3.7/site-packages/airflow/example_dags/example_skip_dag.py took 0.142 seconds
