[2024-12-04T04:51:50.668+0000] {processor.py:154} INFO - Started process (PID=72) to work on /home/airflow/.local/lib/python3.7/site-packages/airflow/example_dags/example_branch_day_of_week_operator.py
[2024-12-04T04:51:50.670+0000] {processor.py:756} INFO - Processing file /home/airflow/.local/lib/python3.7/site-packages/airflow/example_dags/example_branch_day_of_week_operator.py for tasks to queue
[2024-12-04T04:51:50.670+0000] {logging_mixin.py:120} INFO - [2024-12-04T04:51:50.670+0000] {dagbag.py:537} INFO - Filling up the DagBag from /home/airflow/.local/lib/python3.7/site-packages/airflow/example_dags/example_branch_day_of_week_operator.py
[2024-12-04T04:51:50.696+0000] {processor.py:766} INFO - DAG(s) dict_keys(['example_weekday_branch_operator']) retrieved from /home/airflow/.local/lib/python3.7/site-packages/airflow/example_dags/example_branch_day_of_week_operator.py
[2024-12-04T04:51:50.745+0000] {logging_mixin.py:120} INFO - [2024-12-04T04:51:50.744+0000] {dag.py:2585} INFO - Sync 1 DAGs
[2024-12-04T04:51:50.779+0000] {logging_mixin.py:120} INFO - [2024-12-04T04:51:50.779+0000] {dag.py:3340} INFO - Setting next_dagrun for example_weekday_branch_operator to 2024-12-03T00:00:00+00:00, run_after=2024-12-04T00:00:00+00:00
[2024-12-04T04:51:50.814+0000] {processor.py:176} INFO - Processing /home/airflow/.local/lib/python3.7/site-packages/airflow/example_dags/example_branch_day_of_week_operator.py took 0.151 seconds
[2024-12-04T04:52:22.073+0000] {processor.py:154} INFO - Started process (PID=126) to work on /home/airflow/.local/lib/python3.7/site-packages/airflow/example_dags/example_branch_day_of_week_operator.py
[2024-12-04T04:52:22.075+0000] {processor.py:756} INFO - Processing file /home/airflow/.local/lib/python3.7/site-packages/airflow/example_dags/example_branch_day_of_week_operator.py for tasks to queue
[2024-12-04T04:52:22.075+0000] {logging_mixin.py:120} INFO - [2024-12-04T04:52:22.075+0000] {dagbag.py:537} INFO - Filling up the DagBag from /home/airflow/.local/lib/python3.7/site-packages/airflow/example_dags/example_branch_day_of_week_operator.py
[2024-12-04T04:52:22.102+0000] {processor.py:766} INFO - DAG(s) dict_keys(['example_weekday_branch_operator']) retrieved from /home/airflow/.local/lib/python3.7/site-packages/airflow/example_dags/example_branch_day_of_week_operator.py
[2024-12-04T04:52:22.158+0000] {logging_mixin.py:120} INFO - [2024-12-04T04:52:22.157+0000] {dag.py:2585} INFO - Sync 1 DAGs
[2024-12-04T04:52:22.196+0000] {logging_mixin.py:120} INFO - [2024-12-04T04:52:22.196+0000] {dag.py:3340} INFO - Setting next_dagrun for example_weekday_branch_operator to 2024-12-03T00:00:00+00:00, run_after=2024-12-04T00:00:00+00:00
[2024-12-04T04:52:22.230+0000] {processor.py:176} INFO - Processing /home/airflow/.local/lib/python3.7/site-packages/airflow/example_dags/example_branch_day_of_week_operator.py took 0.162 seconds
[2024-12-04T04:59:02.619+0000] {processor.py:154} INFO - Started process (PID=62) to work on /home/airflow/.local/lib/python3.7/site-packages/airflow/example_dags/example_branch_day_of_week_operator.py
[2024-12-04T04:59:02.620+0000] {processor.py:756} INFO - Processing file /home/airflow/.local/lib/python3.7/site-packages/airflow/example_dags/example_branch_day_of_week_operator.py for tasks to queue
[2024-12-04T04:59:02.620+0000] {logging_mixin.py:120} INFO - [2024-12-04T04:59:02.620+0000] {dagbag.py:537} INFO - Filling up the DagBag from /home/airflow/.local/lib/python3.7/site-packages/airflow/example_dags/example_branch_day_of_week_operator.py
[2024-12-04T04:59:02.642+0000] {processor.py:766} INFO - DAG(s) dict_keys(['example_weekday_branch_operator']) retrieved from /home/airflow/.local/lib/python3.7/site-packages/airflow/example_dags/example_branch_day_of_week_operator.py
[2024-12-04T04:59:02.674+0000] {logging_mixin.py:120} INFO - [2024-12-04T04:59:02.673+0000] {dag.py:2585} INFO - Sync 1 DAGs
[2024-12-04T04:59:02.708+0000] {logging_mixin.py:120} INFO - [2024-12-04T04:59:02.708+0000] {dag.py:3340} INFO - Setting next_dagrun for example_weekday_branch_operator to 2024-12-03T00:00:00+00:00, run_after=2024-12-04T00:00:00+00:00
[2024-12-04T04:59:02.734+0000] {processor.py:176} INFO - Processing /home/airflow/.local/lib/python3.7/site-packages/airflow/example_dags/example_branch_day_of_week_operator.py took 0.119 seconds
[2024-12-04T04:59:33.745+0000] {processor.py:154} INFO - Started process (PID=125) to work on /home/airflow/.local/lib/python3.7/site-packages/airflow/example_dags/example_branch_day_of_week_operator.py
[2024-12-04T04:59:33.745+0000] {processor.py:756} INFO - Processing file /home/airflow/.local/lib/python3.7/site-packages/airflow/example_dags/example_branch_day_of_week_operator.py for tasks to queue
[2024-12-04T04:59:33.746+0000] {logging_mixin.py:120} INFO - [2024-12-04T04:59:33.746+0000] {dagbag.py:537} INFO - Filling up the DagBag from /home/airflow/.local/lib/python3.7/site-packages/airflow/example_dags/example_branch_day_of_week_operator.py
[2024-12-04T04:59:33.759+0000] {processor.py:766} INFO - DAG(s) dict_keys(['example_weekday_branch_operator']) retrieved from /home/airflow/.local/lib/python3.7/site-packages/airflow/example_dags/example_branch_day_of_week_operator.py
[2024-12-04T04:59:33.793+0000] {logging_mixin.py:120} INFO - [2024-12-04T04:59:33.793+0000] {dag.py:2585} INFO - Sync 1 DAGs
[2024-12-04T04:59:33.818+0000] {logging_mixin.py:120} INFO - [2024-12-04T04:59:33.818+0000] {dag.py:3340} INFO - Setting next_dagrun for example_weekday_branch_operator to 2024-12-03T00:00:00+00:00, run_after=2024-12-04T00:00:00+00:00
[2024-12-04T04:59:33.837+0000] {processor.py:176} INFO - Processing /home/airflow/.local/lib/python3.7/site-packages/airflow/example_dags/example_branch_day_of_week_operator.py took 0.095 seconds
[2024-12-04T05:00:06.316+0000] {processor.py:154} INFO - Started process (PID=189) to work on /home/airflow/.local/lib/python3.7/site-packages/airflow/example_dags/example_branch_day_of_week_operator.py
[2024-12-04T05:00:06.318+0000] {processor.py:756} INFO - Processing file /home/airflow/.local/lib/python3.7/site-packages/airflow/example_dags/example_branch_day_of_week_operator.py for tasks to queue
[2024-12-04T05:00:06.319+0000] {logging_mixin.py:120} INFO - [2024-12-04T05:00:06.318+0000] {dagbag.py:537} INFO - Filling up the DagBag from /home/airflow/.local/lib/python3.7/site-packages/airflow/example_dags/example_branch_day_of_week_operator.py
[2024-12-04T05:00:06.343+0000] {processor.py:766} INFO - DAG(s) dict_keys(['example_weekday_branch_operator']) retrieved from /home/airflow/.local/lib/python3.7/site-packages/airflow/example_dags/example_branch_day_of_week_operator.py
[2024-12-04T05:00:06.401+0000] {logging_mixin.py:120} INFO - [2024-12-04T05:00:06.401+0000] {dag.py:2585} INFO - Sync 1 DAGs
[2024-12-04T05:00:06.435+0000] {logging_mixin.py:120} INFO - [2024-12-04T05:00:06.435+0000] {dag.py:3340} INFO - Setting next_dagrun for example_weekday_branch_operator to 2024-12-03T00:00:00+00:00, run_after=2024-12-04T00:00:00+00:00
[2024-12-04T05:00:06.461+0000] {processor.py:176} INFO - Processing /home/airflow/.local/lib/python3.7/site-packages/airflow/example_dags/example_branch_day_of_week_operator.py took 0.148 seconds
[2024-12-04T05:00:37.172+0000] {processor.py:154} INFO - Started process (PID=244) to work on /home/airflow/.local/lib/python3.7/site-packages/airflow/example_dags/example_branch_day_of_week_operator.py
[2024-12-04T05:00:37.173+0000] {processor.py:756} INFO - Processing file /home/airflow/.local/lib/python3.7/site-packages/airflow/example_dags/example_branch_day_of_week_operator.py for tasks to queue
[2024-12-04T05:00:37.174+0000] {logging_mixin.py:120} INFO - [2024-12-04T05:00:37.174+0000] {dagbag.py:537} INFO - Filling up the DagBag from /home/airflow/.local/lib/python3.7/site-packages/airflow/example_dags/example_branch_day_of_week_operator.py
[2024-12-04T05:00:37.196+0000] {processor.py:766} INFO - DAG(s) dict_keys(['example_weekday_branch_operator']) retrieved from /home/airflow/.local/lib/python3.7/site-packages/airflow/example_dags/example_branch_day_of_week_operator.py
[2024-12-04T05:00:37.266+0000] {logging_mixin.py:120} INFO - [2024-12-04T05:00:37.265+0000] {dag.py:2585} INFO - Sync 1 DAGs
[2024-12-04T05:00:37.308+0000] {logging_mixin.py:120} INFO - [2024-12-04T05:00:37.308+0000] {dag.py:3340} INFO - Setting next_dagrun for example_weekday_branch_operator to 2024-12-03T00:00:00+00:00, run_after=2024-12-04T00:00:00+00:00
[2024-12-04T05:00:37.345+0000] {processor.py:176} INFO - Processing /home/airflow/.local/lib/python3.7/site-packages/airflow/example_dags/example_branch_day_of_week_operator.py took 0.177 seconds
[2024-12-04T05:01:07.470+0000] {processor.py:154} INFO - Started process (PID=306) to work on /home/airflow/.local/lib/python3.7/site-packages/airflow/example_dags/example_branch_day_of_week_operator.py
[2024-12-04T05:01:07.471+0000] {processor.py:756} INFO - Processing file /home/airflow/.local/lib/python3.7/site-packages/airflow/example_dags/example_branch_day_of_week_operator.py for tasks to queue
[2024-12-04T05:01:07.472+0000] {logging_mixin.py:120} INFO - [2024-12-04T05:01:07.472+0000] {dagbag.py:537} INFO - Filling up the DagBag from /home/airflow/.local/lib/python3.7/site-packages/airflow/example_dags/example_branch_day_of_week_operator.py
[2024-12-04T05:01:07.486+0000] {processor.py:766} INFO - DAG(s) dict_keys(['example_weekday_branch_operator']) retrieved from /home/airflow/.local/lib/python3.7/site-packages/airflow/example_dags/example_branch_day_of_week_operator.py
[2024-12-04T05:01:07.525+0000] {logging_mixin.py:120} INFO - [2024-12-04T05:01:07.525+0000] {dag.py:2585} INFO - Sync 1 DAGs
[2024-12-04T05:01:07.548+0000] {logging_mixin.py:120} INFO - [2024-12-04T05:01:07.548+0000] {dag.py:3340} INFO - Setting next_dagrun for example_weekday_branch_operator to 2024-12-03T00:00:00+00:00, run_after=2024-12-04T00:00:00+00:00
[2024-12-04T05:01:07.569+0000] {processor.py:176} INFO - Processing /home/airflow/.local/lib/python3.7/site-packages/airflow/example_dags/example_branch_day_of_week_operator.py took 0.103 seconds
[2024-12-04T05:01:38.862+0000] {processor.py:154} INFO - Started process (PID=367) to work on /home/airflow/.local/lib/python3.7/site-packages/airflow/example_dags/example_branch_day_of_week_operator.py
[2024-12-04T05:01:38.863+0000] {processor.py:756} INFO - Processing file /home/airflow/.local/lib/python3.7/site-packages/airflow/example_dags/example_branch_day_of_week_operator.py for tasks to queue
[2024-12-04T05:01:38.864+0000] {logging_mixin.py:120} INFO - [2024-12-04T05:01:38.864+0000] {dagbag.py:537} INFO - Filling up the DagBag from /home/airflow/.local/lib/python3.7/site-packages/airflow/example_dags/example_branch_day_of_week_operator.py
[2024-12-04T05:01:38.885+0000] {processor.py:766} INFO - DAG(s) dict_keys(['example_weekday_branch_operator']) retrieved from /home/airflow/.local/lib/python3.7/site-packages/airflow/example_dags/example_branch_day_of_week_operator.py
[2024-12-04T05:01:38.941+0000] {logging_mixin.py:120} INFO - [2024-12-04T05:01:38.941+0000] {dag.py:2585} INFO - Sync 1 DAGs
[2024-12-04T05:01:38.979+0000] {logging_mixin.py:120} INFO - [2024-12-04T05:01:38.979+0000] {dag.py:3340} INFO - Setting next_dagrun for example_weekday_branch_operator to 2024-12-03T00:00:00+00:00, run_after=2024-12-04T00:00:00+00:00
[2024-12-04T05:01:39.012+0000] {processor.py:176} INFO - Processing /home/airflow/.local/lib/python3.7/site-packages/airflow/example_dags/example_branch_day_of_week_operator.py took 0.157 seconds
[2024-12-04T05:02:09.295+0000] {processor.py:154} INFO - Started process (PID=423) to work on /home/airflow/.local/lib/python3.7/site-packages/airflow/example_dags/example_branch_day_of_week_operator.py
[2024-12-04T05:02:09.296+0000] {processor.py:756} INFO - Processing file /home/airflow/.local/lib/python3.7/site-packages/airflow/example_dags/example_branch_day_of_week_operator.py for tasks to queue
[2024-12-04T05:02:09.297+0000] {logging_mixin.py:120} INFO - [2024-12-04T05:02:09.297+0000] {dagbag.py:537} INFO - Filling up the DagBag from /home/airflow/.local/lib/python3.7/site-packages/airflow/example_dags/example_branch_day_of_week_operator.py
[2024-12-04T05:02:09.319+0000] {processor.py:766} INFO - DAG(s) dict_keys(['example_weekday_branch_operator']) retrieved from /home/airflow/.local/lib/python3.7/site-packages/airflow/example_dags/example_branch_day_of_week_operator.py
[2024-12-04T05:02:09.378+0000] {logging_mixin.py:120} INFO - [2024-12-04T05:02:09.378+0000] {dag.py:2585} INFO - Sync 1 DAGs
[2024-12-04T05:02:09.417+0000] {logging_mixin.py:120} INFO - [2024-12-04T05:02:09.417+0000] {dag.py:3340} INFO - Setting next_dagrun for example_weekday_branch_operator to 2024-12-03T00:00:00+00:00, run_after=2024-12-04T00:00:00+00:00
[2024-12-04T05:02:09.452+0000] {processor.py:176} INFO - Processing /home/airflow/.local/lib/python3.7/site-packages/airflow/example_dags/example_branch_day_of_week_operator.py took 0.160 seconds
[2024-12-04T05:02:40.077+0000] {processor.py:154} INFO - Started process (PID=486) to work on /home/airflow/.local/lib/python3.7/site-packages/airflow/example_dags/example_branch_day_of_week_operator.py
[2024-12-04T05:02:40.078+0000] {processor.py:756} INFO - Processing file /home/airflow/.local/lib/python3.7/site-packages/airflow/example_dags/example_branch_day_of_week_operator.py for tasks to queue
[2024-12-04T05:02:40.079+0000] {logging_mixin.py:120} INFO - [2024-12-04T05:02:40.079+0000] {dagbag.py:537} INFO - Filling up the DagBag from /home/airflow/.local/lib/python3.7/site-packages/airflow/example_dags/example_branch_day_of_week_operator.py
[2024-12-04T05:02:40.102+0000] {processor.py:766} INFO - DAG(s) dict_keys(['example_weekday_branch_operator']) retrieved from /home/airflow/.local/lib/python3.7/site-packages/airflow/example_dags/example_branch_day_of_week_operator.py
[2024-12-04T05:02:40.158+0000] {logging_mixin.py:120} INFO - [2024-12-04T05:02:40.158+0000] {dag.py:2585} INFO - Sync 1 DAGs
[2024-12-04T05:02:40.194+0000] {logging_mixin.py:120} INFO - [2024-12-04T05:02:40.193+0000] {dag.py:3340} INFO - Setting next_dagrun for example_weekday_branch_operator to 2024-12-03T00:00:00+00:00, run_after=2024-12-04T00:00:00+00:00
[2024-12-04T05:02:40.220+0000] {processor.py:176} INFO - Processing /home/airflow/.local/lib/python3.7/site-packages/airflow/example_dags/example_branch_day_of_week_operator.py took 0.147 seconds
[2024-12-04T05:03:10.594+0000] {processor.py:154} INFO - Started process (PID=540) to work on /home/airflow/.local/lib/python3.7/site-packages/airflow/example_dags/example_branch_day_of_week_operator.py
[2024-12-04T05:03:10.595+0000] {processor.py:756} INFO - Processing file /home/airflow/.local/lib/python3.7/site-packages/airflow/example_dags/example_branch_day_of_week_operator.py for tasks to queue
[2024-12-04T05:03:10.596+0000] {logging_mixin.py:120} INFO - [2024-12-04T05:03:10.595+0000] {dagbag.py:537} INFO - Filling up the DagBag from /home/airflow/.local/lib/python3.7/site-packages/airflow/example_dags/example_branch_day_of_week_operator.py
[2024-12-04T05:03:10.619+0000] {processor.py:766} INFO - DAG(s) dict_keys(['example_weekday_branch_operator']) retrieved from /home/airflow/.local/lib/python3.7/site-packages/airflow/example_dags/example_branch_day_of_week_operator.py
[2024-12-04T05:03:10.675+0000] {logging_mixin.py:120} INFO - [2024-12-04T05:03:10.674+0000] {dag.py:2585} INFO - Sync 1 DAGs
[2024-12-04T05:03:10.709+0000] {logging_mixin.py:120} INFO - [2024-12-04T05:03:10.708+0000] {dag.py:3340} INFO - Setting next_dagrun for example_weekday_branch_operator to 2024-12-03T00:00:00+00:00, run_after=2024-12-04T00:00:00+00:00
[2024-12-04T05:03:10.741+0000] {processor.py:176} INFO - Processing /home/airflow/.local/lib/python3.7/site-packages/airflow/example_dags/example_branch_day_of_week_operator.py took 0.151 seconds
[2024-12-04T05:03:40.972+0000] {processor.py:154} INFO - Started process (PID=603) to work on /home/airflow/.local/lib/python3.7/site-packages/airflow/example_dags/example_branch_day_of_week_operator.py
[2024-12-04T05:03:40.973+0000] {processor.py:756} INFO - Processing file /home/airflow/.local/lib/python3.7/site-packages/airflow/example_dags/example_branch_day_of_week_operator.py for tasks to queue
[2024-12-04T05:03:40.974+0000] {logging_mixin.py:120} INFO - [2024-12-04T05:03:40.973+0000] {dagbag.py:537} INFO - Filling up the DagBag from /home/airflow/.local/lib/python3.7/site-packages/airflow/example_dags/example_branch_day_of_week_operator.py
[2024-12-04T05:03:40.994+0000] {processor.py:766} INFO - DAG(s) dict_keys(['example_weekday_branch_operator']) retrieved from /home/airflow/.local/lib/python3.7/site-packages/airflow/example_dags/example_branch_day_of_week_operator.py
[2024-12-04T05:03:41.046+0000] {logging_mixin.py:120} INFO - [2024-12-04T05:03:41.046+0000] {dag.py:2585} INFO - Sync 1 DAGs
[2024-12-04T05:03:41.082+0000] {logging_mixin.py:120} INFO - [2024-12-04T05:03:41.082+0000] {dag.py:3340} INFO - Setting next_dagrun for example_weekday_branch_operator to 2024-12-03T00:00:00+00:00, run_after=2024-12-04T00:00:00+00:00
[2024-12-04T05:03:41.108+0000] {processor.py:176} INFO - Processing /home/airflow/.local/lib/python3.7/site-packages/airflow/example_dags/example_branch_day_of_week_operator.py took 0.140 seconds
[2024-12-04T05:04:11.796+0000] {processor.py:154} INFO - Started process (PID=657) to work on /home/airflow/.local/lib/python3.7/site-packages/airflow/example_dags/example_branch_day_of_week_operator.py
[2024-12-04T05:04:11.797+0000] {processor.py:756} INFO - Processing file /home/airflow/.local/lib/python3.7/site-packages/airflow/example_dags/example_branch_day_of_week_operator.py for tasks to queue
[2024-12-04T05:04:11.797+0000] {logging_mixin.py:120} INFO - [2024-12-04T05:04:11.797+0000] {dagbag.py:537} INFO - Filling up the DagBag from /home/airflow/.local/lib/python3.7/site-packages/airflow/example_dags/example_branch_day_of_week_operator.py
[2024-12-04T05:04:11.818+0000] {processor.py:766} INFO - DAG(s) dict_keys(['example_weekday_branch_operator']) retrieved from /home/airflow/.local/lib/python3.7/site-packages/airflow/example_dags/example_branch_day_of_week_operator.py
[2024-12-04T05:04:11.873+0000] {logging_mixin.py:120} INFO - [2024-12-04T05:04:11.873+0000] {dag.py:2585} INFO - Sync 1 DAGs
[2024-12-04T05:04:11.910+0000] {logging_mixin.py:120} INFO - [2024-12-04T05:04:11.910+0000] {dag.py:3340} INFO - Setting next_dagrun for example_weekday_branch_operator to 2024-12-03T00:00:00+00:00, run_after=2024-12-04T00:00:00+00:00
[2024-12-04T05:04:11.936+0000] {processor.py:176} INFO - Processing /home/airflow/.local/lib/python3.7/site-packages/airflow/example_dags/example_branch_day_of_week_operator.py took 0.144 seconds
[2024-12-04T05:04:42.061+0000] {processor.py:154} INFO - Started process (PID=720) to work on /home/airflow/.local/lib/python3.7/site-packages/airflow/example_dags/example_branch_day_of_week_operator.py
[2024-12-04T05:04:42.062+0000] {processor.py:756} INFO - Processing file /home/airflow/.local/lib/python3.7/site-packages/airflow/example_dags/example_branch_day_of_week_operator.py for tasks to queue
[2024-12-04T05:04:42.063+0000] {logging_mixin.py:120} INFO - [2024-12-04T05:04:42.063+0000] {dagbag.py:537} INFO - Filling up the DagBag from /home/airflow/.local/lib/python3.7/site-packages/airflow/example_dags/example_branch_day_of_week_operator.py
[2024-12-04T05:04:42.083+0000] {processor.py:766} INFO - DAG(s) dict_keys(['example_weekday_branch_operator']) retrieved from /home/airflow/.local/lib/python3.7/site-packages/airflow/example_dags/example_branch_day_of_week_operator.py
[2024-12-04T05:04:42.134+0000] {logging_mixin.py:120} INFO - [2024-12-04T05:04:42.134+0000] {dag.py:2585} INFO - Sync 1 DAGs
[2024-12-04T05:04:42.170+0000] {logging_mixin.py:120} INFO - [2024-12-04T05:04:42.170+0000] {dag.py:3340} INFO - Setting next_dagrun for example_weekday_branch_operator to 2024-12-03T00:00:00+00:00, run_after=2024-12-04T00:00:00+00:00
[2024-12-04T05:04:42.197+0000] {processor.py:176} INFO - Processing /home/airflow/.local/lib/python3.7/site-packages/airflow/example_dags/example_branch_day_of_week_operator.py took 0.140 seconds
