[2024-12-04T04:51:48.925+0000] {processor.py:154} INFO - Started process (PID=48) to work on /home/airflow/.local/lib/python3.7/site-packages/airflow/example_dags/example_xcom.py
[2024-12-04T04:51:48.927+0000] {processor.py:756} INFO - Processing file /home/airflow/.local/lib/python3.7/site-packages/airflow/example_dags/example_xcom.py for tasks to queue
[2024-12-04T04:51:48.928+0000] {logging_mixin.py:120} INFO - [2024-12-04T04:51:48.928+0000] {dagbag.py:537} INFO - Filling up the DagBag from /home/airflow/.local/lib/python3.7/site-packages/airflow/example_dags/example_xcom.py
[2024-12-04T04:51:48.968+0000] {processor.py:766} INFO - DAG(s) dict_keys(['example_xcom']) retrieved from /home/airflow/.local/lib/python3.7/site-packages/airflow/example_dags/example_xcom.py
[2024-12-04T04:51:49.001+0000] {logging_mixin.py:120} INFO - [2024-12-04T04:51:49.001+0000] {dag.py:2585} INFO - Sync 1 DAGs
[2024-12-04T04:51:49.035+0000] {logging_mixin.py:120} INFO - [2024-12-04T04:51:49.035+0000] {dag.py:3340} INFO - Setting next_dagrun for example_xcom to 2021-01-01T00:00:00+00:00, run_after=2021-01-01T00:00:00+00:00
[2024-12-04T04:51:49.070+0000] {processor.py:176} INFO - Processing /home/airflow/.local/lib/python3.7/site-packages/airflow/example_dags/example_xcom.py took 0.150 seconds
[2024-12-04T04:52:20.216+0000] {processor.py:154} INFO - Started process (PID=111) to work on /home/airflow/.local/lib/python3.7/site-packages/airflow/example_dags/example_xcom.py
[2024-12-04T04:52:20.217+0000] {processor.py:756} INFO - Processing file /home/airflow/.local/lib/python3.7/site-packages/airflow/example_dags/example_xcom.py for tasks to queue
[2024-12-04T04:52:20.218+0000] {logging_mixin.py:120} INFO - [2024-12-04T04:52:20.218+0000] {dagbag.py:537} INFO - Filling up the DagBag from /home/airflow/.local/lib/python3.7/site-packages/airflow/example_dags/example_xcom.py
[2024-12-04T04:52:20.258+0000] {processor.py:766} INFO - DAG(s) dict_keys(['example_xcom']) retrieved from /home/airflow/.local/lib/python3.7/site-packages/airflow/example_dags/example_xcom.py
[2024-12-04T04:52:20.315+0000] {logging_mixin.py:120} INFO - [2024-12-04T04:52:20.315+0000] {dag.py:2585} INFO - Sync 1 DAGs
[2024-12-04T04:52:20.354+0000] {logging_mixin.py:120} INFO - [2024-12-04T04:52:20.353+0000] {dag.py:3340} INFO - Setting next_dagrun for example_xcom to 2021-01-01T00:00:00+00:00, run_after=2021-01-01T00:00:00+00:00
[2024-12-04T04:52:20.380+0000] {processor.py:176} INFO - Processing /home/airflow/.local/lib/python3.7/site-packages/airflow/example_dags/example_xcom.py took 0.169 seconds
[2024-12-04T04:59:01.614+0000] {processor.py:154} INFO - Started process (PID=47) to work on /home/airflow/.local/lib/python3.7/site-packages/airflow/example_dags/example_xcom.py
[2024-12-04T04:59:01.615+0000] {processor.py:756} INFO - Processing file /home/airflow/.local/lib/python3.7/site-packages/airflow/example_dags/example_xcom.py for tasks to queue
[2024-12-04T04:59:01.616+0000] {logging_mixin.py:120} INFO - [2024-12-04T04:59:01.616+0000] {dagbag.py:537} INFO - Filling up the DagBag from /home/airflow/.local/lib/python3.7/site-packages/airflow/example_dags/example_xcom.py
[2024-12-04T04:59:01.643+0000] {processor.py:766} INFO - DAG(s) dict_keys(['example_xcom']) retrieved from /home/airflow/.local/lib/python3.7/site-packages/airflow/example_dags/example_xcom.py
[2024-12-04T04:59:01.672+0000] {logging_mixin.py:120} INFO - [2024-12-04T04:59:01.672+0000] {dag.py:2585} INFO - Sync 1 DAGs
[2024-12-04T04:59:01.698+0000] {logging_mixin.py:120} INFO - [2024-12-04T04:59:01.697+0000] {dag.py:3340} INFO - Setting next_dagrun for example_xcom to 2021-01-01T00:00:00+00:00, run_after=2021-01-01T00:00:00+00:00
[2024-12-04T04:59:01.720+0000] {processor.py:176} INFO - Processing /home/airflow/.local/lib/python3.7/site-packages/airflow/example_dags/example_xcom.py took 0.113 seconds
[2024-12-04T04:59:32.517+0000] {processor.py:154} INFO - Started process (PID=110) to work on /home/airflow/.local/lib/python3.7/site-packages/airflow/example_dags/example_xcom.py
[2024-12-04T04:59:32.518+0000] {processor.py:756} INFO - Processing file /home/airflow/.local/lib/python3.7/site-packages/airflow/example_dags/example_xcom.py for tasks to queue
[2024-12-04T04:59:32.519+0000] {logging_mixin.py:120} INFO - [2024-12-04T04:59:32.519+0000] {dagbag.py:537} INFO - Filling up the DagBag from /home/airflow/.local/lib/python3.7/site-packages/airflow/example_dags/example_xcom.py
[2024-12-04T04:59:32.544+0000] {processor.py:766} INFO - DAG(s) dict_keys(['example_xcom']) retrieved from /home/airflow/.local/lib/python3.7/site-packages/airflow/example_dags/example_xcom.py
[2024-12-04T04:59:32.585+0000] {logging_mixin.py:120} INFO - [2024-12-04T04:59:32.585+0000] {dag.py:2585} INFO - Sync 1 DAGs
[2024-12-04T04:59:32.616+0000] {logging_mixin.py:120} INFO - [2024-12-04T04:59:32.616+0000] {dag.py:3340} INFO - Setting next_dagrun for example_xcom to 2021-01-01T00:00:00+00:00, run_after=2021-01-01T00:00:00+00:00
[2024-12-04T04:59:32.639+0000] {processor.py:176} INFO - Processing /home/airflow/.local/lib/python3.7/site-packages/airflow/example_dags/example_xcom.py took 0.125 seconds
[2024-12-04T05:00:04.080+0000] {processor.py:154} INFO - Started process (PID=174) to work on /home/airflow/.local/lib/python3.7/site-packages/airflow/example_dags/example_xcom.py
[2024-12-04T05:00:04.081+0000] {processor.py:756} INFO - Processing file /home/airflow/.local/lib/python3.7/site-packages/airflow/example_dags/example_xcom.py for tasks to queue
[2024-12-04T05:00:04.082+0000] {logging_mixin.py:120} INFO - [2024-12-04T05:00:04.082+0000] {dagbag.py:537} INFO - Filling up the DagBag from /home/airflow/.local/lib/python3.7/site-packages/airflow/example_dags/example_xcom.py
[2024-12-04T05:00:04.122+0000] {processor.py:766} INFO - DAG(s) dict_keys(['example_xcom']) retrieved from /home/airflow/.local/lib/python3.7/site-packages/airflow/example_dags/example_xcom.py
[2024-12-04T05:00:04.197+0000] {logging_mixin.py:120} INFO - [2024-12-04T05:00:04.197+0000] {dag.py:2585} INFO - Sync 1 DAGs
[2024-12-04T05:00:04.248+0000] {logging_mixin.py:120} INFO - [2024-12-04T05:00:04.248+0000] {dag.py:3340} INFO - Setting next_dagrun for example_xcom to 2021-01-01T00:00:00+00:00, run_after=2021-01-01T00:00:00+00:00
[2024-12-04T05:00:04.286+0000] {processor.py:176} INFO - Processing /home/airflow/.local/lib/python3.7/site-packages/airflow/example_dags/example_xcom.py took 0.211 seconds
[2024-12-04T05:00:34.664+0000] {processor.py:154} INFO - Started process (PID=229) to work on /home/airflow/.local/lib/python3.7/site-packages/airflow/example_dags/example_xcom.py
[2024-12-04T05:00:34.666+0000] {processor.py:756} INFO - Processing file /home/airflow/.local/lib/python3.7/site-packages/airflow/example_dags/example_xcom.py for tasks to queue
[2024-12-04T05:00:34.667+0000] {logging_mixin.py:120} INFO - [2024-12-04T05:00:34.667+0000] {dagbag.py:537} INFO - Filling up the DagBag from /home/airflow/.local/lib/python3.7/site-packages/airflow/example_dags/example_xcom.py
[2024-12-04T05:00:34.700+0000] {processor.py:766} INFO - DAG(s) dict_keys(['example_xcom']) retrieved from /home/airflow/.local/lib/python3.7/site-packages/airflow/example_dags/example_xcom.py
[2024-12-04T05:00:34.755+0000] {logging_mixin.py:120} INFO - [2024-12-04T05:00:34.755+0000] {dag.py:2585} INFO - Sync 1 DAGs
[2024-12-04T05:00:34.791+0000] {logging_mixin.py:120} INFO - [2024-12-04T05:00:34.790+0000] {dag.py:3340} INFO - Setting next_dagrun for example_xcom to 2021-01-01T00:00:00+00:00, run_after=2021-01-01T00:00:00+00:00
[2024-12-04T05:00:34.823+0000] {processor.py:176} INFO - Processing /home/airflow/.local/lib/python3.7/site-packages/airflow/example_dags/example_xcom.py took 0.164 seconds
[2024-12-04T05:01:05.072+0000] {processor.py:154} INFO - Started process (PID=291) to work on /home/airflow/.local/lib/python3.7/site-packages/airflow/example_dags/example_xcom.py
[2024-12-04T05:01:05.073+0000] {processor.py:756} INFO - Processing file /home/airflow/.local/lib/python3.7/site-packages/airflow/example_dags/example_xcom.py for tasks to queue
[2024-12-04T05:01:05.073+0000] {logging_mixin.py:120} INFO - [2024-12-04T05:01:05.073+0000] {dagbag.py:537} INFO - Filling up the DagBag from /home/airflow/.local/lib/python3.7/site-packages/airflow/example_dags/example_xcom.py
[2024-12-04T05:01:05.095+0000] {processor.py:766} INFO - DAG(s) dict_keys(['example_xcom']) retrieved from /home/airflow/.local/lib/python3.7/site-packages/airflow/example_dags/example_xcom.py
[2024-12-04T05:01:05.133+0000] {logging_mixin.py:120} INFO - [2024-12-04T05:01:05.133+0000] {dag.py:2585} INFO - Sync 1 DAGs
[2024-12-04T05:01:05.155+0000] {logging_mixin.py:120} INFO - [2024-12-04T05:01:05.155+0000] {dag.py:3340} INFO - Setting next_dagrun for example_xcom to 2021-01-01T00:00:00+00:00, run_after=2021-01-01T00:00:00+00:00
[2024-12-04T05:01:05.174+0000] {processor.py:176} INFO - Processing /home/airflow/.local/lib/python3.7/site-packages/airflow/example_dags/example_xcom.py took 0.105 seconds
[2024-12-04T05:01:35.702+0000] {processor.py:154} INFO - Started process (PID=345) to work on /home/airflow/.local/lib/python3.7/site-packages/airflow/example_dags/example_xcom.py
[2024-12-04T05:01:35.703+0000] {processor.py:756} INFO - Processing file /home/airflow/.local/lib/python3.7/site-packages/airflow/example_dags/example_xcom.py for tasks to queue
[2024-12-04T05:01:35.704+0000] {logging_mixin.py:120} INFO - [2024-12-04T05:01:35.704+0000] {dagbag.py:537} INFO - Filling up the DagBag from /home/airflow/.local/lib/python3.7/site-packages/airflow/example_dags/example_xcom.py
[2024-12-04T05:01:35.737+0000] {processor.py:766} INFO - DAG(s) dict_keys(['example_xcom']) retrieved from /home/airflow/.local/lib/python3.7/site-packages/airflow/example_dags/example_xcom.py
[2024-12-04T05:01:35.805+0000] {logging_mixin.py:120} INFO - [2024-12-04T05:01:35.804+0000] {dag.py:2585} INFO - Sync 1 DAGs
[2024-12-04T05:01:35.847+0000] {logging_mixin.py:120} INFO - [2024-12-04T05:01:35.846+0000] {dag.py:3340} INFO - Setting next_dagrun for example_xcom to 2021-01-01T00:00:00+00:00, run_after=2021-01-01T00:00:00+00:00
[2024-12-04T05:01:35.882+0000] {processor.py:176} INFO - Processing /home/airflow/.local/lib/python3.7/site-packages/airflow/example_dags/example_xcom.py took 0.186 seconds
[2024-12-04T05:02:06.468+0000] {processor.py:154} INFO - Started process (PID=408) to work on /home/airflow/.local/lib/python3.7/site-packages/airflow/example_dags/example_xcom.py
[2024-12-04T05:02:06.469+0000] {processor.py:756} INFO - Processing file /home/airflow/.local/lib/python3.7/site-packages/airflow/example_dags/example_xcom.py for tasks to queue
[2024-12-04T05:02:06.470+0000] {logging_mixin.py:120} INFO - [2024-12-04T05:02:06.470+0000] {dagbag.py:537} INFO - Filling up the DagBag from /home/airflow/.local/lib/python3.7/site-packages/airflow/example_dags/example_xcom.py
[2024-12-04T05:02:06.496+0000] {processor.py:766} INFO - DAG(s) dict_keys(['example_xcom']) retrieved from /home/airflow/.local/lib/python3.7/site-packages/airflow/example_dags/example_xcom.py
[2024-12-04T05:02:06.550+0000] {logging_mixin.py:120} INFO - [2024-12-04T05:02:06.549+0000] {dag.py:2585} INFO - Sync 1 DAGs
[2024-12-04T05:02:06.578+0000] {logging_mixin.py:120} INFO - [2024-12-04T05:02:06.578+0000] {dag.py:3340} INFO - Setting next_dagrun for example_xcom to 2021-01-01T00:00:00+00:00, run_after=2021-01-01T00:00:00+00:00
[2024-12-04T05:02:06.601+0000] {processor.py:176} INFO - Processing /home/airflow/.local/lib/python3.7/site-packages/airflow/example_dags/example_xcom.py took 0.136 seconds
[2024-12-04T05:02:36.980+0000] {processor.py:154} INFO - Started process (PID=462) to work on /home/airflow/.local/lib/python3.7/site-packages/airflow/example_dags/example_xcom.py
[2024-12-04T05:02:36.982+0000] {processor.py:756} INFO - Processing file /home/airflow/.local/lib/python3.7/site-packages/airflow/example_dags/example_xcom.py for tasks to queue
[2024-12-04T05:02:36.983+0000] {logging_mixin.py:120} INFO - [2024-12-04T05:02:36.982+0000] {dagbag.py:537} INFO - Filling up the DagBag from /home/airflow/.local/lib/python3.7/site-packages/airflow/example_dags/example_xcom.py
[2024-12-04T05:02:37.016+0000] {processor.py:766} INFO - DAG(s) dict_keys(['example_xcom']) retrieved from /home/airflow/.local/lib/python3.7/site-packages/airflow/example_dags/example_xcom.py
[2024-12-04T05:02:37.074+0000] {logging_mixin.py:120} INFO - [2024-12-04T05:02:37.074+0000] {dag.py:2585} INFO - Sync 1 DAGs
[2024-12-04T05:02:37.111+0000] {logging_mixin.py:120} INFO - [2024-12-04T05:02:37.111+0000] {dag.py:3340} INFO - Setting next_dagrun for example_xcom to 2021-01-01T00:00:00+00:00, run_after=2021-01-01T00:00:00+00:00
[2024-12-04T05:02:37.138+0000] {processor.py:176} INFO - Processing /home/airflow/.local/lib/python3.7/site-packages/airflow/example_dags/example_xcom.py took 0.162 seconds
[2024-12-04T05:03:07.480+0000] {processor.py:154} INFO - Started process (PID=525) to work on /home/airflow/.local/lib/python3.7/site-packages/airflow/example_dags/example_xcom.py
[2024-12-04T05:03:07.481+0000] {processor.py:756} INFO - Processing file /home/airflow/.local/lib/python3.7/site-packages/airflow/example_dags/example_xcom.py for tasks to queue
[2024-12-04T05:03:07.482+0000] {logging_mixin.py:120} INFO - [2024-12-04T05:03:07.482+0000] {dagbag.py:537} INFO - Filling up the DagBag from /home/airflow/.local/lib/python3.7/site-packages/airflow/example_dags/example_xcom.py
[2024-12-04T05:03:07.514+0000] {processor.py:766} INFO - DAG(s) dict_keys(['example_xcom']) retrieved from /home/airflow/.local/lib/python3.7/site-packages/airflow/example_dags/example_xcom.py
[2024-12-04T05:03:07.575+0000] {logging_mixin.py:120} INFO - [2024-12-04T05:03:07.575+0000] {dag.py:2585} INFO - Sync 1 DAGs
[2024-12-04T05:03:07.613+0000] {logging_mixin.py:120} INFO - [2024-12-04T05:03:07.613+0000] {dag.py:3340} INFO - Setting next_dagrun for example_xcom to 2021-01-01T00:00:00+00:00, run_after=2021-01-01T00:00:00+00:00
[2024-12-04T05:03:07.645+0000] {processor.py:176} INFO - Processing /home/airflow/.local/lib/python3.7/site-packages/airflow/example_dags/example_xcom.py took 0.169 seconds
[2024-12-04T05:03:38.542+0000] {processor.py:154} INFO - Started process (PID=588) to work on /home/airflow/.local/lib/python3.7/site-packages/airflow/example_dags/example_xcom.py
[2024-12-04T05:03:38.543+0000] {processor.py:756} INFO - Processing file /home/airflow/.local/lib/python3.7/site-packages/airflow/example_dags/example_xcom.py for tasks to queue
[2024-12-04T05:03:38.544+0000] {logging_mixin.py:120} INFO - [2024-12-04T05:03:38.544+0000] {dagbag.py:537} INFO - Filling up the DagBag from /home/airflow/.local/lib/python3.7/site-packages/airflow/example_dags/example_xcom.py
[2024-12-04T05:03:38.580+0000] {processor.py:766} INFO - DAG(s) dict_keys(['example_xcom']) retrieved from /home/airflow/.local/lib/python3.7/site-packages/airflow/example_dags/example_xcom.py
[2024-12-04T05:03:38.640+0000] {logging_mixin.py:120} INFO - [2024-12-04T05:03:38.640+0000] {dag.py:2585} INFO - Sync 1 DAGs
[2024-12-04T05:03:38.680+0000] {logging_mixin.py:120} INFO - [2024-12-04T05:03:38.679+0000] {dag.py:3340} INFO - Setting next_dagrun for example_xcom to 2021-01-01T00:00:00+00:00, run_after=2021-01-01T00:00:00+00:00
[2024-12-04T05:03:38.717+0000] {processor.py:176} INFO - Processing /home/airflow/.local/lib/python3.7/site-packages/airflow/example_dags/example_xcom.py took 0.180 seconds
[2024-12-04T05:04:08.873+0000] {processor.py:154} INFO - Started process (PID=642) to work on /home/airflow/.local/lib/python3.7/site-packages/airflow/example_dags/example_xcom.py
[2024-12-04T05:04:08.874+0000] {processor.py:756} INFO - Processing file /home/airflow/.local/lib/python3.7/site-packages/airflow/example_dags/example_xcom.py for tasks to queue
[2024-12-04T05:04:08.875+0000] {logging_mixin.py:120} INFO - [2024-12-04T05:04:08.875+0000] {dagbag.py:537} INFO - Filling up the DagBag from /home/airflow/.local/lib/python3.7/site-packages/airflow/example_dags/example_xcom.py
[2024-12-04T05:04:08.906+0000] {processor.py:766} INFO - DAG(s) dict_keys(['example_xcom']) retrieved from /home/airflow/.local/lib/python3.7/site-packages/airflow/example_dags/example_xcom.py
[2024-12-04T05:04:08.961+0000] {logging_mixin.py:120} INFO - [2024-12-04T05:04:08.961+0000] {dag.py:2585} INFO - Sync 1 DAGs
[2024-12-04T05:04:08.997+0000] {logging_mixin.py:120} INFO - [2024-12-04T05:04:08.997+0000] {dag.py:3340} INFO - Setting next_dagrun for example_xcom to 2021-01-01T00:00:00+00:00, run_after=2021-01-01T00:00:00+00:00
[2024-12-04T05:04:09.029+0000] {processor.py:176} INFO - Processing /home/airflow/.local/lib/python3.7/site-packages/airflow/example_dags/example_xcom.py took 0.160 seconds
[2024-12-04T05:04:39.216+0000] {processor.py:154} INFO - Started process (PID=705) to work on /home/airflow/.local/lib/python3.7/site-packages/airflow/example_dags/example_xcom.py
[2024-12-04T05:04:39.217+0000] {processor.py:756} INFO - Processing file /home/airflow/.local/lib/python3.7/site-packages/airflow/example_dags/example_xcom.py for tasks to queue
[2024-12-04T05:04:39.217+0000] {logging_mixin.py:120} INFO - [2024-12-04T05:04:39.217+0000] {dagbag.py:537} INFO - Filling up the DagBag from /home/airflow/.local/lib/python3.7/site-packages/airflow/example_dags/example_xcom.py
[2024-12-04T05:04:39.247+0000] {processor.py:766} INFO - DAG(s) dict_keys(['example_xcom']) retrieved from /home/airflow/.local/lib/python3.7/site-packages/airflow/example_dags/example_xcom.py
[2024-12-04T05:04:39.304+0000] {logging_mixin.py:120} INFO - [2024-12-04T05:04:39.304+0000] {dag.py:2585} INFO - Sync 1 DAGs
[2024-12-04T05:04:39.339+0000] {logging_mixin.py:120} INFO - [2024-12-04T05:04:39.339+0000] {dag.py:3340} INFO - Setting next_dagrun for example_xcom to 2021-01-01T00:00:00+00:00, run_after=2021-01-01T00:00:00+00:00
[2024-12-04T05:04:39.372+0000] {processor.py:176} INFO - Processing /home/airflow/.local/lib/python3.7/site-packages/airflow/example_dags/example_xcom.py took 0.161 seconds
