[2024-12-04T04:51:51.575+0000] {processor.py:154} INFO - Started process (PID=83) to work on /home/airflow/.local/lib/python3.7/site-packages/airflow/example_dags/example_branch_labels.py
[2024-12-04T04:51:51.576+0000] {processor.py:756} INFO - Processing file /home/airflow/.local/lib/python3.7/site-packages/airflow/example_dags/example_branch_labels.py for tasks to queue
[2024-12-04T04:51:51.576+0000] {logging_mixin.py:120} INFO - [2024-12-04T04:51:51.576+0000] {dagbag.py:537} INFO - Filling up the DagBag from /home/airflow/.local/lib/python3.7/site-packages/airflow/example_dags/example_branch_labels.py
[2024-12-04T04:51:51.594+0000] {processor.py:766} INFO - DAG(s) dict_keys(['example_branch_labels']) retrieved from /home/airflow/.local/lib/python3.7/site-packages/airflow/example_dags/example_branch_labels.py
[2024-12-04T04:51:51.626+0000] {logging_mixin.py:120} INFO - [2024-12-04T04:51:51.626+0000] {dag.py:2585} INFO - Sync 1 DAGs
[2024-12-04T04:51:51.666+0000] {logging_mixin.py:120} INFO - [2024-12-04T04:51:51.665+0000] {dag.py:3340} INFO - Setting next_dagrun for example_branch_labels to 2024-12-03T00:00:00+00:00, run_after=2024-12-04T00:00:00+00:00
[2024-12-04T04:51:51.692+0000] {processor.py:176} INFO - Processing /home/airflow/.local/lib/python3.7/site-packages/airflow/example_dags/example_branch_labels.py took 0.123 seconds
[2024-12-04T04:52:23.181+0000] {processor.py:154} INFO - Started process (PID=137) to work on /home/airflow/.local/lib/python3.7/site-packages/airflow/example_dags/example_branch_labels.py
[2024-12-04T04:52:23.182+0000] {processor.py:756} INFO - Processing file /home/airflow/.local/lib/python3.7/site-packages/airflow/example_dags/example_branch_labels.py for tasks to queue
[2024-12-04T04:52:23.183+0000] {logging_mixin.py:120} INFO - [2024-12-04T04:52:23.183+0000] {dagbag.py:537} INFO - Filling up the DagBag from /home/airflow/.local/lib/python3.7/site-packages/airflow/example_dags/example_branch_labels.py
[2024-12-04T04:52:23.205+0000] {processor.py:766} INFO - DAG(s) dict_keys(['example_branch_labels']) retrieved from /home/airflow/.local/lib/python3.7/site-packages/airflow/example_dags/example_branch_labels.py
[2024-12-04T04:52:23.262+0000] {logging_mixin.py:120} INFO - [2024-12-04T04:52:23.262+0000] {dag.py:2585} INFO - Sync 1 DAGs
[2024-12-04T04:52:23.302+0000] {logging_mixin.py:120} INFO - [2024-12-04T04:52:23.301+0000] {dag.py:3340} INFO - Setting next_dagrun for example_branch_labels to 2024-12-03T00:00:00+00:00, run_after=2024-12-04T00:00:00+00:00
[2024-12-04T04:52:23.334+0000] {processor.py:176} INFO - Processing /home/airflow/.local/lib/python3.7/site-packages/airflow/example_dags/example_branch_labels.py took 0.156 seconds
[2024-12-04T04:59:03.483+0000] {processor.py:154} INFO - Started process (PID=73) to work on /home/airflow/.local/lib/python3.7/site-packages/airflow/example_dags/example_branch_labels.py
[2024-12-04T04:59:03.484+0000] {processor.py:756} INFO - Processing file /home/airflow/.local/lib/python3.7/site-packages/airflow/example_dags/example_branch_labels.py for tasks to queue
[2024-12-04T04:59:03.485+0000] {logging_mixin.py:120} INFO - [2024-12-04T04:59:03.485+0000] {dagbag.py:537} INFO - Filling up the DagBag from /home/airflow/.local/lib/python3.7/site-packages/airflow/example_dags/example_branch_labels.py
[2024-12-04T04:59:03.507+0000] {processor.py:766} INFO - DAG(s) dict_keys(['example_branch_labels']) retrieved from /home/airflow/.local/lib/python3.7/site-packages/airflow/example_dags/example_branch_labels.py
[2024-12-04T04:59:03.537+0000] {logging_mixin.py:120} INFO - [2024-12-04T04:59:03.537+0000] {dag.py:2585} INFO - Sync 1 DAGs
[2024-12-04T04:59:03.567+0000] {logging_mixin.py:120} INFO - [2024-12-04T04:59:03.567+0000] {dag.py:3340} INFO - Setting next_dagrun for example_branch_labels to 2024-12-03T00:00:00+00:00, run_after=2024-12-04T00:00:00+00:00
[2024-12-04T04:59:03.590+0000] {processor.py:176} INFO - Processing /home/airflow/.local/lib/python3.7/site-packages/airflow/example_dags/example_branch_labels.py took 0.111 seconds
[2024-12-04T04:59:34.472+0000] {processor.py:154} INFO - Started process (PID=136) to work on /home/airflow/.local/lib/python3.7/site-packages/airflow/example_dags/example_branch_labels.py
[2024-12-04T04:59:34.473+0000] {processor.py:756} INFO - Processing file /home/airflow/.local/lib/python3.7/site-packages/airflow/example_dags/example_branch_labels.py for tasks to queue
[2024-12-04T04:59:34.474+0000] {logging_mixin.py:120} INFO - [2024-12-04T04:59:34.474+0000] {dagbag.py:537} INFO - Filling up the DagBag from /home/airflow/.local/lib/python3.7/site-packages/airflow/example_dags/example_branch_labels.py
[2024-12-04T04:59:34.493+0000] {processor.py:766} INFO - DAG(s) dict_keys(['example_branch_labels']) retrieved from /home/airflow/.local/lib/python3.7/site-packages/airflow/example_dags/example_branch_labels.py
[2024-12-04T04:59:34.535+0000] {logging_mixin.py:120} INFO - [2024-12-04T04:59:34.535+0000] {dag.py:2585} INFO - Sync 1 DAGs
[2024-12-04T04:59:34.564+0000] {logging_mixin.py:120} INFO - [2024-12-04T04:59:34.564+0000] {dag.py:3340} INFO - Setting next_dagrun for example_branch_labels to 2024-12-03T00:00:00+00:00, run_after=2024-12-04T00:00:00+00:00
[2024-12-04T04:59:34.582+0000] {processor.py:176} INFO - Processing /home/airflow/.local/lib/python3.7/site-packages/airflow/example_dags/example_branch_labels.py took 0.113 seconds
[2024-12-04T05:00:07.292+0000] {processor.py:154} INFO - Started process (PID=200) to work on /home/airflow/.local/lib/python3.7/site-packages/airflow/example_dags/example_branch_labels.py
[2024-12-04T05:00:07.293+0000] {processor.py:756} INFO - Processing file /home/airflow/.local/lib/python3.7/site-packages/airflow/example_dags/example_branch_labels.py for tasks to queue
[2024-12-04T05:00:07.294+0000] {logging_mixin.py:120} INFO - [2024-12-04T05:00:07.294+0000] {dagbag.py:537} INFO - Filling up the DagBag from /home/airflow/.local/lib/python3.7/site-packages/airflow/example_dags/example_branch_labels.py
[2024-12-04T05:00:07.310+0000] {processor.py:766} INFO - DAG(s) dict_keys(['example_branch_labels']) retrieved from /home/airflow/.local/lib/python3.7/site-packages/airflow/example_dags/example_branch_labels.py
[2024-12-04T05:00:07.351+0000] {logging_mixin.py:120} INFO - [2024-12-04T05:00:07.351+0000] {dag.py:2585} INFO - Sync 1 DAGs
[2024-12-04T05:00:07.378+0000] {logging_mixin.py:120} INFO - [2024-12-04T05:00:07.378+0000] {dag.py:3340} INFO - Setting next_dagrun for example_branch_labels to 2024-12-03T00:00:00+00:00, run_after=2024-12-04T00:00:00+00:00
[2024-12-04T05:00:07.397+0000] {processor.py:176} INFO - Processing /home/airflow/.local/lib/python3.7/site-packages/airflow/example_dags/example_branch_labels.py took 0.108 seconds
[2024-12-04T05:00:38.688+0000] {processor.py:154} INFO - Started process (PID=255) to work on /home/airflow/.local/lib/python3.7/site-packages/airflow/example_dags/example_branch_labels.py
[2024-12-04T05:00:38.690+0000] {processor.py:756} INFO - Processing file /home/airflow/.local/lib/python3.7/site-packages/airflow/example_dags/example_branch_labels.py for tasks to queue
[2024-12-04T05:00:38.691+0000] {logging_mixin.py:120} INFO - [2024-12-04T05:00:38.691+0000] {dagbag.py:537} INFO - Filling up the DagBag from /home/airflow/.local/lib/python3.7/site-packages/airflow/example_dags/example_branch_labels.py
[2024-12-04T05:00:38.723+0000] {processor.py:766} INFO - DAG(s) dict_keys(['example_branch_labels']) retrieved from /home/airflow/.local/lib/python3.7/site-packages/airflow/example_dags/example_branch_labels.py
[2024-12-04T05:00:38.800+0000] {logging_mixin.py:120} INFO - [2024-12-04T05:00:38.799+0000] {dag.py:2585} INFO - Sync 1 DAGs
[2024-12-04T05:00:38.846+0000] {logging_mixin.py:120} INFO - [2024-12-04T05:00:38.846+0000] {dag.py:3340} INFO - Setting next_dagrun for example_branch_labels to 2024-12-03T00:00:00+00:00, run_after=2024-12-04T00:00:00+00:00
[2024-12-04T05:00:38.891+0000] {processor.py:176} INFO - Processing /home/airflow/.local/lib/python3.7/site-packages/airflow/example_dags/example_branch_labels.py took 0.208 seconds
[2024-12-04T05:01:09.376+0000] {processor.py:154} INFO - Started process (PID=317) to work on /home/airflow/.local/lib/python3.7/site-packages/airflow/example_dags/example_branch_labels.py
[2024-12-04T05:01:09.377+0000] {processor.py:756} INFO - Processing file /home/airflow/.local/lib/python3.7/site-packages/airflow/example_dags/example_branch_labels.py for tasks to queue
[2024-12-04T05:01:09.378+0000] {logging_mixin.py:120} INFO - [2024-12-04T05:01:09.377+0000] {dagbag.py:537} INFO - Filling up the DagBag from /home/airflow/.local/lib/python3.7/site-packages/airflow/example_dags/example_branch_labels.py
[2024-12-04T05:01:09.394+0000] {processor.py:766} INFO - DAG(s) dict_keys(['example_branch_labels']) retrieved from /home/airflow/.local/lib/python3.7/site-packages/airflow/example_dags/example_branch_labels.py
[2024-12-04T05:01:09.436+0000] {logging_mixin.py:120} INFO - [2024-12-04T05:01:09.436+0000] {dag.py:2585} INFO - Sync 1 DAGs
[2024-12-04T05:01:09.468+0000] {logging_mixin.py:120} INFO - [2024-12-04T05:01:09.468+0000] {dag.py:3340} INFO - Setting next_dagrun for example_branch_labels to 2024-12-03T00:00:00+00:00, run_after=2024-12-04T00:00:00+00:00
[2024-12-04T05:01:09.493+0000] {processor.py:176} INFO - Processing /home/airflow/.local/lib/python3.7/site-packages/airflow/example_dags/example_branch_labels.py took 0.124 seconds
[2024-12-04T05:01:40.431+0000] {processor.py:154} INFO - Started process (PID=380) to work on /home/airflow/.local/lib/python3.7/site-packages/airflow/example_dags/example_branch_labels.py
[2024-12-04T05:01:40.432+0000] {processor.py:756} INFO - Processing file /home/airflow/.local/lib/python3.7/site-packages/airflow/example_dags/example_branch_labels.py for tasks to queue
[2024-12-04T05:01:40.433+0000] {logging_mixin.py:120} INFO - [2024-12-04T05:01:40.433+0000] {dagbag.py:537} INFO - Filling up the DagBag from /home/airflow/.local/lib/python3.7/site-packages/airflow/example_dags/example_branch_labels.py
[2024-12-04T05:01:40.455+0000] {processor.py:766} INFO - DAG(s) dict_keys(['example_branch_labels']) retrieved from /home/airflow/.local/lib/python3.7/site-packages/airflow/example_dags/example_branch_labels.py
[2024-12-04T05:01:40.509+0000] {logging_mixin.py:120} INFO - [2024-12-04T05:01:40.509+0000] {dag.py:2585} INFO - Sync 1 DAGs
[2024-12-04T05:01:40.549+0000] {logging_mixin.py:120} INFO - [2024-12-04T05:01:40.549+0000] {dag.py:3340} INFO - Setting next_dagrun for example_branch_labels to 2024-12-03T00:00:00+00:00, run_after=2024-12-04T00:00:00+00:00
[2024-12-04T05:01:40.576+0000] {processor.py:176} INFO - Processing /home/airflow/.local/lib/python3.7/site-packages/airflow/example_dags/example_branch_labels.py took 0.152 seconds
[2024-12-04T05:02:10.728+0000] {processor.py:154} INFO - Started process (PID=434) to work on /home/airflow/.local/lib/python3.7/site-packages/airflow/example_dags/example_branch_labels.py
[2024-12-04T05:02:10.730+0000] {processor.py:756} INFO - Processing file /home/airflow/.local/lib/python3.7/site-packages/airflow/example_dags/example_branch_labels.py for tasks to queue
[2024-12-04T05:02:10.732+0000] {logging_mixin.py:120} INFO - [2024-12-04T05:02:10.732+0000] {dagbag.py:537} INFO - Filling up the DagBag from /home/airflow/.local/lib/python3.7/site-packages/airflow/example_dags/example_branch_labels.py
[2024-12-04T05:02:10.750+0000] {processor.py:766} INFO - DAG(s) dict_keys(['example_branch_labels']) retrieved from /home/airflow/.local/lib/python3.7/site-packages/airflow/example_dags/example_branch_labels.py
[2024-12-04T05:02:10.804+0000] {logging_mixin.py:120} INFO - [2024-12-04T05:02:10.804+0000] {dag.py:2585} INFO - Sync 1 DAGs
[2024-12-04T05:02:10.838+0000] {logging_mixin.py:120} INFO - [2024-12-04T05:02:10.838+0000] {dag.py:3340} INFO - Setting next_dagrun for example_branch_labels to 2024-12-03T00:00:00+00:00, run_after=2024-12-04T00:00:00+00:00
[2024-12-04T05:02:10.865+0000] {processor.py:176} INFO - Processing /home/airflow/.local/lib/python3.7/site-packages/airflow/example_dags/example_branch_labels.py took 0.143 seconds
[2024-12-04T05:02:41.369+0000] {processor.py:154} INFO - Started process (PID=497) to work on /home/airflow/.local/lib/python3.7/site-packages/airflow/example_dags/example_branch_labels.py
[2024-12-04T05:02:41.371+0000] {processor.py:756} INFO - Processing file /home/airflow/.local/lib/python3.7/site-packages/airflow/example_dags/example_branch_labels.py for tasks to queue
[2024-12-04T05:02:41.372+0000] {logging_mixin.py:120} INFO - [2024-12-04T05:02:41.371+0000] {dagbag.py:537} INFO - Filling up the DagBag from /home/airflow/.local/lib/python3.7/site-packages/airflow/example_dags/example_branch_labels.py
[2024-12-04T05:02:41.398+0000] {processor.py:766} INFO - DAG(s) dict_keys(['example_branch_labels']) retrieved from /home/airflow/.local/lib/python3.7/site-packages/airflow/example_dags/example_branch_labels.py
[2024-12-04T05:02:41.455+0000] {logging_mixin.py:120} INFO - [2024-12-04T05:02:41.455+0000] {dag.py:2585} INFO - Sync 1 DAGs
[2024-12-04T05:02:41.494+0000] {logging_mixin.py:120} INFO - [2024-12-04T05:02:41.494+0000] {dag.py:3340} INFO - Setting next_dagrun for example_branch_labels to 2024-12-03T00:00:00+00:00, run_after=2024-12-04T00:00:00+00:00
[2024-12-04T05:02:41.520+0000] {processor.py:176} INFO - Processing /home/airflow/.local/lib/python3.7/site-packages/airflow/example_dags/example_branch_labels.py took 0.155 seconds
[2024-12-04T05:03:12.046+0000] {processor.py:154} INFO - Started process (PID=551) to work on /home/airflow/.local/lib/python3.7/site-packages/airflow/example_dags/example_branch_labels.py
[2024-12-04T05:03:12.048+0000] {processor.py:756} INFO - Processing file /home/airflow/.local/lib/python3.7/site-packages/airflow/example_dags/example_branch_labels.py for tasks to queue
[2024-12-04T05:03:12.049+0000] {logging_mixin.py:120} INFO - [2024-12-04T05:03:12.048+0000] {dagbag.py:537} INFO - Filling up the DagBag from /home/airflow/.local/lib/python3.7/site-packages/airflow/example_dags/example_branch_labels.py
[2024-12-04T05:03:12.069+0000] {processor.py:766} INFO - DAG(s) dict_keys(['example_branch_labels']) retrieved from /home/airflow/.local/lib/python3.7/site-packages/airflow/example_dags/example_branch_labels.py
[2024-12-04T05:03:12.125+0000] {logging_mixin.py:120} INFO - [2024-12-04T05:03:12.124+0000] {dag.py:2585} INFO - Sync 1 DAGs
[2024-12-04T05:03:12.167+0000] {logging_mixin.py:120} INFO - [2024-12-04T05:03:12.167+0000] {dag.py:3340} INFO - Setting next_dagrun for example_branch_labels to 2024-12-03T00:00:00+00:00, run_after=2024-12-04T00:00:00+00:00
[2024-12-04T05:03:12.192+0000] {processor.py:176} INFO - Processing /home/airflow/.local/lib/python3.7/site-packages/airflow/example_dags/example_branch_labels.py took 0.152 seconds
[2024-12-04T05:03:42.396+0000] {processor.py:154} INFO - Started process (PID=614) to work on /home/airflow/.local/lib/python3.7/site-packages/airflow/example_dags/example_branch_labels.py
[2024-12-04T05:03:42.397+0000] {processor.py:756} INFO - Processing file /home/airflow/.local/lib/python3.7/site-packages/airflow/example_dags/example_branch_labels.py for tasks to queue
[2024-12-04T05:03:42.398+0000] {logging_mixin.py:120} INFO - [2024-12-04T05:03:42.398+0000] {dagbag.py:537} INFO - Filling up the DagBag from /home/airflow/.local/lib/python3.7/site-packages/airflow/example_dags/example_branch_labels.py
[2024-12-04T05:03:42.418+0000] {processor.py:766} INFO - DAG(s) dict_keys(['example_branch_labels']) retrieved from /home/airflow/.local/lib/python3.7/site-packages/airflow/example_dags/example_branch_labels.py
[2024-12-04T05:03:42.475+0000] {logging_mixin.py:120} INFO - [2024-12-04T05:03:42.475+0000] {dag.py:2585} INFO - Sync 1 DAGs
[2024-12-04T05:03:42.512+0000] {logging_mixin.py:120} INFO - [2024-12-04T05:03:42.512+0000] {dag.py:3340} INFO - Setting next_dagrun for example_branch_labels to 2024-12-03T00:00:00+00:00, run_after=2024-12-04T00:00:00+00:00
[2024-12-04T05:03:42.545+0000] {processor.py:176} INFO - Processing /home/airflow/.local/lib/python3.7/site-packages/airflow/example_dags/example_branch_labels.py took 0.154 seconds
[2024-12-04T05:04:13.089+0000] {processor.py:154} INFO - Started process (PID=675) to work on /home/airflow/.local/lib/python3.7/site-packages/airflow/example_dags/example_branch_labels.py
[2024-12-04T05:04:13.090+0000] {processor.py:756} INFO - Processing file /home/airflow/.local/lib/python3.7/site-packages/airflow/example_dags/example_branch_labels.py for tasks to queue
[2024-12-04T05:04:13.091+0000] {logging_mixin.py:120} INFO - [2024-12-04T05:04:13.090+0000] {dagbag.py:537} INFO - Filling up the DagBag from /home/airflow/.local/lib/python3.7/site-packages/airflow/example_dags/example_branch_labels.py
[2024-12-04T05:04:13.112+0000] {processor.py:766} INFO - DAG(s) dict_keys(['example_branch_labels']) retrieved from /home/airflow/.local/lib/python3.7/site-packages/airflow/example_dags/example_branch_labels.py
[2024-12-04T05:04:13.169+0000] {logging_mixin.py:120} INFO - [2024-12-04T05:04:13.169+0000] {dag.py:2585} INFO - Sync 1 DAGs
[2024-12-04T05:04:13.206+0000] {logging_mixin.py:120} INFO - [2024-12-04T05:04:13.206+0000] {dag.py:3340} INFO - Setting next_dagrun for example_branch_labels to 2024-12-03T00:00:00+00:00, run_after=2024-12-04T00:00:00+00:00
[2024-12-04T05:04:13.233+0000] {processor.py:176} INFO - Processing /home/airflow/.local/lib/python3.7/site-packages/airflow/example_dags/example_branch_labels.py took 0.148 seconds
[2024-12-04T05:04:43.471+0000] {processor.py:154} INFO - Started process (PID=731) to work on /home/airflow/.local/lib/python3.7/site-packages/airflow/example_dags/example_branch_labels.py
[2024-12-04T05:04:43.473+0000] {processor.py:756} INFO - Processing file /home/airflow/.local/lib/python3.7/site-packages/airflow/example_dags/example_branch_labels.py for tasks to queue
[2024-12-04T05:04:43.474+0000] {logging_mixin.py:120} INFO - [2024-12-04T05:04:43.474+0000] {dagbag.py:537} INFO - Filling up the DagBag from /home/airflow/.local/lib/python3.7/site-packages/airflow/example_dags/example_branch_labels.py
[2024-12-04T05:04:43.494+0000] {processor.py:766} INFO - DAG(s) dict_keys(['example_branch_labels']) retrieved from /home/airflow/.local/lib/python3.7/site-packages/airflow/example_dags/example_branch_labels.py
[2024-12-04T05:04:43.546+0000] {logging_mixin.py:120} INFO - [2024-12-04T05:04:43.546+0000] {dag.py:2585} INFO - Sync 1 DAGs
[2024-12-04T05:04:43.582+0000] {logging_mixin.py:120} INFO - [2024-12-04T05:04:43.582+0000] {dag.py:3340} INFO - Setting next_dagrun for example_branch_labels to 2024-12-03T00:00:00+00:00, run_after=2024-12-04T00:00:00+00:00
[2024-12-04T05:04:43.608+0000] {processor.py:176} INFO - Processing /home/airflow/.local/lib/python3.7/site-packages/airflow/example_dags/example_branch_labels.py took 0.143 seconds
