[2024-12-04T04:51:48.587+0000] {processor.py:154} INFO - Started process (PID=45) to work on /home/airflow/.local/lib/python3.7/site-packages/airflow/example_dags/example_datasets.py
[2024-12-04T04:51:48.588+0000] {processor.py:756} INFO - Processing file /home/airflow/.local/lib/python3.7/site-packages/airflow/example_dags/example_datasets.py for tasks to queue
[2024-12-04T04:51:48.595+0000] {logging_mixin.py:120} INFO - [2024-12-04T04:51:48.595+0000] {dagbag.py:537} INFO - Filling up the DagBag from /home/airflow/.local/lib/python3.7/site-packages/airflow/example_dags/example_datasets.py
[2024-12-04T04:51:48.641+0000] {processor.py:766} INFO - DAG(s) dict_keys(['dataset_consumes_1_and_2', 'dataset_consumes_1_never_scheduled', 'dataset_produces_1', 'dataset_produces_2', 'dataset_consumes_1', 'dataset_consumes_unknown_never_scheduled']) retrieved from /home/airflow/.local/lib/python3.7/site-packages/airflow/example_dags/example_datasets.py
[2024-12-04T04:51:48.694+0000] {logging_mixin.py:120} INFO - [2024-12-04T04:51:48.694+0000] {dag.py:2585} INFO - Sync 6 DAGs
[2024-12-04T04:51:48.722+0000] {logging_mixin.py:120} INFO - [2024-12-04T04:51:48.721+0000] {dag.py:3340} INFO - Setting next_dagrun for dataset_consumes_1 to None, run_after=None
[2024-12-04T04:51:48.725+0000] {logging_mixin.py:120} INFO - [2024-12-04T04:51:48.725+0000] {dag.py:3340} INFO - Setting next_dagrun for dataset_consumes_1_and_2 to None, run_after=None
[2024-12-04T04:51:48.726+0000] {logging_mixin.py:120} INFO - [2024-12-04T04:51:48.726+0000] {dag.py:3340} INFO - Setting next_dagrun for dataset_consumes_1_never_scheduled to None, run_after=None
[2024-12-04T04:51:48.728+0000] {logging_mixin.py:120} INFO - [2024-12-04T04:51:48.728+0000] {dag.py:3340} INFO - Setting next_dagrun for dataset_consumes_unknown_never_scheduled to None, run_after=None
[2024-12-04T04:51:48.731+0000] {logging_mixin.py:120} INFO - [2024-12-04T04:51:48.731+0000] {dag.py:3340} INFO - Setting next_dagrun for dataset_produces_1 to 2024-12-03T00:00:00+00:00, run_after=2024-12-04T00:00:00+00:00
[2024-12-04T04:51:48.733+0000] {logging_mixin.py:120} INFO - [2024-12-04T04:51:48.733+0000] {dag.py:3340} INFO - Setting next_dagrun for dataset_produces_2 to None, run_after=None
[2024-12-04T04:51:48.768+0000] {processor.py:176} INFO - Processing /home/airflow/.local/lib/python3.7/site-packages/airflow/example_dags/example_datasets.py took 0.187 seconds
[2024-12-04T04:52:19.814+0000] {processor.py:154} INFO - Started process (PID=108) to work on /home/airflow/.local/lib/python3.7/site-packages/airflow/example_dags/example_datasets.py
[2024-12-04T04:52:19.816+0000] {processor.py:756} INFO - Processing file /home/airflow/.local/lib/python3.7/site-packages/airflow/example_dags/example_datasets.py for tasks to queue
[2024-12-04T04:52:19.817+0000] {logging_mixin.py:120} INFO - [2024-12-04T04:52:19.817+0000] {dagbag.py:537} INFO - Filling up the DagBag from /home/airflow/.local/lib/python3.7/site-packages/airflow/example_dags/example_datasets.py
[2024-12-04T04:52:19.852+0000] {processor.py:766} INFO - DAG(s) dict_keys(['dataset_consumes_1_and_2', 'dataset_consumes_unknown_never_scheduled', 'dataset_consumes_1_never_scheduled', 'dataset_produces_2', 'dataset_consumes_1', 'dataset_produces_1']) retrieved from /home/airflow/.local/lib/python3.7/site-packages/airflow/example_dags/example_datasets.py
[2024-12-04T04:52:20.062+0000] {logging_mixin.py:120} INFO - [2024-12-04T04:52:20.062+0000] {dag.py:2585} INFO - Sync 6 DAGs
[2024-12-04T04:52:20.104+0000] {logging_mixin.py:120} INFO - [2024-12-04T04:52:20.104+0000] {dag.py:3340} INFO - Setting next_dagrun for dataset_consumes_1 to None, run_after=None
[2024-12-04T04:52:20.109+0000] {logging_mixin.py:120} INFO - [2024-12-04T04:52:20.108+0000] {dag.py:3340} INFO - Setting next_dagrun for dataset_consumes_1_and_2 to None, run_after=None
[2024-12-04T04:52:20.111+0000] {logging_mixin.py:120} INFO - [2024-12-04T04:52:20.111+0000] {dag.py:3340} INFO - Setting next_dagrun for dataset_consumes_1_never_scheduled to None, run_after=None
[2024-12-04T04:52:20.113+0000] {logging_mixin.py:120} INFO - [2024-12-04T04:52:20.113+0000] {dag.py:3340} INFO - Setting next_dagrun for dataset_consumes_unknown_never_scheduled to None, run_after=None
[2024-12-04T04:52:20.117+0000] {logging_mixin.py:120} INFO - [2024-12-04T04:52:20.117+0000] {dag.py:3340} INFO - Setting next_dagrun for dataset_produces_1 to 2024-12-03T00:00:00+00:00, run_after=2024-12-04T00:00:00+00:00
[2024-12-04T04:52:20.119+0000] {logging_mixin.py:120} INFO - [2024-12-04T04:52:20.119+0000] {dag.py:3340} INFO - Setting next_dagrun for dataset_produces_2 to None, run_after=None
[2024-12-04T04:52:20.170+0000] {processor.py:176} INFO - Processing /home/airflow/.local/lib/python3.7/site-packages/airflow/example_dags/example_datasets.py took 0.361 seconds
[2024-12-04T04:59:01.360+0000] {processor.py:154} INFO - Started process (PID=44) to work on /home/airflow/.local/lib/python3.7/site-packages/airflow/example_dags/example_datasets.py
[2024-12-04T04:59:01.361+0000] {processor.py:756} INFO - Processing file /home/airflow/.local/lib/python3.7/site-packages/airflow/example_dags/example_datasets.py for tasks to queue
[2024-12-04T04:59:01.361+0000] {logging_mixin.py:120} INFO - [2024-12-04T04:59:01.361+0000] {dagbag.py:537} INFO - Filling up the DagBag from /home/airflow/.local/lib/python3.7/site-packages/airflow/example_dags/example_datasets.py
[2024-12-04T04:59:01.377+0000] {processor.py:766} INFO - DAG(s) dict_keys(['dataset_consumes_1_and_2', 'dataset_produces_1', 'dataset_consumes_unknown_never_scheduled', 'dataset_produces_2', 'dataset_consumes_1', 'dataset_consumes_1_never_scheduled']) retrieved from /home/airflow/.local/lib/python3.7/site-packages/airflow/example_dags/example_datasets.py
[2024-12-04T04:59:01.411+0000] {logging_mixin.py:120} INFO - [2024-12-04T04:59:01.411+0000] {dag.py:2585} INFO - Sync 6 DAGs
[2024-12-04T04:59:01.446+0000] {logging_mixin.py:120} INFO - [2024-12-04T04:59:01.446+0000] {dag.py:3340} INFO - Setting next_dagrun for dataset_consumes_1 to None, run_after=None
[2024-12-04T04:59:01.450+0000] {logging_mixin.py:120} INFO - [2024-12-04T04:59:01.449+0000] {dag.py:3340} INFO - Setting next_dagrun for dataset_consumes_1_and_2 to None, run_after=None
[2024-12-04T04:59:01.451+0000] {logging_mixin.py:120} INFO - [2024-12-04T04:59:01.451+0000] {dag.py:3340} INFO - Setting next_dagrun for dataset_consumes_1_never_scheduled to None, run_after=None
[2024-12-04T04:59:01.452+0000] {logging_mixin.py:120} INFO - [2024-12-04T04:59:01.452+0000] {dag.py:3340} INFO - Setting next_dagrun for dataset_consumes_unknown_never_scheduled to None, run_after=None
[2024-12-04T04:59:01.455+0000] {logging_mixin.py:120} INFO - [2024-12-04T04:59:01.455+0000] {dag.py:3340} INFO - Setting next_dagrun for dataset_produces_1 to 2024-12-03T00:00:00+00:00, run_after=2024-12-04T00:00:00+00:00
[2024-12-04T04:59:01.457+0000] {logging_mixin.py:120} INFO - [2024-12-04T04:59:01.457+0000] {dag.py:3340} INFO - Setting next_dagrun for dataset_produces_2 to None, run_after=None
[2024-12-04T04:59:01.489+0000] {processor.py:176} INFO - Processing /home/airflow/.local/lib/python3.7/site-packages/airflow/example_dags/example_datasets.py took 0.132 seconds
[2024-12-04T04:59:32.286+0000] {processor.py:154} INFO - Started process (PID=107) to work on /home/airflow/.local/lib/python3.7/site-packages/airflow/example_dags/example_datasets.py
[2024-12-04T04:59:32.287+0000] {processor.py:756} INFO - Processing file /home/airflow/.local/lib/python3.7/site-packages/airflow/example_dags/example_datasets.py for tasks to queue
[2024-12-04T04:59:32.288+0000] {logging_mixin.py:120} INFO - [2024-12-04T04:59:32.287+0000] {dagbag.py:537} INFO - Filling up the DagBag from /home/airflow/.local/lib/python3.7/site-packages/airflow/example_dags/example_datasets.py
[2024-12-04T04:59:32.305+0000] {processor.py:766} INFO - DAG(s) dict_keys(['dataset_consumes_1_never_scheduled', 'dataset_consumes_unknown_never_scheduled', 'dataset_produces_2', 'dataset_produces_1', 'dataset_consumes_1_and_2', 'dataset_consumes_1']) retrieved from /home/airflow/.local/lib/python3.7/site-packages/airflow/example_dags/example_datasets.py
[2024-12-04T04:59:32.414+0000] {logging_mixin.py:120} INFO - [2024-12-04T04:59:32.414+0000] {dag.py:2585} INFO - Sync 6 DAGs
[2024-12-04T04:59:32.439+0000] {logging_mixin.py:120} INFO - [2024-12-04T04:59:32.439+0000] {dag.py:3340} INFO - Setting next_dagrun for dataset_consumes_1 to None, run_after=None
[2024-12-04T04:59:32.443+0000] {logging_mixin.py:120} INFO - [2024-12-04T04:59:32.443+0000] {dag.py:3340} INFO - Setting next_dagrun for dataset_consumes_1_and_2 to None, run_after=None
[2024-12-04T04:59:32.445+0000] {logging_mixin.py:120} INFO - [2024-12-04T04:59:32.444+0000] {dag.py:3340} INFO - Setting next_dagrun for dataset_consumes_1_never_scheduled to None, run_after=None
[2024-12-04T04:59:32.447+0000] {logging_mixin.py:120} INFO - [2024-12-04T04:59:32.446+0000] {dag.py:3340} INFO - Setting next_dagrun for dataset_consumes_unknown_never_scheduled to None, run_after=None
[2024-12-04T04:59:32.450+0000] {logging_mixin.py:120} INFO - [2024-12-04T04:59:32.450+0000] {dag.py:3340} INFO - Setting next_dagrun for dataset_produces_1 to 2024-12-03T00:00:00+00:00, run_after=2024-12-04T00:00:00+00:00
[2024-12-04T04:59:32.452+0000] {logging_mixin.py:120} INFO - [2024-12-04T04:59:32.451+0000] {dag.py:3340} INFO - Setting next_dagrun for dataset_produces_2 to None, run_after=None
[2024-12-04T04:59:32.488+0000] {processor.py:176} INFO - Processing /home/airflow/.local/lib/python3.7/site-packages/airflow/example_dags/example_datasets.py took 0.204 seconds
[2024-12-04T05:00:03.749+0000] {processor.py:154} INFO - Started process (PID=171) to work on /home/airflow/.local/lib/python3.7/site-packages/airflow/example_dags/example_datasets.py
[2024-12-04T05:00:03.750+0000] {processor.py:756} INFO - Processing file /home/airflow/.local/lib/python3.7/site-packages/airflow/example_dags/example_datasets.py for tasks to queue
[2024-12-04T05:00:03.751+0000] {logging_mixin.py:120} INFO - [2024-12-04T05:00:03.751+0000] {dagbag.py:537} INFO - Filling up the DagBag from /home/airflow/.local/lib/python3.7/site-packages/airflow/example_dags/example_datasets.py
[2024-12-04T05:00:03.785+0000] {processor.py:766} INFO - DAG(s) dict_keys(['dataset_consumes_1', 'dataset_consumes_1_and_2', 'dataset_consumes_unknown_never_scheduled', 'dataset_produces_1', 'dataset_consumes_1_never_scheduled', 'dataset_produces_2']) retrieved from /home/airflow/.local/lib/python3.7/site-packages/airflow/example_dags/example_datasets.py
[2024-12-04T05:00:03.899+0000] {logging_mixin.py:120} INFO - [2024-12-04T05:00:03.898+0000] {dag.py:2585} INFO - Sync 6 DAGs
[2024-12-04T05:00:03.949+0000] {logging_mixin.py:120} INFO - [2024-12-04T05:00:03.948+0000] {dag.py:3340} INFO - Setting next_dagrun for dataset_consumes_1 to None, run_after=None
[2024-12-04T05:00:03.955+0000] {logging_mixin.py:120} INFO - [2024-12-04T05:00:03.955+0000] {dag.py:3340} INFO - Setting next_dagrun for dataset_consumes_1_and_2 to None, run_after=None
[2024-12-04T05:00:03.959+0000] {logging_mixin.py:120} INFO - [2024-12-04T05:00:03.958+0000] {dag.py:3340} INFO - Setting next_dagrun for dataset_consumes_1_never_scheduled to None, run_after=None
[2024-12-04T05:00:03.961+0000] {logging_mixin.py:120} INFO - [2024-12-04T05:00:03.961+0000] {dag.py:3340} INFO - Setting next_dagrun for dataset_consumes_unknown_never_scheduled to None, run_after=None
[2024-12-04T05:00:03.967+0000] {logging_mixin.py:120} INFO - [2024-12-04T05:00:03.966+0000] {dag.py:3340} INFO - Setting next_dagrun for dataset_produces_1 to 2024-12-03T00:00:00+00:00, run_after=2024-12-04T00:00:00+00:00
[2024-12-04T05:00:03.969+0000] {logging_mixin.py:120} INFO - [2024-12-04T05:00:03.969+0000] {dag.py:3340} INFO - Setting next_dagrun for dataset_produces_2 to None, run_after=None
[2024-12-04T05:00:04.031+0000] {processor.py:176} INFO - Processing /home/airflow/.local/lib/python3.7/site-packages/airflow/example_dags/example_datasets.py took 0.289 seconds
[2024-12-04T05:00:34.399+0000] {processor.py:154} INFO - Started process (PID=226) to work on /home/airflow/.local/lib/python3.7/site-packages/airflow/example_dags/example_datasets.py
[2024-12-04T05:00:34.400+0000] {processor.py:756} INFO - Processing file /home/airflow/.local/lib/python3.7/site-packages/airflow/example_dags/example_datasets.py for tasks to queue
[2024-12-04T05:00:34.401+0000] {logging_mixin.py:120} INFO - [2024-12-04T05:00:34.401+0000] {dagbag.py:537} INFO - Filling up the DagBag from /home/airflow/.local/lib/python3.7/site-packages/airflow/example_dags/example_datasets.py
[2024-12-04T05:00:34.429+0000] {processor.py:766} INFO - DAG(s) dict_keys(['dataset_produces_1', 'dataset_consumes_1_and_2', 'dataset_consumes_1_never_scheduled', 'dataset_produces_2', 'dataset_consumes_1', 'dataset_consumes_unknown_never_scheduled']) retrieved from /home/airflow/.local/lib/python3.7/site-packages/airflow/example_dags/example_datasets.py
[2024-12-04T05:00:34.517+0000] {logging_mixin.py:120} INFO - [2024-12-04T05:00:34.517+0000] {dag.py:2585} INFO - Sync 6 DAGs
[2024-12-04T05:00:34.560+0000] {logging_mixin.py:120} INFO - [2024-12-04T05:00:34.560+0000] {dag.py:3340} INFO - Setting next_dagrun for dataset_consumes_1 to None, run_after=None
[2024-12-04T05:00:34.566+0000] {logging_mixin.py:120} INFO - [2024-12-04T05:00:34.565+0000] {dag.py:3340} INFO - Setting next_dagrun for dataset_consumes_1_and_2 to None, run_after=None
[2024-12-04T05:00:34.567+0000] {logging_mixin.py:120} INFO - [2024-12-04T05:00:34.567+0000] {dag.py:3340} INFO - Setting next_dagrun for dataset_consumes_1_never_scheduled to None, run_after=None
[2024-12-04T05:00:34.569+0000] {logging_mixin.py:120} INFO - [2024-12-04T05:00:34.569+0000] {dag.py:3340} INFO - Setting next_dagrun for dataset_consumes_unknown_never_scheduled to None, run_after=None
[2024-12-04T05:00:34.573+0000] {logging_mixin.py:120} INFO - [2024-12-04T05:00:34.573+0000] {dag.py:3340} INFO - Setting next_dagrun for dataset_produces_1 to 2024-12-03T00:00:00+00:00, run_after=2024-12-04T00:00:00+00:00
[2024-12-04T05:00:34.575+0000] {logging_mixin.py:120} INFO - [2024-12-04T05:00:34.575+0000] {dag.py:3340} INFO - Setting next_dagrun for dataset_produces_2 to None, run_after=None
[2024-12-04T05:00:34.618+0000] {processor.py:176} INFO - Processing /home/airflow/.local/lib/python3.7/site-packages/airflow/example_dags/example_datasets.py took 0.225 seconds
[2024-12-04T05:01:04.758+0000] {processor.py:154} INFO - Started process (PID=288) to work on /home/airflow/.local/lib/python3.7/site-packages/airflow/example_dags/example_datasets.py
[2024-12-04T05:01:04.759+0000] {processor.py:756} INFO - Processing file /home/airflow/.local/lib/python3.7/site-packages/airflow/example_dags/example_datasets.py for tasks to queue
[2024-12-04T05:01:04.759+0000] {logging_mixin.py:120} INFO - [2024-12-04T05:01:04.759+0000] {dagbag.py:537} INFO - Filling up the DagBag from /home/airflow/.local/lib/python3.7/site-packages/airflow/example_dags/example_datasets.py
[2024-12-04T05:01:04.774+0000] {processor.py:766} INFO - DAG(s) dict_keys(['dataset_consumes_1', 'dataset_produces_2', 'dataset_consumes_1_never_scheduled', 'dataset_consumes_unknown_never_scheduled', 'dataset_produces_1', 'dataset_consumes_1_and_2']) retrieved from /home/airflow/.local/lib/python3.7/site-packages/airflow/example_dags/example_datasets.py
[2024-12-04T05:01:04.827+0000] {logging_mixin.py:120} INFO - [2024-12-04T05:01:04.827+0000] {dag.py:2585} INFO - Sync 6 DAGs
[2024-12-04T05:01:04.851+0000] {logging_mixin.py:120} INFO - [2024-12-04T05:01:04.850+0000] {dag.py:3340} INFO - Setting next_dagrun for dataset_consumes_1 to None, run_after=None
[2024-12-04T05:01:04.854+0000] {logging_mixin.py:120} INFO - [2024-12-04T05:01:04.854+0000] {dag.py:3340} INFO - Setting next_dagrun for dataset_consumes_1_and_2 to None, run_after=None
[2024-12-04T05:01:04.855+0000] {logging_mixin.py:120} INFO - [2024-12-04T05:01:04.855+0000] {dag.py:3340} INFO - Setting next_dagrun for dataset_consumes_1_never_scheduled to None, run_after=None
[2024-12-04T05:01:04.857+0000] {logging_mixin.py:120} INFO - [2024-12-04T05:01:04.857+0000] {dag.py:3340} INFO - Setting next_dagrun for dataset_consumes_unknown_never_scheduled to None, run_after=None
[2024-12-04T05:01:04.860+0000] {logging_mixin.py:120} INFO - [2024-12-04T05:01:04.860+0000] {dag.py:3340} INFO - Setting next_dagrun for dataset_produces_1 to 2024-12-03T00:00:00+00:00, run_after=2024-12-04T00:00:00+00:00
[2024-12-04T05:01:04.861+0000] {logging_mixin.py:120} INFO - [2024-12-04T05:01:04.861+0000] {dag.py:3340} INFO - Setting next_dagrun for dataset_produces_2 to None, run_after=None
[2024-12-04T05:01:04.894+0000] {processor.py:176} INFO - Processing /home/airflow/.local/lib/python3.7/site-packages/airflow/example_dags/example_datasets.py took 0.139 seconds
[2024-12-04T05:01:35.430+0000] {processor.py:154} INFO - Started process (PID=342) to work on /home/airflow/.local/lib/python3.7/site-packages/airflow/example_dags/example_datasets.py
[2024-12-04T05:01:35.432+0000] {processor.py:756} INFO - Processing file /home/airflow/.local/lib/python3.7/site-packages/airflow/example_dags/example_datasets.py for tasks to queue
[2024-12-04T05:01:35.433+0000] {logging_mixin.py:120} INFO - [2024-12-04T05:01:35.433+0000] {dagbag.py:537} INFO - Filling up the DagBag from /home/airflow/.local/lib/python3.7/site-packages/airflow/example_dags/example_datasets.py
[2024-12-04T05:01:35.458+0000] {processor.py:766} INFO - DAG(s) dict_keys(['dataset_consumes_1_never_scheduled', 'dataset_consumes_unknown_never_scheduled', 'dataset_produces_2', 'dataset_produces_1', 'dataset_consumes_1', 'dataset_consumes_1_and_2']) retrieved from /home/airflow/.local/lib/python3.7/site-packages/airflow/example_dags/example_datasets.py
[2024-12-04T05:01:35.543+0000] {logging_mixin.py:120} INFO - [2024-12-04T05:01:35.542+0000] {dag.py:2585} INFO - Sync 6 DAGs
[2024-12-04T05:01:35.584+0000] {logging_mixin.py:120} INFO - [2024-12-04T05:01:35.584+0000] {dag.py:3340} INFO - Setting next_dagrun for dataset_consumes_1 to None, run_after=None
[2024-12-04T05:01:35.589+0000] {logging_mixin.py:120} INFO - [2024-12-04T05:01:35.589+0000] {dag.py:3340} INFO - Setting next_dagrun for dataset_consumes_1_and_2 to None, run_after=None
[2024-12-04T05:01:35.591+0000] {logging_mixin.py:120} INFO - [2024-12-04T05:01:35.591+0000] {dag.py:3340} INFO - Setting next_dagrun for dataset_consumes_1_never_scheduled to None, run_after=None
[2024-12-04T05:01:35.593+0000] {logging_mixin.py:120} INFO - [2024-12-04T05:01:35.593+0000] {dag.py:3340} INFO - Setting next_dagrun for dataset_consumes_unknown_never_scheduled to None, run_after=None
[2024-12-04T05:01:35.597+0000] {logging_mixin.py:120} INFO - [2024-12-04T05:01:35.597+0000] {dag.py:3340} INFO - Setting next_dagrun for dataset_produces_1 to 2024-12-03T00:00:00+00:00, run_after=2024-12-04T00:00:00+00:00
[2024-12-04T05:01:35.599+0000] {logging_mixin.py:120} INFO - [2024-12-04T05:01:35.599+0000] {dag.py:3340} INFO - Setting next_dagrun for dataset_produces_2 to None, run_after=None
[2024-12-04T05:01:35.647+0000] {processor.py:176} INFO - Processing /home/airflow/.local/lib/python3.7/site-packages/airflow/example_dags/example_datasets.py took 0.224 seconds
[2024-12-04T05:02:06.080+0000] {processor.py:154} INFO - Started process (PID=405) to work on /home/airflow/.local/lib/python3.7/site-packages/airflow/example_dags/example_datasets.py
[2024-12-04T05:02:06.081+0000] {processor.py:756} INFO - Processing file /home/airflow/.local/lib/python3.7/site-packages/airflow/example_dags/example_datasets.py for tasks to queue
[2024-12-04T05:02:06.082+0000] {logging_mixin.py:120} INFO - [2024-12-04T05:02:06.082+0000] {dagbag.py:537} INFO - Filling up the DagBag from /home/airflow/.local/lib/python3.7/site-packages/airflow/example_dags/example_datasets.py
[2024-12-04T05:02:06.103+0000] {processor.py:766} INFO - DAG(s) dict_keys(['dataset_produces_1', 'dataset_consumes_unknown_never_scheduled', 'dataset_consumes_1_never_scheduled', 'dataset_consumes_1_and_2', 'dataset_consumes_1', 'dataset_produces_2']) retrieved from /home/airflow/.local/lib/python3.7/site-packages/airflow/example_dags/example_datasets.py
[2024-12-04T05:02:06.174+0000] {logging_mixin.py:120} INFO - [2024-12-04T05:02:06.174+0000] {dag.py:2585} INFO - Sync 6 DAGs
[2024-12-04T05:02:06.207+0000] {logging_mixin.py:120} INFO - [2024-12-04T05:02:06.206+0000] {dag.py:3340} INFO - Setting next_dagrun for dataset_consumes_1 to None, run_after=None
[2024-12-04T05:02:06.210+0000] {logging_mixin.py:120} INFO - [2024-12-04T05:02:06.210+0000] {dag.py:3340} INFO - Setting next_dagrun for dataset_consumes_1_and_2 to None, run_after=None
[2024-12-04T05:02:06.212+0000] {logging_mixin.py:120} INFO - [2024-12-04T05:02:06.212+0000] {dag.py:3340} INFO - Setting next_dagrun for dataset_consumes_1_never_scheduled to None, run_after=None
[2024-12-04T05:02:06.213+0000] {logging_mixin.py:120} INFO - [2024-12-04T05:02:06.213+0000] {dag.py:3340} INFO - Setting next_dagrun for dataset_consumes_unknown_never_scheduled to None, run_after=None
[2024-12-04T05:02:06.216+0000] {logging_mixin.py:120} INFO - [2024-12-04T05:02:06.216+0000] {dag.py:3340} INFO - Setting next_dagrun for dataset_produces_1 to 2024-12-03T00:00:00+00:00, run_after=2024-12-04T00:00:00+00:00
[2024-12-04T05:02:06.217+0000] {logging_mixin.py:120} INFO - [2024-12-04T05:02:06.217+0000] {dag.py:3340} INFO - Setting next_dagrun for dataset_produces_2 to None, run_after=None
[2024-12-04T05:02:06.260+0000] {processor.py:176} INFO - Processing /home/airflow/.local/lib/python3.7/site-packages/airflow/example_dags/example_datasets.py took 0.185 seconds
[2024-12-04T05:02:36.546+0000] {processor.py:154} INFO - Started process (PID=459) to work on /home/airflow/.local/lib/python3.7/site-packages/airflow/example_dags/example_datasets.py
[2024-12-04T05:02:36.547+0000] {processor.py:756} INFO - Processing file /home/airflow/.local/lib/python3.7/site-packages/airflow/example_dags/example_datasets.py for tasks to queue
[2024-12-04T05:02:36.548+0000] {logging_mixin.py:120} INFO - [2024-12-04T05:02:36.547+0000] {dagbag.py:537} INFO - Filling up the DagBag from /home/airflow/.local/lib/python3.7/site-packages/airflow/example_dags/example_datasets.py
[2024-12-04T05:02:36.571+0000] {processor.py:766} INFO - DAG(s) dict_keys(['dataset_consumes_1', 'dataset_produces_2', 'dataset_consumes_unknown_never_scheduled', 'dataset_consumes_1_and_2', 'dataset_consumes_1_never_scheduled', 'dataset_produces_1']) retrieved from /home/airflow/.local/lib/python3.7/site-packages/airflow/example_dags/example_datasets.py
[2024-12-04T05:02:36.651+0000] {logging_mixin.py:120} INFO - [2024-12-04T05:02:36.651+0000] {dag.py:2585} INFO - Sync 6 DAGs
[2024-12-04T05:02:36.690+0000] {logging_mixin.py:120} INFO - [2024-12-04T05:02:36.689+0000] {dag.py:3340} INFO - Setting next_dagrun for dataset_consumes_1 to None, run_after=None
[2024-12-04T05:02:36.694+0000] {logging_mixin.py:120} INFO - [2024-12-04T05:02:36.694+0000] {dag.py:3340} INFO - Setting next_dagrun for dataset_consumes_1_and_2 to None, run_after=None
[2024-12-04T05:02:36.696+0000] {logging_mixin.py:120} INFO - [2024-12-04T05:02:36.696+0000] {dag.py:3340} INFO - Setting next_dagrun for dataset_consumes_1_never_scheduled to None, run_after=None
[2024-12-04T05:02:36.697+0000] {logging_mixin.py:120} INFO - [2024-12-04T05:02:36.697+0000] {dag.py:3340} INFO - Setting next_dagrun for dataset_consumes_unknown_never_scheduled to None, run_after=None
[2024-12-04T05:02:36.701+0000] {logging_mixin.py:120} INFO - [2024-12-04T05:02:36.701+0000] {dag.py:3340} INFO - Setting next_dagrun for dataset_produces_1 to 2024-12-03T00:00:00+00:00, run_after=2024-12-04T00:00:00+00:00
[2024-12-04T05:02:36.703+0000] {logging_mixin.py:120} INFO - [2024-12-04T05:02:36.703+0000] {dag.py:3340} INFO - Setting next_dagrun for dataset_produces_2 to None, run_after=None
[2024-12-04T05:02:36.754+0000] {processor.py:176} INFO - Processing /home/airflow/.local/lib/python3.7/site-packages/airflow/example_dags/example_datasets.py took 0.212 seconds
[2024-12-04T05:03:06.894+0000] {processor.py:154} INFO - Started process (PID=521) to work on /home/airflow/.local/lib/python3.7/site-packages/airflow/example_dags/example_datasets.py
[2024-12-04T05:03:06.895+0000] {processor.py:756} INFO - Processing file /home/airflow/.local/lib/python3.7/site-packages/airflow/example_dags/example_datasets.py for tasks to queue
[2024-12-04T05:03:06.896+0000] {logging_mixin.py:120} INFO - [2024-12-04T05:03:06.895+0000] {dagbag.py:537} INFO - Filling up the DagBag from /home/airflow/.local/lib/python3.7/site-packages/airflow/example_dags/example_datasets.py
[2024-12-04T05:03:06.918+0000] {processor.py:766} INFO - DAG(s) dict_keys(['dataset_consumes_1', 'dataset_produces_1', 'dataset_consumes_unknown_never_scheduled', 'dataset_consumes_1_never_scheduled', 'dataset_consumes_1_and_2', 'dataset_produces_2']) retrieved from /home/airflow/.local/lib/python3.7/site-packages/airflow/example_dags/example_datasets.py
[2024-12-04T05:03:07.003+0000] {logging_mixin.py:120} INFO - [2024-12-04T05:03:07.002+0000] {dag.py:2585} INFO - Sync 6 DAGs
[2024-12-04T05:03:07.044+0000] {logging_mixin.py:120} INFO - [2024-12-04T05:03:07.044+0000] {dag.py:3340} INFO - Setting next_dagrun for dataset_consumes_1 to None, run_after=None
[2024-12-04T05:03:07.050+0000] {logging_mixin.py:120} INFO - [2024-12-04T05:03:07.050+0000] {dag.py:3340} INFO - Setting next_dagrun for dataset_consumes_1_and_2 to None, run_after=None
[2024-12-04T05:03:07.052+0000] {logging_mixin.py:120} INFO - [2024-12-04T05:03:07.052+0000] {dag.py:3340} INFO - Setting next_dagrun for dataset_consumes_1_never_scheduled to None, run_after=None
[2024-12-04T05:03:07.054+0000] {logging_mixin.py:120} INFO - [2024-12-04T05:03:07.054+0000] {dag.py:3340} INFO - Setting next_dagrun for dataset_consumes_unknown_never_scheduled to None, run_after=None
[2024-12-04T05:03:07.059+0000] {logging_mixin.py:120} INFO - [2024-12-04T05:03:07.058+0000] {dag.py:3340} INFO - Setting next_dagrun for dataset_produces_1 to 2024-12-03T00:00:00+00:00, run_after=2024-12-04T00:00:00+00:00
[2024-12-04T05:03:07.060+0000] {logging_mixin.py:120} INFO - [2024-12-04T05:03:07.060+0000] {dag.py:3340} INFO - Setting next_dagrun for dataset_produces_2 to None, run_after=None
[2024-12-04T05:03:07.105+0000] {processor.py:176} INFO - Processing /home/airflow/.local/lib/python3.7/site-packages/airflow/example_dags/example_datasets.py took 0.215 seconds
[2024-12-04T05:03:37.857+0000] {processor.py:154} INFO - Started process (PID=585) to work on /home/airflow/.local/lib/python3.7/site-packages/airflow/example_dags/example_datasets.py
[2024-12-04T05:03:37.858+0000] {processor.py:756} INFO - Processing file /home/airflow/.local/lib/python3.7/site-packages/airflow/example_dags/example_datasets.py for tasks to queue
[2024-12-04T05:03:37.859+0000] {logging_mixin.py:120} INFO - [2024-12-04T05:03:37.859+0000] {dagbag.py:537} INFO - Filling up the DagBag from /home/airflow/.local/lib/python3.7/site-packages/airflow/example_dags/example_datasets.py
[2024-12-04T05:03:37.884+0000] {processor.py:766} INFO - DAG(s) dict_keys(['dataset_consumes_1_never_scheduled', 'dataset_consumes_unknown_never_scheduled', 'dataset_consumes_1', 'dataset_produces_2', 'dataset_produces_1', 'dataset_consumes_1_and_2']) retrieved from /home/airflow/.local/lib/python3.7/site-packages/airflow/example_dags/example_datasets.py
[2024-12-04T05:03:37.981+0000] {logging_mixin.py:120} INFO - [2024-12-04T05:03:37.981+0000] {dag.py:2585} INFO - Sync 6 DAGs
[2024-12-04T05:03:38.033+0000] {logging_mixin.py:120} INFO - [2024-12-04T05:03:38.032+0000] {dag.py:3340} INFO - Setting next_dagrun for dataset_consumes_1 to None, run_after=None
[2024-12-04T05:03:38.038+0000] {logging_mixin.py:120} INFO - [2024-12-04T05:03:38.038+0000] {dag.py:3340} INFO - Setting next_dagrun for dataset_consumes_1_and_2 to None, run_after=None
[2024-12-04T05:03:38.040+0000] {logging_mixin.py:120} INFO - [2024-12-04T05:03:38.040+0000] {dag.py:3340} INFO - Setting next_dagrun for dataset_consumes_1_never_scheduled to None, run_after=None
[2024-12-04T05:03:38.042+0000] {logging_mixin.py:120} INFO - [2024-12-04T05:03:38.042+0000] {dag.py:3340} INFO - Setting next_dagrun for dataset_consumes_unknown_never_scheduled to None, run_after=None
[2024-12-04T05:03:38.046+0000] {logging_mixin.py:120} INFO - [2024-12-04T05:03:38.046+0000] {dag.py:3340} INFO - Setting next_dagrun for dataset_produces_1 to 2024-12-03T00:00:00+00:00, run_after=2024-12-04T00:00:00+00:00
[2024-12-04T05:03:38.048+0000] {logging_mixin.py:120} INFO - [2024-12-04T05:03:38.048+0000] {dag.py:3340} INFO - Setting next_dagrun for dataset_produces_2 to None, run_after=None
[2024-12-04T05:03:38.095+0000] {processor.py:176} INFO - Processing /home/airflow/.local/lib/python3.7/site-packages/airflow/example_dags/example_datasets.py took 0.243 seconds
[2024-12-04T05:04:08.213+0000] {processor.py:154} INFO - Started process (PID=638) to work on /home/airflow/.local/lib/python3.7/site-packages/airflow/example_dags/example_datasets.py
[2024-12-04T05:04:08.214+0000] {processor.py:756} INFO - Processing file /home/airflow/.local/lib/python3.7/site-packages/airflow/example_dags/example_datasets.py for tasks to queue
[2024-12-04T05:04:08.215+0000] {logging_mixin.py:120} INFO - [2024-12-04T05:04:08.215+0000] {dagbag.py:537} INFO - Filling up the DagBag from /home/airflow/.local/lib/python3.7/site-packages/airflow/example_dags/example_datasets.py
[2024-12-04T05:04:08.238+0000] {processor.py:766} INFO - DAG(s) dict_keys(['dataset_consumes_1_never_scheduled', 'dataset_produces_2', 'dataset_consumes_unknown_never_scheduled', 'dataset_consumes_1_and_2', 'dataset_consumes_1', 'dataset_produces_1']) retrieved from /home/airflow/.local/lib/python3.7/site-packages/airflow/example_dags/example_datasets.py
[2024-12-04T05:04:08.324+0000] {logging_mixin.py:120} INFO - [2024-12-04T05:04:08.324+0000] {dag.py:2585} INFO - Sync 6 DAGs
[2024-12-04T05:04:08.362+0000] {logging_mixin.py:120} INFO - [2024-12-04T05:04:08.362+0000] {dag.py:3340} INFO - Setting next_dagrun for dataset_consumes_1 to None, run_after=None
[2024-12-04T05:04:08.367+0000] {logging_mixin.py:120} INFO - [2024-12-04T05:04:08.367+0000] {dag.py:3340} INFO - Setting next_dagrun for dataset_consumes_1_and_2 to None, run_after=None
[2024-12-04T05:04:08.369+0000] {logging_mixin.py:120} INFO - [2024-12-04T05:04:08.369+0000] {dag.py:3340} INFO - Setting next_dagrun for dataset_consumes_1_never_scheduled to None, run_after=None
[2024-12-04T05:04:08.371+0000] {logging_mixin.py:120} INFO - [2024-12-04T05:04:08.371+0000] {dag.py:3340} INFO - Setting next_dagrun for dataset_consumes_unknown_never_scheduled to None, run_after=None
[2024-12-04T05:04:08.375+0000] {logging_mixin.py:120} INFO - [2024-12-04T05:04:08.375+0000] {dag.py:3340} INFO - Setting next_dagrun for dataset_produces_1 to 2024-12-03T00:00:00+00:00, run_after=2024-12-04T00:00:00+00:00
[2024-12-04T05:04:08.377+0000] {logging_mixin.py:120} INFO - [2024-12-04T05:04:08.377+0000] {dag.py:3340} INFO - Setting next_dagrun for dataset_produces_2 to None, run_after=None
[2024-12-04T05:04:08.432+0000] {processor.py:176} INFO - Processing /home/airflow/.local/lib/python3.7/site-packages/airflow/example_dags/example_datasets.py took 0.224 seconds
[2024-12-04T05:04:38.725+0000] {processor.py:154} INFO - Started process (PID=701) to work on /home/airflow/.local/lib/python3.7/site-packages/airflow/example_dags/example_datasets.py
[2024-12-04T05:04:38.733+0000] {processor.py:756} INFO - Processing file /home/airflow/.local/lib/python3.7/site-packages/airflow/example_dags/example_datasets.py for tasks to queue
[2024-12-04T05:04:38.735+0000] {logging_mixin.py:120} INFO - [2024-12-04T05:04:38.734+0000] {dagbag.py:537} INFO - Filling up the DagBag from /home/airflow/.local/lib/python3.7/site-packages/airflow/example_dags/example_datasets.py
[2024-12-04T05:04:38.765+0000] {processor.py:766} INFO - DAG(s) dict_keys(['dataset_consumes_1_and_2', 'dataset_produces_1', 'dataset_consumes_1_never_scheduled', 'dataset_consumes_1', 'dataset_consumes_unknown_never_scheduled', 'dataset_produces_2']) retrieved from /home/airflow/.local/lib/python3.7/site-packages/airflow/example_dags/example_datasets.py
[2024-12-04T05:04:38.858+0000] {logging_mixin.py:120} INFO - [2024-12-04T05:04:38.858+0000] {dag.py:2585} INFO - Sync 6 DAGs
[2024-12-04T05:04:38.898+0000] {logging_mixin.py:120} INFO - [2024-12-04T05:04:38.898+0000] {dag.py:3340} INFO - Setting next_dagrun for dataset_consumes_1 to None, run_after=None
[2024-12-04T05:04:38.904+0000] {logging_mixin.py:120} INFO - [2024-12-04T05:04:38.904+0000] {dag.py:3340} INFO - Setting next_dagrun for dataset_consumes_1_and_2 to None, run_after=None
[2024-12-04T05:04:38.906+0000] {logging_mixin.py:120} INFO - [2024-12-04T05:04:38.906+0000] {dag.py:3340} INFO - Setting next_dagrun for dataset_consumes_1_never_scheduled to None, run_after=None
[2024-12-04T05:04:38.908+0000] {logging_mixin.py:120} INFO - [2024-12-04T05:04:38.908+0000] {dag.py:3340} INFO - Setting next_dagrun for dataset_consumes_unknown_never_scheduled to None, run_after=None
[2024-12-04T05:04:38.912+0000] {logging_mixin.py:120} INFO - [2024-12-04T05:04:38.912+0000] {dag.py:3340} INFO - Setting next_dagrun for dataset_produces_1 to 2024-12-03T00:00:00+00:00, run_after=2024-12-04T00:00:00+00:00
[2024-12-04T05:04:38.915+0000] {logging_mixin.py:120} INFO - [2024-12-04T05:04:38.914+0000] {dag.py:3340} INFO - Setting next_dagrun for dataset_produces_2 to None, run_after=None
[2024-12-04T05:04:38.960+0000] {processor.py:176} INFO - Processing /home/airflow/.local/lib/python3.7/site-packages/airflow/example_dags/example_datasets.py took 0.242 seconds
