[2024-12-04T04:51:51.412+0000] {processor.py:154} INFO - Started process (PID=81) to work on /home/airflow/.local/lib/python3.7/site-packages/airflow/example_dags/example_sla_dag.py
[2024-12-04T04:51:51.413+0000] {processor.py:756} INFO - Processing file /home/airflow/.local/lib/python3.7/site-packages/airflow/example_dags/example_sla_dag.py for tasks to queue
[2024-12-04T04:51:51.414+0000] {logging_mixin.py:120} INFO - [2024-12-04T04:51:51.414+0000] {dagbag.py:537} INFO - Filling up the DagBag from /home/airflow/.local/lib/python3.7/site-packages/airflow/example_dags/example_sla_dag.py
[2024-12-04T04:51:51.439+0000] {processor.py:766} INFO - DAG(s) dict_keys(['example_sla_dag']) retrieved from /home/airflow/.local/lib/python3.7/site-packages/airflow/example_dags/example_sla_dag.py
[2024-12-04T04:51:51.468+0000] {logging_mixin.py:120} INFO - [2024-12-04T04:51:51.468+0000] {dag.py:2585} INFO - Sync 1 DAGs
[2024-12-04T04:51:51.510+0000] {logging_mixin.py:120} INFO - [2024-12-04T04:51:51.510+0000] {dag.py:3340} INFO - Setting next_dagrun for example_sla_dag to 2024-12-04T04:48:00+00:00, run_after=2024-12-04T04:50:00+00:00
[2024-12-04T04:51:51.537+0000] {processor.py:176} INFO - Processing /home/airflow/.local/lib/python3.7/site-packages/airflow/example_dags/example_sla_dag.py took 0.129 seconds
[2024-12-04T04:52:22.983+0000] {processor.py:154} INFO - Started process (PID=135) to work on /home/airflow/.local/lib/python3.7/site-packages/airflow/example_dags/example_sla_dag.py
[2024-12-04T04:52:22.984+0000] {processor.py:756} INFO - Processing file /home/airflow/.local/lib/python3.7/site-packages/airflow/example_dags/example_sla_dag.py for tasks to queue
[2024-12-04T04:52:22.985+0000] {logging_mixin.py:120} INFO - [2024-12-04T04:52:22.985+0000] {dagbag.py:537} INFO - Filling up the DagBag from /home/airflow/.local/lib/python3.7/site-packages/airflow/example_dags/example_sla_dag.py
[2024-12-04T04:52:23.020+0000] {processor.py:766} INFO - DAG(s) dict_keys(['example_sla_dag']) retrieved from /home/airflow/.local/lib/python3.7/site-packages/airflow/example_dags/example_sla_dag.py
[2024-12-04T04:52:23.082+0000] {logging_mixin.py:120} INFO - [2024-12-04T04:52:23.081+0000] {dag.py:2585} INFO - Sync 1 DAGs
[2024-12-04T04:52:23.123+0000] {logging_mixin.py:120} INFO - [2024-12-04T04:52:23.122+0000] {dag.py:3340} INFO - Setting next_dagrun for example_sla_dag to 2024-12-04T04:50:00+00:00, run_after=2024-12-04T04:52:00+00:00
[2024-12-04T04:52:23.146+0000] {processor.py:176} INFO - Processing /home/airflow/.local/lib/python3.7/site-packages/airflow/example_dags/example_sla_dag.py took 0.168 seconds
[2024-12-04T04:59:03.329+0000] {processor.py:154} INFO - Started process (PID=71) to work on /home/airflow/.local/lib/python3.7/site-packages/airflow/example_dags/example_sla_dag.py
[2024-12-04T04:59:03.330+0000] {processor.py:756} INFO - Processing file /home/airflow/.local/lib/python3.7/site-packages/airflow/example_dags/example_sla_dag.py for tasks to queue
[2024-12-04T04:59:03.331+0000] {logging_mixin.py:120} INFO - [2024-12-04T04:59:03.331+0000] {dagbag.py:537} INFO - Filling up the DagBag from /home/airflow/.local/lib/python3.7/site-packages/airflow/example_dags/example_sla_dag.py
[2024-12-04T04:59:03.363+0000] {processor.py:766} INFO - DAG(s) dict_keys(['example_sla_dag']) retrieved from /home/airflow/.local/lib/python3.7/site-packages/airflow/example_dags/example_sla_dag.py
[2024-12-04T04:59:03.395+0000] {logging_mixin.py:120} INFO - [2024-12-04T04:59:03.395+0000] {dag.py:2585} INFO - Sync 1 DAGs
[2024-12-04T04:59:03.425+0000] {logging_mixin.py:120} INFO - [2024-12-04T04:59:03.425+0000] {dag.py:3340} INFO - Setting next_dagrun for example_sla_dag to 2024-12-04T04:56:00+00:00, run_after=2024-12-04T04:58:00+00:00
[2024-12-04T04:59:03.452+0000] {processor.py:176} INFO - Processing /home/airflow/.local/lib/python3.7/site-packages/airflow/example_dags/example_sla_dag.py took 0.126 seconds
[2024-12-04T04:59:34.336+0000] {processor.py:154} INFO - Started process (PID=134) to work on /home/airflow/.local/lib/python3.7/site-packages/airflow/example_dags/example_sla_dag.py
[2024-12-04T04:59:34.337+0000] {processor.py:756} INFO - Processing file /home/airflow/.local/lib/python3.7/site-packages/airflow/example_dags/example_sla_dag.py for tasks to queue
[2024-12-04T04:59:34.337+0000] {logging_mixin.py:120} INFO - [2024-12-04T04:59:34.337+0000] {dagbag.py:537} INFO - Filling up the DagBag from /home/airflow/.local/lib/python3.7/site-packages/airflow/example_dags/example_sla_dag.py
[2024-12-04T04:59:34.357+0000] {processor.py:766} INFO - DAG(s) dict_keys(['example_sla_dag']) retrieved from /home/airflow/.local/lib/python3.7/site-packages/airflow/example_dags/example_sla_dag.py
[2024-12-04T04:59:34.396+0000] {logging_mixin.py:120} INFO - [2024-12-04T04:59:34.395+0000] {dag.py:2585} INFO - Sync 1 DAGs
[2024-12-04T04:59:34.422+0000] {logging_mixin.py:120} INFO - [2024-12-04T04:59:34.422+0000] {dag.py:3340} INFO - Setting next_dagrun for example_sla_dag to 2024-12-04T04:56:00+00:00, run_after=2024-12-04T04:58:00+00:00
[2024-12-04T04:59:34.440+0000] {processor.py:176} INFO - Processing /home/airflow/.local/lib/python3.7/site-packages/airflow/example_dags/example_sla_dag.py took 0.107 seconds
[2024-12-04T05:00:07.134+0000] {processor.py:154} INFO - Started process (PID=198) to work on /home/airflow/.local/lib/python3.7/site-packages/airflow/example_dags/example_sla_dag.py
[2024-12-04T05:00:07.135+0000] {processor.py:756} INFO - Processing file /home/airflow/.local/lib/python3.7/site-packages/airflow/example_dags/example_sla_dag.py for tasks to queue
[2024-12-04T05:00:07.135+0000] {logging_mixin.py:120} INFO - [2024-12-04T05:00:07.135+0000] {dagbag.py:537} INFO - Filling up the DagBag from /home/airflow/.local/lib/python3.7/site-packages/airflow/example_dags/example_sla_dag.py
[2024-12-04T05:00:07.160+0000] {processor.py:766} INFO - DAG(s) dict_keys(['example_sla_dag']) retrieved from /home/airflow/.local/lib/python3.7/site-packages/airflow/example_dags/example_sla_dag.py
[2024-12-04T05:00:07.205+0000] {logging_mixin.py:120} INFO - [2024-12-04T05:00:07.205+0000] {dag.py:2585} INFO - Sync 1 DAGs
[2024-12-04T05:00:07.240+0000] {logging_mixin.py:120} INFO - [2024-12-04T05:00:07.239+0000] {dag.py:3340} INFO - Setting next_dagrun for example_sla_dag to 2024-12-04T04:58:00+00:00, run_after=2024-12-04T05:00:00+00:00
[2024-12-04T05:00:07.261+0000] {processor.py:176} INFO - Processing /home/airflow/.local/lib/python3.7/site-packages/airflow/example_dags/example_sla_dag.py took 0.130 seconds
[2024-12-04T05:00:38.440+0000] {processor.py:154} INFO - Started process (PID=253) to work on /home/airflow/.local/lib/python3.7/site-packages/airflow/example_dags/example_sla_dag.py
[2024-12-04T05:00:38.441+0000] {processor.py:756} INFO - Processing file /home/airflow/.local/lib/python3.7/site-packages/airflow/example_dags/example_sla_dag.py for tasks to queue
[2024-12-04T05:00:38.442+0000] {logging_mixin.py:120} INFO - [2024-12-04T05:00:38.442+0000] {dagbag.py:537} INFO - Filling up the DagBag from /home/airflow/.local/lib/python3.7/site-packages/airflow/example_dags/example_sla_dag.py
[2024-12-04T05:00:38.482+0000] {processor.py:766} INFO - DAG(s) dict_keys(['example_sla_dag']) retrieved from /home/airflow/.local/lib/python3.7/site-packages/airflow/example_dags/example_sla_dag.py
[2024-12-04T05:00:38.554+0000] {logging_mixin.py:120} INFO - [2024-12-04T05:00:38.553+0000] {dag.py:2585} INFO - Sync 1 DAGs
[2024-12-04T05:00:38.597+0000] {logging_mixin.py:120} INFO - [2024-12-04T05:00:38.597+0000] {dag.py:3340} INFO - Setting next_dagrun for example_sla_dag to 2024-12-04T04:58:00+00:00, run_after=2024-12-04T05:00:00+00:00
[2024-12-04T05:00:38.639+0000] {processor.py:176} INFO - Processing /home/airflow/.local/lib/python3.7/site-packages/airflow/example_dags/example_sla_dag.py took 0.204 seconds
[2024-12-04T05:01:09.210+0000] {processor.py:154} INFO - Started process (PID=315) to work on /home/airflow/.local/lib/python3.7/site-packages/airflow/example_dags/example_sla_dag.py
[2024-12-04T05:01:09.211+0000] {processor.py:756} INFO - Processing file /home/airflow/.local/lib/python3.7/site-packages/airflow/example_dags/example_sla_dag.py for tasks to queue
[2024-12-04T05:01:09.212+0000] {logging_mixin.py:120} INFO - [2024-12-04T05:01:09.212+0000] {dagbag.py:537} INFO - Filling up the DagBag from /home/airflow/.local/lib/python3.7/site-packages/airflow/example_dags/example_sla_dag.py
[2024-12-04T05:01:09.238+0000] {processor.py:766} INFO - DAG(s) dict_keys(['example_sla_dag']) retrieved from /home/airflow/.local/lib/python3.7/site-packages/airflow/example_dags/example_sla_dag.py
[2024-12-04T05:01:09.284+0000] {logging_mixin.py:120} INFO - [2024-12-04T05:01:09.284+0000] {dag.py:2585} INFO - Sync 1 DAGs
[2024-12-04T05:01:09.322+0000] {logging_mixin.py:120} INFO - [2024-12-04T05:01:09.322+0000] {dag.py:3340} INFO - Setting next_dagrun for example_sla_dag to 2024-12-04T04:58:00+00:00, run_after=2024-12-04T05:00:00+00:00
[2024-12-04T05:01:09.342+0000] {processor.py:176} INFO - Processing /home/airflow/.local/lib/python3.7/site-packages/airflow/example_dags/example_sla_dag.py took 0.136 seconds
[2024-12-04T05:01:40.187+0000] {processor.py:154} INFO - Started process (PID=378) to work on /home/airflow/.local/lib/python3.7/site-packages/airflow/example_dags/example_sla_dag.py
[2024-12-04T05:01:40.188+0000] {processor.py:756} INFO - Processing file /home/airflow/.local/lib/python3.7/site-packages/airflow/example_dags/example_sla_dag.py for tasks to queue
[2024-12-04T05:01:40.189+0000] {logging_mixin.py:120} INFO - [2024-12-04T05:01:40.188+0000] {dagbag.py:537} INFO - Filling up the DagBag from /home/airflow/.local/lib/python3.7/site-packages/airflow/example_dags/example_sla_dag.py
[2024-12-04T05:01:40.221+0000] {processor.py:766} INFO - DAG(s) dict_keys(['example_sla_dag']) retrieved from /home/airflow/.local/lib/python3.7/site-packages/airflow/example_dags/example_sla_dag.py
[2024-12-04T05:01:40.285+0000] {logging_mixin.py:120} INFO - [2024-12-04T05:01:40.285+0000] {dag.py:2585} INFO - Sync 1 DAGs
[2024-12-04T05:01:40.332+0000] {logging_mixin.py:120} INFO - [2024-12-04T05:01:40.332+0000] {dag.py:3340} INFO - Setting next_dagrun for example_sla_dag to 2024-12-04T04:58:00+00:00, run_after=2024-12-04T05:00:00+00:00
[2024-12-04T05:01:40.370+0000] {processor.py:176} INFO - Processing /home/airflow/.local/lib/python3.7/site-packages/airflow/example_dags/example_sla_dag.py took 0.188 seconds
[2024-12-04T05:02:10.512+0000] {processor.py:154} INFO - Started process (PID=432) to work on /home/airflow/.local/lib/python3.7/site-packages/airflow/example_dags/example_sla_dag.py
[2024-12-04T05:02:10.514+0000] {processor.py:756} INFO - Processing file /home/airflow/.local/lib/python3.7/site-packages/airflow/example_dags/example_sla_dag.py for tasks to queue
[2024-12-04T05:02:10.515+0000] {logging_mixin.py:120} INFO - [2024-12-04T05:02:10.514+0000] {dagbag.py:537} INFO - Filling up the DagBag from /home/airflow/.local/lib/python3.7/site-packages/airflow/example_dags/example_sla_dag.py
[2024-12-04T05:02:10.544+0000] {processor.py:766} INFO - DAG(s) dict_keys(['example_sla_dag']) retrieved from /home/airflow/.local/lib/python3.7/site-packages/airflow/example_dags/example_sla_dag.py
[2024-12-04T05:02:10.598+0000] {logging_mixin.py:120} INFO - [2024-12-04T05:02:10.598+0000] {dag.py:2585} INFO - Sync 1 DAGs
[2024-12-04T05:02:10.637+0000] {logging_mixin.py:120} INFO - [2024-12-04T05:02:10.637+0000] {dag.py:3340} INFO - Setting next_dagrun for example_sla_dag to 2024-12-04T05:00:00+00:00, run_after=2024-12-04T05:02:00+00:00
[2024-12-04T05:02:10.669+0000] {processor.py:176} INFO - Processing /home/airflow/.local/lib/python3.7/site-packages/airflow/example_dags/example_sla_dag.py took 0.163 seconds
[2024-12-04T05:02:41.168+0000] {processor.py:154} INFO - Started process (PID=495) to work on /home/airflow/.local/lib/python3.7/site-packages/airflow/example_dags/example_sla_dag.py
[2024-12-04T05:02:41.170+0000] {processor.py:756} INFO - Processing file /home/airflow/.local/lib/python3.7/site-packages/airflow/example_dags/example_sla_dag.py for tasks to queue
[2024-12-04T05:02:41.170+0000] {logging_mixin.py:120} INFO - [2024-12-04T05:02:41.170+0000] {dagbag.py:537} INFO - Filling up the DagBag from /home/airflow/.local/lib/python3.7/site-packages/airflow/example_dags/example_sla_dag.py
[2024-12-04T05:02:41.205+0000] {processor.py:766} INFO - DAG(s) dict_keys(['example_sla_dag']) retrieved from /home/airflow/.local/lib/python3.7/site-packages/airflow/example_dags/example_sla_dag.py
[2024-12-04T05:02:41.264+0000] {logging_mixin.py:120} INFO - [2024-12-04T05:02:41.264+0000] {dag.py:2585} INFO - Sync 1 DAGs
[2024-12-04T05:02:41.305+0000] {logging_mixin.py:120} INFO - [2024-12-04T05:02:41.305+0000] {dag.py:3340} INFO - Setting next_dagrun for example_sla_dag to 2024-12-04T05:00:00+00:00, run_after=2024-12-04T05:02:00+00:00
[2024-12-04T05:02:41.331+0000] {processor.py:176} INFO - Processing /home/airflow/.local/lib/python3.7/site-packages/airflow/example_dags/example_sla_dag.py took 0.167 seconds
[2024-12-04T05:03:11.831+0000] {processor.py:154} INFO - Started process (PID=549) to work on /home/airflow/.local/lib/python3.7/site-packages/airflow/example_dags/example_sla_dag.py
[2024-12-04T05:03:11.832+0000] {processor.py:756} INFO - Processing file /home/airflow/.local/lib/python3.7/site-packages/airflow/example_dags/example_sla_dag.py for tasks to queue
[2024-12-04T05:03:11.833+0000] {logging_mixin.py:120} INFO - [2024-12-04T05:03:11.833+0000] {dagbag.py:537} INFO - Filling up the DagBag from /home/airflow/.local/lib/python3.7/site-packages/airflow/example_dags/example_sla_dag.py
[2024-12-04T05:03:11.863+0000] {processor.py:766} INFO - DAG(s) dict_keys(['example_sla_dag']) retrieved from /home/airflow/.local/lib/python3.7/site-packages/airflow/example_dags/example_sla_dag.py
[2024-12-04T05:03:11.917+0000] {logging_mixin.py:120} INFO - [2024-12-04T05:03:11.917+0000] {dag.py:2585} INFO - Sync 1 DAGs
[2024-12-04T05:03:11.959+0000] {logging_mixin.py:120} INFO - [2024-12-04T05:03:11.959+0000] {dag.py:3340} INFO - Setting next_dagrun for example_sla_dag to 2024-12-04T05:00:00+00:00, run_after=2024-12-04T05:02:00+00:00
[2024-12-04T05:03:11.984+0000] {processor.py:176} INFO - Processing /home/airflow/.local/lib/python3.7/site-packages/airflow/example_dags/example_sla_dag.py took 0.156 seconds
[2024-12-04T05:03:42.172+0000] {processor.py:154} INFO - Started process (PID=612) to work on /home/airflow/.local/lib/python3.7/site-packages/airflow/example_dags/example_sla_dag.py
[2024-12-04T05:03:42.175+0000] {processor.py:756} INFO - Processing file /home/airflow/.local/lib/python3.7/site-packages/airflow/example_dags/example_sla_dag.py for tasks to queue
[2024-12-04T05:03:42.176+0000] {logging_mixin.py:120} INFO - [2024-12-04T05:03:42.176+0000] {dagbag.py:537} INFO - Filling up the DagBag from /home/airflow/.local/lib/python3.7/site-packages/airflow/example_dags/example_sla_dag.py
[2024-12-04T05:03:42.212+0000] {processor.py:766} INFO - DAG(s) dict_keys(['example_sla_dag']) retrieved from /home/airflow/.local/lib/python3.7/site-packages/airflow/example_dags/example_sla_dag.py
[2024-12-04T05:03:42.270+0000] {logging_mixin.py:120} INFO - [2024-12-04T05:03:42.270+0000] {dag.py:2585} INFO - Sync 1 DAGs
[2024-12-04T05:03:42.317+0000] {logging_mixin.py:120} INFO - [2024-12-04T05:03:42.317+0000] {dag.py:3340} INFO - Setting next_dagrun for example_sla_dag to 2024-12-04T05:00:00+00:00, run_after=2024-12-04T05:02:00+00:00
[2024-12-04T05:03:42.347+0000] {processor.py:176} INFO - Processing /home/airflow/.local/lib/python3.7/site-packages/airflow/example_dags/example_sla_dag.py took 0.180 seconds
[2024-12-04T05:04:12.878+0000] {processor.py:154} INFO - Started process (PID=666) to work on /home/airflow/.local/lib/python3.7/site-packages/airflow/example_dags/example_sla_dag.py
[2024-12-04T05:04:12.879+0000] {processor.py:756} INFO - Processing file /home/airflow/.local/lib/python3.7/site-packages/airflow/example_dags/example_sla_dag.py for tasks to queue
[2024-12-04T05:04:12.880+0000] {logging_mixin.py:120} INFO - [2024-12-04T05:04:12.880+0000] {dagbag.py:537} INFO - Filling up the DagBag from /home/airflow/.local/lib/python3.7/site-packages/airflow/example_dags/example_sla_dag.py
[2024-12-04T05:04:12.913+0000] {processor.py:766} INFO - DAG(s) dict_keys(['example_sla_dag']) retrieved from /home/airflow/.local/lib/python3.7/site-packages/airflow/example_dags/example_sla_dag.py
[2024-12-04T05:04:12.976+0000] {logging_mixin.py:120} INFO - [2024-12-04T05:04:12.976+0000] {dag.py:2585} INFO - Sync 1 DAGs
[2024-12-04T05:04:13.018+0000] {logging_mixin.py:120} INFO - [2024-12-04T05:04:13.018+0000] {dag.py:3340} INFO - Setting next_dagrun for example_sla_dag to 2024-12-04T05:02:00+00:00, run_after=2024-12-04T05:04:00+00:00
[2024-12-04T05:04:13.047+0000] {processor.py:176} INFO - Processing /home/airflow/.local/lib/python3.7/site-packages/airflow/example_dags/example_sla_dag.py took 0.173 seconds
[2024-12-04T05:04:43.252+0000] {processor.py:154} INFO - Started process (PID=729) to work on /home/airflow/.local/lib/python3.7/site-packages/airflow/example_dags/example_sla_dag.py
[2024-12-04T05:04:43.254+0000] {processor.py:756} INFO - Processing file /home/airflow/.local/lib/python3.7/site-packages/airflow/example_dags/example_sla_dag.py for tasks to queue
[2024-12-04T05:04:43.256+0000] {logging_mixin.py:120} INFO - [2024-12-04T05:04:43.256+0000] {dagbag.py:537} INFO - Filling up the DagBag from /home/airflow/.local/lib/python3.7/site-packages/airflow/example_dags/example_sla_dag.py
[2024-12-04T05:04:43.295+0000] {processor.py:766} INFO - DAG(s) dict_keys(['example_sla_dag']) retrieved from /home/airflow/.local/lib/python3.7/site-packages/airflow/example_dags/example_sla_dag.py
[2024-12-04T05:04:43.348+0000] {logging_mixin.py:120} INFO - [2024-12-04T05:04:43.348+0000] {dag.py:2585} INFO - Sync 1 DAGs
[2024-12-04T05:04:43.386+0000] {logging_mixin.py:120} INFO - [2024-12-04T05:04:43.386+0000] {dag.py:3340} INFO - Setting next_dagrun for example_sla_dag to 2024-12-04T05:02:00+00:00, run_after=2024-12-04T05:04:00+00:00
[2024-12-04T05:04:43.411+0000] {processor.py:176} INFO - Processing /home/airflow/.local/lib/python3.7/site-packages/airflow/example_dags/example_sla_dag.py took 0.166 seconds
