[2024-12-04T04:51:51.123+0000] {processor.py:154} INFO - Started process (PID=78) to work on /home/airflow/.local/lib/python3.7/site-packages/airflow/example_dags/example_complex.py
[2024-12-04T04:51:51.124+0000] {processor.py:756} INFO - Processing file /home/airflow/.local/lib/python3.7/site-packages/airflow/example_dags/example_complex.py for tasks to queue
[2024-12-04T04:51:51.124+0000] {logging_mixin.py:120} INFO - [2024-12-04T04:51:51.124+0000] {dagbag.py:537} INFO - Filling up the DagBag from /home/airflow/.local/lib/python3.7/site-packages/airflow/example_dags/example_complex.py
[2024-12-04T04:51:51.136+0000] {logging_mixin.py:120} INFO - [2024-12-04T04:51:51.136+0000] {taskmixin.py:205} WARNING - Dependency <Task(BashOperator): create_entry_group>, delete_entry_group already registered for DAG: example_complex
[2024-12-04T04:51:51.137+0000] {logging_mixin.py:120} INFO - [2024-12-04T04:51:51.136+0000] {taskmixin.py:205} WARNING - Dependency <Task(BashOperator): delete_entry_group>, create_entry_group already registered for DAG: example_complex
[2024-12-04T04:51:51.137+0000] {logging_mixin.py:120} INFO - [2024-12-04T04:51:51.137+0000] {taskmixin.py:205} WARNING - Dependency <Task(BashOperator): create_entry_gcs>, delete_entry already registered for DAG: example_complex
[2024-12-04T04:51:51.137+0000] {logging_mixin.py:120} INFO - [2024-12-04T04:51:51.137+0000] {taskmixin.py:205} WARNING - Dependency <Task(BashOperator): delete_entry>, create_entry_gcs already registered for DAG: example_complex
[2024-12-04T04:51:51.137+0000] {logging_mixin.py:120} INFO - [2024-12-04T04:51:51.137+0000] {taskmixin.py:205} WARNING - Dependency <Task(BashOperator): create_tag>, delete_tag already registered for DAG: example_complex
[2024-12-04T04:51:51.137+0000] {logging_mixin.py:120} INFO - [2024-12-04T04:51:51.137+0000] {taskmixin.py:205} WARNING - Dependency <Task(BashOperator): delete_tag>, create_tag already registered for DAG: example_complex
[2024-12-04T04:51:51.144+0000] {processor.py:766} INFO - DAG(s) dict_keys(['example_complex']) retrieved from /home/airflow/.local/lib/python3.7/site-packages/airflow/example_dags/example_complex.py
[2024-12-04T04:51:51.175+0000] {logging_mixin.py:120} INFO - [2024-12-04T04:51:51.175+0000] {dag.py:2585} INFO - Sync 1 DAGs
[2024-12-04T04:51:51.215+0000] {logging_mixin.py:120} INFO - [2024-12-04T04:51:51.215+0000] {dag.py:3340} INFO - Setting next_dagrun for example_complex to None, run_after=None
[2024-12-04T04:51:51.255+0000] {processor.py:176} INFO - Processing /home/airflow/.local/lib/python3.7/site-packages/airflow/example_dags/example_complex.py took 0.135 seconds
[2024-12-04T04:52:22.646+0000] {processor.py:154} INFO - Started process (PID=132) to work on /home/airflow/.local/lib/python3.7/site-packages/airflow/example_dags/example_complex.py
[2024-12-04T04:52:22.647+0000] {processor.py:756} INFO - Processing file /home/airflow/.local/lib/python3.7/site-packages/airflow/example_dags/example_complex.py for tasks to queue
[2024-12-04T04:52:22.648+0000] {logging_mixin.py:120} INFO - [2024-12-04T04:52:22.648+0000] {dagbag.py:537} INFO - Filling up the DagBag from /home/airflow/.local/lib/python3.7/site-packages/airflow/example_dags/example_complex.py
[2024-12-04T04:52:22.667+0000] {logging_mixin.py:120} INFO - [2024-12-04T04:52:22.667+0000] {taskmixin.py:205} WARNING - Dependency <Task(BashOperator): create_entry_group>, delete_entry_group already registered for DAG: example_complex
[2024-12-04T04:52:22.667+0000] {logging_mixin.py:120} INFO - [2024-12-04T04:52:22.667+0000] {taskmixin.py:205} WARNING - Dependency <Task(BashOperator): delete_entry_group>, create_entry_group already registered for DAG: example_complex
[2024-12-04T04:52:22.667+0000] {logging_mixin.py:120} INFO - [2024-12-04T04:52:22.667+0000] {taskmixin.py:205} WARNING - Dependency <Task(BashOperator): create_entry_gcs>, delete_entry already registered for DAG: example_complex
[2024-12-04T04:52:22.667+0000] {logging_mixin.py:120} INFO - [2024-12-04T04:52:22.667+0000] {taskmixin.py:205} WARNING - Dependency <Task(BashOperator): delete_entry>, create_entry_gcs already registered for DAG: example_complex
[2024-12-04T04:52:22.668+0000] {logging_mixin.py:120} INFO - [2024-12-04T04:52:22.668+0000] {taskmixin.py:205} WARNING - Dependency <Task(BashOperator): create_tag>, delete_tag already registered for DAG: example_complex
[2024-12-04T04:52:22.668+0000] {logging_mixin.py:120} INFO - [2024-12-04T04:52:22.668+0000] {taskmixin.py:205} WARNING - Dependency <Task(BashOperator): delete_tag>, create_tag already registered for DAG: example_complex
[2024-12-04T04:52:22.678+0000] {processor.py:766} INFO - DAG(s) dict_keys(['example_complex']) retrieved from /home/airflow/.local/lib/python3.7/site-packages/airflow/example_dags/example_complex.py
[2024-12-04T04:52:22.744+0000] {logging_mixin.py:120} INFO - [2024-12-04T04:52:22.744+0000] {dag.py:2585} INFO - Sync 1 DAGs
[2024-12-04T04:52:22.779+0000] {logging_mixin.py:120} INFO - [2024-12-04T04:52:22.778+0000] {dag.py:3340} INFO - Setting next_dagrun for example_complex to None, run_after=None
[2024-12-04T04:52:22.806+0000] {processor.py:176} INFO - Processing /home/airflow/.local/lib/python3.7/site-packages/airflow/example_dags/example_complex.py took 0.164 seconds
[2024-12-04T04:59:03.080+0000] {processor.py:154} INFO - Started process (PID=68) to work on /home/airflow/.local/lib/python3.7/site-packages/airflow/example_dags/example_complex.py
[2024-12-04T04:59:03.081+0000] {processor.py:756} INFO - Processing file /home/airflow/.local/lib/python3.7/site-packages/airflow/example_dags/example_complex.py for tasks to queue
[2024-12-04T04:59:03.081+0000] {logging_mixin.py:120} INFO - [2024-12-04T04:59:03.081+0000] {dagbag.py:537} INFO - Filling up the DagBag from /home/airflow/.local/lib/python3.7/site-packages/airflow/example_dags/example_complex.py
[2024-12-04T04:59:03.093+0000] {logging_mixin.py:120} INFO - [2024-12-04T04:59:03.093+0000] {taskmixin.py:205} WARNING - Dependency <Task(BashOperator): create_entry_group>, delete_entry_group already registered for DAG: example_complex
[2024-12-04T04:59:03.093+0000] {logging_mixin.py:120} INFO - [2024-12-04T04:59:03.093+0000] {taskmixin.py:205} WARNING - Dependency <Task(BashOperator): delete_entry_group>, create_entry_group already registered for DAG: example_complex
[2024-12-04T04:59:03.094+0000] {logging_mixin.py:120} INFO - [2024-12-04T04:59:03.093+0000] {taskmixin.py:205} WARNING - Dependency <Task(BashOperator): create_entry_gcs>, delete_entry already registered for DAG: example_complex
[2024-12-04T04:59:03.094+0000] {logging_mixin.py:120} INFO - [2024-12-04T04:59:03.094+0000] {taskmixin.py:205} WARNING - Dependency <Task(BashOperator): delete_entry>, create_entry_gcs already registered for DAG: example_complex
[2024-12-04T04:59:03.094+0000] {logging_mixin.py:120} INFO - [2024-12-04T04:59:03.094+0000] {taskmixin.py:205} WARNING - Dependency <Task(BashOperator): create_tag>, delete_tag already registered for DAG: example_complex
[2024-12-04T04:59:03.094+0000] {logging_mixin.py:120} INFO - [2024-12-04T04:59:03.094+0000] {taskmixin.py:205} WARNING - Dependency <Task(BashOperator): delete_tag>, create_tag already registered for DAG: example_complex
[2024-12-04T04:59:03.105+0000] {processor.py:766} INFO - DAG(s) dict_keys(['example_complex']) retrieved from /home/airflow/.local/lib/python3.7/site-packages/airflow/example_dags/example_complex.py
[2024-12-04T04:59:03.137+0000] {logging_mixin.py:120} INFO - [2024-12-04T04:59:03.137+0000] {dag.py:2585} INFO - Sync 1 DAGs
[2024-12-04T04:59:03.174+0000] {logging_mixin.py:120} INFO - [2024-12-04T04:59:03.174+0000] {dag.py:3340} INFO - Setting next_dagrun for example_complex to None, run_after=None
[2024-12-04T04:59:03.200+0000] {processor.py:176} INFO - Processing /home/airflow/.local/lib/python3.7/site-packages/airflow/example_dags/example_complex.py took 0.123 seconds
[2024-12-04T04:59:34.120+0000] {processor.py:154} INFO - Started process (PID=131) to work on /home/airflow/.local/lib/python3.7/site-packages/airflow/example_dags/example_complex.py
[2024-12-04T04:59:34.121+0000] {processor.py:756} INFO - Processing file /home/airflow/.local/lib/python3.7/site-packages/airflow/example_dags/example_complex.py for tasks to queue
[2024-12-04T04:59:34.122+0000] {logging_mixin.py:120} INFO - [2024-12-04T04:59:34.122+0000] {dagbag.py:537} INFO - Filling up the DagBag from /home/airflow/.local/lib/python3.7/site-packages/airflow/example_dags/example_complex.py
[2024-12-04T04:59:34.135+0000] {logging_mixin.py:120} INFO - [2024-12-04T04:59:34.135+0000] {taskmixin.py:205} WARNING - Dependency <Task(BashOperator): create_entry_group>, delete_entry_group already registered for DAG: example_complex
[2024-12-04T04:59:34.136+0000] {logging_mixin.py:120} INFO - [2024-12-04T04:59:34.136+0000] {taskmixin.py:205} WARNING - Dependency <Task(BashOperator): delete_entry_group>, create_entry_group already registered for DAG: example_complex
[2024-12-04T04:59:34.136+0000] {logging_mixin.py:120} INFO - [2024-12-04T04:59:34.136+0000] {taskmixin.py:205} WARNING - Dependency <Task(BashOperator): create_entry_gcs>, delete_entry already registered for DAG: example_complex
[2024-12-04T04:59:34.136+0000] {logging_mixin.py:120} INFO - [2024-12-04T04:59:34.136+0000] {taskmixin.py:205} WARNING - Dependency <Task(BashOperator): delete_entry>, create_entry_gcs already registered for DAG: example_complex
[2024-12-04T04:59:34.136+0000] {logging_mixin.py:120} INFO - [2024-12-04T04:59:34.136+0000] {taskmixin.py:205} WARNING - Dependency <Task(BashOperator): create_tag>, delete_tag already registered for DAG: example_complex
[2024-12-04T04:59:34.136+0000] {logging_mixin.py:120} INFO - [2024-12-04T04:59:34.136+0000] {taskmixin.py:205} WARNING - Dependency <Task(BashOperator): delete_tag>, create_tag already registered for DAG: example_complex
[2024-12-04T04:59:34.143+0000] {processor.py:766} INFO - DAG(s) dict_keys(['example_complex']) retrieved from /home/airflow/.local/lib/python3.7/site-packages/airflow/example_dags/example_complex.py
[2024-12-04T04:59:34.185+0000] {logging_mixin.py:120} INFO - [2024-12-04T04:59:34.185+0000] {dag.py:2585} INFO - Sync 1 DAGs
[2024-12-04T04:59:34.208+0000] {logging_mixin.py:120} INFO - [2024-12-04T04:59:34.208+0000] {dag.py:3340} INFO - Setting next_dagrun for example_complex to None, run_after=None
[2024-12-04T04:59:34.226+0000] {processor.py:176} INFO - Processing /home/airflow/.local/lib/python3.7/site-packages/airflow/example_dags/example_complex.py took 0.109 seconds
[2024-12-04T05:00:06.837+0000] {processor.py:154} INFO - Started process (PID=195) to work on /home/airflow/.local/lib/python3.7/site-packages/airflow/example_dags/example_complex.py
[2024-12-04T05:00:06.839+0000] {processor.py:756} INFO - Processing file /home/airflow/.local/lib/python3.7/site-packages/airflow/example_dags/example_complex.py for tasks to queue
[2024-12-04T05:00:06.839+0000] {logging_mixin.py:120} INFO - [2024-12-04T05:00:06.839+0000] {dagbag.py:537} INFO - Filling up the DagBag from /home/airflow/.local/lib/python3.7/site-packages/airflow/example_dags/example_complex.py
[2024-12-04T05:00:06.854+0000] {logging_mixin.py:120} INFO - [2024-12-04T05:00:06.853+0000] {taskmixin.py:205} WARNING - Dependency <Task(BashOperator): create_entry_group>, delete_entry_group already registered for DAG: example_complex
[2024-12-04T05:00:06.854+0000] {logging_mixin.py:120} INFO - [2024-12-04T05:00:06.854+0000] {taskmixin.py:205} WARNING - Dependency <Task(BashOperator): delete_entry_group>, create_entry_group already registered for DAG: example_complex
[2024-12-04T05:00:06.854+0000] {logging_mixin.py:120} INFO - [2024-12-04T05:00:06.854+0000] {taskmixin.py:205} WARNING - Dependency <Task(BashOperator): create_entry_gcs>, delete_entry already registered for DAG: example_complex
[2024-12-04T05:00:06.854+0000] {logging_mixin.py:120} INFO - [2024-12-04T05:00:06.854+0000] {taskmixin.py:205} WARNING - Dependency <Task(BashOperator): delete_entry>, create_entry_gcs already registered for DAG: example_complex
[2024-12-04T05:00:06.854+0000] {logging_mixin.py:120} INFO - [2024-12-04T05:00:06.854+0000] {taskmixin.py:205} WARNING - Dependency <Task(BashOperator): create_tag>, delete_tag already registered for DAG: example_complex
[2024-12-04T05:00:06.854+0000] {logging_mixin.py:120} INFO - [2024-12-04T05:00:06.854+0000] {taskmixin.py:205} WARNING - Dependency <Task(BashOperator): delete_tag>, create_tag already registered for DAG: example_complex
[2024-12-04T05:00:06.862+0000] {processor.py:766} INFO - DAG(s) dict_keys(['example_complex']) retrieved from /home/airflow/.local/lib/python3.7/site-packages/airflow/example_dags/example_complex.py
[2024-12-04T05:00:06.914+0000] {logging_mixin.py:120} INFO - [2024-12-04T05:00:06.914+0000] {dag.py:2585} INFO - Sync 1 DAGs
[2024-12-04T05:00:06.942+0000] {logging_mixin.py:120} INFO - [2024-12-04T05:00:06.942+0000] {dag.py:3340} INFO - Setting next_dagrun for example_complex to None, run_after=None
[2024-12-04T05:00:06.964+0000] {processor.py:176} INFO - Processing /home/airflow/.local/lib/python3.7/site-packages/airflow/example_dags/example_complex.py took 0.130 seconds
[2024-12-04T05:00:38.122+0000] {processor.py:154} INFO - Started process (PID=250) to work on /home/airflow/.local/lib/python3.7/site-packages/airflow/example_dags/example_complex.py
[2024-12-04T05:00:38.123+0000] {processor.py:756} INFO - Processing file /home/airflow/.local/lib/python3.7/site-packages/airflow/example_dags/example_complex.py for tasks to queue
[2024-12-04T05:00:38.125+0000] {logging_mixin.py:120} INFO - [2024-12-04T05:00:38.124+0000] {dagbag.py:537} INFO - Filling up the DagBag from /home/airflow/.local/lib/python3.7/site-packages/airflow/example_dags/example_complex.py
[2024-12-04T05:00:38.149+0000] {logging_mixin.py:120} INFO - [2024-12-04T05:00:38.149+0000] {taskmixin.py:205} WARNING - Dependency <Task(BashOperator): create_entry_group>, delete_entry_group already registered for DAG: example_complex
[2024-12-04T05:00:38.149+0000] {logging_mixin.py:120} INFO - [2024-12-04T05:00:38.149+0000] {taskmixin.py:205} WARNING - Dependency <Task(BashOperator): delete_entry_group>, create_entry_group already registered for DAG: example_complex
[2024-12-04T05:00:38.150+0000] {logging_mixin.py:120} INFO - [2024-12-04T05:00:38.149+0000] {taskmixin.py:205} WARNING - Dependency <Task(BashOperator): create_entry_gcs>, delete_entry already registered for DAG: example_complex
[2024-12-04T05:00:38.150+0000] {logging_mixin.py:120} INFO - [2024-12-04T05:00:38.150+0000] {taskmixin.py:205} WARNING - Dependency <Task(BashOperator): delete_entry>, create_entry_gcs already registered for DAG: example_complex
[2024-12-04T05:00:38.150+0000] {logging_mixin.py:120} INFO - [2024-12-04T05:00:38.150+0000] {taskmixin.py:205} WARNING - Dependency <Task(BashOperator): create_tag>, delete_tag already registered for DAG: example_complex
[2024-12-04T05:00:38.151+0000] {logging_mixin.py:120} INFO - [2024-12-04T05:00:38.150+0000] {taskmixin.py:205} WARNING - Dependency <Task(BashOperator): delete_tag>, create_tag already registered for DAG: example_complex
[2024-12-04T05:00:38.168+0000] {processor.py:766} INFO - DAG(s) dict_keys(['example_complex']) retrieved from /home/airflow/.local/lib/python3.7/site-packages/airflow/example_dags/example_complex.py
[2024-12-04T05:00:38.254+0000] {logging_mixin.py:120} INFO - [2024-12-04T05:00:38.254+0000] {dag.py:2585} INFO - Sync 1 DAGs
[2024-12-04T05:00:38.291+0000] {logging_mixin.py:120} INFO - [2024-12-04T05:00:38.291+0000] {dag.py:3340} INFO - Setting next_dagrun for example_complex to None, run_after=None
[2024-12-04T05:00:38.328+0000] {processor.py:176} INFO - Processing /home/airflow/.local/lib/python3.7/site-packages/airflow/example_dags/example_complex.py took 0.211 seconds
[2024-12-04T05:01:08.982+0000] {processor.py:154} INFO - Started process (PID=312) to work on /home/airflow/.local/lib/python3.7/site-packages/airflow/example_dags/example_complex.py
[2024-12-04T05:01:08.983+0000] {processor.py:756} INFO - Processing file /home/airflow/.local/lib/python3.7/site-packages/airflow/example_dags/example_complex.py for tasks to queue
[2024-12-04T05:01:08.983+0000] {logging_mixin.py:120} INFO - [2024-12-04T05:01:08.983+0000] {dagbag.py:537} INFO - Filling up the DagBag from /home/airflow/.local/lib/python3.7/site-packages/airflow/example_dags/example_complex.py
[2024-12-04T05:01:08.996+0000] {logging_mixin.py:120} INFO - [2024-12-04T05:01:08.996+0000] {taskmixin.py:205} WARNING - Dependency <Task(BashOperator): create_entry_group>, delete_entry_group already registered for DAG: example_complex
[2024-12-04T05:01:08.996+0000] {logging_mixin.py:120} INFO - [2024-12-04T05:01:08.996+0000] {taskmixin.py:205} WARNING - Dependency <Task(BashOperator): delete_entry_group>, create_entry_group already registered for DAG: example_complex
[2024-12-04T05:01:08.997+0000] {logging_mixin.py:120} INFO - [2024-12-04T05:01:08.997+0000] {taskmixin.py:205} WARNING - Dependency <Task(BashOperator): create_entry_gcs>, delete_entry already registered for DAG: example_complex
[2024-12-04T05:01:08.997+0000] {logging_mixin.py:120} INFO - [2024-12-04T05:01:08.997+0000] {taskmixin.py:205} WARNING - Dependency <Task(BashOperator): delete_entry>, create_entry_gcs already registered for DAG: example_complex
[2024-12-04T05:01:08.997+0000] {logging_mixin.py:120} INFO - [2024-12-04T05:01:08.997+0000] {taskmixin.py:205} WARNING - Dependency <Task(BashOperator): create_tag>, delete_tag already registered for DAG: example_complex
[2024-12-04T05:01:08.997+0000] {logging_mixin.py:120} INFO - [2024-12-04T05:01:08.997+0000] {taskmixin.py:205} WARNING - Dependency <Task(BashOperator): delete_tag>, create_tag already registered for DAG: example_complex
[2024-12-04T05:01:09.006+0000] {processor.py:766} INFO - DAG(s) dict_keys(['example_complex']) retrieved from /home/airflow/.local/lib/python3.7/site-packages/airflow/example_dags/example_complex.py
[2024-12-04T05:01:09.071+0000] {logging_mixin.py:120} INFO - [2024-12-04T05:01:09.070+0000] {dag.py:2585} INFO - Sync 1 DAGs
[2024-12-04T05:01:09.103+0000] {logging_mixin.py:120} INFO - [2024-12-04T05:01:09.103+0000] {dag.py:3340} INFO - Setting next_dagrun for example_complex to None, run_after=None
[2024-12-04T05:01:09.123+0000] {processor.py:176} INFO - Processing /home/airflow/.local/lib/python3.7/site-packages/airflow/example_dags/example_complex.py took 0.145 seconds
[2024-12-04T05:01:39.748+0000] {processor.py:154} INFO - Started process (PID=375) to work on /home/airflow/.local/lib/python3.7/site-packages/airflow/example_dags/example_complex.py
[2024-12-04T05:01:39.749+0000] {processor.py:756} INFO - Processing file /home/airflow/.local/lib/python3.7/site-packages/airflow/example_dags/example_complex.py for tasks to queue
[2024-12-04T05:01:39.750+0000] {logging_mixin.py:120} INFO - [2024-12-04T05:01:39.750+0000] {dagbag.py:537} INFO - Filling up the DagBag from /home/airflow/.local/lib/python3.7/site-packages/airflow/example_dags/example_complex.py
[2024-12-04T05:01:39.767+0000] {logging_mixin.py:120} INFO - [2024-12-04T05:01:39.767+0000] {taskmixin.py:205} WARNING - Dependency <Task(BashOperator): create_entry_group>, delete_entry_group already registered for DAG: example_complex
[2024-12-04T05:01:39.767+0000] {logging_mixin.py:120} INFO - [2024-12-04T05:01:39.767+0000] {taskmixin.py:205} WARNING - Dependency <Task(BashOperator): delete_entry_group>, create_entry_group already registered for DAG: example_complex
[2024-12-04T05:01:39.768+0000] {logging_mixin.py:120} INFO - [2024-12-04T05:01:39.767+0000] {taskmixin.py:205} WARNING - Dependency <Task(BashOperator): create_entry_gcs>, delete_entry already registered for DAG: example_complex
[2024-12-04T05:01:39.768+0000] {logging_mixin.py:120} INFO - [2024-12-04T05:01:39.768+0000] {taskmixin.py:205} WARNING - Dependency <Task(BashOperator): delete_entry>, create_entry_gcs already registered for DAG: example_complex
[2024-12-04T05:01:39.768+0000] {logging_mixin.py:120} INFO - [2024-12-04T05:01:39.768+0000] {taskmixin.py:205} WARNING - Dependency <Task(BashOperator): create_tag>, delete_tag already registered for DAG: example_complex
[2024-12-04T05:01:39.768+0000] {logging_mixin.py:120} INFO - [2024-12-04T05:01:39.768+0000] {taskmixin.py:205} WARNING - Dependency <Task(BashOperator): delete_tag>, create_tag already registered for DAG: example_complex
[2024-12-04T05:01:39.779+0000] {processor.py:766} INFO - DAG(s) dict_keys(['example_complex']) retrieved from /home/airflow/.local/lib/python3.7/site-packages/airflow/example_dags/example_complex.py
[2024-12-04T05:01:39.844+0000] {logging_mixin.py:120} INFO - [2024-12-04T05:01:39.843+0000] {dag.py:2585} INFO - Sync 1 DAGs
[2024-12-04T05:01:39.883+0000] {logging_mixin.py:120} INFO - [2024-12-04T05:01:39.883+0000] {dag.py:3340} INFO - Setting next_dagrun for example_complex to None, run_after=None
[2024-12-04T05:01:39.917+0000] {processor.py:176} INFO - Processing /home/airflow/.local/lib/python3.7/site-packages/airflow/example_dags/example_complex.py took 0.173 seconds
[2024-12-04T05:02:10.122+0000] {processor.py:154} INFO - Started process (PID=429) to work on /home/airflow/.local/lib/python3.7/site-packages/airflow/example_dags/example_complex.py
[2024-12-04T05:02:10.124+0000] {processor.py:756} INFO - Processing file /home/airflow/.local/lib/python3.7/site-packages/airflow/example_dags/example_complex.py for tasks to queue
[2024-12-04T05:02:10.125+0000] {logging_mixin.py:120} INFO - [2024-12-04T05:02:10.124+0000] {dagbag.py:537} INFO - Filling up the DagBag from /home/airflow/.local/lib/python3.7/site-packages/airflow/example_dags/example_complex.py
[2024-12-04T05:02:10.140+0000] {logging_mixin.py:120} INFO - [2024-12-04T05:02:10.140+0000] {taskmixin.py:205} WARNING - Dependency <Task(BashOperator): create_entry_group>, delete_entry_group already registered for DAG: example_complex
[2024-12-04T05:02:10.140+0000] {logging_mixin.py:120} INFO - [2024-12-04T05:02:10.140+0000] {taskmixin.py:205} WARNING - Dependency <Task(BashOperator): delete_entry_group>, create_entry_group already registered for DAG: example_complex
[2024-12-04T05:02:10.141+0000] {logging_mixin.py:120} INFO - [2024-12-04T05:02:10.141+0000] {taskmixin.py:205} WARNING - Dependency <Task(BashOperator): create_entry_gcs>, delete_entry already registered for DAG: example_complex
[2024-12-04T05:02:10.141+0000] {logging_mixin.py:120} INFO - [2024-12-04T05:02:10.141+0000] {taskmixin.py:205} WARNING - Dependency <Task(BashOperator): delete_entry>, create_entry_gcs already registered for DAG: example_complex
[2024-12-04T05:02:10.141+0000] {logging_mixin.py:120} INFO - [2024-12-04T05:02:10.141+0000] {taskmixin.py:205} WARNING - Dependency <Task(BashOperator): create_tag>, delete_tag already registered for DAG: example_complex
[2024-12-04T05:02:10.141+0000] {logging_mixin.py:120} INFO - [2024-12-04T05:02:10.141+0000] {taskmixin.py:205} WARNING - Dependency <Task(BashOperator): delete_tag>, create_tag already registered for DAG: example_complex
[2024-12-04T05:02:10.152+0000] {processor.py:766} INFO - DAG(s) dict_keys(['example_complex']) retrieved from /home/airflow/.local/lib/python3.7/site-packages/airflow/example_dags/example_complex.py
[2024-12-04T05:02:10.214+0000] {logging_mixin.py:120} INFO - [2024-12-04T05:02:10.213+0000] {dag.py:2585} INFO - Sync 1 DAGs
[2024-12-04T05:02:10.247+0000] {logging_mixin.py:120} INFO - [2024-12-04T05:02:10.247+0000] {dag.py:3340} INFO - Setting next_dagrun for example_complex to None, run_after=None
[2024-12-04T05:02:10.280+0000] {processor.py:176} INFO - Processing /home/airflow/.local/lib/python3.7/site-packages/airflow/example_dags/example_complex.py took 0.164 seconds
[2024-12-04T05:02:40.902+0000] {processor.py:154} INFO - Started process (PID=492) to work on /home/airflow/.local/lib/python3.7/site-packages/airflow/example_dags/example_complex.py
[2024-12-04T05:02:40.903+0000] {processor.py:756} INFO - Processing file /home/airflow/.local/lib/python3.7/site-packages/airflow/example_dags/example_complex.py for tasks to queue
[2024-12-04T05:02:40.904+0000] {logging_mixin.py:120} INFO - [2024-12-04T05:02:40.904+0000] {dagbag.py:537} INFO - Filling up the DagBag from /home/airflow/.local/lib/python3.7/site-packages/airflow/example_dags/example_complex.py
[2024-12-04T05:02:40.925+0000] {logging_mixin.py:120} INFO - [2024-12-04T05:02:40.925+0000] {taskmixin.py:205} WARNING - Dependency <Task(BashOperator): create_entry_group>, delete_entry_group already registered for DAG: example_complex
[2024-12-04T05:02:40.926+0000] {logging_mixin.py:120} INFO - [2024-12-04T05:02:40.926+0000] {taskmixin.py:205} WARNING - Dependency <Task(BashOperator): delete_entry_group>, create_entry_group already registered for DAG: example_complex
[2024-12-04T05:02:40.926+0000] {logging_mixin.py:120} INFO - [2024-12-04T05:02:40.926+0000] {taskmixin.py:205} WARNING - Dependency <Task(BashOperator): create_entry_gcs>, delete_entry already registered for DAG: example_complex
[2024-12-04T05:02:40.926+0000] {logging_mixin.py:120} INFO - [2024-12-04T05:02:40.926+0000] {taskmixin.py:205} WARNING - Dependency <Task(BashOperator): delete_entry>, create_entry_gcs already registered for DAG: example_complex
[2024-12-04T05:02:40.927+0000] {logging_mixin.py:120} INFO - [2024-12-04T05:02:40.927+0000] {taskmixin.py:205} WARNING - Dependency <Task(BashOperator): create_tag>, delete_tag already registered for DAG: example_complex
[2024-12-04T05:02:40.927+0000] {logging_mixin.py:120} INFO - [2024-12-04T05:02:40.927+0000] {taskmixin.py:205} WARNING - Dependency <Task(BashOperator): delete_tag>, create_tag already registered for DAG: example_complex
[2024-12-04T05:02:40.942+0000] {processor.py:766} INFO - DAG(s) dict_keys(['example_complex']) retrieved from /home/airflow/.local/lib/python3.7/site-packages/airflow/example_dags/example_complex.py
[2024-12-04T05:02:41.017+0000] {logging_mixin.py:120} INFO - [2024-12-04T05:02:41.017+0000] {dag.py:2585} INFO - Sync 1 DAGs
[2024-12-04T05:02:41.058+0000] {logging_mixin.py:120} INFO - [2024-12-04T05:02:41.058+0000] {dag.py:3340} INFO - Setting next_dagrun for example_complex to None, run_after=None
[2024-12-04T05:02:41.094+0000] {processor.py:176} INFO - Processing /home/airflow/.local/lib/python3.7/site-packages/airflow/example_dags/example_complex.py took 0.196 seconds
[2024-12-04T05:03:11.439+0000] {processor.py:154} INFO - Started process (PID=546) to work on /home/airflow/.local/lib/python3.7/site-packages/airflow/example_dags/example_complex.py
[2024-12-04T05:03:11.441+0000] {processor.py:756} INFO - Processing file /home/airflow/.local/lib/python3.7/site-packages/airflow/example_dags/example_complex.py for tasks to queue
[2024-12-04T05:03:11.442+0000] {logging_mixin.py:120} INFO - [2024-12-04T05:03:11.442+0000] {dagbag.py:537} INFO - Filling up the DagBag from /home/airflow/.local/lib/python3.7/site-packages/airflow/example_dags/example_complex.py
[2024-12-04T05:03:11.459+0000] {logging_mixin.py:120} INFO - [2024-12-04T05:03:11.458+0000] {taskmixin.py:205} WARNING - Dependency <Task(BashOperator): create_entry_group>, delete_entry_group already registered for DAG: example_complex
[2024-12-04T05:03:11.459+0000] {logging_mixin.py:120} INFO - [2024-12-04T05:03:11.459+0000] {taskmixin.py:205} WARNING - Dependency <Task(BashOperator): delete_entry_group>, create_entry_group already registered for DAG: example_complex
[2024-12-04T05:03:11.459+0000] {logging_mixin.py:120} INFO - [2024-12-04T05:03:11.459+0000] {taskmixin.py:205} WARNING - Dependency <Task(BashOperator): create_entry_gcs>, delete_entry already registered for DAG: example_complex
[2024-12-04T05:03:11.460+0000] {logging_mixin.py:120} INFO - [2024-12-04T05:03:11.459+0000] {taskmixin.py:205} WARNING - Dependency <Task(BashOperator): delete_entry>, create_entry_gcs already registered for DAG: example_complex
[2024-12-04T05:03:11.460+0000] {logging_mixin.py:120} INFO - [2024-12-04T05:03:11.460+0000] {taskmixin.py:205} WARNING - Dependency <Task(BashOperator): create_tag>, delete_tag already registered for DAG: example_complex
[2024-12-04T05:03:11.460+0000] {logging_mixin.py:120} INFO - [2024-12-04T05:03:11.460+0000] {taskmixin.py:205} WARNING - Dependency <Task(BashOperator): delete_tag>, create_tag already registered for DAG: example_complex
[2024-12-04T05:03:11.471+0000] {processor.py:766} INFO - DAG(s) dict_keys(['example_complex']) retrieved from /home/airflow/.local/lib/python3.7/site-packages/airflow/example_dags/example_complex.py
[2024-12-04T05:03:11.535+0000] {logging_mixin.py:120} INFO - [2024-12-04T05:03:11.535+0000] {dag.py:2585} INFO - Sync 1 DAGs
[2024-12-04T05:03:11.569+0000] {logging_mixin.py:120} INFO - [2024-12-04T05:03:11.569+0000] {dag.py:3340} INFO - Setting next_dagrun for example_complex to None, run_after=None
[2024-12-04T05:03:11.604+0000] {processor.py:176} INFO - Processing /home/airflow/.local/lib/python3.7/site-packages/airflow/example_dags/example_complex.py took 0.171 seconds
[2024-12-04T05:03:41.769+0000] {processor.py:154} INFO - Started process (PID=609) to work on /home/airflow/.local/lib/python3.7/site-packages/airflow/example_dags/example_complex.py
[2024-12-04T05:03:41.770+0000] {processor.py:756} INFO - Processing file /home/airflow/.local/lib/python3.7/site-packages/airflow/example_dags/example_complex.py for tasks to queue
[2024-12-04T05:03:41.771+0000] {logging_mixin.py:120} INFO - [2024-12-04T05:03:41.771+0000] {dagbag.py:537} INFO - Filling up the DagBag from /home/airflow/.local/lib/python3.7/site-packages/airflow/example_dags/example_complex.py
[2024-12-04T05:03:41.788+0000] {logging_mixin.py:120} INFO - [2024-12-04T05:03:41.788+0000] {taskmixin.py:205} WARNING - Dependency <Task(BashOperator): create_entry_group>, delete_entry_group already registered for DAG: example_complex
[2024-12-04T05:03:41.789+0000] {logging_mixin.py:120} INFO - [2024-12-04T05:03:41.788+0000] {taskmixin.py:205} WARNING - Dependency <Task(BashOperator): delete_entry_group>, create_entry_group already registered for DAG: example_complex
[2024-12-04T05:03:41.789+0000] {logging_mixin.py:120} INFO - [2024-12-04T05:03:41.789+0000] {taskmixin.py:205} WARNING - Dependency <Task(BashOperator): create_entry_gcs>, delete_entry already registered for DAG: example_complex
[2024-12-04T05:03:41.789+0000] {logging_mixin.py:120} INFO - [2024-12-04T05:03:41.789+0000] {taskmixin.py:205} WARNING - Dependency <Task(BashOperator): delete_entry>, create_entry_gcs already registered for DAG: example_complex
[2024-12-04T05:03:41.790+0000] {logging_mixin.py:120} INFO - [2024-12-04T05:03:41.789+0000] {taskmixin.py:205} WARNING - Dependency <Task(BashOperator): create_tag>, delete_tag already registered for DAG: example_complex
[2024-12-04T05:03:41.790+0000] {logging_mixin.py:120} INFO - [2024-12-04T05:03:41.790+0000] {taskmixin.py:205} WARNING - Dependency <Task(BashOperator): delete_tag>, create_tag already registered for DAG: example_complex
[2024-12-04T05:03:41.802+0000] {processor.py:766} INFO - DAG(s) dict_keys(['example_complex']) retrieved from /home/airflow/.local/lib/python3.7/site-packages/airflow/example_dags/example_complex.py
[2024-12-04T05:03:41.867+0000] {logging_mixin.py:120} INFO - [2024-12-04T05:03:41.867+0000] {dag.py:2585} INFO - Sync 1 DAGs
[2024-12-04T05:03:41.905+0000] {logging_mixin.py:120} INFO - [2024-12-04T05:03:41.905+0000] {dag.py:3340} INFO - Setting next_dagrun for example_complex to None, run_after=None
[2024-12-04T05:03:41.942+0000] {processor.py:176} INFO - Processing /home/airflow/.local/lib/python3.7/site-packages/airflow/example_dags/example_complex.py took 0.178 seconds
[2024-12-04T05:04:12.626+0000] {processor.py:154} INFO - Started process (PID=663) to work on /home/airflow/.local/lib/python3.7/site-packages/airflow/example_dags/example_complex.py
[2024-12-04T05:04:12.627+0000] {processor.py:756} INFO - Processing file /home/airflow/.local/lib/python3.7/site-packages/airflow/example_dags/example_complex.py for tasks to queue
[2024-12-04T05:04:12.628+0000] {logging_mixin.py:120} INFO - [2024-12-04T05:04:12.628+0000] {dagbag.py:537} INFO - Filling up the DagBag from /home/airflow/.local/lib/python3.7/site-packages/airflow/example_dags/example_complex.py
[2024-12-04T05:04:12.646+0000] {logging_mixin.py:120} INFO - [2024-12-04T05:04:12.645+0000] {taskmixin.py:205} WARNING - Dependency <Task(BashOperator): create_entry_group>, delete_entry_group already registered for DAG: example_complex
[2024-12-04T05:04:12.646+0000] {logging_mixin.py:120} INFO - [2024-12-04T05:04:12.646+0000] {taskmixin.py:205} WARNING - Dependency <Task(BashOperator): delete_entry_group>, create_entry_group already registered for DAG: example_complex
[2024-12-04T05:04:12.647+0000] {logging_mixin.py:120} INFO - [2024-12-04T05:04:12.646+0000] {taskmixin.py:205} WARNING - Dependency <Task(BashOperator): create_entry_gcs>, delete_entry already registered for DAG: example_complex
[2024-12-04T05:04:12.647+0000] {logging_mixin.py:120} INFO - [2024-12-04T05:04:12.647+0000] {taskmixin.py:205} WARNING - Dependency <Task(BashOperator): delete_entry>, create_entry_gcs already registered for DAG: example_complex
[2024-12-04T05:04:12.647+0000] {logging_mixin.py:120} INFO - [2024-12-04T05:04:12.647+0000] {taskmixin.py:205} WARNING - Dependency <Task(BashOperator): create_tag>, delete_tag already registered for DAG: example_complex
[2024-12-04T05:04:12.648+0000] {logging_mixin.py:120} INFO - [2024-12-04T05:04:12.648+0000] {taskmixin.py:205} WARNING - Dependency <Task(BashOperator): delete_tag>, create_tag already registered for DAG: example_complex
[2024-12-04T05:04:12.660+0000] {processor.py:766} INFO - DAG(s) dict_keys(['example_complex']) retrieved from /home/airflow/.local/lib/python3.7/site-packages/airflow/example_dags/example_complex.py
[2024-12-04T05:04:12.729+0000] {logging_mixin.py:120} INFO - [2024-12-04T05:04:12.729+0000] {dag.py:2585} INFO - Sync 1 DAGs
[2024-12-04T05:04:12.769+0000] {logging_mixin.py:120} INFO - [2024-12-04T05:04:12.769+0000] {dag.py:3340} INFO - Setting next_dagrun for example_complex to None, run_after=None
[2024-12-04T05:04:12.806+0000] {processor.py:176} INFO - Processing /home/airflow/.local/lib/python3.7/site-packages/airflow/example_dags/example_complex.py took 0.183 seconds
[2024-12-04T05:04:42.876+0000] {processor.py:154} INFO - Started process (PID=726) to work on /home/airflow/.local/lib/python3.7/site-packages/airflow/example_dags/example_complex.py
[2024-12-04T05:04:42.877+0000] {processor.py:756} INFO - Processing file /home/airflow/.local/lib/python3.7/site-packages/airflow/example_dags/example_complex.py for tasks to queue
[2024-12-04T05:04:42.879+0000] {logging_mixin.py:120} INFO - [2024-12-04T05:04:42.879+0000] {dagbag.py:537} INFO - Filling up the DagBag from /home/airflow/.local/lib/python3.7/site-packages/airflow/example_dags/example_complex.py
[2024-12-04T05:04:42.898+0000] {logging_mixin.py:120} INFO - [2024-12-04T05:04:42.897+0000] {taskmixin.py:205} WARNING - Dependency <Task(BashOperator): create_entry_group>, delete_entry_group already registered for DAG: example_complex
[2024-12-04T05:04:42.898+0000] {logging_mixin.py:120} INFO - [2024-12-04T05:04:42.898+0000] {taskmixin.py:205} WARNING - Dependency <Task(BashOperator): delete_entry_group>, create_entry_group already registered for DAG: example_complex
[2024-12-04T05:04:42.898+0000] {logging_mixin.py:120} INFO - [2024-12-04T05:04:42.898+0000] {taskmixin.py:205} WARNING - Dependency <Task(BashOperator): create_entry_gcs>, delete_entry already registered for DAG: example_complex
[2024-12-04T05:04:42.898+0000] {logging_mixin.py:120} INFO - [2024-12-04T05:04:42.898+0000] {taskmixin.py:205} WARNING - Dependency <Task(BashOperator): delete_entry>, create_entry_gcs already registered for DAG: example_complex
[2024-12-04T05:04:42.899+0000] {logging_mixin.py:120} INFO - [2024-12-04T05:04:42.899+0000] {taskmixin.py:205} WARNING - Dependency <Task(BashOperator): create_tag>, delete_tag already registered for DAG: example_complex
[2024-12-04T05:04:42.899+0000] {logging_mixin.py:120} INFO - [2024-12-04T05:04:42.899+0000] {taskmixin.py:205} WARNING - Dependency <Task(BashOperator): delete_tag>, create_tag already registered for DAG: example_complex
[2024-12-04T05:04:42.909+0000] {processor.py:766} INFO - DAG(s) dict_keys(['example_complex']) retrieved from /home/airflow/.local/lib/python3.7/site-packages/airflow/example_dags/example_complex.py
[2024-12-04T05:04:42.967+0000] {logging_mixin.py:120} INFO - [2024-12-04T05:04:42.967+0000] {dag.py:2585} INFO - Sync 1 DAGs
[2024-12-04T05:04:43.002+0000] {logging_mixin.py:120} INFO - [2024-12-04T05:04:43.002+0000] {dag.py:3340} INFO - Setting next_dagrun for example_complex to None, run_after=None
[2024-12-04T05:04:43.033+0000] {processor.py:176} INFO - Processing /home/airflow/.local/lib/python3.7/site-packages/airflow/example_dags/example_complex.py took 0.163 seconds
