[2024-12-04T04:51:49.952+0000] {processor.py:154} INFO - Started process (PID=67) to work on /home/airflow/.local/lib/python3.7/site-packages/airflow/example_dags/example_branch_python_dop_operator_3.py
[2024-12-04T04:51:49.954+0000] {processor.py:756} INFO - Processing file /home/airflow/.local/lib/python3.7/site-packages/airflow/example_dags/example_branch_python_dop_operator_3.py for tasks to queue
[2024-12-04T04:51:49.954+0000] {logging_mixin.py:120} INFO - [2024-12-04T04:51:49.954+0000] {dagbag.py:537} INFO - Filling up the DagBag from /home/airflow/.local/lib/python3.7/site-packages/airflow/example_dags/example_branch_python_dop_operator_3.py
[2024-12-04T04:51:49.993+0000] {processor.py:766} INFO - DAG(s) dict_keys(['example_branch_dop_operator_v3']) retrieved from /home/airflow/.local/lib/python3.7/site-packages/airflow/example_dags/example_branch_python_dop_operator_3.py
[2024-12-04T04:51:50.024+0000] {logging_mixin.py:120} INFO - [2024-12-04T04:51:50.023+0000] {dag.py:2585} INFO - Sync 1 DAGs
[2024-12-04T04:51:50.058+0000] {logging_mixin.py:120} INFO - [2024-12-04T04:51:50.058+0000] {dag.py:3340} INFO - Setting next_dagrun for example_branch_dop_operator_v3 to 2024-12-04T04:50:00+00:00, run_after=2024-12-04T04:51:00+00:00
[2024-12-04T04:51:50.083+0000] {processor.py:176} INFO - Processing /home/airflow/.local/lib/python3.7/site-packages/airflow/example_dags/example_branch_python_dop_operator_3.py took 0.135 seconds
[2024-12-04T04:52:21.445+0000] {processor.py:154} INFO - Started process (PID=121) to work on /home/airflow/.local/lib/python3.7/site-packages/airflow/example_dags/example_branch_python_dop_operator_3.py
[2024-12-04T04:52:21.446+0000] {processor.py:756} INFO - Processing file /home/airflow/.local/lib/python3.7/site-packages/airflow/example_dags/example_branch_python_dop_operator_3.py for tasks to queue
[2024-12-04T04:52:21.447+0000] {logging_mixin.py:120} INFO - [2024-12-04T04:52:21.446+0000] {dagbag.py:537} INFO - Filling up the DagBag from /home/airflow/.local/lib/python3.7/site-packages/airflow/example_dags/example_branch_python_dop_operator_3.py
[2024-12-04T04:52:21.481+0000] {processor.py:766} INFO - DAG(s) dict_keys(['example_branch_dop_operator_v3']) retrieved from /home/airflow/.local/lib/python3.7/site-packages/airflow/example_dags/example_branch_python_dop_operator_3.py
[2024-12-04T04:52:21.540+0000] {logging_mixin.py:120} INFO - [2024-12-04T04:52:21.540+0000] {dag.py:2585} INFO - Sync 1 DAGs
[2024-12-04T04:52:21.593+0000] {logging_mixin.py:120} INFO - [2024-12-04T04:52:21.593+0000] {dag.py:3340} INFO - Setting next_dagrun for example_branch_dop_operator_v3 to 2024-12-04T04:51:00+00:00, run_after=2024-12-04T04:52:00+00:00
[2024-12-04T04:52:21.625+0000] {processor.py:176} INFO - Processing /home/airflow/.local/lib/python3.7/site-packages/airflow/example_dags/example_branch_python_dop_operator_3.py took 0.185 seconds
[2024-12-04T04:59:02.259+0000] {processor.py:154} INFO - Started process (PID=57) to work on /home/airflow/.local/lib/python3.7/site-packages/airflow/example_dags/example_branch_python_dop_operator_3.py
[2024-12-04T04:59:02.260+0000] {processor.py:756} INFO - Processing file /home/airflow/.local/lib/python3.7/site-packages/airflow/example_dags/example_branch_python_dop_operator_3.py for tasks to queue
[2024-12-04T04:59:02.261+0000] {logging_mixin.py:120} INFO - [2024-12-04T04:59:02.261+0000] {dagbag.py:537} INFO - Filling up the DagBag from /home/airflow/.local/lib/python3.7/site-packages/airflow/example_dags/example_branch_python_dop_operator_3.py
[2024-12-04T04:59:02.287+0000] {processor.py:766} INFO - DAG(s) dict_keys(['example_branch_dop_operator_v3']) retrieved from /home/airflow/.local/lib/python3.7/site-packages/airflow/example_dags/example_branch_python_dop_operator_3.py
[2024-12-04T04:59:02.325+0000] {logging_mixin.py:120} INFO - [2024-12-04T04:59:02.325+0000] {dag.py:2585} INFO - Sync 1 DAGs
[2024-12-04T04:59:02.356+0000] {logging_mixin.py:120} INFO - [2024-12-04T04:59:02.356+0000] {dag.py:3340} INFO - Setting next_dagrun for example_branch_dop_operator_v3 to 2024-12-04T04:58:00+00:00, run_after=2024-12-04T04:59:00+00:00
[2024-12-04T04:59:02.378+0000] {processor.py:176} INFO - Processing /home/airflow/.local/lib/python3.7/site-packages/airflow/example_dags/example_branch_python_dop_operator_3.py took 0.121 seconds
[2024-12-04T04:59:33.389+0000] {processor.py:154} INFO - Started process (PID=120) to work on /home/airflow/.local/lib/python3.7/site-packages/airflow/example_dags/example_branch_python_dop_operator_3.py
[2024-12-04T04:59:33.390+0000] {processor.py:756} INFO - Processing file /home/airflow/.local/lib/python3.7/site-packages/airflow/example_dags/example_branch_python_dop_operator_3.py for tasks to queue
[2024-12-04T04:59:33.391+0000] {logging_mixin.py:120} INFO - [2024-12-04T04:59:33.391+0000] {dagbag.py:537} INFO - Filling up the DagBag from /home/airflow/.local/lib/python3.7/site-packages/airflow/example_dags/example_branch_python_dop_operator_3.py
[2024-12-04T04:59:33.410+0000] {processor.py:766} INFO - DAG(s) dict_keys(['example_branch_dop_operator_v3']) retrieved from /home/airflow/.local/lib/python3.7/site-packages/airflow/example_dags/example_branch_python_dop_operator_3.py
[2024-12-04T04:59:33.448+0000] {logging_mixin.py:120} INFO - [2024-12-04T04:59:33.448+0000] {dag.py:2585} INFO - Sync 1 DAGs
[2024-12-04T04:59:33.476+0000] {logging_mixin.py:120} INFO - [2024-12-04T04:59:33.476+0000] {dag.py:3340} INFO - Setting next_dagrun for example_branch_dop_operator_v3 to 2024-12-04T04:58:00+00:00, run_after=2024-12-04T04:59:00+00:00
[2024-12-04T04:59:33.496+0000] {processor.py:176} INFO - Processing /home/airflow/.local/lib/python3.7/site-packages/airflow/example_dags/example_branch_python_dop_operator_3.py took 0.109 seconds
[2024-12-04T05:00:05.836+0000] {processor.py:154} INFO - Started process (PID=184) to work on /home/airflow/.local/lib/python3.7/site-packages/airflow/example_dags/example_branch_python_dop_operator_3.py
[2024-12-04T05:00:05.837+0000] {processor.py:756} INFO - Processing file /home/airflow/.local/lib/python3.7/site-packages/airflow/example_dags/example_branch_python_dop_operator_3.py for tasks to queue
[2024-12-04T05:00:05.838+0000] {logging_mixin.py:120} INFO - [2024-12-04T05:00:05.838+0000] {dagbag.py:537} INFO - Filling up the DagBag from /home/airflow/.local/lib/python3.7/site-packages/airflow/example_dags/example_branch_python_dop_operator_3.py
[2024-12-04T05:00:05.875+0000] {processor.py:766} INFO - DAG(s) dict_keys(['example_branch_dop_operator_v3']) retrieved from /home/airflow/.local/lib/python3.7/site-packages/airflow/example_dags/example_branch_python_dop_operator_3.py
[2024-12-04T05:00:05.937+0000] {logging_mixin.py:120} INFO - [2024-12-04T05:00:05.937+0000] {dag.py:2585} INFO - Sync 1 DAGs
[2024-12-04T05:00:05.984+0000] {logging_mixin.py:120} INFO - [2024-12-04T05:00:05.984+0000] {dag.py:3340} INFO - Setting next_dagrun for example_branch_dop_operator_v3 to 2024-12-04T04:59:00+00:00, run_after=2024-12-04T05:00:00+00:00
[2024-12-04T05:00:06.018+0000] {processor.py:176} INFO - Processing /home/airflow/.local/lib/python3.7/site-packages/airflow/example_dags/example_branch_python_dop_operator_3.py took 0.187 seconds
[2024-12-04T05:00:36.508+0000] {processor.py:154} INFO - Started process (PID=239) to work on /home/airflow/.local/lib/python3.7/site-packages/airflow/example_dags/example_branch_python_dop_operator_3.py
[2024-12-04T05:00:36.509+0000] {processor.py:756} INFO - Processing file /home/airflow/.local/lib/python3.7/site-packages/airflow/example_dags/example_branch_python_dop_operator_3.py for tasks to queue
[2024-12-04T05:00:36.510+0000] {logging_mixin.py:120} INFO - [2024-12-04T05:00:36.510+0000] {dagbag.py:537} INFO - Filling up the DagBag from /home/airflow/.local/lib/python3.7/site-packages/airflow/example_dags/example_branch_python_dop_operator_3.py
[2024-12-04T05:00:36.547+0000] {processor.py:766} INFO - DAG(s) dict_keys(['example_branch_dop_operator_v3']) retrieved from /home/airflow/.local/lib/python3.7/site-packages/airflow/example_dags/example_branch_python_dop_operator_3.py
[2024-12-04T05:00:36.613+0000] {logging_mixin.py:120} INFO - [2024-12-04T05:00:36.613+0000] {dag.py:2585} INFO - Sync 1 DAGs
[2024-12-04T05:00:36.664+0000] {logging_mixin.py:120} INFO - [2024-12-04T05:00:36.664+0000] {dag.py:3340} INFO - Setting next_dagrun for example_branch_dop_operator_v3 to 2024-12-04T04:59:00+00:00, run_after=2024-12-04T05:00:00+00:00
[2024-12-04T05:00:36.699+0000] {processor.py:176} INFO - Processing /home/airflow/.local/lib/python3.7/site-packages/airflow/example_dags/example_branch_python_dop_operator_3.py took 0.196 seconds
[2024-12-04T05:01:06.919+0000] {processor.py:154} INFO - Started process (PID=301) to work on /home/airflow/.local/lib/python3.7/site-packages/airflow/example_dags/example_branch_python_dop_operator_3.py
[2024-12-04T05:01:06.919+0000] {processor.py:756} INFO - Processing file /home/airflow/.local/lib/python3.7/site-packages/airflow/example_dags/example_branch_python_dop_operator_3.py for tasks to queue
[2024-12-04T05:01:06.920+0000] {logging_mixin.py:120} INFO - [2024-12-04T05:01:06.920+0000] {dagbag.py:537} INFO - Filling up the DagBag from /home/airflow/.local/lib/python3.7/site-packages/airflow/example_dags/example_branch_python_dop_operator_3.py
[2024-12-04T05:01:06.940+0000] {processor.py:766} INFO - DAG(s) dict_keys(['example_branch_dop_operator_v3']) retrieved from /home/airflow/.local/lib/python3.7/site-packages/airflow/example_dags/example_branch_python_dop_operator_3.py
[2024-12-04T05:01:06.977+0000] {logging_mixin.py:120} INFO - [2024-12-04T05:01:06.977+0000] {dag.py:2585} INFO - Sync 1 DAGs
[2024-12-04T05:01:07.005+0000] {logging_mixin.py:120} INFO - [2024-12-04T05:01:07.005+0000] {dag.py:3340} INFO - Setting next_dagrun for example_branch_dop_operator_v3 to 2024-12-04T05:00:00+00:00, run_after=2024-12-04T05:01:00+00:00
[2024-12-04T05:01:07.024+0000] {processor.py:176} INFO - Processing /home/airflow/.local/lib/python3.7/site-packages/airflow/example_dags/example_branch_python_dop_operator_3.py took 0.108 seconds
[2024-12-04T05:01:38.238+0000] {processor.py:154} INFO - Started process (PID=355) to work on /home/airflow/.local/lib/python3.7/site-packages/airflow/example_dags/example_branch_python_dop_operator_3.py
[2024-12-04T05:01:38.240+0000] {processor.py:756} INFO - Processing file /home/airflow/.local/lib/python3.7/site-packages/airflow/example_dags/example_branch_python_dop_operator_3.py for tasks to queue
[2024-12-04T05:01:38.241+0000] {logging_mixin.py:120} INFO - [2024-12-04T05:01:38.241+0000] {dagbag.py:537} INFO - Filling up the DagBag from /home/airflow/.local/lib/python3.7/site-packages/airflow/example_dags/example_branch_python_dop_operator_3.py
[2024-12-04T05:01:38.275+0000] {processor.py:766} INFO - DAG(s) dict_keys(['example_branch_dop_operator_v3']) retrieved from /home/airflow/.local/lib/python3.7/site-packages/airflow/example_dags/example_branch_python_dop_operator_3.py
[2024-12-04T05:01:38.337+0000] {logging_mixin.py:120} INFO - [2024-12-04T05:01:38.337+0000] {dag.py:2585} INFO - Sync 1 DAGs
[2024-12-04T05:01:38.386+0000] {logging_mixin.py:120} INFO - [2024-12-04T05:01:38.385+0000] {dag.py:3340} INFO - Setting next_dagrun for example_branch_dop_operator_v3 to 2024-12-04T05:00:00+00:00, run_after=2024-12-04T05:01:00+00:00
[2024-12-04T05:01:38.412+0000] {processor.py:176} INFO - Processing /home/airflow/.local/lib/python3.7/site-packages/airflow/example_dags/example_branch_python_dop_operator_3.py took 0.181 seconds
[2024-12-04T05:02:08.694+0000] {processor.py:154} INFO - Started process (PID=418) to work on /home/airflow/.local/lib/python3.7/site-packages/airflow/example_dags/example_branch_python_dop_operator_3.py
[2024-12-04T05:02:08.695+0000] {processor.py:756} INFO - Processing file /home/airflow/.local/lib/python3.7/site-packages/airflow/example_dags/example_branch_python_dop_operator_3.py for tasks to queue
[2024-12-04T05:02:08.696+0000] {logging_mixin.py:120} INFO - [2024-12-04T05:02:08.696+0000] {dagbag.py:537} INFO - Filling up the DagBag from /home/airflow/.local/lib/python3.7/site-packages/airflow/example_dags/example_branch_python_dop_operator_3.py
[2024-12-04T05:02:08.734+0000] {processor.py:766} INFO - DAG(s) dict_keys(['example_branch_dop_operator_v3']) retrieved from /home/airflow/.local/lib/python3.7/site-packages/airflow/example_dags/example_branch_python_dop_operator_3.py
[2024-12-04T05:02:08.786+0000] {logging_mixin.py:120} INFO - [2024-12-04T05:02:08.786+0000] {dag.py:2585} INFO - Sync 1 DAGs
[2024-12-04T05:02:08.826+0000] {logging_mixin.py:120} INFO - [2024-12-04T05:02:08.826+0000] {dag.py:3340} INFO - Setting next_dagrun for example_branch_dop_operator_v3 to 2024-12-04T05:01:00+00:00, run_after=2024-12-04T05:02:00+00:00
[2024-12-04T05:02:08.852+0000] {processor.py:176} INFO - Processing /home/airflow/.local/lib/python3.7/site-packages/airflow/example_dags/example_branch_python_dop_operator_3.py took 0.165 seconds
[2024-12-04T05:02:39.231+0000] {processor.py:154} INFO - Started process (PID=481) to work on /home/airflow/.local/lib/python3.7/site-packages/airflow/example_dags/example_branch_python_dop_operator_3.py
[2024-12-04T05:02:39.232+0000] {processor.py:756} INFO - Processing file /home/airflow/.local/lib/python3.7/site-packages/airflow/example_dags/example_branch_python_dop_operator_3.py for tasks to queue
[2024-12-04T05:02:39.234+0000] {logging_mixin.py:120} INFO - [2024-12-04T05:02:39.233+0000] {dagbag.py:537} INFO - Filling up the DagBag from /home/airflow/.local/lib/python3.7/site-packages/airflow/example_dags/example_branch_python_dop_operator_3.py
[2024-12-04T05:02:39.282+0000] {processor.py:766} INFO - DAG(s) dict_keys(['example_branch_dop_operator_v3']) retrieved from /home/airflow/.local/lib/python3.7/site-packages/airflow/example_dags/example_branch_python_dop_operator_3.py
[2024-12-04T05:02:39.352+0000] {logging_mixin.py:120} INFO - [2024-12-04T05:02:39.352+0000] {dag.py:2585} INFO - Sync 1 DAGs
[2024-12-04T05:02:39.397+0000] {logging_mixin.py:120} INFO - [2024-12-04T05:02:39.397+0000] {dag.py:3340} INFO - Setting next_dagrun for example_branch_dop_operator_v3 to 2024-12-04T05:01:00+00:00, run_after=2024-12-04T05:02:00+00:00
[2024-12-04T05:02:39.431+0000] {processor.py:176} INFO - Processing /home/airflow/.local/lib/python3.7/site-packages/airflow/example_dags/example_branch_python_dop_operator_3.py took 0.205 seconds
[2024-12-04T05:03:09.966+0000] {processor.py:154} INFO - Started process (PID=535) to work on /home/airflow/.local/lib/python3.7/site-packages/airflow/example_dags/example_branch_python_dop_operator_3.py
[2024-12-04T05:03:09.967+0000] {processor.py:756} INFO - Processing file /home/airflow/.local/lib/python3.7/site-packages/airflow/example_dags/example_branch_python_dop_operator_3.py for tasks to queue
[2024-12-04T05:03:09.967+0000] {logging_mixin.py:120} INFO - [2024-12-04T05:03:09.967+0000] {dagbag.py:537} INFO - Filling up the DagBag from /home/airflow/.local/lib/python3.7/site-packages/airflow/example_dags/example_branch_python_dop_operator_3.py
[2024-12-04T05:03:09.999+0000] {processor.py:766} INFO - DAG(s) dict_keys(['example_branch_dop_operator_v3']) retrieved from /home/airflow/.local/lib/python3.7/site-packages/airflow/example_dags/example_branch_python_dop_operator_3.py
[2024-12-04T05:03:10.055+0000] {logging_mixin.py:120} INFO - [2024-12-04T05:03:10.055+0000] {dag.py:2585} INFO - Sync 1 DAGs
[2024-12-04T05:03:10.095+0000] {logging_mixin.py:120} INFO - [2024-12-04T05:03:10.095+0000] {dag.py:3340} INFO - Setting next_dagrun for example_branch_dop_operator_v3 to 2024-12-04T05:02:00+00:00, run_after=2024-12-04T05:03:00+00:00
[2024-12-04T05:03:10.128+0000] {processor.py:176} INFO - Processing /home/airflow/.local/lib/python3.7/site-packages/airflow/example_dags/example_branch_python_dop_operator_3.py took 0.167 seconds
[2024-12-04T05:03:40.537+0000] {processor.py:154} INFO - Started process (PID=598) to work on /home/airflow/.local/lib/python3.7/site-packages/airflow/example_dags/example_branch_python_dop_operator_3.py
[2024-12-04T05:03:40.538+0000] {processor.py:756} INFO - Processing file /home/airflow/.local/lib/python3.7/site-packages/airflow/example_dags/example_branch_python_dop_operator_3.py for tasks to queue
[2024-12-04T05:03:40.539+0000] {logging_mixin.py:120} INFO - [2024-12-04T05:03:40.539+0000] {dagbag.py:537} INFO - Filling up the DagBag from /home/airflow/.local/lib/python3.7/site-packages/airflow/example_dags/example_branch_python_dop_operator_3.py
[2024-12-04T05:03:40.572+0000] {processor.py:766} INFO - DAG(s) dict_keys(['example_branch_dop_operator_v3']) retrieved from /home/airflow/.local/lib/python3.7/site-packages/airflow/example_dags/example_branch_python_dop_operator_3.py
[2024-12-04T05:03:40.627+0000] {logging_mixin.py:120} INFO - [2024-12-04T05:03:40.627+0000] {dag.py:2585} INFO - Sync 1 DAGs
[2024-12-04T05:03:40.671+0000] {logging_mixin.py:120} INFO - [2024-12-04T05:03:40.671+0000] {dag.py:3340} INFO - Setting next_dagrun for example_branch_dop_operator_v3 to 2024-12-04T05:02:00+00:00, run_after=2024-12-04T05:03:00+00:00
[2024-12-04T05:03:40.704+0000] {processor.py:176} INFO - Processing /home/airflow/.local/lib/python3.7/site-packages/airflow/example_dags/example_branch_python_dop_operator_3.py took 0.171 seconds
[2024-12-04T05:04:10.950+0000] {processor.py:154} INFO - Started process (PID=652) to work on /home/airflow/.local/lib/python3.7/site-packages/airflow/example_dags/example_branch_python_dop_operator_3.py
[2024-12-04T05:04:10.951+0000] {processor.py:756} INFO - Processing file /home/airflow/.local/lib/python3.7/site-packages/airflow/example_dags/example_branch_python_dop_operator_3.py for tasks to queue
[2024-12-04T05:04:10.952+0000] {logging_mixin.py:120} INFO - [2024-12-04T05:04:10.952+0000] {dagbag.py:537} INFO - Filling up the DagBag from /home/airflow/.local/lib/python3.7/site-packages/airflow/example_dags/example_branch_python_dop_operator_3.py
[2024-12-04T05:04:10.988+0000] {processor.py:766} INFO - DAG(s) dict_keys(['example_branch_dop_operator_v3']) retrieved from /home/airflow/.local/lib/python3.7/site-packages/airflow/example_dags/example_branch_python_dop_operator_3.py
[2024-12-04T05:04:11.047+0000] {logging_mixin.py:120} INFO - [2024-12-04T05:04:11.047+0000] {dag.py:2585} INFO - Sync 1 DAGs
[2024-12-04T05:04:11.089+0000] {logging_mixin.py:120} INFO - [2024-12-04T05:04:11.089+0000] {dag.py:3340} INFO - Setting next_dagrun for example_branch_dop_operator_v3 to 2024-12-04T05:03:00+00:00, run_after=2024-12-04T05:04:00+00:00
[2024-12-04T05:04:11.124+0000] {processor.py:176} INFO - Processing /home/airflow/.local/lib/python3.7/site-packages/airflow/example_dags/example_branch_python_dop_operator_3.py took 0.178 seconds
[2024-12-04T05:04:41.316+0000] {processor.py:154} INFO - Started process (PID=714) to work on /home/airflow/.local/lib/python3.7/site-packages/airflow/example_dags/example_branch_python_dop_operator_3.py
[2024-12-04T05:04:41.317+0000] {processor.py:756} INFO - Processing file /home/airflow/.local/lib/python3.7/site-packages/airflow/example_dags/example_branch_python_dop_operator_3.py for tasks to queue
[2024-12-04T05:04:41.318+0000] {logging_mixin.py:120} INFO - [2024-12-04T05:04:41.318+0000] {dagbag.py:537} INFO - Filling up the DagBag from /home/airflow/.local/lib/python3.7/site-packages/airflow/example_dags/example_branch_python_dop_operator_3.py
[2024-12-04T05:04:41.348+0000] {processor.py:766} INFO - DAG(s) dict_keys(['example_branch_dop_operator_v3']) retrieved from /home/airflow/.local/lib/python3.7/site-packages/airflow/example_dags/example_branch_python_dop_operator_3.py
[2024-12-04T05:04:41.400+0000] {logging_mixin.py:120} INFO - [2024-12-04T05:04:41.400+0000] {dag.py:2585} INFO - Sync 1 DAGs
[2024-12-04T05:04:41.440+0000] {logging_mixin.py:120} INFO - [2024-12-04T05:04:41.440+0000] {dag.py:3340} INFO - Setting next_dagrun for example_branch_dop_operator_v3 to 2024-12-04T05:03:00+00:00, run_after=2024-12-04T05:04:00+00:00
[2024-12-04T05:04:41.469+0000] {processor.py:176} INFO - Processing /home/airflow/.local/lib/python3.7/site-packages/airflow/example_dags/example_branch_python_dop_operator_3.py took 0.157 seconds
