[2024-12-04T04:51:49.943+0000] {processor.py:154} INFO - Started process (PID=66) to work on /home/airflow/.local/lib/python3.7/site-packages/airflow/example_dags/example_latest_only.py
[2024-12-04T04:51:49.945+0000] {processor.py:756} INFO - Processing file /home/airflow/.local/lib/python3.7/site-packages/airflow/example_dags/example_latest_only.py for tasks to queue
[2024-12-04T04:51:49.946+0000] {logging_mixin.py:120} INFO - [2024-12-04T04:51:49.946+0000] {dagbag.py:537} INFO - Filling up the DagBag from /home/airflow/.local/lib/python3.7/site-packages/airflow/example_dags/example_latest_only.py
[2024-12-04T04:51:49.967+0000] {processor.py:766} INFO - DAG(s) dict_keys(['latest_only']) retrieved from /home/airflow/.local/lib/python3.7/site-packages/airflow/example_dags/example_latest_only.py
[2024-12-04T04:51:50.008+0000] {logging_mixin.py:120} INFO - [2024-12-04T04:51:50.008+0000] {dag.py:2585} INFO - Sync 1 DAGs
[2024-12-04T04:51:50.048+0000] {logging_mixin.py:120} INFO - [2024-12-04T04:51:50.048+0000] {dag.py:3340} INFO - Setting next_dagrun for latest_only to 2024-12-04T00:51:50.048090+00:00, run_after=2024-12-04T04:51:50.048090+00:00
[2024-12-04T04:51:50.078+0000] {processor.py:176} INFO - Processing /home/airflow/.local/lib/python3.7/site-packages/airflow/example_dags/example_latest_only.py took 0.141 seconds
[2024-12-04T04:52:21.249+0000] {processor.py:154} INFO - Started process (PID=120) to work on /home/airflow/.local/lib/python3.7/site-packages/airflow/example_dags/example_latest_only.py
[2024-12-04T04:52:21.250+0000] {processor.py:756} INFO - Processing file /home/airflow/.local/lib/python3.7/site-packages/airflow/example_dags/example_latest_only.py for tasks to queue
[2024-12-04T04:52:21.251+0000] {logging_mixin.py:120} INFO - [2024-12-04T04:52:21.250+0000] {dagbag.py:537} INFO - Filling up the DagBag from /home/airflow/.local/lib/python3.7/site-packages/airflow/example_dags/example_latest_only.py
[2024-12-04T04:52:21.273+0000] {processor.py:766} INFO - DAG(s) dict_keys(['latest_only']) retrieved from /home/airflow/.local/lib/python3.7/site-packages/airflow/example_dags/example_latest_only.py
[2024-12-04T04:52:21.331+0000] {logging_mixin.py:120} INFO - [2024-12-04T04:52:21.330+0000] {dag.py:2585} INFO - Sync 1 DAGs
[2024-12-04T04:52:21.369+0000] {logging_mixin.py:120} INFO - [2024-12-04T04:52:21.369+0000] {dag.py:3340} INFO - Setting next_dagrun for latest_only to 2024-12-04T00:52:21.369143+00:00, run_after=2024-12-04T04:52:21.369143+00:00
[2024-12-04T04:52:21.405+0000] {processor.py:176} INFO - Processing /home/airflow/.local/lib/python3.7/site-packages/airflow/example_dags/example_latest_only.py took 0.160 seconds
[2024-12-04T04:59:02.175+0000] {processor.py:154} INFO - Started process (PID=56) to work on /home/airflow/.local/lib/python3.7/site-packages/airflow/example_dags/example_latest_only.py
[2024-12-04T04:59:02.176+0000] {processor.py:756} INFO - Processing file /home/airflow/.local/lib/python3.7/site-packages/airflow/example_dags/example_latest_only.py for tasks to queue
[2024-12-04T04:59:02.176+0000] {logging_mixin.py:120} INFO - [2024-12-04T04:59:02.176+0000] {dagbag.py:537} INFO - Filling up the DagBag from /home/airflow/.local/lib/python3.7/site-packages/airflow/example_dags/example_latest_only.py
[2024-12-04T04:59:02.195+0000] {processor.py:766} INFO - DAG(s) dict_keys(['latest_only']) retrieved from /home/airflow/.local/lib/python3.7/site-packages/airflow/example_dags/example_latest_only.py
[2024-12-04T04:59:02.221+0000] {logging_mixin.py:120} INFO - [2024-12-04T04:59:02.221+0000] {dag.py:2585} INFO - Sync 1 DAGs
[2024-12-04T04:59:02.247+0000] {logging_mixin.py:120} INFO - [2024-12-04T04:59:02.247+0000] {dag.py:3340} INFO - Setting next_dagrun for latest_only to 2024-12-04T00:59:02.247025+00:00, run_after=2024-12-04T04:59:02.247025+00:00
[2024-12-04T04:59:02.269+0000] {processor.py:176} INFO - Processing /home/airflow/.local/lib/python3.7/site-packages/airflow/example_dags/example_latest_only.py took 0.097 seconds
[2024-12-04T04:59:33.270+0000] {processor.py:154} INFO - Started process (PID=119) to work on /home/airflow/.local/lib/python3.7/site-packages/airflow/example_dags/example_latest_only.py
[2024-12-04T04:59:33.271+0000] {processor.py:756} INFO - Processing file /home/airflow/.local/lib/python3.7/site-packages/airflow/example_dags/example_latest_only.py for tasks to queue
[2024-12-04T04:59:33.272+0000] {logging_mixin.py:120} INFO - [2024-12-04T04:59:33.272+0000] {dagbag.py:537} INFO - Filling up the DagBag from /home/airflow/.local/lib/python3.7/site-packages/airflow/example_dags/example_latest_only.py
[2024-12-04T04:59:33.284+0000] {processor.py:766} INFO - DAG(s) dict_keys(['latest_only']) retrieved from /home/airflow/.local/lib/python3.7/site-packages/airflow/example_dags/example_latest_only.py
[2024-12-04T04:59:33.321+0000] {logging_mixin.py:120} INFO - [2024-12-04T04:59:33.321+0000] {dag.py:2585} INFO - Sync 1 DAGs
[2024-12-04T04:59:33.344+0000] {logging_mixin.py:120} INFO - [2024-12-04T04:59:33.344+0000] {dag.py:3340} INFO - Setting next_dagrun for latest_only to 2024-12-04T00:59:33.344066+00:00, run_after=2024-12-04T04:59:33.344066+00:00
[2024-12-04T04:59:33.362+0000] {processor.py:176} INFO - Processing /home/airflow/.local/lib/python3.7/site-packages/airflow/example_dags/example_latest_only.py took 0.096 seconds
[2024-12-04T05:00:05.628+0000] {processor.py:154} INFO - Started process (PID=183) to work on /home/airflow/.local/lib/python3.7/site-packages/airflow/example_dags/example_latest_only.py
[2024-12-04T05:00:05.629+0000] {processor.py:756} INFO - Processing file /home/airflow/.local/lib/python3.7/site-packages/airflow/example_dags/example_latest_only.py for tasks to queue
[2024-12-04T05:00:05.630+0000] {logging_mixin.py:120} INFO - [2024-12-04T05:00:05.630+0000] {dagbag.py:537} INFO - Filling up the DagBag from /home/airflow/.local/lib/python3.7/site-packages/airflow/example_dags/example_latest_only.py
[2024-12-04T05:00:05.652+0000] {processor.py:766} INFO - DAG(s) dict_keys(['latest_only']) retrieved from /home/airflow/.local/lib/python3.7/site-packages/airflow/example_dags/example_latest_only.py
[2024-12-04T05:00:05.714+0000] {logging_mixin.py:120} INFO - [2024-12-04T05:00:05.714+0000] {dag.py:2585} INFO - Sync 1 DAGs
[2024-12-04T05:00:05.759+0000] {logging_mixin.py:120} INFO - [2024-12-04T05:00:05.759+0000] {dag.py:3340} INFO - Setting next_dagrun for latest_only to 2024-12-04T01:00:05.759357+00:00, run_after=2024-12-04T05:00:05.759357+00:00
[2024-12-04T05:00:05.789+0000] {processor.py:176} INFO - Processing /home/airflow/.local/lib/python3.7/site-packages/airflow/example_dags/example_latest_only.py took 0.165 seconds
[2024-12-04T05:00:35.866+0000] {processor.py:154} INFO - Started process (PID=237) to work on /home/airflow/.local/lib/python3.7/site-packages/airflow/example_dags/example_latest_only.py
[2024-12-04T05:00:35.867+0000] {processor.py:756} INFO - Processing file /home/airflow/.local/lib/python3.7/site-packages/airflow/example_dags/example_latest_only.py for tasks to queue
[2024-12-04T05:00:35.868+0000] {logging_mixin.py:120} INFO - [2024-12-04T05:00:35.867+0000] {dagbag.py:537} INFO - Filling up the DagBag from /home/airflow/.local/lib/python3.7/site-packages/airflow/example_dags/example_latest_only.py
[2024-12-04T05:00:35.888+0000] {processor.py:766} INFO - DAG(s) dict_keys(['latest_only']) retrieved from /home/airflow/.local/lib/python3.7/site-packages/airflow/example_dags/example_latest_only.py
[2024-12-04T05:00:35.941+0000] {logging_mixin.py:120} INFO - [2024-12-04T05:00:35.941+0000] {dag.py:2585} INFO - Sync 1 DAGs
[2024-12-04T05:00:35.978+0000] {logging_mixin.py:120} INFO - [2024-12-04T05:00:35.978+0000] {dag.py:3340} INFO - Setting next_dagrun for latest_only to 2024-12-04T01:00:35.977840+00:00, run_after=2024-12-04T05:00:35.977840+00:00
[2024-12-04T05:00:36.005+0000] {processor.py:176} INFO - Processing /home/airflow/.local/lib/python3.7/site-packages/airflow/example_dags/example_latest_only.py took 0.144 seconds
[2024-12-04T05:01:06.789+0000] {processor.py:154} INFO - Started process (PID=300) to work on /home/airflow/.local/lib/python3.7/site-packages/airflow/example_dags/example_latest_only.py
[2024-12-04T05:01:06.790+0000] {processor.py:756} INFO - Processing file /home/airflow/.local/lib/python3.7/site-packages/airflow/example_dags/example_latest_only.py for tasks to queue
[2024-12-04T05:01:06.791+0000] {logging_mixin.py:120} INFO - [2024-12-04T05:01:06.790+0000] {dagbag.py:537} INFO - Filling up the DagBag from /home/airflow/.local/lib/python3.7/site-packages/airflow/example_dags/example_latest_only.py
[2024-12-04T05:01:06.804+0000] {processor.py:766} INFO - DAG(s) dict_keys(['latest_only']) retrieved from /home/airflow/.local/lib/python3.7/site-packages/airflow/example_dags/example_latest_only.py
[2024-12-04T05:01:06.845+0000] {logging_mixin.py:120} INFO - [2024-12-04T05:01:06.845+0000] {dag.py:2585} INFO - Sync 1 DAGs
[2024-12-04T05:01:06.870+0000] {logging_mixin.py:120} INFO - [2024-12-04T05:01:06.870+0000] {dag.py:3340} INFO - Setting next_dagrun for latest_only to 2024-12-04T01:01:06.870129+00:00, run_after=2024-12-04T05:01:06.870129+00:00
[2024-12-04T05:01:06.891+0000] {processor.py:176} INFO - Processing /home/airflow/.local/lib/python3.7/site-packages/airflow/example_dags/example_latest_only.py took 0.105 seconds
[2024-12-04T05:01:38.221+0000] {processor.py:154} INFO - Started process (PID=354) to work on /home/airflow/.local/lib/python3.7/site-packages/airflow/example_dags/example_latest_only.py
[2024-12-04T05:01:38.223+0000] {processor.py:756} INFO - Processing file /home/airflow/.local/lib/python3.7/site-packages/airflow/example_dags/example_latest_only.py for tasks to queue
[2024-12-04T05:01:38.224+0000] {logging_mixin.py:120} INFO - [2024-12-04T05:01:38.223+0000] {dagbag.py:537} INFO - Filling up the DagBag from /home/airflow/.local/lib/python3.7/site-packages/airflow/example_dags/example_latest_only.py
[2024-12-04T05:01:38.244+0000] {processor.py:766} INFO - DAG(s) dict_keys(['latest_only']) retrieved from /home/airflow/.local/lib/python3.7/site-packages/airflow/example_dags/example_latest_only.py
[2024-12-04T05:01:38.305+0000] {logging_mixin.py:120} INFO - [2024-12-04T05:01:38.305+0000] {dag.py:2585} INFO - Sync 1 DAGs
[2024-12-04T05:01:38.345+0000] {logging_mixin.py:120} INFO - [2024-12-04T05:01:38.345+0000] {dag.py:3340} INFO - Setting next_dagrun for latest_only to 2024-12-04T01:01:38.345120+00:00, run_after=2024-12-04T05:01:38.345120+00:00
[2024-12-04T05:01:38.377+0000] {processor.py:176} INFO - Processing /home/airflow/.local/lib/python3.7/site-packages/airflow/example_dags/example_latest_only.py took 0.163 seconds
[2024-12-04T05:02:08.675+0000] {processor.py:154} INFO - Started process (PID=417) to work on /home/airflow/.local/lib/python3.7/site-packages/airflow/example_dags/example_latest_only.py
[2024-12-04T05:02:08.676+0000] {processor.py:756} INFO - Processing file /home/airflow/.local/lib/python3.7/site-packages/airflow/example_dags/example_latest_only.py for tasks to queue
[2024-12-04T05:02:08.677+0000] {logging_mixin.py:120} INFO - [2024-12-04T05:02:08.677+0000] {dagbag.py:537} INFO - Filling up the DagBag from /home/airflow/.local/lib/python3.7/site-packages/airflow/example_dags/example_latest_only.py
[2024-12-04T05:02:08.696+0000] {processor.py:766} INFO - DAG(s) dict_keys(['latest_only']) retrieved from /home/airflow/.local/lib/python3.7/site-packages/airflow/example_dags/example_latest_only.py
[2024-12-04T05:02:08.750+0000] {logging_mixin.py:120} INFO - [2024-12-04T05:02:08.750+0000] {dag.py:2585} INFO - Sync 1 DAGs
[2024-12-04T05:02:08.785+0000] {logging_mixin.py:120} INFO - [2024-12-04T05:02:08.785+0000] {dag.py:3340} INFO - Setting next_dagrun for latest_only to 2024-12-04T01:02:08.784832+00:00, run_after=2024-12-04T05:02:08.784832+00:00
[2024-12-04T05:02:08.811+0000] {processor.py:176} INFO - Processing /home/airflow/.local/lib/python3.7/site-packages/airflow/example_dags/example_latest_only.py took 0.140 seconds
[2024-12-04T05:02:39.036+0000] {processor.py:154} INFO - Started process (PID=480) to work on /home/airflow/.local/lib/python3.7/site-packages/airflow/example_dags/example_latest_only.py
[2024-12-04T05:02:39.038+0000] {processor.py:756} INFO - Processing file /home/airflow/.local/lib/python3.7/site-packages/airflow/example_dags/example_latest_only.py for tasks to queue
[2024-12-04T05:02:39.039+0000] {logging_mixin.py:120} INFO - [2024-12-04T05:02:39.038+0000] {dagbag.py:537} INFO - Filling up the DagBag from /home/airflow/.local/lib/python3.7/site-packages/airflow/example_dags/example_latest_only.py
[2024-12-04T05:02:39.060+0000] {processor.py:766} INFO - DAG(s) dict_keys(['latest_only']) retrieved from /home/airflow/.local/lib/python3.7/site-packages/airflow/example_dags/example_latest_only.py
[2024-12-04T05:02:39.118+0000] {logging_mixin.py:120} INFO - [2024-12-04T05:02:39.118+0000] {dag.py:2585} INFO - Sync 1 DAGs
[2024-12-04T05:02:39.154+0000] {logging_mixin.py:120} INFO - [2024-12-04T05:02:39.153+0000] {dag.py:3340} INFO - Setting next_dagrun for latest_only to 2024-12-04T01:02:39.153629+00:00, run_after=2024-12-04T05:02:39.153629+00:00
[2024-12-04T05:02:39.189+0000] {processor.py:176} INFO - Processing /home/airflow/.local/lib/python3.7/site-packages/airflow/example_dags/example_latest_only.py took 0.158 seconds
[2024-12-04T05:03:09.397+0000] {processor.py:154} INFO - Started process (PID=533) to work on /home/airflow/.local/lib/python3.7/site-packages/airflow/example_dags/example_latest_only.py
[2024-12-04T05:03:09.399+0000] {processor.py:756} INFO - Processing file /home/airflow/.local/lib/python3.7/site-packages/airflow/example_dags/example_latest_only.py for tasks to queue
[2024-12-04T05:03:09.399+0000] {logging_mixin.py:120} INFO - [2024-12-04T05:03:09.399+0000] {dagbag.py:537} INFO - Filling up the DagBag from /home/airflow/.local/lib/python3.7/site-packages/airflow/example_dags/example_latest_only.py
[2024-12-04T05:03:09.422+0000] {processor.py:766} INFO - DAG(s) dict_keys(['latest_only']) retrieved from /home/airflow/.local/lib/python3.7/site-packages/airflow/example_dags/example_latest_only.py
[2024-12-04T05:03:09.483+0000] {logging_mixin.py:120} INFO - [2024-12-04T05:03:09.482+0000] {dag.py:2585} INFO - Sync 1 DAGs
[2024-12-04T05:03:09.521+0000] {logging_mixin.py:120} INFO - [2024-12-04T05:03:09.520+0000] {dag.py:3340} INFO - Setting next_dagrun for latest_only to 2024-12-04T01:03:09.520513+00:00, run_after=2024-12-04T05:03:09.520513+00:00
[2024-12-04T05:03:09.550+0000] {processor.py:176} INFO - Processing /home/airflow/.local/lib/python3.7/site-packages/airflow/example_dags/example_latest_only.py took 0.158 seconds
[2024-12-04T05:03:39.701+0000] {processor.py:154} INFO - Started process (PID=596) to work on /home/airflow/.local/lib/python3.7/site-packages/airflow/example_dags/example_latest_only.py
[2024-12-04T05:03:39.702+0000] {processor.py:756} INFO - Processing file /home/airflow/.local/lib/python3.7/site-packages/airflow/example_dags/example_latest_only.py for tasks to queue
[2024-12-04T05:03:39.703+0000] {logging_mixin.py:120} INFO - [2024-12-04T05:03:39.703+0000] {dagbag.py:537} INFO - Filling up the DagBag from /home/airflow/.local/lib/python3.7/site-packages/airflow/example_dags/example_latest_only.py
[2024-12-04T05:03:39.723+0000] {processor.py:766} INFO - DAG(s) dict_keys(['latest_only']) retrieved from /home/airflow/.local/lib/python3.7/site-packages/airflow/example_dags/example_latest_only.py
[2024-12-04T05:03:39.785+0000] {logging_mixin.py:120} INFO - [2024-12-04T05:03:39.785+0000] {dag.py:2585} INFO - Sync 1 DAGs
[2024-12-04T05:03:39.829+0000] {logging_mixin.py:120} INFO - [2024-12-04T05:03:39.829+0000] {dag.py:3340} INFO - Setting next_dagrun for latest_only to 2024-12-04T01:03:39.829094+00:00, run_after=2024-12-04T05:03:39.829094+00:00
[2024-12-04T05:03:39.864+0000] {processor.py:176} INFO - Processing /home/airflow/.local/lib/python3.7/site-packages/airflow/example_dags/example_latest_only.py took 0.167 seconds
[2024-12-04T05:04:10.760+0000] {processor.py:154} INFO - Started process (PID=650) to work on /home/airflow/.local/lib/python3.7/site-packages/airflow/example_dags/example_latest_only.py
[2024-12-04T05:04:10.761+0000] {processor.py:756} INFO - Processing file /home/airflow/.local/lib/python3.7/site-packages/airflow/example_dags/example_latest_only.py for tasks to queue
[2024-12-04T05:04:10.762+0000] {logging_mixin.py:120} INFO - [2024-12-04T05:04:10.762+0000] {dagbag.py:537} INFO - Filling up the DagBag from /home/airflow/.local/lib/python3.7/site-packages/airflow/example_dags/example_latest_only.py
[2024-12-04T05:04:10.784+0000] {processor.py:766} INFO - DAG(s) dict_keys(['latest_only']) retrieved from /home/airflow/.local/lib/python3.7/site-packages/airflow/example_dags/example_latest_only.py
[2024-12-04T05:04:10.837+0000] {logging_mixin.py:120} INFO - [2024-12-04T05:04:10.837+0000] {dag.py:2585} INFO - Sync 1 DAGs
[2024-12-04T05:04:10.875+0000] {logging_mixin.py:120} INFO - [2024-12-04T05:04:10.874+0000] {dag.py:3340} INFO - Setting next_dagrun for latest_only to 2024-12-04T01:04:10.874699+00:00, run_after=2024-12-04T05:04:10.874699+00:00
[2024-12-04T05:04:10.901+0000] {processor.py:176} INFO - Processing /home/airflow/.local/lib/python3.7/site-packages/airflow/example_dags/example_latest_only.py took 0.145 seconds
[2024-12-04T05:04:41.294+0000] {processor.py:154} INFO - Started process (PID=713) to work on /home/airflow/.local/lib/python3.7/site-packages/airflow/example_dags/example_latest_only.py
[2024-12-04T05:04:41.295+0000] {processor.py:756} INFO - Processing file /home/airflow/.local/lib/python3.7/site-packages/airflow/example_dags/example_latest_only.py for tasks to queue
[2024-12-04T05:04:41.296+0000] {logging_mixin.py:120} INFO - [2024-12-04T05:04:41.296+0000] {dagbag.py:537} INFO - Filling up the DagBag from /home/airflow/.local/lib/python3.7/site-packages/airflow/example_dags/example_latest_only.py
[2024-12-04T05:04:41.315+0000] {processor.py:766} INFO - DAG(s) dict_keys(['latest_only']) retrieved from /home/airflow/.local/lib/python3.7/site-packages/airflow/example_dags/example_latest_only.py
[2024-12-04T05:04:41.368+0000] {logging_mixin.py:120} INFO - [2024-12-04T05:04:41.368+0000] {dag.py:2585} INFO - Sync 1 DAGs
[2024-12-04T05:04:41.402+0000] {logging_mixin.py:120} INFO - [2024-12-04T05:04:41.402+0000] {dag.py:3340} INFO - Setting next_dagrun for latest_only to 2024-12-04T01:04:41.402351+00:00, run_after=2024-12-04T05:04:41.402351+00:00
[2024-12-04T05:04:41.427+0000] {processor.py:176} INFO - Processing /home/airflow/.local/lib/python3.7/site-packages/airflow/example_dags/example_latest_only.py took 0.138 seconds
