[2024-12-04T04:51:49.099+0000] {processor.py:154} INFO - Started process (PID=57) to work on /home/airflow/.local/lib/python3.7/site-packages/airflow/example_dags/example_bash_operator.py
[2024-12-04T04:51:49.100+0000] {processor.py:756} INFO - Processing file /home/airflow/.local/lib/python3.7/site-packages/airflow/example_dags/example_bash_operator.py for tasks to queue
[2024-12-04T04:51:49.101+0000] {logging_mixin.py:120} INFO - [2024-12-04T04:51:49.101+0000] {dagbag.py:537} INFO - Filling up the DagBag from /home/airflow/.local/lib/python3.7/site-packages/airflow/example_dags/example_bash_operator.py
[2024-12-04T04:51:49.125+0000] {processor.py:766} INFO - DAG(s) dict_keys(['example_bash_operator']) retrieved from /home/airflow/.local/lib/python3.7/site-packages/airflow/example_dags/example_bash_operator.py
[2024-12-04T04:51:49.160+0000] {logging_mixin.py:120} INFO - [2024-12-04T04:51:49.160+0000] {dag.py:2585} INFO - Sync 1 DAGs
[2024-12-04T04:51:49.197+0000] {logging_mixin.py:120} INFO - [2024-12-04T04:51:49.196+0000] {dag.py:3340} INFO - Setting next_dagrun for example_bash_operator to 2024-12-03T00:00:00+00:00, run_after=2024-12-04T00:00:00+00:00
[2024-12-04T04:51:49.235+0000] {processor.py:176} INFO - Processing /home/airflow/.local/lib/python3.7/site-packages/airflow/example_dags/example_bash_operator.py took 0.140 seconds
[2024-12-04T04:52:20.420+0000] {processor.py:154} INFO - Started process (PID=113) to work on /home/airflow/.local/lib/python3.7/site-packages/airflow/example_dags/example_bash_operator.py
[2024-12-04T04:52:20.421+0000] {processor.py:756} INFO - Processing file /home/airflow/.local/lib/python3.7/site-packages/airflow/example_dags/example_bash_operator.py for tasks to queue
[2024-12-04T04:52:20.422+0000] {logging_mixin.py:120} INFO - [2024-12-04T04:52:20.422+0000] {dagbag.py:537} INFO - Filling up the DagBag from /home/airflow/.local/lib/python3.7/site-packages/airflow/example_dags/example_bash_operator.py
[2024-12-04T04:52:20.454+0000] {processor.py:766} INFO - DAG(s) dict_keys(['example_bash_operator']) retrieved from /home/airflow/.local/lib/python3.7/site-packages/airflow/example_dags/example_bash_operator.py
[2024-12-04T04:52:20.520+0000] {logging_mixin.py:120} INFO - [2024-12-04T04:52:20.520+0000] {dag.py:2585} INFO - Sync 1 DAGs
[2024-12-04T04:52:20.559+0000] {logging_mixin.py:120} INFO - [2024-12-04T04:52:20.559+0000] {dag.py:3340} INFO - Setting next_dagrun for example_bash_operator to 2024-12-03T00:00:00+00:00, run_after=2024-12-04T00:00:00+00:00
[2024-12-04T04:52:20.586+0000] {processor.py:176} INFO - Processing /home/airflow/.local/lib/python3.7/site-packages/airflow/example_dags/example_bash_operator.py took 0.172 seconds
[2024-12-04T04:59:01.745+0000] {processor.py:154} INFO - Started process (PID=49) to work on /home/airflow/.local/lib/python3.7/site-packages/airflow/example_dags/example_bash_operator.py
[2024-12-04T04:59:01.746+0000] {processor.py:756} INFO - Processing file /home/airflow/.local/lib/python3.7/site-packages/airflow/example_dags/example_bash_operator.py for tasks to queue
[2024-12-04T04:59:01.746+0000] {logging_mixin.py:120} INFO - [2024-12-04T04:59:01.746+0000] {dagbag.py:537} INFO - Filling up the DagBag from /home/airflow/.local/lib/python3.7/site-packages/airflow/example_dags/example_bash_operator.py
[2024-12-04T04:59:01.769+0000] {processor.py:766} INFO - DAG(s) dict_keys(['example_bash_operator']) retrieved from /home/airflow/.local/lib/python3.7/site-packages/airflow/example_dags/example_bash_operator.py
[2024-12-04T04:59:01.794+0000] {logging_mixin.py:120} INFO - [2024-12-04T04:59:01.794+0000] {dag.py:2585} INFO - Sync 1 DAGs
[2024-12-04T04:59:01.828+0000] {logging_mixin.py:120} INFO - [2024-12-04T04:59:01.828+0000] {dag.py:3340} INFO - Setting next_dagrun for example_bash_operator to 2024-12-03T00:00:00+00:00, run_after=2024-12-04T00:00:00+00:00
[2024-12-04T04:59:01.848+0000] {processor.py:176} INFO - Processing /home/airflow/.local/lib/python3.7/site-packages/airflow/example_dags/example_bash_operator.py took 0.106 seconds
[2024-12-04T04:59:32.673+0000] {processor.py:154} INFO - Started process (PID=112) to work on /home/airflow/.local/lib/python3.7/site-packages/airflow/example_dags/example_bash_operator.py
[2024-12-04T04:59:32.674+0000] {processor.py:756} INFO - Processing file /home/airflow/.local/lib/python3.7/site-packages/airflow/example_dags/example_bash_operator.py for tasks to queue
[2024-12-04T04:59:32.675+0000] {logging_mixin.py:120} INFO - [2024-12-04T04:59:32.675+0000] {dagbag.py:537} INFO - Filling up the DagBag from /home/airflow/.local/lib/python3.7/site-packages/airflow/example_dags/example_bash_operator.py
[2024-12-04T04:59:32.700+0000] {processor.py:766} INFO - DAG(s) dict_keys(['example_bash_operator']) retrieved from /home/airflow/.local/lib/python3.7/site-packages/airflow/example_dags/example_bash_operator.py
[2024-12-04T04:59:32.747+0000] {logging_mixin.py:120} INFO - [2024-12-04T04:59:32.747+0000] {dag.py:2585} INFO - Sync 1 DAGs
[2024-12-04T04:59:32.776+0000] {logging_mixin.py:120} INFO - [2024-12-04T04:59:32.776+0000] {dag.py:3340} INFO - Setting next_dagrun for example_bash_operator to 2024-12-03T00:00:00+00:00, run_after=2024-12-04T00:00:00+00:00
[2024-12-04T04:59:32.798+0000] {processor.py:176} INFO - Processing /home/airflow/.local/lib/python3.7/site-packages/airflow/example_dags/example_bash_operator.py took 0.127 seconds
[2024-12-04T05:00:04.342+0000] {processor.py:154} INFO - Started process (PID=176) to work on /home/airflow/.local/lib/python3.7/site-packages/airflow/example_dags/example_bash_operator.py
[2024-12-04T05:00:04.344+0000] {processor.py:756} INFO - Processing file /home/airflow/.local/lib/python3.7/site-packages/airflow/example_dags/example_bash_operator.py for tasks to queue
[2024-12-04T05:00:04.346+0000] {logging_mixin.py:120} INFO - [2024-12-04T05:00:04.345+0000] {dagbag.py:537} INFO - Filling up the DagBag from /home/airflow/.local/lib/python3.7/site-packages/airflow/example_dags/example_bash_operator.py
[2024-12-04T05:00:04.400+0000] {processor.py:766} INFO - DAG(s) dict_keys(['example_bash_operator']) retrieved from /home/airflow/.local/lib/python3.7/site-packages/airflow/example_dags/example_bash_operator.py
[2024-12-04T05:00:04.493+0000] {logging_mixin.py:120} INFO - [2024-12-04T05:00:04.493+0000] {dag.py:2585} INFO - Sync 1 DAGs
[2024-12-04T05:00:04.539+0000] {logging_mixin.py:120} INFO - [2024-12-04T05:00:04.538+0000] {dag.py:3340} INFO - Setting next_dagrun for example_bash_operator to 2024-12-03T00:00:00+00:00, run_after=2024-12-04T00:00:00+00:00
[2024-12-04T05:00:04.577+0000] {processor.py:176} INFO - Processing /home/airflow/.local/lib/python3.7/site-packages/airflow/example_dags/example_bash_operator.py took 0.241 seconds
[2024-12-04T05:00:34.869+0000] {processor.py:154} INFO - Started process (PID=231) to work on /home/airflow/.local/lib/python3.7/site-packages/airflow/example_dags/example_bash_operator.py
[2024-12-04T05:00:34.870+0000] {processor.py:756} INFO - Processing file /home/airflow/.local/lib/python3.7/site-packages/airflow/example_dags/example_bash_operator.py for tasks to queue
[2024-12-04T05:00:34.871+0000] {logging_mixin.py:120} INFO - [2024-12-04T05:00:34.871+0000] {dagbag.py:537} INFO - Filling up the DagBag from /home/airflow/.local/lib/python3.7/site-packages/airflow/example_dags/example_bash_operator.py
[2024-12-04T05:00:34.901+0000] {processor.py:766} INFO - DAG(s) dict_keys(['example_bash_operator']) retrieved from /home/airflow/.local/lib/python3.7/site-packages/airflow/example_dags/example_bash_operator.py
[2024-12-04T05:00:34.963+0000] {logging_mixin.py:120} INFO - [2024-12-04T05:00:34.963+0000] {dag.py:2585} INFO - Sync 1 DAGs
[2024-12-04T05:00:35.007+0000] {logging_mixin.py:120} INFO - [2024-12-04T05:00:35.007+0000] {dag.py:3340} INFO - Setting next_dagrun for example_bash_operator to 2024-12-03T00:00:00+00:00, run_after=2024-12-04T00:00:00+00:00
[2024-12-04T05:00:35.039+0000] {processor.py:176} INFO - Processing /home/airflow/.local/lib/python3.7/site-packages/airflow/example_dags/example_bash_operator.py took 0.174 seconds
[2024-12-04T05:01:05.211+0000] {processor.py:154} INFO - Started process (PID=293) to work on /home/airflow/.local/lib/python3.7/site-packages/airflow/example_dags/example_bash_operator.py
[2024-12-04T05:01:05.212+0000] {processor.py:756} INFO - Processing file /home/airflow/.local/lib/python3.7/site-packages/airflow/example_dags/example_bash_operator.py for tasks to queue
[2024-12-04T05:01:05.212+0000] {logging_mixin.py:120} INFO - [2024-12-04T05:01:05.212+0000] {dagbag.py:537} INFO - Filling up the DagBag from /home/airflow/.local/lib/python3.7/site-packages/airflow/example_dags/example_bash_operator.py
[2024-12-04T05:01:05.235+0000] {processor.py:766} INFO - DAG(s) dict_keys(['example_bash_operator']) retrieved from /home/airflow/.local/lib/python3.7/site-packages/airflow/example_dags/example_bash_operator.py
[2024-12-04T05:01:05.276+0000] {logging_mixin.py:120} INFO - [2024-12-04T05:01:05.276+0000] {dag.py:2585} INFO - Sync 1 DAGs
[2024-12-04T05:01:05.301+0000] {logging_mixin.py:120} INFO - [2024-12-04T05:01:05.301+0000] {dag.py:3340} INFO - Setting next_dagrun for example_bash_operator to 2024-12-03T00:00:00+00:00, run_after=2024-12-04T00:00:00+00:00
[2024-12-04T05:01:05.323+0000] {processor.py:176} INFO - Processing /home/airflow/.local/lib/python3.7/site-packages/airflow/example_dags/example_bash_operator.py took 0.115 seconds
[2024-12-04T05:01:35.940+0000] {processor.py:154} INFO - Started process (PID=347) to work on /home/airflow/.local/lib/python3.7/site-packages/airflow/example_dags/example_bash_operator.py
[2024-12-04T05:01:35.942+0000] {processor.py:756} INFO - Processing file /home/airflow/.local/lib/python3.7/site-packages/airflow/example_dags/example_bash_operator.py for tasks to queue
[2024-12-04T05:01:35.942+0000] {logging_mixin.py:120} INFO - [2024-12-04T05:01:35.942+0000] {dagbag.py:537} INFO - Filling up the DagBag from /home/airflow/.local/lib/python3.7/site-packages/airflow/example_dags/example_bash_operator.py
[2024-12-04T05:01:35.976+0000] {processor.py:766} INFO - DAG(s) dict_keys(['example_bash_operator']) retrieved from /home/airflow/.local/lib/python3.7/site-packages/airflow/example_dags/example_bash_operator.py
[2024-12-04T05:01:36.053+0000] {logging_mixin.py:120} INFO - [2024-12-04T05:01:36.053+0000] {dag.py:2585} INFO - Sync 1 DAGs
[2024-12-04T05:01:36.098+0000] {logging_mixin.py:120} INFO - [2024-12-04T05:01:36.098+0000] {dag.py:3340} INFO - Setting next_dagrun for example_bash_operator to 2024-12-03T00:00:00+00:00, run_after=2024-12-04T00:00:00+00:00
[2024-12-04T05:01:36.132+0000] {processor.py:176} INFO - Processing /home/airflow/.local/lib/python3.7/site-packages/airflow/example_dags/example_bash_operator.py took 0.199 seconds
[2024-12-04T05:02:06.641+0000] {processor.py:154} INFO - Started process (PID=410) to work on /home/airflow/.local/lib/python3.7/site-packages/airflow/example_dags/example_bash_operator.py
[2024-12-04T05:02:06.642+0000] {processor.py:756} INFO - Processing file /home/airflow/.local/lib/python3.7/site-packages/airflow/example_dags/example_bash_operator.py for tasks to queue
[2024-12-04T05:02:06.643+0000] {logging_mixin.py:120} INFO - [2024-12-04T05:02:06.643+0000] {dagbag.py:537} INFO - Filling up the DagBag from /home/airflow/.local/lib/python3.7/site-packages/airflow/example_dags/example_bash_operator.py
[2024-12-04T05:02:06.665+0000] {processor.py:766} INFO - DAG(s) dict_keys(['example_bash_operator']) retrieved from /home/airflow/.local/lib/python3.7/site-packages/airflow/example_dags/example_bash_operator.py
[2024-12-04T05:02:06.722+0000] {logging_mixin.py:120} INFO - [2024-12-04T05:02:06.721+0000] {dag.py:2585} INFO - Sync 1 DAGs
[2024-12-04T05:02:06.750+0000] {logging_mixin.py:120} INFO - [2024-12-04T05:02:06.750+0000] {dag.py:3340} INFO - Setting next_dagrun for example_bash_operator to 2024-12-03T00:00:00+00:00, run_after=2024-12-04T00:00:00+00:00
[2024-12-04T05:02:06.776+0000] {processor.py:176} INFO - Processing /home/airflow/.local/lib/python3.7/site-packages/airflow/example_dags/example_bash_operator.py took 0.141 seconds
[2024-12-04T05:02:37.179+0000] {processor.py:154} INFO - Started process (PID=464) to work on /home/airflow/.local/lib/python3.7/site-packages/airflow/example_dags/example_bash_operator.py
[2024-12-04T05:02:37.180+0000] {processor.py:756} INFO - Processing file /home/airflow/.local/lib/python3.7/site-packages/airflow/example_dags/example_bash_operator.py for tasks to queue
[2024-12-04T05:02:37.181+0000] {logging_mixin.py:120} INFO - [2024-12-04T05:02:37.181+0000] {dagbag.py:537} INFO - Filling up the DagBag from /home/airflow/.local/lib/python3.7/site-packages/airflow/example_dags/example_bash_operator.py
[2024-12-04T05:02:37.212+0000] {processor.py:766} INFO - DAG(s) dict_keys(['example_bash_operator']) retrieved from /home/airflow/.local/lib/python3.7/site-packages/airflow/example_dags/example_bash_operator.py
[2024-12-04T05:02:37.275+0000] {logging_mixin.py:120} INFO - [2024-12-04T05:02:37.274+0000] {dag.py:2585} INFO - Sync 1 DAGs
[2024-12-04T05:02:37.312+0000] {logging_mixin.py:120} INFO - [2024-12-04T05:02:37.312+0000] {dag.py:3340} INFO - Setting next_dagrun for example_bash_operator to 2024-12-03T00:00:00+00:00, run_after=2024-12-04T00:00:00+00:00
[2024-12-04T05:02:37.339+0000] {processor.py:176} INFO - Processing /home/airflow/.local/lib/python3.7/site-packages/airflow/example_dags/example_bash_operator.py took 0.164 seconds
[2024-12-04T05:03:07.691+0000] {processor.py:154} INFO - Started process (PID=527) to work on /home/airflow/.local/lib/python3.7/site-packages/airflow/example_dags/example_bash_operator.py
[2024-12-04T05:03:07.692+0000] {processor.py:756} INFO - Processing file /home/airflow/.local/lib/python3.7/site-packages/airflow/example_dags/example_bash_operator.py for tasks to queue
[2024-12-04T05:03:07.693+0000] {logging_mixin.py:120} INFO - [2024-12-04T05:03:07.693+0000] {dagbag.py:537} INFO - Filling up the DagBag from /home/airflow/.local/lib/python3.7/site-packages/airflow/example_dags/example_bash_operator.py
[2024-12-04T05:03:07.723+0000] {processor.py:766} INFO - DAG(s) dict_keys(['example_bash_operator']) retrieved from /home/airflow/.local/lib/python3.7/site-packages/airflow/example_dags/example_bash_operator.py
[2024-12-04T05:03:07.790+0000] {logging_mixin.py:120} INFO - [2024-12-04T05:03:07.790+0000] {dag.py:2585} INFO - Sync 1 DAGs
[2024-12-04T05:03:07.828+0000] {logging_mixin.py:120} INFO - [2024-12-04T05:03:07.828+0000] {dag.py:3340} INFO - Setting next_dagrun for example_bash_operator to 2024-12-03T00:00:00+00:00, run_after=2024-12-04T00:00:00+00:00
[2024-12-04T05:03:07.858+0000] {processor.py:176} INFO - Processing /home/airflow/.local/lib/python3.7/site-packages/airflow/example_dags/example_bash_operator.py took 0.172 seconds
[2024-12-04T05:03:38.764+0000] {processor.py:154} INFO - Started process (PID=590) to work on /home/airflow/.local/lib/python3.7/site-packages/airflow/example_dags/example_bash_operator.py
[2024-12-04T05:03:38.765+0000] {processor.py:756} INFO - Processing file /home/airflow/.local/lib/python3.7/site-packages/airflow/example_dags/example_bash_operator.py for tasks to queue
[2024-12-04T05:03:38.766+0000] {logging_mixin.py:120} INFO - [2024-12-04T05:03:38.765+0000] {dagbag.py:537} INFO - Filling up the DagBag from /home/airflow/.local/lib/python3.7/site-packages/airflow/example_dags/example_bash_operator.py
[2024-12-04T05:03:38.807+0000] {processor.py:766} INFO - DAG(s) dict_keys(['example_bash_operator']) retrieved from /home/airflow/.local/lib/python3.7/site-packages/airflow/example_dags/example_bash_operator.py
[2024-12-04T05:03:38.880+0000] {logging_mixin.py:120} INFO - [2024-12-04T05:03:38.880+0000] {dag.py:2585} INFO - Sync 1 DAGs
[2024-12-04T05:03:38.930+0000] {logging_mixin.py:120} INFO - [2024-12-04T05:03:38.930+0000] {dag.py:3340} INFO - Setting next_dagrun for example_bash_operator to 2024-12-03T00:00:00+00:00, run_after=2024-12-04T00:00:00+00:00
[2024-12-04T05:03:38.973+0000] {processor.py:176} INFO - Processing /home/airflow/.local/lib/python3.7/site-packages/airflow/example_dags/example_bash_operator.py took 0.216 seconds
[2024-12-04T05:04:09.069+0000] {processor.py:154} INFO - Started process (PID=644) to work on /home/airflow/.local/lib/python3.7/site-packages/airflow/example_dags/example_bash_operator.py
[2024-12-04T05:04:09.070+0000] {processor.py:756} INFO - Processing file /home/airflow/.local/lib/python3.7/site-packages/airflow/example_dags/example_bash_operator.py for tasks to queue
[2024-12-04T05:04:09.070+0000] {logging_mixin.py:120} INFO - [2024-12-04T05:04:09.070+0000] {dagbag.py:537} INFO - Filling up the DagBag from /home/airflow/.local/lib/python3.7/site-packages/airflow/example_dags/example_bash_operator.py
[2024-12-04T05:04:09.101+0000] {processor.py:766} INFO - DAG(s) dict_keys(['example_bash_operator']) retrieved from /home/airflow/.local/lib/python3.7/site-packages/airflow/example_dags/example_bash_operator.py
[2024-12-04T05:04:09.168+0000] {logging_mixin.py:120} INFO - [2024-12-04T05:04:09.168+0000] {dag.py:2585} INFO - Sync 1 DAGs
[2024-12-04T05:04:09.212+0000] {logging_mixin.py:120} INFO - [2024-12-04T05:04:09.211+0000] {dag.py:3340} INFO - Setting next_dagrun for example_bash_operator to 2024-12-03T00:00:00+00:00, run_after=2024-12-04T00:00:00+00:00
[2024-12-04T05:04:09.237+0000] {processor.py:176} INFO - Processing /home/airflow/.local/lib/python3.7/site-packages/airflow/example_dags/example_bash_operator.py took 0.173 seconds
[2024-12-04T05:04:39.621+0000] {processor.py:154} INFO - Started process (PID=707) to work on /home/airflow/.local/lib/python3.7/site-packages/airflow/example_dags/example_bash_operator.py
[2024-12-04T05:04:39.622+0000] {processor.py:756} INFO - Processing file /home/airflow/.local/lib/python3.7/site-packages/airflow/example_dags/example_bash_operator.py for tasks to queue
[2024-12-04T05:04:39.623+0000] {logging_mixin.py:120} INFO - [2024-12-04T05:04:39.623+0000] {dagbag.py:537} INFO - Filling up the DagBag from /home/airflow/.local/lib/python3.7/site-packages/airflow/example_dags/example_bash_operator.py
[2024-12-04T05:04:39.655+0000] {processor.py:766} INFO - DAG(s) dict_keys(['example_bash_operator']) retrieved from /home/airflow/.local/lib/python3.7/site-packages/airflow/example_dags/example_bash_operator.py
[2024-12-04T05:04:39.722+0000] {logging_mixin.py:120} INFO - [2024-12-04T05:04:39.722+0000] {dag.py:2585} INFO - Sync 1 DAGs
[2024-12-04T05:04:39.760+0000] {logging_mixin.py:120} INFO - [2024-12-04T05:04:39.760+0000] {dag.py:3340} INFO - Setting next_dagrun for example_bash_operator to 2024-12-03T00:00:00+00:00, run_after=2024-12-04T00:00:00+00:00
[2024-12-04T05:04:39.786+0000] {processor.py:176} INFO - Processing /home/airflow/.local/lib/python3.7/site-packages/airflow/example_dags/example_bash_operator.py took 0.172 seconds
