[2024-12-04T04:51:51.442+0000] {processor.py:154} INFO - Started process (PID=82) to work on /home/airflow/.local/lib/python3.7/site-packages/airflow/example_dags/example_short_circuit_operator.py
[2024-12-04T04:51:51.442+0000] {processor.py:756} INFO - Processing file /home/airflow/.local/lib/python3.7/site-packages/airflow/example_dags/example_short_circuit_operator.py for tasks to queue
[2024-12-04T04:51:51.443+0000] {logging_mixin.py:120} INFO - [2024-12-04T04:51:51.443+0000] {dagbag.py:537} INFO - Filling up the DagBag from /home/airflow/.local/lib/python3.7/site-packages/airflow/example_dags/example_short_circuit_operator.py
[2024-12-04T04:51:51.464+0000] {processor.py:766} INFO - DAG(s) dict_keys(['example_short_circuit_operator']) retrieved from /home/airflow/.local/lib/python3.7/site-packages/airflow/example_dags/example_short_circuit_operator.py
[2024-12-04T04:51:51.496+0000] {logging_mixin.py:120} INFO - [2024-12-04T04:51:51.496+0000] {dag.py:2585} INFO - Sync 1 DAGs
[2024-12-04T04:51:51.530+0000] {logging_mixin.py:120} INFO - [2024-12-04T04:51:51.530+0000] {dag.py:3340} INFO - Setting next_dagrun for example_short_circuit_operator to 2024-12-03T04:51:51.529805+00:00, run_after=2024-12-04T04:51:51.529805+00:00
[2024-12-04T04:51:51.555+0000] {processor.py:176} INFO - Processing /home/airflow/.local/lib/python3.7/site-packages/airflow/example_dags/example_short_circuit_operator.py took 0.116 seconds
[2024-12-04T04:52:23.054+0000] {processor.py:154} INFO - Started process (PID=136) to work on /home/airflow/.local/lib/python3.7/site-packages/airflow/example_dags/example_short_circuit_operator.py
[2024-12-04T04:52:23.055+0000] {processor.py:756} INFO - Processing file /home/airflow/.local/lib/python3.7/site-packages/airflow/example_dags/example_short_circuit_operator.py for tasks to queue
[2024-12-04T04:52:23.056+0000] {logging_mixin.py:120} INFO - [2024-12-04T04:52:23.056+0000] {dagbag.py:537} INFO - Filling up the DagBag from /home/airflow/.local/lib/python3.7/site-packages/airflow/example_dags/example_short_circuit_operator.py
[2024-12-04T04:52:23.085+0000] {processor.py:766} INFO - DAG(s) dict_keys(['example_short_circuit_operator']) retrieved from /home/airflow/.local/lib/python3.7/site-packages/airflow/example_dags/example_short_circuit_operator.py
[2024-12-04T04:52:23.141+0000] {logging_mixin.py:120} INFO - [2024-12-04T04:52:23.140+0000] {dag.py:2585} INFO - Sync 1 DAGs
[2024-12-04T04:52:23.175+0000] {logging_mixin.py:120} INFO - [2024-12-04T04:52:23.175+0000] {dag.py:3340} INFO - Setting next_dagrun for example_short_circuit_operator to 2024-12-03T04:52:23.175468+00:00, run_after=2024-12-04T04:52:23.175468+00:00
[2024-12-04T04:52:23.203+0000] {processor.py:176} INFO - Processing /home/airflow/.local/lib/python3.7/site-packages/airflow/example_dags/example_short_circuit_operator.py took 0.154 seconds
[2024-12-04T04:59:03.378+0000] {processor.py:154} INFO - Started process (PID=72) to work on /home/airflow/.local/lib/python3.7/site-packages/airflow/example_dags/example_short_circuit_operator.py
[2024-12-04T04:59:03.379+0000] {processor.py:756} INFO - Processing file /home/airflow/.local/lib/python3.7/site-packages/airflow/example_dags/example_short_circuit_operator.py for tasks to queue
[2024-12-04T04:59:03.380+0000] {logging_mixin.py:120} INFO - [2024-12-04T04:59:03.380+0000] {dagbag.py:537} INFO - Filling up the DagBag from /home/airflow/.local/lib/python3.7/site-packages/airflow/example_dags/example_short_circuit_operator.py
[2024-12-04T04:59:03.403+0000] {processor.py:766} INFO - DAG(s) dict_keys(['example_short_circuit_operator']) retrieved from /home/airflow/.local/lib/python3.7/site-packages/airflow/example_dags/example_short_circuit_operator.py
[2024-12-04T04:59:03.436+0000] {logging_mixin.py:120} INFO - [2024-12-04T04:59:03.435+0000] {dag.py:2585} INFO - Sync 1 DAGs
[2024-12-04T04:59:03.468+0000] {logging_mixin.py:120} INFO - [2024-12-04T04:59:03.468+0000] {dag.py:3340} INFO - Setting next_dagrun for example_short_circuit_operator to 2024-12-03T04:59:03.468236+00:00, run_after=2024-12-04T04:59:03.468236+00:00
[2024-12-04T04:59:03.494+0000] {processor.py:176} INFO - Processing /home/airflow/.local/lib/python3.7/site-packages/airflow/example_dags/example_short_circuit_operator.py took 0.118 seconds
[2024-12-04T04:59:34.373+0000] {processor.py:154} INFO - Started process (PID=135) to work on /home/airflow/.local/lib/python3.7/site-packages/airflow/example_dags/example_short_circuit_operator.py
[2024-12-04T04:59:34.374+0000] {processor.py:756} INFO - Processing file /home/airflow/.local/lib/python3.7/site-packages/airflow/example_dags/example_short_circuit_operator.py for tasks to queue
[2024-12-04T04:59:34.374+0000] {logging_mixin.py:120} INFO - [2024-12-04T04:59:34.374+0000] {dagbag.py:537} INFO - Filling up the DagBag from /home/airflow/.local/lib/python3.7/site-packages/airflow/example_dags/example_short_circuit_operator.py
[2024-12-04T04:59:34.388+0000] {processor.py:766} INFO - DAG(s) dict_keys(['example_short_circuit_operator']) retrieved from /home/airflow/.local/lib/python3.7/site-packages/airflow/example_dags/example_short_circuit_operator.py
[2024-12-04T04:59:34.427+0000] {logging_mixin.py:120} INFO - [2024-12-04T04:59:34.427+0000] {dag.py:2585} INFO - Sync 1 DAGs
[2024-12-04T04:59:34.453+0000] {logging_mixin.py:120} INFO - [2024-12-04T04:59:34.453+0000] {dag.py:3340} INFO - Setting next_dagrun for example_short_circuit_operator to 2024-12-03T04:59:34.452740+00:00, run_after=2024-12-04T04:59:34.452740+00:00
[2024-12-04T04:59:34.483+0000] {processor.py:176} INFO - Processing /home/airflow/.local/lib/python3.7/site-packages/airflow/example_dags/example_short_circuit_operator.py took 0.113 seconds
[2024-12-04T05:00:07.272+0000] {processor.py:154} INFO - Started process (PID=199) to work on /home/airflow/.local/lib/python3.7/site-packages/airflow/example_dags/example_short_circuit_operator.py
[2024-12-04T05:00:07.273+0000] {processor.py:756} INFO - Processing file /home/airflow/.local/lib/python3.7/site-packages/airflow/example_dags/example_short_circuit_operator.py for tasks to queue
[2024-12-04T05:00:07.274+0000] {logging_mixin.py:120} INFO - [2024-12-04T05:00:07.274+0000] {dagbag.py:537} INFO - Filling up the DagBag from /home/airflow/.local/lib/python3.7/site-packages/airflow/example_dags/example_short_circuit_operator.py
[2024-12-04T05:00:07.292+0000] {processor.py:766} INFO - DAG(s) dict_keys(['example_short_circuit_operator']) retrieved from /home/airflow/.local/lib/python3.7/site-packages/airflow/example_dags/example_short_circuit_operator.py
[2024-12-04T05:00:07.334+0000] {logging_mixin.py:120} INFO - [2024-12-04T05:00:07.334+0000] {dag.py:2585} INFO - Sync 1 DAGs
[2024-12-04T05:00:07.360+0000] {logging_mixin.py:120} INFO - [2024-12-04T05:00:07.359+0000] {dag.py:3340} INFO - Setting next_dagrun for example_short_circuit_operator to 2024-12-03T05:00:07.359628+00:00, run_after=2024-12-04T05:00:07.359628+00:00
[2024-12-04T05:00:07.384+0000] {processor.py:176} INFO - Processing /home/airflow/.local/lib/python3.7/site-packages/airflow/example_dags/example_short_circuit_operator.py took 0.116 seconds
[2024-12-04T05:00:38.620+0000] {processor.py:154} INFO - Started process (PID=254) to work on /home/airflow/.local/lib/python3.7/site-packages/airflow/example_dags/example_short_circuit_operator.py
[2024-12-04T05:00:38.622+0000] {processor.py:756} INFO - Processing file /home/airflow/.local/lib/python3.7/site-packages/airflow/example_dags/example_short_circuit_operator.py for tasks to queue
[2024-12-04T05:00:38.623+0000] {logging_mixin.py:120} INFO - [2024-12-04T05:00:38.623+0000] {dagbag.py:537} INFO - Filling up the DagBag from /home/airflow/.local/lib/python3.7/site-packages/airflow/example_dags/example_short_circuit_operator.py
[2024-12-04T05:00:38.660+0000] {processor.py:766} INFO - DAG(s) dict_keys(['example_short_circuit_operator']) retrieved from /home/airflow/.local/lib/python3.7/site-packages/airflow/example_dags/example_short_circuit_operator.py
[2024-12-04T05:00:38.745+0000] {logging_mixin.py:120} INFO - [2024-12-04T05:00:38.745+0000] {dag.py:2585} INFO - Sync 1 DAGs
[2024-12-04T05:00:38.789+0000] {logging_mixin.py:120} INFO - [2024-12-04T05:00:38.789+0000] {dag.py:3340} INFO - Setting next_dagrun for example_short_circuit_operator to 2024-12-03T05:00:38.788775+00:00, run_after=2024-12-04T05:00:38.788775+00:00
[2024-12-04T05:00:38.835+0000] {processor.py:176} INFO - Processing /home/airflow/.local/lib/python3.7/site-packages/airflow/example_dags/example_short_circuit_operator.py took 0.221 seconds
[2024-12-04T05:01:09.306+0000] {processor.py:154} INFO - Started process (PID=316) to work on /home/airflow/.local/lib/python3.7/site-packages/airflow/example_dags/example_short_circuit_operator.py
[2024-12-04T05:01:09.307+0000] {processor.py:756} INFO - Processing file /home/airflow/.local/lib/python3.7/site-packages/airflow/example_dags/example_short_circuit_operator.py for tasks to queue
[2024-12-04T05:01:09.308+0000] {logging_mixin.py:120} INFO - [2024-12-04T05:01:09.308+0000] {dagbag.py:537} INFO - Filling up the DagBag from /home/airflow/.local/lib/python3.7/site-packages/airflow/example_dags/example_short_circuit_operator.py
[2024-12-04T05:01:09.327+0000] {processor.py:766} INFO - DAG(s) dict_keys(['example_short_circuit_operator']) retrieved from /home/airflow/.local/lib/python3.7/site-packages/airflow/example_dags/example_short_circuit_operator.py
[2024-12-04T05:01:09.371+0000] {logging_mixin.py:120} INFO - [2024-12-04T05:01:09.371+0000] {dag.py:2585} INFO - Sync 1 DAGs
[2024-12-04T05:01:09.401+0000] {logging_mixin.py:120} INFO - [2024-12-04T05:01:09.401+0000] {dag.py:3340} INFO - Setting next_dagrun for example_short_circuit_operator to 2024-12-03T05:01:09.400875+00:00, run_after=2024-12-04T05:01:09.400875+00:00
[2024-12-04T05:01:09.425+0000] {processor.py:176} INFO - Processing /home/airflow/.local/lib/python3.7/site-packages/airflow/example_dags/example_short_circuit_operator.py took 0.122 seconds
[2024-12-04T05:01:40.415+0000] {processor.py:154} INFO - Started process (PID=379) to work on /home/airflow/.local/lib/python3.7/site-packages/airflow/example_dags/example_short_circuit_operator.py
[2024-12-04T05:01:40.417+0000] {processor.py:756} INFO - Processing file /home/airflow/.local/lib/python3.7/site-packages/airflow/example_dags/example_short_circuit_operator.py for tasks to queue
[2024-12-04T05:01:40.418+0000] {logging_mixin.py:120} INFO - [2024-12-04T05:01:40.418+0000] {dagbag.py:537} INFO - Filling up the DagBag from /home/airflow/.local/lib/python3.7/site-packages/airflow/example_dags/example_short_circuit_operator.py
[2024-12-04T05:01:40.441+0000] {processor.py:766} INFO - DAG(s) dict_keys(['example_short_circuit_operator']) retrieved from /home/airflow/.local/lib/python3.7/site-packages/airflow/example_dags/example_short_circuit_operator.py
[2024-12-04T05:01:40.496+0000] {logging_mixin.py:120} INFO - [2024-12-04T05:01:40.496+0000] {dag.py:2585} INFO - Sync 1 DAGs
[2024-12-04T05:01:40.534+0000] {logging_mixin.py:120} INFO - [2024-12-04T05:01:40.533+0000] {dag.py:3340} INFO - Setting next_dagrun for example_short_circuit_operator to 2024-12-03T05:01:40.533614+00:00, run_after=2024-12-04T05:01:40.533614+00:00
[2024-12-04T05:01:40.570+0000] {processor.py:176} INFO - Processing /home/airflow/.local/lib/python3.7/site-packages/airflow/example_dags/example_short_circuit_operator.py took 0.161 seconds
[2024-12-04T05:02:10.713+0000] {processor.py:154} INFO - Started process (PID=433) to work on /home/airflow/.local/lib/python3.7/site-packages/airflow/example_dags/example_short_circuit_operator.py
[2024-12-04T05:02:10.715+0000] {processor.py:756} INFO - Processing file /home/airflow/.local/lib/python3.7/site-packages/airflow/example_dags/example_short_circuit_operator.py for tasks to queue
[2024-12-04T05:02:10.716+0000] {logging_mixin.py:120} INFO - [2024-12-04T05:02:10.715+0000] {dagbag.py:537} INFO - Filling up the DagBag from /home/airflow/.local/lib/python3.7/site-packages/airflow/example_dags/example_short_circuit_operator.py
[2024-12-04T05:02:10.737+0000] {processor.py:766} INFO - DAG(s) dict_keys(['example_short_circuit_operator']) retrieved from /home/airflow/.local/lib/python3.7/site-packages/airflow/example_dags/example_short_circuit_operator.py
[2024-12-04T05:02:10.794+0000] {logging_mixin.py:120} INFO - [2024-12-04T05:02:10.794+0000] {dag.py:2585} INFO - Sync 1 DAGs
[2024-12-04T05:02:10.831+0000] {logging_mixin.py:120} INFO - [2024-12-04T05:02:10.830+0000] {dag.py:3340} INFO - Setting next_dagrun for example_short_circuit_operator to 2024-12-03T05:02:10.830577+00:00, run_after=2024-12-04T05:02:10.830577+00:00
[2024-12-04T05:02:10.865+0000] {processor.py:176} INFO - Processing /home/airflow/.local/lib/python3.7/site-packages/airflow/example_dags/example_short_circuit_operator.py took 0.158 seconds
[2024-12-04T05:02:41.313+0000] {processor.py:154} INFO - Started process (PID=496) to work on /home/airflow/.local/lib/python3.7/site-packages/airflow/example_dags/example_short_circuit_operator.py
[2024-12-04T05:02:41.314+0000] {processor.py:756} INFO - Processing file /home/airflow/.local/lib/python3.7/site-packages/airflow/example_dags/example_short_circuit_operator.py for tasks to queue
[2024-12-04T05:02:41.315+0000] {logging_mixin.py:120} INFO - [2024-12-04T05:02:41.315+0000] {dagbag.py:537} INFO - Filling up the DagBag from /home/airflow/.local/lib/python3.7/site-packages/airflow/example_dags/example_short_circuit_operator.py
[2024-12-04T05:02:41.339+0000] {processor.py:766} INFO - DAG(s) dict_keys(['example_short_circuit_operator']) retrieved from /home/airflow/.local/lib/python3.7/site-packages/airflow/example_dags/example_short_circuit_operator.py
[2024-12-04T05:02:41.404+0000] {logging_mixin.py:120} INFO - [2024-12-04T05:02:41.403+0000] {dag.py:2585} INFO - Sync 1 DAGs
[2024-12-04T05:02:41.439+0000] {logging_mixin.py:120} INFO - [2024-12-04T05:02:41.439+0000] {dag.py:3340} INFO - Setting next_dagrun for example_short_circuit_operator to 2024-12-03T05:02:41.439192+00:00, run_after=2024-12-04T05:02:41.439192+00:00
[2024-12-04T05:02:41.467+0000] {processor.py:176} INFO - Processing /home/airflow/.local/lib/python3.7/site-packages/airflow/example_dags/example_short_circuit_operator.py took 0.158 seconds
[2024-12-04T05:03:12.026+0000] {processor.py:154} INFO - Started process (PID=550) to work on /home/airflow/.local/lib/python3.7/site-packages/airflow/example_dags/example_short_circuit_operator.py
[2024-12-04T05:03:12.027+0000] {processor.py:756} INFO - Processing file /home/airflow/.local/lib/python3.7/site-packages/airflow/example_dags/example_short_circuit_operator.py for tasks to queue
[2024-12-04T05:03:12.028+0000] {logging_mixin.py:120} INFO - [2024-12-04T05:03:12.028+0000] {dagbag.py:537} INFO - Filling up the DagBag from /home/airflow/.local/lib/python3.7/site-packages/airflow/example_dags/example_short_circuit_operator.py
[2024-12-04T05:03:12.052+0000] {processor.py:766} INFO - DAG(s) dict_keys(['example_short_circuit_operator']) retrieved from /home/airflow/.local/lib/python3.7/site-packages/airflow/example_dags/example_short_circuit_operator.py
[2024-12-04T05:03:12.107+0000] {logging_mixin.py:120} INFO - [2024-12-04T05:03:12.107+0000] {dag.py:2585} INFO - Sync 1 DAGs
[2024-12-04T05:03:12.148+0000] {logging_mixin.py:120} INFO - [2024-12-04T05:03:12.148+0000] {dag.py:3340} INFO - Setting next_dagrun for example_short_circuit_operator to 2024-12-03T05:03:12.147919+00:00, run_after=2024-12-04T05:03:12.147919+00:00
[2024-12-04T05:03:12.185+0000] {processor.py:176} INFO - Processing /home/airflow/.local/lib/python3.7/site-packages/airflow/example_dags/example_short_circuit_operator.py took 0.163 seconds
[2024-12-04T05:03:42.385+0000] {processor.py:154} INFO - Started process (PID=613) to work on /home/airflow/.local/lib/python3.7/site-packages/airflow/example_dags/example_short_circuit_operator.py
[2024-12-04T05:03:42.387+0000] {processor.py:756} INFO - Processing file /home/airflow/.local/lib/python3.7/site-packages/airflow/example_dags/example_short_circuit_operator.py for tasks to queue
[2024-12-04T05:03:42.388+0000] {logging_mixin.py:120} INFO - [2024-12-04T05:03:42.387+0000] {dagbag.py:537} INFO - Filling up the DagBag from /home/airflow/.local/lib/python3.7/site-packages/airflow/example_dags/example_short_circuit_operator.py
[2024-12-04T05:03:42.413+0000] {processor.py:766} INFO - DAG(s) dict_keys(['example_short_circuit_operator']) retrieved from /home/airflow/.local/lib/python3.7/site-packages/airflow/example_dags/example_short_circuit_operator.py
[2024-12-04T05:03:42.473+0000] {logging_mixin.py:120} INFO - [2024-12-04T05:03:42.472+0000] {dag.py:2585} INFO - Sync 1 DAGs
[2024-12-04T05:03:42.509+0000] {logging_mixin.py:120} INFO - [2024-12-04T05:03:42.509+0000] {dag.py:3340} INFO - Setting next_dagrun for example_short_circuit_operator to 2024-12-03T05:03:42.509212+00:00, run_after=2024-12-04T05:03:42.509212+00:00
[2024-12-04T05:03:42.544+0000] {processor.py:176} INFO - Processing /home/airflow/.local/lib/python3.7/site-packages/airflow/example_dags/example_short_circuit_operator.py took 0.164 seconds
[2024-12-04T05:04:13.034+0000] {processor.py:154} INFO - Started process (PID=674) to work on /home/airflow/.local/lib/python3.7/site-packages/airflow/example_dags/example_short_circuit_operator.py
[2024-12-04T05:04:13.036+0000] {processor.py:756} INFO - Processing file /home/airflow/.local/lib/python3.7/site-packages/airflow/example_dags/example_short_circuit_operator.py for tasks to queue
[2024-12-04T05:04:13.037+0000] {logging_mixin.py:120} INFO - [2024-12-04T05:04:13.037+0000] {dagbag.py:537} INFO - Filling up the DagBag from /home/airflow/.local/lib/python3.7/site-packages/airflow/example_dags/example_short_circuit_operator.py
[2024-12-04T05:04:13.062+0000] {processor.py:766} INFO - DAG(s) dict_keys(['example_short_circuit_operator']) retrieved from /home/airflow/.local/lib/python3.7/site-packages/airflow/example_dags/example_short_circuit_operator.py
[2024-12-04T05:04:13.131+0000] {logging_mixin.py:120} INFO - [2024-12-04T05:04:13.130+0000] {dag.py:2585} INFO - Sync 1 DAGs
[2024-12-04T05:04:13.181+0000] {logging_mixin.py:120} INFO - [2024-12-04T05:04:13.180+0000] {dag.py:3340} INFO - Setting next_dagrun for example_short_circuit_operator to 2024-12-03T05:04:13.180324+00:00, run_after=2024-12-04T05:04:13.180324+00:00
[2024-12-04T05:04:13.222+0000] {processor.py:176} INFO - Processing /home/airflow/.local/lib/python3.7/site-packages/airflow/example_dags/example_short_circuit_operator.py took 0.192 seconds
[2024-12-04T05:04:43.457+0000] {processor.py:154} INFO - Started process (PID=730) to work on /home/airflow/.local/lib/python3.7/site-packages/airflow/example_dags/example_short_circuit_operator.py
[2024-12-04T05:04:43.458+0000] {processor.py:756} INFO - Processing file /home/airflow/.local/lib/python3.7/site-packages/airflow/example_dags/example_short_circuit_operator.py for tasks to queue
[2024-12-04T05:04:43.459+0000] {logging_mixin.py:120} INFO - [2024-12-04T05:04:43.459+0000] {dagbag.py:537} INFO - Filling up the DagBag from /home/airflow/.local/lib/python3.7/site-packages/airflow/example_dags/example_short_circuit_operator.py
[2024-12-04T05:04:43.483+0000] {processor.py:766} INFO - DAG(s) dict_keys(['example_short_circuit_operator']) retrieved from /home/airflow/.local/lib/python3.7/site-packages/airflow/example_dags/example_short_circuit_operator.py
[2024-12-04T05:04:43.537+0000] {logging_mixin.py:120} INFO - [2024-12-04T05:04:43.537+0000] {dag.py:2585} INFO - Sync 1 DAGs
[2024-12-04T05:04:43.570+0000] {logging_mixin.py:120} INFO - [2024-12-04T05:04:43.570+0000] {dag.py:3340} INFO - Setting next_dagrun for example_short_circuit_operator to 2024-12-03T05:04:43.569835+00:00, run_after=2024-12-04T05:04:43.569835+00:00
[2024-12-04T05:04:43.602+0000] {processor.py:176} INFO - Processing /home/airflow/.local/lib/python3.7/site-packages/airflow/example_dags/example_short_circuit_operator.py took 0.151 seconds
