[2024-12-04T04:51:48.451+0000] {processor.py:154} INFO - Started process (PID=44) to work on /home/airflow/.local/lib/python3.7/site-packages/airflow/example_dags/example_external_task_marker_dag.py
[2024-12-04T04:51:48.451+0000] {processor.py:756} INFO - Processing file /home/airflow/.local/lib/python3.7/site-packages/airflow/example_dags/example_external_task_marker_dag.py for tasks to queue
[2024-12-04T04:51:48.452+0000] {logging_mixin.py:120} INFO - [2024-12-04T04:51:48.452+0000] {dagbag.py:537} INFO - Filling up the DagBag from /home/airflow/.local/lib/python3.7/site-packages/airflow/example_dags/example_external_task_marker_dag.py
[2024-12-04T04:51:48.469+0000] {processor.py:766} INFO - DAG(s) dict_keys(['example_external_task_marker_child', 'example_external_task_marker_parent']) retrieved from /home/airflow/.local/lib/python3.7/site-packages/airflow/example_dags/example_external_task_marker_dag.py
[2024-12-04T04:51:48.497+0000] {logging_mixin.py:120} INFO - [2024-12-04T04:51:48.497+0000] {dag.py:2585} INFO - Sync 2 DAGs
[2024-12-04T04:51:48.524+0000] {logging_mixin.py:120} INFO - [2024-12-04T04:51:48.524+0000] {dag.py:3340} INFO - Setting next_dagrun for example_external_task_marker_child to None, run_after=None
[2024-12-04T04:51:48.527+0000] {logging_mixin.py:120} INFO - [2024-12-04T04:51:48.527+0000] {dag.py:3340} INFO - Setting next_dagrun for example_external_task_marker_parent to None, run_after=None
[2024-12-04T04:51:48.554+0000] {processor.py:176} INFO - Processing /home/airflow/.local/lib/python3.7/site-packages/airflow/example_dags/example_external_task_marker_dag.py took 0.106 seconds
[2024-12-04T04:52:19.232+0000] {processor.py:154} INFO - Started process (PID=107) to work on /home/airflow/.local/lib/python3.7/site-packages/airflow/example_dags/example_external_task_marker_dag.py
[2024-12-04T04:52:19.233+0000] {processor.py:756} INFO - Processing file /home/airflow/.local/lib/python3.7/site-packages/airflow/example_dags/example_external_task_marker_dag.py for tasks to queue
[2024-12-04T04:52:19.234+0000] {logging_mixin.py:120} INFO - [2024-12-04T04:52:19.234+0000] {dagbag.py:537} INFO - Filling up the DagBag from /home/airflow/.local/lib/python3.7/site-packages/airflow/example_dags/example_external_task_marker_dag.py
[2024-12-04T04:52:19.263+0000] {processor.py:766} INFO - DAG(s) dict_keys(['example_external_task_marker_child', 'example_external_task_marker_parent']) retrieved from /home/airflow/.local/lib/python3.7/site-packages/airflow/example_dags/example_external_task_marker_dag.py
[2024-12-04T04:52:19.674+0000] {logging_mixin.py:120} INFO - [2024-12-04T04:52:19.674+0000] {dag.py:2585} INFO - Sync 2 DAGs
[2024-12-04T04:52:19.715+0000] {logging_mixin.py:120} INFO - [2024-12-04T04:52:19.715+0000] {dag.py:3340} INFO - Setting next_dagrun for example_external_task_marker_child to None, run_after=None
[2024-12-04T04:52:19.721+0000] {logging_mixin.py:120} INFO - [2024-12-04T04:52:19.721+0000] {dag.py:3340} INFO - Setting next_dagrun for example_external_task_marker_parent to None, run_after=None
[2024-12-04T04:52:19.758+0000] {processor.py:176} INFO - Processing /home/airflow/.local/lib/python3.7/site-packages/airflow/example_dags/example_external_task_marker_dag.py took 0.531 seconds
[2024-12-04T04:59:01.352+0000] {processor.py:154} INFO - Started process (PID=43) to work on /home/airflow/.local/lib/python3.7/site-packages/airflow/example_dags/example_external_task_marker_dag.py
[2024-12-04T04:59:01.353+0000] {processor.py:756} INFO - Processing file /home/airflow/.local/lib/python3.7/site-packages/airflow/example_dags/example_external_task_marker_dag.py for tasks to queue
[2024-12-04T04:59:01.354+0000] {logging_mixin.py:120} INFO - [2024-12-04T04:59:01.354+0000] {dagbag.py:537} INFO - Filling up the DagBag from /home/airflow/.local/lib/python3.7/site-packages/airflow/example_dags/example_external_task_marker_dag.py
[2024-12-04T04:59:01.367+0000] {processor.py:766} INFO - DAG(s) dict_keys(['example_external_task_marker_parent', 'example_external_task_marker_child']) retrieved from /home/airflow/.local/lib/python3.7/site-packages/airflow/example_dags/example_external_task_marker_dag.py
[2024-12-04T04:59:01.395+0000] {logging_mixin.py:120} INFO - [2024-12-04T04:59:01.395+0000] {dag.py:2585} INFO - Sync 2 DAGs
[2024-12-04T04:59:01.431+0000] {logging_mixin.py:120} INFO - [2024-12-04T04:59:01.431+0000] {dag.py:3340} INFO - Setting next_dagrun for example_external_task_marker_child to None, run_after=None
[2024-12-04T04:59:01.436+0000] {logging_mixin.py:120} INFO - [2024-12-04T04:59:01.436+0000] {dag.py:3340} INFO - Setting next_dagrun for example_external_task_marker_parent to None, run_after=None
[2024-12-04T04:59:01.455+0000] {processor.py:176} INFO - Processing /home/airflow/.local/lib/python3.7/site-packages/airflow/example_dags/example_external_task_marker_dag.py took 0.106 seconds
[2024-12-04T04:59:32.001+0000] {processor.py:154} INFO - Started process (PID=106) to work on /home/airflow/.local/lib/python3.7/site-packages/airflow/example_dags/example_external_task_marker_dag.py
[2024-12-04T04:59:32.002+0000] {processor.py:756} INFO - Processing file /home/airflow/.local/lib/python3.7/site-packages/airflow/example_dags/example_external_task_marker_dag.py for tasks to queue
[2024-12-04T04:59:32.003+0000] {logging_mixin.py:120} INFO - [2024-12-04T04:59:32.002+0000] {dagbag.py:537} INFO - Filling up the DagBag from /home/airflow/.local/lib/python3.7/site-packages/airflow/example_dags/example_external_task_marker_dag.py
[2024-12-04T04:59:32.022+0000] {processor.py:766} INFO - DAG(s) dict_keys(['example_external_task_marker_child', 'example_external_task_marker_parent']) retrieved from /home/airflow/.local/lib/python3.7/site-packages/airflow/example_dags/example_external_task_marker_dag.py
[2024-12-04T04:59:32.200+0000] {logging_mixin.py:120} INFO - [2024-12-04T04:59:32.200+0000] {dag.py:2585} INFO - Sync 2 DAGs
[2024-12-04T04:59:32.226+0000] {logging_mixin.py:120} INFO - [2024-12-04T04:59:32.226+0000] {dag.py:3340} INFO - Setting next_dagrun for example_external_task_marker_child to None, run_after=None
[2024-12-04T04:59:32.229+0000] {logging_mixin.py:120} INFO - [2024-12-04T04:59:32.229+0000] {dag.py:3340} INFO - Setting next_dagrun for example_external_task_marker_parent to None, run_after=None
[2024-12-04T04:59:32.255+0000] {processor.py:176} INFO - Processing /home/airflow/.local/lib/python3.7/site-packages/airflow/example_dags/example_external_task_marker_dag.py took 0.257 seconds
[2024-12-04T05:00:03.209+0000] {processor.py:154} INFO - Started process (PID=168) to work on /home/airflow/.local/lib/python3.7/site-packages/airflow/example_dags/example_external_task_marker_dag.py
[2024-12-04T05:00:03.212+0000] {processor.py:756} INFO - Processing file /home/airflow/.local/lib/python3.7/site-packages/airflow/example_dags/example_external_task_marker_dag.py for tasks to queue
[2024-12-04T05:00:03.213+0000] {logging_mixin.py:120} INFO - [2024-12-04T05:00:03.213+0000] {dagbag.py:537} INFO - Filling up the DagBag from /home/airflow/.local/lib/python3.7/site-packages/airflow/example_dags/example_external_task_marker_dag.py
[2024-12-04T05:00:03.243+0000] {processor.py:766} INFO - DAG(s) dict_keys(['example_external_task_marker_parent', 'example_external_task_marker_child']) retrieved from /home/airflow/.local/lib/python3.7/site-packages/airflow/example_dags/example_external_task_marker_dag.py
[2024-12-04T05:00:03.615+0000] {logging_mixin.py:120} INFO - [2024-12-04T05:00:03.614+0000] {dag.py:2585} INFO - Sync 2 DAGs
[2024-12-04T05:00:03.660+0000] {logging_mixin.py:120} INFO - [2024-12-04T05:00:03.660+0000] {dag.py:3340} INFO - Setting next_dagrun for example_external_task_marker_child to None, run_after=None
[2024-12-04T05:00:03.668+0000] {logging_mixin.py:120} INFO - [2024-12-04T05:00:03.668+0000] {dag.py:3340} INFO - Setting next_dagrun for example_external_task_marker_parent to None, run_after=None
[2024-12-04T05:00:03.702+0000] {processor.py:176} INFO - Processing /home/airflow/.local/lib/python3.7/site-packages/airflow/example_dags/example_external_task_marker_dag.py took 0.499 seconds
[2024-12-04T05:00:33.959+0000] {processor.py:154} INFO - Started process (PID=225) to work on /home/airflow/.local/lib/python3.7/site-packages/airflow/example_dags/example_external_task_marker_dag.py
[2024-12-04T05:00:33.960+0000] {processor.py:756} INFO - Processing file /home/airflow/.local/lib/python3.7/site-packages/airflow/example_dags/example_external_task_marker_dag.py for tasks to queue
[2024-12-04T05:00:33.961+0000] {logging_mixin.py:120} INFO - [2024-12-04T05:00:33.961+0000] {dagbag.py:537} INFO - Filling up the DagBag from /home/airflow/.local/lib/python3.7/site-packages/airflow/example_dags/example_external_task_marker_dag.py
[2024-12-04T05:00:33.980+0000] {processor.py:766} INFO - DAG(s) dict_keys(['example_external_task_marker_parent', 'example_external_task_marker_child']) retrieved from /home/airflow/.local/lib/python3.7/site-packages/airflow/example_dags/example_external_task_marker_dag.py
[2024-12-04T05:00:34.279+0000] {logging_mixin.py:120} INFO - [2024-12-04T05:00:34.278+0000] {dag.py:2585} INFO - Sync 2 DAGs
[2024-12-04T05:00:34.314+0000] {logging_mixin.py:120} INFO - [2024-12-04T05:00:34.314+0000] {dag.py:3340} INFO - Setting next_dagrun for example_external_task_marker_child to None, run_after=None
[2024-12-04T05:00:34.319+0000] {logging_mixin.py:120} INFO - [2024-12-04T05:00:34.319+0000] {dag.py:3340} INFO - Setting next_dagrun for example_external_task_marker_parent to None, run_after=None
[2024-12-04T05:00:34.354+0000] {processor.py:176} INFO - Processing /home/airflow/.local/lib/python3.7/site-packages/airflow/example_dags/example_external_task_marker_dag.py took 0.401 seconds
[2024-12-04T05:01:04.451+0000] {processor.py:154} INFO - Started process (PID=287) to work on /home/airflow/.local/lib/python3.7/site-packages/airflow/example_dags/example_external_task_marker_dag.py
[2024-12-04T05:01:04.452+0000] {processor.py:756} INFO - Processing file /home/airflow/.local/lib/python3.7/site-packages/airflow/example_dags/example_external_task_marker_dag.py for tasks to queue
[2024-12-04T05:01:04.453+0000] {logging_mixin.py:120} INFO - [2024-12-04T05:01:04.453+0000] {dagbag.py:537} INFO - Filling up the DagBag from /home/airflow/.local/lib/python3.7/site-packages/airflow/example_dags/example_external_task_marker_dag.py
[2024-12-04T05:01:04.469+0000] {processor.py:766} INFO - DAG(s) dict_keys(['example_external_task_marker_child', 'example_external_task_marker_parent']) retrieved from /home/airflow/.local/lib/python3.7/site-packages/airflow/example_dags/example_external_task_marker_dag.py
[2024-12-04T05:01:04.677+0000] {logging_mixin.py:120} INFO - [2024-12-04T05:01:04.677+0000] {dag.py:2585} INFO - Sync 2 DAGs
[2024-12-04T05:01:04.700+0000] {logging_mixin.py:120} INFO - [2024-12-04T05:01:04.700+0000] {dag.py:3340} INFO - Setting next_dagrun for example_external_task_marker_child to None, run_after=None
[2024-12-04T05:01:04.703+0000] {logging_mixin.py:120} INFO - [2024-12-04T05:01:04.703+0000] {dag.py:3340} INFO - Setting next_dagrun for example_external_task_marker_parent to None, run_after=None
[2024-12-04T05:01:04.727+0000] {processor.py:176} INFO - Processing /home/airflow/.local/lib/python3.7/site-packages/airflow/example_dags/example_external_task_marker_dag.py took 0.280 seconds
[2024-12-04T05:01:35.013+0000] {processor.py:154} INFO - Started process (PID=341) to work on /home/airflow/.local/lib/python3.7/site-packages/airflow/example_dags/example_external_task_marker_dag.py
[2024-12-04T05:01:35.014+0000] {processor.py:756} INFO - Processing file /home/airflow/.local/lib/python3.7/site-packages/airflow/example_dags/example_external_task_marker_dag.py for tasks to queue
[2024-12-04T05:01:35.015+0000] {logging_mixin.py:120} INFO - [2024-12-04T05:01:35.014+0000] {dagbag.py:537} INFO - Filling up the DagBag from /home/airflow/.local/lib/python3.7/site-packages/airflow/example_dags/example_external_task_marker_dag.py
[2024-12-04T05:01:35.035+0000] {processor.py:766} INFO - DAG(s) dict_keys(['example_external_task_marker_child', 'example_external_task_marker_parent']) retrieved from /home/airflow/.local/lib/python3.7/site-packages/airflow/example_dags/example_external_task_marker_dag.py
[2024-12-04T05:01:35.306+0000] {logging_mixin.py:120} INFO - [2024-12-04T05:01:35.306+0000] {dag.py:2585} INFO - Sync 2 DAGs
[2024-12-04T05:01:35.341+0000] {logging_mixin.py:120} INFO - [2024-12-04T05:01:35.341+0000] {dag.py:3340} INFO - Setting next_dagrun for example_external_task_marker_child to None, run_after=None
[2024-12-04T05:01:35.346+0000] {logging_mixin.py:120} INFO - [2024-12-04T05:01:35.346+0000] {dag.py:3340} INFO - Setting next_dagrun for example_external_task_marker_parent to None, run_after=None
[2024-12-04T05:01:35.379+0000] {processor.py:176} INFO - Processing /home/airflow/.local/lib/python3.7/site-packages/airflow/example_dags/example_external_task_marker_dag.py took 0.373 seconds
[2024-12-04T05:02:06.061+0000] {processor.py:154} INFO - Started process (PID=404) to work on /home/airflow/.local/lib/python3.7/site-packages/airflow/example_dags/example_external_task_marker_dag.py
[2024-12-04T05:02:06.069+0000] {processor.py:756} INFO - Processing file /home/airflow/.local/lib/python3.7/site-packages/airflow/example_dags/example_external_task_marker_dag.py for tasks to queue
[2024-12-04T05:02:06.070+0000] {logging_mixin.py:120} INFO - [2024-12-04T05:02:06.070+0000] {dagbag.py:537} INFO - Filling up the DagBag from /home/airflow/.local/lib/python3.7/site-packages/airflow/example_dags/example_external_task_marker_dag.py
[2024-12-04T05:02:06.091+0000] {processor.py:766} INFO - DAG(s) dict_keys(['example_external_task_marker_child', 'example_external_task_marker_parent']) retrieved from /home/airflow/.local/lib/python3.7/site-packages/airflow/example_dags/example_external_task_marker_dag.py
[2024-12-04T05:02:06.331+0000] {logging_mixin.py:120} INFO - [2024-12-04T05:02:06.331+0000] {dag.py:2585} INFO - Sync 2 DAGs
[2024-12-04T05:02:06.358+0000] {logging_mixin.py:120} INFO - [2024-12-04T05:02:06.358+0000] {dag.py:3340} INFO - Setting next_dagrun for example_external_task_marker_child to None, run_after=None
[2024-12-04T05:02:06.363+0000] {logging_mixin.py:120} INFO - [2024-12-04T05:02:06.362+0000] {dag.py:3340} INFO - Setting next_dagrun for example_external_task_marker_parent to None, run_after=None
[2024-12-04T05:02:06.383+0000] {processor.py:176} INFO - Processing /home/airflow/.local/lib/python3.7/site-packages/airflow/example_dags/example_external_task_marker_dag.py took 0.326 seconds
[2024-12-04T05:02:36.531+0000] {processor.py:154} INFO - Started process (PID=458) to work on /home/airflow/.local/lib/python3.7/site-packages/airflow/example_dags/example_external_task_marker_dag.py
[2024-12-04T05:02:36.532+0000] {processor.py:756} INFO - Processing file /home/airflow/.local/lib/python3.7/site-packages/airflow/example_dags/example_external_task_marker_dag.py for tasks to queue
[2024-12-04T05:02:36.532+0000] {logging_mixin.py:120} INFO - [2024-12-04T05:02:36.532+0000] {dagbag.py:537} INFO - Filling up the DagBag from /home/airflow/.local/lib/python3.7/site-packages/airflow/example_dags/example_external_task_marker_dag.py
[2024-12-04T05:02:36.552+0000] {processor.py:766} INFO - DAG(s) dict_keys(['example_external_task_marker_parent', 'example_external_task_marker_child']) retrieved from /home/airflow/.local/lib/python3.7/site-packages/airflow/example_dags/example_external_task_marker_dag.py
[2024-12-04T05:02:36.829+0000] {logging_mixin.py:120} INFO - [2024-12-04T05:02:36.829+0000] {dag.py:2585} INFO - Sync 2 DAGs
[2024-12-04T05:02:36.866+0000] {logging_mixin.py:120} INFO - [2024-12-04T05:02:36.866+0000] {dag.py:3340} INFO - Setting next_dagrun for example_external_task_marker_child to None, run_after=None
[2024-12-04T05:02:36.870+0000] {logging_mixin.py:120} INFO - [2024-12-04T05:02:36.870+0000] {dag.py:3340} INFO - Setting next_dagrun for example_external_task_marker_parent to None, run_after=None
[2024-12-04T05:02:36.897+0000] {processor.py:176} INFO - Processing /home/airflow/.local/lib/python3.7/site-packages/airflow/example_dags/example_external_task_marker_dag.py took 0.370 seconds
[2024-12-04T05:03:07.070+0000] {processor.py:154} INFO - Started process (PID=522) to work on /home/airflow/.local/lib/python3.7/site-packages/airflow/example_dags/example_external_task_marker_dag.py
[2024-12-04T05:03:07.071+0000] {processor.py:756} INFO - Processing file /home/airflow/.local/lib/python3.7/site-packages/airflow/example_dags/example_external_task_marker_dag.py for tasks to queue
[2024-12-04T05:03:07.072+0000] {logging_mixin.py:120} INFO - [2024-12-04T05:03:07.072+0000] {dagbag.py:537} INFO - Filling up the DagBag from /home/airflow/.local/lib/python3.7/site-packages/airflow/example_dags/example_external_task_marker_dag.py
[2024-12-04T05:03:07.094+0000] {processor.py:766} INFO - DAG(s) dict_keys(['example_external_task_marker_child', 'example_external_task_marker_parent']) retrieved from /home/airflow/.local/lib/python3.7/site-packages/airflow/example_dags/example_external_task_marker_dag.py
[2024-12-04T05:03:07.376+0000] {logging_mixin.py:120} INFO - [2024-12-04T05:03:07.376+0000] {dag.py:2585} INFO - Sync 2 DAGs
[2024-12-04T05:03:07.414+0000] {logging_mixin.py:120} INFO - [2024-12-04T05:03:07.414+0000] {dag.py:3340} INFO - Setting next_dagrun for example_external_task_marker_child to None, run_after=None
[2024-12-04T05:03:07.419+0000] {logging_mixin.py:120} INFO - [2024-12-04T05:03:07.418+0000] {dag.py:3340} INFO - Setting next_dagrun for example_external_task_marker_parent to None, run_after=None
[2024-12-04T05:03:07.442+0000] {processor.py:176} INFO - Processing /home/airflow/.local/lib/python3.7/site-packages/airflow/example_dags/example_external_task_marker_dag.py took 0.376 seconds
[2024-12-04T05:03:37.845+0000] {processor.py:154} INFO - Started process (PID=584) to work on /home/airflow/.local/lib/python3.7/site-packages/airflow/example_dags/example_external_task_marker_dag.py
[2024-12-04T05:03:37.853+0000] {processor.py:756} INFO - Processing file /home/airflow/.local/lib/python3.7/site-packages/airflow/example_dags/example_external_task_marker_dag.py for tasks to queue
[2024-12-04T05:03:37.854+0000] {logging_mixin.py:120} INFO - [2024-12-04T05:03:37.854+0000] {dagbag.py:537} INFO - Filling up the DagBag from /home/airflow/.local/lib/python3.7/site-packages/airflow/example_dags/example_external_task_marker_dag.py
[2024-12-04T05:03:37.876+0000] {processor.py:766} INFO - DAG(s) dict_keys(['example_external_task_marker_parent', 'example_external_task_marker_child']) retrieved from /home/airflow/.local/lib/python3.7/site-packages/airflow/example_dags/example_external_task_marker_dag.py
[2024-12-04T05:03:38.207+0000] {logging_mixin.py:120} INFO - [2024-12-04T05:03:38.207+0000] {dag.py:2585} INFO - Sync 2 DAGs
[2024-12-04T05:03:38.246+0000] {logging_mixin.py:120} INFO - [2024-12-04T05:03:38.246+0000] {dag.py:3340} INFO - Setting next_dagrun for example_external_task_marker_child to None, run_after=None
[2024-12-04T05:03:38.251+0000] {logging_mixin.py:120} INFO - [2024-12-04T05:03:38.251+0000] {dag.py:3340} INFO - Setting next_dagrun for example_external_task_marker_parent to None, run_after=None
[2024-12-04T05:03:38.288+0000] {processor.py:176} INFO - Processing /home/airflow/.local/lib/python3.7/site-packages/airflow/example_dags/example_external_task_marker_dag.py took 0.448 seconds
[2024-12-04T05:04:08.469+0000] {processor.py:154} INFO - Started process (PID=639) to work on /home/airflow/.local/lib/python3.7/site-packages/airflow/example_dags/example_external_task_marker_dag.py
[2024-12-04T05:04:08.470+0000] {processor.py:756} INFO - Processing file /home/airflow/.local/lib/python3.7/site-packages/airflow/example_dags/example_external_task_marker_dag.py for tasks to queue
[2024-12-04T05:04:08.470+0000] {logging_mixin.py:120} INFO - [2024-12-04T05:04:08.470+0000] {dagbag.py:537} INFO - Filling up the DagBag from /home/airflow/.local/lib/python3.7/site-packages/airflow/example_dags/example_external_task_marker_dag.py
[2024-12-04T05:04:08.492+0000] {processor.py:766} INFO - DAG(s) dict_keys(['example_external_task_marker_parent', 'example_external_task_marker_child']) retrieved from /home/airflow/.local/lib/python3.7/site-packages/airflow/example_dags/example_external_task_marker_dag.py
[2024-12-04T05:04:08.798+0000] {logging_mixin.py:120} INFO - [2024-12-04T05:04:08.797+0000] {dag.py:2585} INFO - Sync 2 DAGs
[2024-12-04T05:04:08.834+0000] {logging_mixin.py:120} INFO - [2024-12-04T05:04:08.833+0000] {dag.py:3340} INFO - Setting next_dagrun for example_external_task_marker_child to None, run_after=None
[2024-12-04T05:04:08.838+0000] {logging_mixin.py:120} INFO - [2024-12-04T05:04:08.838+0000] {dag.py:3340} INFO - Setting next_dagrun for example_external_task_marker_parent to None, run_after=None
[2024-12-04T05:04:08.866+0000] {processor.py:176} INFO - Processing /home/airflow/.local/lib/python3.7/site-packages/airflow/example_dags/example_external_task_marker_dag.py took 0.401 seconds
[2024-12-04T05:04:38.970+0000] {processor.py:154} INFO - Started process (PID=703) to work on /home/airflow/.local/lib/python3.7/site-packages/airflow/example_dags/example_external_task_marker_dag.py
[2024-12-04T05:04:38.971+0000] {processor.py:756} INFO - Processing file /home/airflow/.local/lib/python3.7/site-packages/airflow/example_dags/example_external_task_marker_dag.py for tasks to queue
[2024-12-04T05:04:38.973+0000] {logging_mixin.py:120} INFO - [2024-12-04T05:04:38.972+0000] {dagbag.py:537} INFO - Filling up the DagBag from /home/airflow/.local/lib/python3.7/site-packages/airflow/example_dags/example_external_task_marker_dag.py
[2024-12-04T05:04:38.996+0000] {processor.py:766} INFO - DAG(s) dict_keys(['example_external_task_marker_child', 'example_external_task_marker_parent']) retrieved from /home/airflow/.local/lib/python3.7/site-packages/airflow/example_dags/example_external_task_marker_dag.py
[2024-12-04T05:04:39.297+0000] {logging_mixin.py:120} INFO - [2024-12-04T05:04:39.297+0000] {dag.py:2585} INFO - Sync 2 DAGs
[2024-12-04T05:04:39.333+0000] {logging_mixin.py:120} INFO - [2024-12-04T05:04:39.333+0000] {dag.py:3340} INFO - Setting next_dagrun for example_external_task_marker_child to None, run_after=None
[2024-12-04T05:04:39.339+0000] {logging_mixin.py:120} INFO - [2024-12-04T05:04:39.338+0000] {dag.py:3340} INFO - Setting next_dagrun for example_external_task_marker_parent to None, run_after=None
[2024-12-04T05:04:39.370+0000] {processor.py:176} INFO - Processing /home/airflow/.local/lib/python3.7/site-packages/airflow/example_dags/example_external_task_marker_dag.py took 0.408 seconds
