[2024-12-04T04:51:50.288+0000] {processor.py:154} INFO - Started process (PID=69) to work on /home/airflow/.local/lib/python3.7/site-packages/airflow/example_dags/example_xcomargs.py
[2024-12-04T04:51:50.289+0000] {processor.py:756} INFO - Processing file /home/airflow/.local/lib/python3.7/site-packages/airflow/example_dags/example_xcomargs.py for tasks to queue
[2024-12-04T04:51:50.290+0000] {logging_mixin.py:120} INFO - [2024-12-04T04:51:50.290+0000] {dagbag.py:537} INFO - Filling up the DagBag from /home/airflow/.local/lib/python3.7/site-packages/airflow/example_dags/example_xcomargs.py
[2024-12-04T04:51:50.322+0000] {processor.py:766} INFO - DAG(s) dict_keys(['example_xcom_args', 'example_xcom_args_with_operators']) retrieved from /home/airflow/.local/lib/python3.7/site-packages/airflow/example_dags/example_xcomargs.py
[2024-12-04T04:51:50.359+0000] {logging_mixin.py:120} INFO - [2024-12-04T04:51:50.359+0000] {dag.py:2585} INFO - Sync 2 DAGs
[2024-12-04T04:51:50.400+0000] {logging_mixin.py:120} INFO - [2024-12-04T04:51:50.400+0000] {dag.py:3340} INFO - Setting next_dagrun for example_xcom_args to None, run_after=None
[2024-12-04T04:51:50.406+0000] {logging_mixin.py:120} INFO - [2024-12-04T04:51:50.406+0000] {dag.py:3340} INFO - Setting next_dagrun for example_xcom_args_with_operators to None, run_after=None
[2024-12-04T04:51:50.446+0000] {processor.py:176} INFO - Processing /home/airflow/.local/lib/python3.7/site-packages/airflow/example_dags/example_xcomargs.py took 0.165 seconds
[2024-12-04T04:52:21.670+0000] {processor.py:154} INFO - Started process (PID=123) to work on /home/airflow/.local/lib/python3.7/site-packages/airflow/example_dags/example_xcomargs.py
[2024-12-04T04:52:21.671+0000] {processor.py:756} INFO - Processing file /home/airflow/.local/lib/python3.7/site-packages/airflow/example_dags/example_xcomargs.py for tasks to queue
[2024-12-04T04:52:21.672+0000] {logging_mixin.py:120} INFO - [2024-12-04T04:52:21.672+0000] {dagbag.py:537} INFO - Filling up the DagBag from /home/airflow/.local/lib/python3.7/site-packages/airflow/example_dags/example_xcomargs.py
[2024-12-04T04:52:21.716+0000] {processor.py:766} INFO - DAG(s) dict_keys(['example_xcom_args_with_operators', 'example_xcom_args']) retrieved from /home/airflow/.local/lib/python3.7/site-packages/airflow/example_dags/example_xcomargs.py
[2024-12-04T04:52:21.785+0000] {logging_mixin.py:120} INFO - [2024-12-04T04:52:21.785+0000] {dag.py:2585} INFO - Sync 2 DAGs
[2024-12-04T04:52:21.823+0000] {logging_mixin.py:120} INFO - [2024-12-04T04:52:21.823+0000] {dag.py:3340} INFO - Setting next_dagrun for example_xcom_args to None, run_after=None
[2024-12-04T04:52:21.828+0000] {logging_mixin.py:120} INFO - [2024-12-04T04:52:21.827+0000] {dag.py:3340} INFO - Setting next_dagrun for example_xcom_args_with_operators to None, run_after=None
[2024-12-04T04:52:21.852+0000] {processor.py:176} INFO - Processing /home/airflow/.local/lib/python3.7/site-packages/airflow/example_dags/example_xcomargs.py took 0.187 seconds
[2024-12-04T04:59:02.404+0000] {processor.py:154} INFO - Started process (PID=59) to work on /home/airflow/.local/lib/python3.7/site-packages/airflow/example_dags/example_xcomargs.py
[2024-12-04T04:59:02.405+0000] {processor.py:756} INFO - Processing file /home/airflow/.local/lib/python3.7/site-packages/airflow/example_dags/example_xcomargs.py for tasks to queue
[2024-12-04T04:59:02.405+0000] {logging_mixin.py:120} INFO - [2024-12-04T04:59:02.405+0000] {dagbag.py:537} INFO - Filling up the DagBag from /home/airflow/.local/lib/python3.7/site-packages/airflow/example_dags/example_xcomargs.py
[2024-12-04T04:59:02.441+0000] {processor.py:766} INFO - DAG(s) dict_keys(['example_xcom_args_with_operators', 'example_xcom_args']) retrieved from /home/airflow/.local/lib/python3.7/site-packages/airflow/example_dags/example_xcomargs.py
[2024-12-04T04:59:02.473+0000] {logging_mixin.py:120} INFO - [2024-12-04T04:59:02.472+0000] {dag.py:2585} INFO - Sync 2 DAGs
[2024-12-04T04:59:02.502+0000] {logging_mixin.py:120} INFO - [2024-12-04T04:59:02.502+0000] {dag.py:3340} INFO - Setting next_dagrun for example_xcom_args to None, run_after=None
[2024-12-04T04:59:02.506+0000] {logging_mixin.py:120} INFO - [2024-12-04T04:59:02.506+0000] {dag.py:3340} INFO - Setting next_dagrun for example_xcom_args_with_operators to None, run_after=None
[2024-12-04T04:59:02.530+0000] {processor.py:176} INFO - Processing /home/airflow/.local/lib/python3.7/site-packages/airflow/example_dags/example_xcomargs.py took 0.129 seconds
[2024-12-04T04:59:33.529+0000] {processor.py:154} INFO - Started process (PID=122) to work on /home/airflow/.local/lib/python3.7/site-packages/airflow/example_dags/example_xcomargs.py
[2024-12-04T04:59:33.530+0000] {processor.py:756} INFO - Processing file /home/airflow/.local/lib/python3.7/site-packages/airflow/example_dags/example_xcomargs.py for tasks to queue
[2024-12-04T04:59:33.530+0000] {logging_mixin.py:120} INFO - [2024-12-04T04:59:33.530+0000] {dagbag.py:537} INFO - Filling up the DagBag from /home/airflow/.local/lib/python3.7/site-packages/airflow/example_dags/example_xcomargs.py
[2024-12-04T04:59:33.551+0000] {processor.py:766} INFO - DAG(s) dict_keys(['example_xcom_args_with_operators', 'example_xcom_args']) retrieved from /home/airflow/.local/lib/python3.7/site-packages/airflow/example_dags/example_xcomargs.py
[2024-12-04T04:59:33.592+0000] {logging_mixin.py:120} INFO - [2024-12-04T04:59:33.592+0000] {dag.py:2585} INFO - Sync 2 DAGs
[2024-12-04T04:59:33.617+0000] {logging_mixin.py:120} INFO - [2024-12-04T04:59:33.617+0000] {dag.py:3340} INFO - Setting next_dagrun for example_xcom_args to None, run_after=None
[2024-12-04T04:59:33.620+0000] {logging_mixin.py:120} INFO - [2024-12-04T04:59:33.620+0000] {dag.py:3340} INFO - Setting next_dagrun for example_xcom_args_with_operators to None, run_after=None
[2024-12-04T04:59:33.637+0000] {processor.py:176} INFO - Processing /home/airflow/.local/lib/python3.7/site-packages/airflow/example_dags/example_xcomargs.py took 0.111 seconds
[2024-12-04T05:00:06.057+0000] {processor.py:154} INFO - Started process (PID=186) to work on /home/airflow/.local/lib/python3.7/site-packages/airflow/example_dags/example_xcomargs.py
[2024-12-04T05:00:06.058+0000] {processor.py:756} INFO - Processing file /home/airflow/.local/lib/python3.7/site-packages/airflow/example_dags/example_xcomargs.py for tasks to queue
[2024-12-04T05:00:06.059+0000] {logging_mixin.py:120} INFO - [2024-12-04T05:00:06.059+0000] {dagbag.py:537} INFO - Filling up the DagBag from /home/airflow/.local/lib/python3.7/site-packages/airflow/example_dags/example_xcomargs.py
[2024-12-04T05:00:06.091+0000] {processor.py:766} INFO - DAG(s) dict_keys(['example_xcom_args', 'example_xcom_args_with_operators']) retrieved from /home/airflow/.local/lib/python3.7/site-packages/airflow/example_dags/example_xcomargs.py
[2024-12-04T05:00:06.151+0000] {logging_mixin.py:120} INFO - [2024-12-04T05:00:06.151+0000] {dag.py:2585} INFO - Sync 2 DAGs
[2024-12-04T05:00:06.186+0000] {logging_mixin.py:120} INFO - [2024-12-04T05:00:06.186+0000] {dag.py:3340} INFO - Setting next_dagrun for example_xcom_args to None, run_after=None
[2024-12-04T05:00:06.191+0000] {logging_mixin.py:120} INFO - [2024-12-04T05:00:06.191+0000] {dag.py:3340} INFO - Setting next_dagrun for example_xcom_args_with_operators to None, run_after=None
[2024-12-04T05:00:06.224+0000] {processor.py:176} INFO - Processing /home/airflow/.local/lib/python3.7/site-packages/airflow/example_dags/example_xcomargs.py took 0.172 seconds
[2024-12-04T05:00:36.745+0000] {processor.py:154} INFO - Started process (PID=241) to work on /home/airflow/.local/lib/python3.7/site-packages/airflow/example_dags/example_xcomargs.py
[2024-12-04T05:00:36.746+0000] {processor.py:756} INFO - Processing file /home/airflow/.local/lib/python3.7/site-packages/airflow/example_dags/example_xcomargs.py for tasks to queue
[2024-12-04T05:00:36.747+0000] {logging_mixin.py:120} INFO - [2024-12-04T05:00:36.747+0000] {dagbag.py:537} INFO - Filling up the DagBag from /home/airflow/.local/lib/python3.7/site-packages/airflow/example_dags/example_xcomargs.py
[2024-12-04T05:00:36.784+0000] {processor.py:766} INFO - DAG(s) dict_keys(['example_xcom_args', 'example_xcom_args_with_operators']) retrieved from /home/airflow/.local/lib/python3.7/site-packages/airflow/example_dags/example_xcomargs.py
[2024-12-04T05:00:36.848+0000] {logging_mixin.py:120} INFO - [2024-12-04T05:00:36.848+0000] {dag.py:2585} INFO - Sync 2 DAGs
[2024-12-04T05:00:36.887+0000] {logging_mixin.py:120} INFO - [2024-12-04T05:00:36.886+0000] {dag.py:3340} INFO - Setting next_dagrun for example_xcom_args to None, run_after=None
[2024-12-04T05:00:36.892+0000] {logging_mixin.py:120} INFO - [2024-12-04T05:00:36.892+0000] {dag.py:3340} INFO - Setting next_dagrun for example_xcom_args_with_operators to None, run_after=None
[2024-12-04T05:00:36.919+0000] {processor.py:176} INFO - Processing /home/airflow/.local/lib/python3.7/site-packages/airflow/example_dags/example_xcomargs.py took 0.179 seconds
[2024-12-04T05:01:07.209+0000] {processor.py:154} INFO - Started process (PID=303) to work on /home/airflow/.local/lib/python3.7/site-packages/airflow/example_dags/example_xcomargs.py
[2024-12-04T05:01:07.210+0000] {processor.py:756} INFO - Processing file /home/airflow/.local/lib/python3.7/site-packages/airflow/example_dags/example_xcomargs.py for tasks to queue
[2024-12-04T05:01:07.211+0000] {logging_mixin.py:120} INFO - [2024-12-04T05:01:07.211+0000] {dagbag.py:537} INFO - Filling up the DagBag from /home/airflow/.local/lib/python3.7/site-packages/airflow/example_dags/example_xcomargs.py
[2024-12-04T05:01:07.235+0000] {processor.py:766} INFO - DAG(s) dict_keys(['example_xcom_args', 'example_xcom_args_with_operators']) retrieved from /home/airflow/.local/lib/python3.7/site-packages/airflow/example_dags/example_xcomargs.py
[2024-12-04T05:01:07.275+0000] {logging_mixin.py:120} INFO - [2024-12-04T05:01:07.275+0000] {dag.py:2585} INFO - Sync 2 DAGs
[2024-12-04T05:01:07.298+0000] {logging_mixin.py:120} INFO - [2024-12-04T05:01:07.298+0000] {dag.py:3340} INFO - Setting next_dagrun for example_xcom_args to None, run_after=None
[2024-12-04T05:01:07.302+0000] {logging_mixin.py:120} INFO - [2024-12-04T05:01:07.302+0000] {dag.py:3340} INFO - Setting next_dagrun for example_xcom_args_with_operators to None, run_after=None
[2024-12-04T05:01:07.317+0000] {processor.py:176} INFO - Processing /home/airflow/.local/lib/python3.7/site-packages/airflow/example_dags/example_xcomargs.py took 0.114 seconds
[2024-12-04T05:01:38.452+0000] {processor.py:154} INFO - Started process (PID=357) to work on /home/airflow/.local/lib/python3.7/site-packages/airflow/example_dags/example_xcomargs.py
[2024-12-04T05:01:38.453+0000] {processor.py:756} INFO - Processing file /home/airflow/.local/lib/python3.7/site-packages/airflow/example_dags/example_xcomargs.py for tasks to queue
[2024-12-04T05:01:38.454+0000] {logging_mixin.py:120} INFO - [2024-12-04T05:01:38.454+0000] {dagbag.py:537} INFO - Filling up the DagBag from /home/airflow/.local/lib/python3.7/site-packages/airflow/example_dags/example_xcomargs.py
[2024-12-04T05:01:38.485+0000] {processor.py:766} INFO - DAG(s) dict_keys(['example_xcom_args', 'example_xcom_args_with_operators']) retrieved from /home/airflow/.local/lib/python3.7/site-packages/airflow/example_dags/example_xcomargs.py
[2024-12-04T05:01:38.545+0000] {logging_mixin.py:120} INFO - [2024-12-04T05:01:38.545+0000] {dag.py:2585} INFO - Sync 2 DAGs
[2024-12-04T05:01:38.590+0000] {logging_mixin.py:120} INFO - [2024-12-04T05:01:38.590+0000] {dag.py:3340} INFO - Setting next_dagrun for example_xcom_args to None, run_after=None
[2024-12-04T05:01:38.595+0000] {logging_mixin.py:120} INFO - [2024-12-04T05:01:38.595+0000] {dag.py:3340} INFO - Setting next_dagrun for example_xcom_args_with_operators to None, run_after=None
[2024-12-04T05:01:38.621+0000] {processor.py:176} INFO - Processing /home/airflow/.local/lib/python3.7/site-packages/airflow/example_dags/example_xcomargs.py took 0.175 seconds
[2024-12-04T05:02:08.897+0000] {processor.py:154} INFO - Started process (PID=420) to work on /home/airflow/.local/lib/python3.7/site-packages/airflow/example_dags/example_xcomargs.py
[2024-12-04T05:02:08.899+0000] {processor.py:756} INFO - Processing file /home/airflow/.local/lib/python3.7/site-packages/airflow/example_dags/example_xcomargs.py for tasks to queue
[2024-12-04T05:02:08.900+0000] {logging_mixin.py:120} INFO - [2024-12-04T05:02:08.900+0000] {dagbag.py:537} INFO - Filling up the DagBag from /home/airflow/.local/lib/python3.7/site-packages/airflow/example_dags/example_xcomargs.py
[2024-12-04T05:02:08.940+0000] {processor.py:766} INFO - DAG(s) dict_keys(['example_xcom_args', 'example_xcom_args_with_operators']) retrieved from /home/airflow/.local/lib/python3.7/site-packages/airflow/example_dags/example_xcomargs.py
[2024-12-04T05:02:09.011+0000] {logging_mixin.py:120} INFO - [2024-12-04T05:02:09.010+0000] {dag.py:2585} INFO - Sync 2 DAGs
[2024-12-04T05:02:09.048+0000] {logging_mixin.py:120} INFO - [2024-12-04T05:02:09.048+0000] {dag.py:3340} INFO - Setting next_dagrun for example_xcom_args to None, run_after=None
[2024-12-04T05:02:09.054+0000] {logging_mixin.py:120} INFO - [2024-12-04T05:02:09.053+0000] {dag.py:3340} INFO - Setting next_dagrun for example_xcom_args_with_operators to None, run_after=None
[2024-12-04T05:02:09.078+0000] {processor.py:176} INFO - Processing /home/airflow/.local/lib/python3.7/site-packages/airflow/example_dags/example_xcomargs.py took 0.185 seconds
[2024-12-04T05:02:39.683+0000] {processor.py:154} INFO - Started process (PID=483) to work on /home/airflow/.local/lib/python3.7/site-packages/airflow/example_dags/example_xcomargs.py
[2024-12-04T05:02:39.684+0000] {processor.py:756} INFO - Processing file /home/airflow/.local/lib/python3.7/site-packages/airflow/example_dags/example_xcomargs.py for tasks to queue
[2024-12-04T05:02:39.685+0000] {logging_mixin.py:120} INFO - [2024-12-04T05:02:39.685+0000] {dagbag.py:537} INFO - Filling up the DagBag from /home/airflow/.local/lib/python3.7/site-packages/airflow/example_dags/example_xcomargs.py
[2024-12-04T05:02:39.719+0000] {processor.py:766} INFO - DAG(s) dict_keys(['example_xcom_args', 'example_xcom_args_with_operators']) retrieved from /home/airflow/.local/lib/python3.7/site-packages/airflow/example_dags/example_xcomargs.py
[2024-12-04T05:02:39.784+0000] {logging_mixin.py:120} INFO - [2024-12-04T05:02:39.784+0000] {dag.py:2585} INFO - Sync 2 DAGs
[2024-12-04T05:02:39.820+0000] {logging_mixin.py:120} INFO - [2024-12-04T05:02:39.819+0000] {dag.py:3340} INFO - Setting next_dagrun for example_xcom_args to None, run_after=None
[2024-12-04T05:02:39.824+0000] {logging_mixin.py:120} INFO - [2024-12-04T05:02:39.824+0000] {dag.py:3340} INFO - Setting next_dagrun for example_xcom_args_with_operators to None, run_after=None
[2024-12-04T05:02:39.857+0000] {processor.py:176} INFO - Processing /home/airflow/.local/lib/python3.7/site-packages/airflow/example_dags/example_xcomargs.py took 0.180 seconds
[2024-12-04T05:03:10.190+0000] {processor.py:154} INFO - Started process (PID=537) to work on /home/airflow/.local/lib/python3.7/site-packages/airflow/example_dags/example_xcomargs.py
[2024-12-04T05:03:10.191+0000] {processor.py:756} INFO - Processing file /home/airflow/.local/lib/python3.7/site-packages/airflow/example_dags/example_xcomargs.py for tasks to queue
[2024-12-04T05:03:10.192+0000] {logging_mixin.py:120} INFO - [2024-12-04T05:03:10.192+0000] {dagbag.py:537} INFO - Filling up the DagBag from /home/airflow/.local/lib/python3.7/site-packages/airflow/example_dags/example_xcomargs.py
[2024-12-04T05:03:10.223+0000] {processor.py:766} INFO - DAG(s) dict_keys(['example_xcom_args_with_operators', 'example_xcom_args']) retrieved from /home/airflow/.local/lib/python3.7/site-packages/airflow/example_dags/example_xcomargs.py
[2024-12-04T05:03:10.293+0000] {logging_mixin.py:120} INFO - [2024-12-04T05:03:10.292+0000] {dag.py:2585} INFO - Sync 2 DAGs
[2024-12-04T05:03:10.332+0000] {logging_mixin.py:120} INFO - [2024-12-04T05:03:10.332+0000] {dag.py:3340} INFO - Setting next_dagrun for example_xcom_args to None, run_after=None
[2024-12-04T05:03:10.337+0000] {logging_mixin.py:120} INFO - [2024-12-04T05:03:10.337+0000] {dag.py:3340} INFO - Setting next_dagrun for example_xcom_args_with_operators to None, run_after=None
[2024-12-04T05:03:10.361+0000] {processor.py:176} INFO - Processing /home/airflow/.local/lib/python3.7/site-packages/airflow/example_dags/example_xcomargs.py took 0.178 seconds
[2024-12-04T05:03:40.738+0000] {processor.py:154} INFO - Started process (PID=600) to work on /home/airflow/.local/lib/python3.7/site-packages/airflow/example_dags/example_xcomargs.py
[2024-12-04T05:03:40.739+0000] {processor.py:756} INFO - Processing file /home/airflow/.local/lib/python3.7/site-packages/airflow/example_dags/example_xcomargs.py for tasks to queue
[2024-12-04T05:03:40.740+0000] {logging_mixin.py:120} INFO - [2024-12-04T05:03:40.740+0000] {dagbag.py:537} INFO - Filling up the DagBag from /home/airflow/.local/lib/python3.7/site-packages/airflow/example_dags/example_xcomargs.py
[2024-12-04T05:03:40.771+0000] {processor.py:766} INFO - DAG(s) dict_keys(['example_xcom_args_with_operators', 'example_xcom_args']) retrieved from /home/airflow/.local/lib/python3.7/site-packages/airflow/example_dags/example_xcomargs.py
[2024-12-04T05:03:40.830+0000] {logging_mixin.py:120} INFO - [2024-12-04T05:03:40.830+0000] {dag.py:2585} INFO - Sync 2 DAGs
[2024-12-04T05:03:40.866+0000] {logging_mixin.py:120} INFO - [2024-12-04T05:03:40.866+0000] {dag.py:3340} INFO - Setting next_dagrun for example_xcom_args to None, run_after=None
[2024-12-04T05:03:40.871+0000] {logging_mixin.py:120} INFO - [2024-12-04T05:03:40.871+0000] {dag.py:3340} INFO - Setting next_dagrun for example_xcom_args_with_operators to None, run_after=None
[2024-12-04T05:03:40.893+0000] {processor.py:176} INFO - Processing /home/airflow/.local/lib/python3.7/site-packages/airflow/example_dags/example_xcomargs.py took 0.159 seconds
[2024-12-04T05:04:11.357+0000] {processor.py:154} INFO - Started process (PID=654) to work on /home/airflow/.local/lib/python3.7/site-packages/airflow/example_dags/example_xcomargs.py
[2024-12-04T05:04:11.358+0000] {processor.py:756} INFO - Processing file /home/airflow/.local/lib/python3.7/site-packages/airflow/example_dags/example_xcomargs.py for tasks to queue
[2024-12-04T05:04:11.359+0000] {logging_mixin.py:120} INFO - [2024-12-04T05:04:11.359+0000] {dagbag.py:537} INFO - Filling up the DagBag from /home/airflow/.local/lib/python3.7/site-packages/airflow/example_dags/example_xcomargs.py
[2024-12-04T05:04:11.393+0000] {processor.py:766} INFO - DAG(s) dict_keys(['example_xcom_args_with_operators', 'example_xcom_args']) retrieved from /home/airflow/.local/lib/python3.7/site-packages/airflow/example_dags/example_xcomargs.py
[2024-12-04T05:04:11.455+0000] {logging_mixin.py:120} INFO - [2024-12-04T05:04:11.455+0000] {dag.py:2585} INFO - Sync 2 DAGs
[2024-12-04T05:04:11.492+0000] {logging_mixin.py:120} INFO - [2024-12-04T05:04:11.492+0000] {dag.py:3340} INFO - Setting next_dagrun for example_xcom_args to None, run_after=None
[2024-12-04T05:04:11.497+0000] {logging_mixin.py:120} INFO - [2024-12-04T05:04:11.497+0000] {dag.py:3340} INFO - Setting next_dagrun for example_xcom_args_with_operators to None, run_after=None
[2024-12-04T05:04:11.530+0000] {processor.py:176} INFO - Processing /home/airflow/.local/lib/python3.7/site-packages/airflow/example_dags/example_xcomargs.py took 0.177 seconds
[2024-12-04T05:04:41.707+0000] {processor.py:154} INFO - Started process (PID=717) to work on /home/airflow/.local/lib/python3.7/site-packages/airflow/example_dags/example_xcomargs.py
[2024-12-04T05:04:41.708+0000] {processor.py:756} INFO - Processing file /home/airflow/.local/lib/python3.7/site-packages/airflow/example_dags/example_xcomargs.py for tasks to queue
[2024-12-04T05:04:41.709+0000] {logging_mixin.py:120} INFO - [2024-12-04T05:04:41.709+0000] {dagbag.py:537} INFO - Filling up the DagBag from /home/airflow/.local/lib/python3.7/site-packages/airflow/example_dags/example_xcomargs.py
[2024-12-04T05:04:41.738+0000] {processor.py:766} INFO - DAG(s) dict_keys(['example_xcom_args', 'example_xcom_args_with_operators']) retrieved from /home/airflow/.local/lib/python3.7/site-packages/airflow/example_dags/example_xcomargs.py
[2024-12-04T05:04:41.806+0000] {logging_mixin.py:120} INFO - [2024-12-04T05:04:41.805+0000] {dag.py:2585} INFO - Sync 2 DAGs
[2024-12-04T05:04:41.843+0000] {logging_mixin.py:120} INFO - [2024-12-04T05:04:41.843+0000] {dag.py:3340} INFO - Setting next_dagrun for example_xcom_args to None, run_after=None
[2024-12-04T05:04:41.848+0000] {logging_mixin.py:120} INFO - [2024-12-04T05:04:41.848+0000] {dag.py:3340} INFO - Setting next_dagrun for example_xcom_args_with_operators to None, run_after=None
[2024-12-04T05:04:41.871+0000] {processor.py:176} INFO - Processing /home/airflow/.local/lib/python3.7/site-packages/airflow/example_dags/example_xcomargs.py took 0.168 seconds
