[2024-12-04T04:51:50.299+0000] {processor.py:154} INFO - Started process (PID=70) to work on /home/airflow/.local/lib/python3.7/site-packages/airflow/example_dags/example_branch_datetime_operator.py
[2024-12-04T04:51:50.300+0000] {processor.py:756} INFO - Processing file /home/airflow/.local/lib/python3.7/site-packages/airflow/example_dags/example_branch_datetime_operator.py for tasks to queue
[2024-12-04T04:51:50.301+0000] {logging_mixin.py:120} INFO - [2024-12-04T04:51:50.301+0000] {dagbag.py:537} INFO - Filling up the DagBag from /home/airflow/.local/lib/python3.7/site-packages/airflow/example_dags/example_branch_datetime_operator.py
[2024-12-04T04:51:50.333+0000] {processor.py:766} INFO - DAG(s) dict_keys(['example_branch_datetime_operator_2', 'example_branch_datetime_operator', 'example_branch_datetime_operator_3']) retrieved from /home/airflow/.local/lib/python3.7/site-packages/airflow/example_dags/example_branch_datetime_operator.py
[2024-12-04T04:51:50.381+0000] {logging_mixin.py:120} INFO - [2024-12-04T04:51:50.381+0000] {dag.py:2585} INFO - Sync 3 DAGs
[2024-12-04T04:51:50.416+0000] {logging_mixin.py:120} INFO - [2024-12-04T04:51:50.416+0000] {dag.py:3340} INFO - Setting next_dagrun for example_branch_datetime_operator to 2024-12-03T00:00:00+00:00, run_after=2024-12-04T00:00:00+00:00
[2024-12-04T04:51:50.424+0000] {logging_mixin.py:120} INFO - [2024-12-04T04:51:50.424+0000] {dag.py:3340} INFO - Setting next_dagrun for example_branch_datetime_operator_2 to 2024-12-03T00:00:00+00:00, run_after=2024-12-04T00:00:00+00:00
[2024-12-04T04:51:50.428+0000] {logging_mixin.py:120} INFO - [2024-12-04T04:51:50.428+0000] {dag.py:3340} INFO - Setting next_dagrun for example_branch_datetime_operator_3 to 2024-12-03T00:00:00+00:00, run_after=2024-12-04T00:00:00+00:00
[2024-12-04T04:51:50.459+0000] {processor.py:176} INFO - Processing /home/airflow/.local/lib/python3.7/site-packages/airflow/example_dags/example_branch_datetime_operator.py took 0.164 seconds
[2024-12-04T04:52:21.845+0000] {processor.py:154} INFO - Started process (PID=124) to work on /home/airflow/.local/lib/python3.7/site-packages/airflow/example_dags/example_branch_datetime_operator.py
[2024-12-04T04:52:21.847+0000] {processor.py:756} INFO - Processing file /home/airflow/.local/lib/python3.7/site-packages/airflow/example_dags/example_branch_datetime_operator.py for tasks to queue
[2024-12-04T04:52:21.848+0000] {logging_mixin.py:120} INFO - [2024-12-04T04:52:21.848+0000] {dagbag.py:537} INFO - Filling up the DagBag from /home/airflow/.local/lib/python3.7/site-packages/airflow/example_dags/example_branch_datetime_operator.py
[2024-12-04T04:52:21.877+0000] {processor.py:766} INFO - DAG(s) dict_keys(['example_branch_datetime_operator_3', 'example_branch_datetime_operator_2', 'example_branch_datetime_operator']) retrieved from /home/airflow/.local/lib/python3.7/site-packages/airflow/example_dags/example_branch_datetime_operator.py
[2024-12-04T04:52:21.943+0000] {logging_mixin.py:120} INFO - [2024-12-04T04:52:21.943+0000] {dag.py:2585} INFO - Sync 3 DAGs
[2024-12-04T04:52:21.985+0000] {logging_mixin.py:120} INFO - [2024-12-04T04:52:21.985+0000] {dag.py:3340} INFO - Setting next_dagrun for example_branch_datetime_operator to 2024-12-03T00:00:00+00:00, run_after=2024-12-04T00:00:00+00:00
[2024-12-04T04:52:21.992+0000] {logging_mixin.py:120} INFO - [2024-12-04T04:52:21.992+0000] {dag.py:3340} INFO - Setting next_dagrun for example_branch_datetime_operator_2 to 2024-12-03T00:00:00+00:00, run_after=2024-12-04T00:00:00+00:00
[2024-12-04T04:52:21.996+0000] {logging_mixin.py:120} INFO - [2024-12-04T04:52:21.996+0000] {dag.py:3340} INFO - Setting next_dagrun for example_branch_datetime_operator_3 to 2024-12-03T00:00:00+00:00, run_after=2024-12-04T00:00:00+00:00
[2024-12-04T04:52:22.024+0000] {processor.py:176} INFO - Processing /home/airflow/.local/lib/python3.7/site-packages/airflow/example_dags/example_branch_datetime_operator.py took 0.186 seconds
[2024-12-04T04:59:02.462+0000] {processor.py:154} INFO - Started process (PID=60) to work on /home/airflow/.local/lib/python3.7/site-packages/airflow/example_dags/example_branch_datetime_operator.py
[2024-12-04T04:59:02.463+0000] {processor.py:756} INFO - Processing file /home/airflow/.local/lib/python3.7/site-packages/airflow/example_dags/example_branch_datetime_operator.py for tasks to queue
[2024-12-04T04:59:02.464+0000] {logging_mixin.py:120} INFO - [2024-12-04T04:59:02.464+0000] {dagbag.py:537} INFO - Filling up the DagBag from /home/airflow/.local/lib/python3.7/site-packages/airflow/example_dags/example_branch_datetime_operator.py
[2024-12-04T04:59:02.484+0000] {processor.py:766} INFO - DAG(s) dict_keys(['example_branch_datetime_operator_2', 'example_branch_datetime_operator_3', 'example_branch_datetime_operator']) retrieved from /home/airflow/.local/lib/python3.7/site-packages/airflow/example_dags/example_branch_datetime_operator.py
[2024-12-04T04:59:02.518+0000] {logging_mixin.py:120} INFO - [2024-12-04T04:59:02.517+0000] {dag.py:2585} INFO - Sync 3 DAGs
[2024-12-04T04:59:02.557+0000] {logging_mixin.py:120} INFO - [2024-12-04T04:59:02.557+0000] {dag.py:3340} INFO - Setting next_dagrun for example_branch_datetime_operator to 2024-12-03T00:00:00+00:00, run_after=2024-12-04T00:00:00+00:00
[2024-12-04T04:59:02.563+0000] {logging_mixin.py:120} INFO - [2024-12-04T04:59:02.563+0000] {dag.py:3340} INFO - Setting next_dagrun for example_branch_datetime_operator_2 to 2024-12-03T00:00:00+00:00, run_after=2024-12-04T00:00:00+00:00
[2024-12-04T04:59:02.566+0000] {logging_mixin.py:120} INFO - [2024-12-04T04:59:02.566+0000] {dag.py:3340} INFO - Setting next_dagrun for example_branch_datetime_operator_3 to 2024-12-03T00:00:00+00:00, run_after=2024-12-04T00:00:00+00:00
[2024-12-04T04:59:02.588+0000] {processor.py:176} INFO - Processing /home/airflow/.local/lib/python3.7/site-packages/airflow/example_dags/example_branch_datetime_operator.py took 0.129 seconds
[2024-12-04T04:59:33.610+0000] {processor.py:154} INFO - Started process (PID=123) to work on /home/airflow/.local/lib/python3.7/site-packages/airflow/example_dags/example_branch_datetime_operator.py
[2024-12-04T04:59:33.611+0000] {processor.py:756} INFO - Processing file /home/airflow/.local/lib/python3.7/site-packages/airflow/example_dags/example_branch_datetime_operator.py for tasks to queue
[2024-12-04T04:59:33.611+0000] {logging_mixin.py:120} INFO - [2024-12-04T04:59:33.611+0000] {dagbag.py:537} INFO - Filling up the DagBag from /home/airflow/.local/lib/python3.7/site-packages/airflow/example_dags/example_branch_datetime_operator.py
[2024-12-04T04:59:33.626+0000] {processor.py:766} INFO - DAG(s) dict_keys(['example_branch_datetime_operator', 'example_branch_datetime_operator_3', 'example_branch_datetime_operator_2']) retrieved from /home/airflow/.local/lib/python3.7/site-packages/airflow/example_dags/example_branch_datetime_operator.py
[2024-12-04T04:59:33.671+0000] {logging_mixin.py:120} INFO - [2024-12-04T04:59:33.671+0000] {dag.py:2585} INFO - Sync 3 DAGs
[2024-12-04T04:59:33.696+0000] {logging_mixin.py:120} INFO - [2024-12-04T04:59:33.696+0000] {dag.py:3340} INFO - Setting next_dagrun for example_branch_datetime_operator to 2024-12-03T00:00:00+00:00, run_after=2024-12-04T00:00:00+00:00
[2024-12-04T04:59:33.700+0000] {logging_mixin.py:120} INFO - [2024-12-04T04:59:33.700+0000] {dag.py:3340} INFO - Setting next_dagrun for example_branch_datetime_operator_2 to 2024-12-03T00:00:00+00:00, run_after=2024-12-04T00:00:00+00:00
[2024-12-04T04:59:33.702+0000] {logging_mixin.py:120} INFO - [2024-12-04T04:59:33.702+0000] {dag.py:3340} INFO - Setting next_dagrun for example_branch_datetime_operator_3 to 2024-12-03T00:00:00+00:00, run_after=2024-12-04T00:00:00+00:00
[2024-12-04T04:59:33.718+0000] {processor.py:176} INFO - Processing /home/airflow/.local/lib/python3.7/site-packages/airflow/example_dags/example_branch_datetime_operator.py took 0.111 seconds
[2024-12-04T05:00:06.093+0000] {processor.py:154} INFO - Started process (PID=187) to work on /home/airflow/.local/lib/python3.7/site-packages/airflow/example_dags/example_branch_datetime_operator.py
[2024-12-04T05:00:06.095+0000] {processor.py:756} INFO - Processing file /home/airflow/.local/lib/python3.7/site-packages/airflow/example_dags/example_branch_datetime_operator.py for tasks to queue
[2024-12-04T05:00:06.096+0000] {logging_mixin.py:120} INFO - [2024-12-04T05:00:06.096+0000] {dagbag.py:537} INFO - Filling up the DagBag from /home/airflow/.local/lib/python3.7/site-packages/airflow/example_dags/example_branch_datetime_operator.py
[2024-12-04T05:00:06.123+0000] {processor.py:766} INFO - DAG(s) dict_keys(['example_branch_datetime_operator', 'example_branch_datetime_operator_3', 'example_branch_datetime_operator_2']) retrieved from /home/airflow/.local/lib/python3.7/site-packages/airflow/example_dags/example_branch_datetime_operator.py
[2024-12-04T05:00:06.195+0000] {logging_mixin.py:120} INFO - [2024-12-04T05:00:06.194+0000] {dag.py:2585} INFO - Sync 3 DAGs
[2024-12-04T05:00:06.233+0000] {logging_mixin.py:120} INFO - [2024-12-04T05:00:06.232+0000] {dag.py:3340} INFO - Setting next_dagrun for example_branch_datetime_operator to 2024-12-03T00:00:00+00:00, run_after=2024-12-04T00:00:00+00:00
[2024-12-04T05:00:06.239+0000] {logging_mixin.py:120} INFO - [2024-12-04T05:00:06.238+0000] {dag.py:3340} INFO - Setting next_dagrun for example_branch_datetime_operator_2 to 2024-12-03T00:00:00+00:00, run_after=2024-12-04T00:00:00+00:00
[2024-12-04T05:00:06.242+0000] {logging_mixin.py:120} INFO - [2024-12-04T05:00:06.242+0000] {dag.py:3340} INFO - Setting next_dagrun for example_branch_datetime_operator_3 to 2024-12-03T00:00:00+00:00, run_after=2024-12-04T00:00:00+00:00
[2024-12-04T05:00:06.271+0000] {processor.py:176} INFO - Processing /home/airflow/.local/lib/python3.7/site-packages/airflow/example_dags/example_branch_datetime_operator.py took 0.181 seconds
[2024-12-04T05:00:36.963+0000] {processor.py:154} INFO - Started process (PID=242) to work on /home/airflow/.local/lib/python3.7/site-packages/airflow/example_dags/example_branch_datetime_operator.py
[2024-12-04T05:00:36.964+0000] {processor.py:756} INFO - Processing file /home/airflow/.local/lib/python3.7/site-packages/airflow/example_dags/example_branch_datetime_operator.py for tasks to queue
[2024-12-04T05:00:36.965+0000] {logging_mixin.py:120} INFO - [2024-12-04T05:00:36.965+0000] {dagbag.py:537} INFO - Filling up the DagBag from /home/airflow/.local/lib/python3.7/site-packages/airflow/example_dags/example_branch_datetime_operator.py
[2024-12-04T05:00:36.990+0000] {processor.py:766} INFO - DAG(s) dict_keys(['example_branch_datetime_operator', 'example_branch_datetime_operator_3', 'example_branch_datetime_operator_2']) retrieved from /home/airflow/.local/lib/python3.7/site-packages/airflow/example_dags/example_branch_datetime_operator.py
[2024-12-04T05:00:37.061+0000] {logging_mixin.py:120} INFO - [2024-12-04T05:00:37.061+0000] {dag.py:2585} INFO - Sync 3 DAGs
[2024-12-04T05:00:37.107+0000] {logging_mixin.py:120} INFO - [2024-12-04T05:00:37.107+0000] {dag.py:3340} INFO - Setting next_dagrun for example_branch_datetime_operator to 2024-12-03T00:00:00+00:00, run_after=2024-12-04T00:00:00+00:00
[2024-12-04T05:00:37.116+0000] {logging_mixin.py:120} INFO - [2024-12-04T05:00:37.116+0000] {dag.py:3340} INFO - Setting next_dagrun for example_branch_datetime_operator_2 to 2024-12-03T00:00:00+00:00, run_after=2024-12-04T00:00:00+00:00
[2024-12-04T05:00:37.120+0000] {logging_mixin.py:120} INFO - [2024-12-04T05:00:37.120+0000] {dag.py:3340} INFO - Setting next_dagrun for example_branch_datetime_operator_3 to 2024-12-03T00:00:00+00:00, run_after=2024-12-04T00:00:00+00:00
[2024-12-04T05:00:37.147+0000] {processor.py:176} INFO - Processing /home/airflow/.local/lib/python3.7/site-packages/airflow/example_dags/example_branch_datetime_operator.py took 0.188 seconds
[2024-12-04T05:01:07.217+0000] {processor.py:154} INFO - Started process (PID=304) to work on /home/airflow/.local/lib/python3.7/site-packages/airflow/example_dags/example_branch_datetime_operator.py
[2024-12-04T05:01:07.217+0000] {processor.py:756} INFO - Processing file /home/airflow/.local/lib/python3.7/site-packages/airflow/example_dags/example_branch_datetime_operator.py for tasks to queue
[2024-12-04T05:01:07.218+0000] {logging_mixin.py:120} INFO - [2024-12-04T05:01:07.218+0000] {dagbag.py:537} INFO - Filling up the DagBag from /home/airflow/.local/lib/python3.7/site-packages/airflow/example_dags/example_branch_datetime_operator.py
[2024-12-04T05:01:07.237+0000] {processor.py:766} INFO - DAG(s) dict_keys(['example_branch_datetime_operator', 'example_branch_datetime_operator_2', 'example_branch_datetime_operator_3']) retrieved from /home/airflow/.local/lib/python3.7/site-packages/airflow/example_dags/example_branch_datetime_operator.py
[2024-12-04T05:01:07.281+0000] {logging_mixin.py:120} INFO - [2024-12-04T05:01:07.281+0000] {dag.py:2585} INFO - Sync 3 DAGs
[2024-12-04T05:01:07.306+0000] {logging_mixin.py:120} INFO - [2024-12-04T05:01:07.306+0000] {dag.py:3340} INFO - Setting next_dagrun for example_branch_datetime_operator to 2024-12-03T00:00:00+00:00, run_after=2024-12-04T00:00:00+00:00
[2024-12-04T05:01:07.310+0000] {logging_mixin.py:120} INFO - [2024-12-04T05:01:07.310+0000] {dag.py:3340} INFO - Setting next_dagrun for example_branch_datetime_operator_2 to 2024-12-03T00:00:00+00:00, run_after=2024-12-04T00:00:00+00:00
[2024-12-04T05:01:07.313+0000] {logging_mixin.py:120} INFO - [2024-12-04T05:01:07.312+0000] {dag.py:3340} INFO - Setting next_dagrun for example_branch_datetime_operator_3 to 2024-12-03T00:00:00+00:00, run_after=2024-12-04T00:00:00+00:00
[2024-12-04T05:01:07.332+0000] {processor.py:176} INFO - Processing /home/airflow/.local/lib/python3.7/site-packages/airflow/example_dags/example_branch_datetime_operator.py took 0.119 seconds
[2024-12-04T05:01:38.627+0000] {processor.py:154} INFO - Started process (PID=358) to work on /home/airflow/.local/lib/python3.7/site-packages/airflow/example_dags/example_branch_datetime_operator.py
[2024-12-04T05:01:38.628+0000] {processor.py:756} INFO - Processing file /home/airflow/.local/lib/python3.7/site-packages/airflow/example_dags/example_branch_datetime_operator.py for tasks to queue
[2024-12-04T05:01:38.629+0000] {logging_mixin.py:120} INFO - [2024-12-04T05:01:38.628+0000] {dagbag.py:537} INFO - Filling up the DagBag from /home/airflow/.local/lib/python3.7/site-packages/airflow/example_dags/example_branch_datetime_operator.py
[2024-12-04T05:01:38.654+0000] {processor.py:766} INFO - DAG(s) dict_keys(['example_branch_datetime_operator_3', 'example_branch_datetime_operator_2', 'example_branch_datetime_operator']) retrieved from /home/airflow/.local/lib/python3.7/site-packages/airflow/example_dags/example_branch_datetime_operator.py
[2024-12-04T05:01:38.729+0000] {logging_mixin.py:120} INFO - [2024-12-04T05:01:38.729+0000] {dag.py:2585} INFO - Sync 3 DAGs
[2024-12-04T05:01:38.779+0000] {logging_mixin.py:120} INFO - [2024-12-04T05:01:38.779+0000] {dag.py:3340} INFO - Setting next_dagrun for example_branch_datetime_operator to 2024-12-03T00:00:00+00:00, run_after=2024-12-04T00:00:00+00:00
[2024-12-04T05:01:38.786+0000] {logging_mixin.py:120} INFO - [2024-12-04T05:01:38.786+0000] {dag.py:3340} INFO - Setting next_dagrun for example_branch_datetime_operator_2 to 2024-12-03T00:00:00+00:00, run_after=2024-12-04T00:00:00+00:00
[2024-12-04T05:01:38.789+0000] {logging_mixin.py:120} INFO - [2024-12-04T05:01:38.789+0000] {dag.py:3340} INFO - Setting next_dagrun for example_branch_datetime_operator_3 to 2024-12-03T00:00:00+00:00, run_after=2024-12-04T00:00:00+00:00
[2024-12-04T05:01:38.821+0000] {processor.py:176} INFO - Processing /home/airflow/.local/lib/python3.7/site-packages/airflow/example_dags/example_branch_datetime_operator.py took 0.199 seconds
[2024-12-04T05:02:09.069+0000] {processor.py:154} INFO - Started process (PID=421) to work on /home/airflow/.local/lib/python3.7/site-packages/airflow/example_dags/example_branch_datetime_operator.py
[2024-12-04T05:02:09.070+0000] {processor.py:756} INFO - Processing file /home/airflow/.local/lib/python3.7/site-packages/airflow/example_dags/example_branch_datetime_operator.py for tasks to queue
[2024-12-04T05:02:09.071+0000] {logging_mixin.py:120} INFO - [2024-12-04T05:02:09.071+0000] {dagbag.py:537} INFO - Filling up the DagBag from /home/airflow/.local/lib/python3.7/site-packages/airflow/example_dags/example_branch_datetime_operator.py
[2024-12-04T05:02:09.098+0000] {processor.py:766} INFO - DAG(s) dict_keys(['example_branch_datetime_operator_3', 'example_branch_datetime_operator_2', 'example_branch_datetime_operator']) retrieved from /home/airflow/.local/lib/python3.7/site-packages/airflow/example_dags/example_branch_datetime_operator.py
[2024-12-04T05:02:09.162+0000] {logging_mixin.py:120} INFO - [2024-12-04T05:02:09.162+0000] {dag.py:2585} INFO - Sync 3 DAGs
[2024-12-04T05:02:09.208+0000] {logging_mixin.py:120} INFO - [2024-12-04T05:02:09.208+0000] {dag.py:3340} INFO - Setting next_dagrun for example_branch_datetime_operator to 2024-12-03T00:00:00+00:00, run_after=2024-12-04T00:00:00+00:00
[2024-12-04T05:02:09.216+0000] {logging_mixin.py:120} INFO - [2024-12-04T05:02:09.215+0000] {dag.py:3340} INFO - Setting next_dagrun for example_branch_datetime_operator_2 to 2024-12-03T00:00:00+00:00, run_after=2024-12-04T00:00:00+00:00
[2024-12-04T05:02:09.220+0000] {logging_mixin.py:120} INFO - [2024-12-04T05:02:09.220+0000] {dag.py:3340} INFO - Setting next_dagrun for example_branch_datetime_operator_3 to 2024-12-03T00:00:00+00:00, run_after=2024-12-04T00:00:00+00:00
[2024-12-04T05:02:09.252+0000] {processor.py:176} INFO - Processing /home/airflow/.local/lib/python3.7/site-packages/airflow/example_dags/example_branch_datetime_operator.py took 0.188 seconds
[2024-12-04T05:02:39.689+0000] {processor.py:154} INFO - Started process (PID=484) to work on /home/airflow/.local/lib/python3.7/site-packages/airflow/example_dags/example_branch_datetime_operator.py
[2024-12-04T05:02:39.691+0000] {processor.py:756} INFO - Processing file /home/airflow/.local/lib/python3.7/site-packages/airflow/example_dags/example_branch_datetime_operator.py for tasks to queue
[2024-12-04T05:02:39.691+0000] {logging_mixin.py:120} INFO - [2024-12-04T05:02:39.691+0000] {dagbag.py:537} INFO - Filling up the DagBag from /home/airflow/.local/lib/python3.7/site-packages/airflow/example_dags/example_branch_datetime_operator.py
[2024-12-04T05:02:39.720+0000] {processor.py:766} INFO - DAG(s) dict_keys(['example_branch_datetime_operator_3', 'example_branch_datetime_operator', 'example_branch_datetime_operator_2']) retrieved from /home/airflow/.local/lib/python3.7/site-packages/airflow/example_dags/example_branch_datetime_operator.py
[2024-12-04T05:02:39.791+0000] {logging_mixin.py:120} INFO - [2024-12-04T05:02:39.790+0000] {dag.py:2585} INFO - Sync 3 DAGs
[2024-12-04T05:02:39.831+0000] {logging_mixin.py:120} INFO - [2024-12-04T05:02:39.831+0000] {dag.py:3340} INFO - Setting next_dagrun for example_branch_datetime_operator to 2024-12-03T00:00:00+00:00, run_after=2024-12-04T00:00:00+00:00
[2024-12-04T05:02:39.838+0000] {logging_mixin.py:120} INFO - [2024-12-04T05:02:39.837+0000] {dag.py:3340} INFO - Setting next_dagrun for example_branch_datetime_operator_2 to 2024-12-03T00:00:00+00:00, run_after=2024-12-04T00:00:00+00:00
[2024-12-04T05:02:39.841+0000] {logging_mixin.py:120} INFO - [2024-12-04T05:02:39.841+0000] {dag.py:3340} INFO - Setting next_dagrun for example_branch_datetime_operator_3 to 2024-12-03T00:00:00+00:00, run_after=2024-12-04T00:00:00+00:00
[2024-12-04T05:02:39.865+0000] {processor.py:176} INFO - Processing /home/airflow/.local/lib/python3.7/site-packages/airflow/example_dags/example_branch_datetime_operator.py took 0.181 seconds
[2024-12-04T05:03:10.383+0000] {processor.py:154} INFO - Started process (PID=538) to work on /home/airflow/.local/lib/python3.7/site-packages/airflow/example_dags/example_branch_datetime_operator.py
[2024-12-04T05:03:10.384+0000] {processor.py:756} INFO - Processing file /home/airflow/.local/lib/python3.7/site-packages/airflow/example_dags/example_branch_datetime_operator.py for tasks to queue
[2024-12-04T05:03:10.385+0000] {logging_mixin.py:120} INFO - [2024-12-04T05:03:10.384+0000] {dagbag.py:537} INFO - Filling up the DagBag from /home/airflow/.local/lib/python3.7/site-packages/airflow/example_dags/example_branch_datetime_operator.py
[2024-12-04T05:03:10.408+0000] {processor.py:766} INFO - DAG(s) dict_keys(['example_branch_datetime_operator', 'example_branch_datetime_operator_2', 'example_branch_datetime_operator_3']) retrieved from /home/airflow/.local/lib/python3.7/site-packages/airflow/example_dags/example_branch_datetime_operator.py
[2024-12-04T05:03:10.471+0000] {logging_mixin.py:120} INFO - [2024-12-04T05:03:10.471+0000] {dag.py:2585} INFO - Sync 3 DAGs
[2024-12-04T05:03:10.509+0000] {logging_mixin.py:120} INFO - [2024-12-04T05:03:10.509+0000] {dag.py:3340} INFO - Setting next_dagrun for example_branch_datetime_operator to 2024-12-03T00:00:00+00:00, run_after=2024-12-04T00:00:00+00:00
[2024-12-04T05:03:10.516+0000] {logging_mixin.py:120} INFO - [2024-12-04T05:03:10.516+0000] {dag.py:3340} INFO - Setting next_dagrun for example_branch_datetime_operator_2 to 2024-12-03T00:00:00+00:00, run_after=2024-12-04T00:00:00+00:00
[2024-12-04T05:03:10.521+0000] {logging_mixin.py:120} INFO - [2024-12-04T05:03:10.521+0000] {dag.py:3340} INFO - Setting next_dagrun for example_branch_datetime_operator_3 to 2024-12-03T00:00:00+00:00, run_after=2024-12-04T00:00:00+00:00
[2024-12-04T05:03:10.555+0000] {processor.py:176} INFO - Processing /home/airflow/.local/lib/python3.7/site-packages/airflow/example_dags/example_branch_datetime_operator.py took 0.178 seconds
[2024-12-04T05:03:40.769+0000] {processor.py:154} INFO - Started process (PID=601) to work on /home/airflow/.local/lib/python3.7/site-packages/airflow/example_dags/example_branch_datetime_operator.py
[2024-12-04T05:03:40.771+0000] {processor.py:756} INFO - Processing file /home/airflow/.local/lib/python3.7/site-packages/airflow/example_dags/example_branch_datetime_operator.py for tasks to queue
[2024-12-04T05:03:40.771+0000] {logging_mixin.py:120} INFO - [2024-12-04T05:03:40.771+0000] {dagbag.py:537} INFO - Filling up the DagBag from /home/airflow/.local/lib/python3.7/site-packages/airflow/example_dags/example_branch_datetime_operator.py
[2024-12-04T05:03:40.795+0000] {processor.py:766} INFO - DAG(s) dict_keys(['example_branch_datetime_operator', 'example_branch_datetime_operator_3', 'example_branch_datetime_operator_2']) retrieved from /home/airflow/.local/lib/python3.7/site-packages/airflow/example_dags/example_branch_datetime_operator.py
[2024-12-04T05:03:40.858+0000] {logging_mixin.py:120} INFO - [2024-12-04T05:03:40.858+0000] {dag.py:2585} INFO - Sync 3 DAGs
[2024-12-04T05:03:40.900+0000] {logging_mixin.py:120} INFO - [2024-12-04T05:03:40.899+0000] {dag.py:3340} INFO - Setting next_dagrun for example_branch_datetime_operator to 2024-12-03T00:00:00+00:00, run_after=2024-12-04T00:00:00+00:00
[2024-12-04T05:03:40.906+0000] {logging_mixin.py:120} INFO - [2024-12-04T05:03:40.906+0000] {dag.py:3340} INFO - Setting next_dagrun for example_branch_datetime_operator_2 to 2024-12-03T00:00:00+00:00, run_after=2024-12-04T00:00:00+00:00
[2024-12-04T05:03:40.910+0000] {logging_mixin.py:120} INFO - [2024-12-04T05:03:40.910+0000] {dag.py:3340} INFO - Setting next_dagrun for example_branch_datetime_operator_3 to 2024-12-03T00:00:00+00:00, run_after=2024-12-04T00:00:00+00:00
[2024-12-04T05:03:40.934+0000] {processor.py:176} INFO - Processing /home/airflow/.local/lib/python3.7/site-packages/airflow/example_dags/example_branch_datetime_operator.py took 0.168 seconds
[2024-12-04T05:04:11.570+0000] {processor.py:154} INFO - Started process (PID=655) to work on /home/airflow/.local/lib/python3.7/site-packages/airflow/example_dags/example_branch_datetime_operator.py
[2024-12-04T05:04:11.571+0000] {processor.py:756} INFO - Processing file /home/airflow/.local/lib/python3.7/site-packages/airflow/example_dags/example_branch_datetime_operator.py for tasks to queue
[2024-12-04T05:04:11.572+0000] {logging_mixin.py:120} INFO - [2024-12-04T05:04:11.572+0000] {dagbag.py:537} INFO - Filling up the DagBag from /home/airflow/.local/lib/python3.7/site-packages/airflow/example_dags/example_branch_datetime_operator.py
[2024-12-04T05:04:11.597+0000] {processor.py:766} INFO - DAG(s) dict_keys(['example_branch_datetime_operator_3', 'example_branch_datetime_operator_2', 'example_branch_datetime_operator']) retrieved from /home/airflow/.local/lib/python3.7/site-packages/airflow/example_dags/example_branch_datetime_operator.py
[2024-12-04T05:04:11.678+0000] {logging_mixin.py:120} INFO - [2024-12-04T05:04:11.678+0000] {dag.py:2585} INFO - Sync 3 DAGs
[2024-12-04T05:04:11.726+0000] {logging_mixin.py:120} INFO - [2024-12-04T05:04:11.725+0000] {dag.py:3340} INFO - Setting next_dagrun for example_branch_datetime_operator to 2024-12-03T00:00:00+00:00, run_after=2024-12-04T00:00:00+00:00
[2024-12-04T05:04:11.733+0000] {logging_mixin.py:120} INFO - [2024-12-04T05:04:11.732+0000] {dag.py:3340} INFO - Setting next_dagrun for example_branch_datetime_operator_2 to 2024-12-03T00:00:00+00:00, run_after=2024-12-04T00:00:00+00:00
[2024-12-04T05:04:11.737+0000] {logging_mixin.py:120} INFO - [2024-12-04T05:04:11.736+0000] {dag.py:3340} INFO - Setting next_dagrun for example_branch_datetime_operator_3 to 2024-12-03T00:00:00+00:00, run_after=2024-12-04T00:00:00+00:00
[2024-12-04T05:04:11.762+0000] {processor.py:176} INFO - Processing /home/airflow/.local/lib/python3.7/site-packages/airflow/example_dags/example_branch_datetime_operator.py took 0.195 seconds
[2024-12-04T05:04:41.862+0000] {processor.py:154} INFO - Started process (PID=718) to work on /home/airflow/.local/lib/python3.7/site-packages/airflow/example_dags/example_branch_datetime_operator.py
[2024-12-04T05:04:41.863+0000] {processor.py:756} INFO - Processing file /home/airflow/.local/lib/python3.7/site-packages/airflow/example_dags/example_branch_datetime_operator.py for tasks to queue
[2024-12-04T05:04:41.864+0000] {logging_mixin.py:120} INFO - [2024-12-04T05:04:41.864+0000] {dagbag.py:537} INFO - Filling up the DagBag from /home/airflow/.local/lib/python3.7/site-packages/airflow/example_dags/example_branch_datetime_operator.py
[2024-12-04T05:04:41.887+0000] {processor.py:766} INFO - DAG(s) dict_keys(['example_branch_datetime_operator_2', 'example_branch_datetime_operator', 'example_branch_datetime_operator_3']) retrieved from /home/airflow/.local/lib/python3.7/site-packages/airflow/example_dags/example_branch_datetime_operator.py
[2024-12-04T05:04:41.956+0000] {logging_mixin.py:120} INFO - [2024-12-04T05:04:41.955+0000] {dag.py:2585} INFO - Sync 3 DAGs
[2024-12-04T05:04:41.992+0000] {logging_mixin.py:120} INFO - [2024-12-04T05:04:41.992+0000] {dag.py:3340} INFO - Setting next_dagrun for example_branch_datetime_operator to 2024-12-03T00:00:00+00:00, run_after=2024-12-04T00:00:00+00:00
[2024-12-04T05:04:41.999+0000] {logging_mixin.py:120} INFO - [2024-12-04T05:04:41.998+0000] {dag.py:3340} INFO - Setting next_dagrun for example_branch_datetime_operator_2 to 2024-12-03T00:00:00+00:00, run_after=2024-12-04T00:00:00+00:00
[2024-12-04T05:04:42.002+0000] {logging_mixin.py:120} INFO - [2024-12-04T05:04:42.002+0000] {dag.py:3340} INFO - Setting next_dagrun for example_branch_datetime_operator_3 to 2024-12-03T00:00:00+00:00, run_after=2024-12-04T00:00:00+00:00
[2024-12-04T05:04:42.025+0000] {processor.py:176} INFO - Processing /home/airflow/.local/lib/python3.7/site-packages/airflow/example_dags/example_branch_datetime_operator.py took 0.170 seconds
