[2024-12-04T04:51:48.937+0000] {processor.py:154} INFO - Started process (PID=49) to work on /home/airflow/.local/lib/python3.7/site-packages/airflow/example_dags/example_python_operator.py
[2024-12-04T04:51:48.939+0000] {processor.py:756} INFO - Processing file /home/airflow/.local/lib/python3.7/site-packages/airflow/example_dags/example_python_operator.py for tasks to queue
[2024-12-04T04:51:48.940+0000] {logging_mixin.py:120} INFO - [2024-12-04T04:51:48.940+0000] {dagbag.py:537} INFO - Filling up the DagBag from /home/airflow/.local/lib/python3.7/site-packages/airflow/example_dags/example_python_operator.py
[2024-12-04T04:51:48.958+0000] {logging_mixin.py:120} INFO - [2024-12-04T04:51:48.958+0000] {taskmixin.py:205} WARNING - Dependency <Task(_PythonDecoratedOperator): print_the_context>, log_sql_query already registered for DAG: example_python_operator
[2024-12-04T04:51:48.958+0000] {logging_mixin.py:120} INFO - [2024-12-04T04:51:48.958+0000] {taskmixin.py:205} WARNING - Dependency <Task(_PythonDecoratedOperator): log_sql_query>, print_the_context already registered for DAG: example_python_operator
[2024-12-04T04:51:48.959+0000] {logging_mixin.py:120} INFO - [2024-12-04T04:51:48.959+0000] {taskmixin.py:205} WARNING - Dependency <Task(_PythonDecoratedOperator): print_the_context>, log_sql_query already registered for DAG: example_python_operator
[2024-12-04T04:51:48.959+0000] {logging_mixin.py:120} INFO - [2024-12-04T04:51:48.959+0000] {taskmixin.py:205} WARNING - Dependency <Task(_PythonDecoratedOperator): log_sql_query>, print_the_context already registered for DAG: example_python_operator
[2024-12-04T04:51:48.960+0000] {logging_mixin.py:120} INFO - [2024-12-04T04:51:48.960+0000] {taskmixin.py:205} WARNING - Dependency <Task(_PythonDecoratedOperator): print_the_context>, log_sql_query already registered for DAG: example_python_operator
[2024-12-04T04:51:48.960+0000] {logging_mixin.py:120} INFO - [2024-12-04T04:51:48.960+0000] {taskmixin.py:205} WARNING - Dependency <Task(_PythonDecoratedOperator): log_sql_query>, print_the_context already registered for DAG: example_python_operator
[2024-12-04T04:51:48.960+0000] {logging_mixin.py:120} INFO - [2024-12-04T04:51:48.960+0000] {taskmixin.py:205} WARNING - Dependency <Task(_PythonDecoratedOperator): print_the_context>, log_sql_query already registered for DAG: example_python_operator
[2024-12-04T04:51:48.961+0000] {logging_mixin.py:120} INFO - [2024-12-04T04:51:48.960+0000] {taskmixin.py:205} WARNING - Dependency <Task(_PythonDecoratedOperator): log_sql_query>, print_the_context already registered for DAG: example_python_operator
[2024-12-04T04:51:48.970+0000] {processor.py:766} INFO - DAG(s) dict_keys(['example_python_operator']) retrieved from /home/airflow/.local/lib/python3.7/site-packages/airflow/example_dags/example_python_operator.py
[2024-12-04T04:51:48.997+0000] {logging_mixin.py:120} INFO - [2024-12-04T04:51:48.997+0000] {dag.py:2585} INFO - Sync 1 DAGs
[2024-12-04T04:51:49.025+0000] {logging_mixin.py:120} INFO - [2024-12-04T04:51:49.025+0000] {dag.py:3340} INFO - Setting next_dagrun for example_python_operator to None, run_after=None
[2024-12-04T04:51:49.066+0000] {processor.py:176} INFO - Processing /home/airflow/.local/lib/python3.7/site-packages/airflow/example_dags/example_python_operator.py took 0.133 seconds
[2024-12-04T04:52:20.293+0000] {processor.py:154} INFO - Started process (PID=112) to work on /home/airflow/.local/lib/python3.7/site-packages/airflow/example_dags/example_python_operator.py
[2024-12-04T04:52:20.295+0000] {processor.py:756} INFO - Processing file /home/airflow/.local/lib/python3.7/site-packages/airflow/example_dags/example_python_operator.py for tasks to queue
[2024-12-04T04:52:20.296+0000] {logging_mixin.py:120} INFO - [2024-12-04T04:52:20.296+0000] {dagbag.py:537} INFO - Filling up the DagBag from /home/airflow/.local/lib/python3.7/site-packages/airflow/example_dags/example_python_operator.py
[2024-12-04T04:52:20.321+0000] {logging_mixin.py:120} INFO - [2024-12-04T04:52:20.321+0000] {taskmixin.py:205} WARNING - Dependency <Task(_PythonDecoratedOperator): print_the_context>, log_sql_query already registered for DAG: example_python_operator
[2024-12-04T04:52:20.321+0000] {logging_mixin.py:120} INFO - [2024-12-04T04:52:20.321+0000] {taskmixin.py:205} WARNING - Dependency <Task(_PythonDecoratedOperator): log_sql_query>, print_the_context already registered for DAG: example_python_operator
[2024-12-04T04:52:20.322+0000] {logging_mixin.py:120} INFO - [2024-12-04T04:52:20.322+0000] {taskmixin.py:205} WARNING - Dependency <Task(_PythonDecoratedOperator): print_the_context>, log_sql_query already registered for DAG: example_python_operator
[2024-12-04T04:52:20.322+0000] {logging_mixin.py:120} INFO - [2024-12-04T04:52:20.322+0000] {taskmixin.py:205} WARNING - Dependency <Task(_PythonDecoratedOperator): log_sql_query>, print_the_context already registered for DAG: example_python_operator
[2024-12-04T04:52:20.323+0000] {logging_mixin.py:120} INFO - [2024-12-04T04:52:20.323+0000] {taskmixin.py:205} WARNING - Dependency <Task(_PythonDecoratedOperator): print_the_context>, log_sql_query already registered for DAG: example_python_operator
[2024-12-04T04:52:20.324+0000] {logging_mixin.py:120} INFO - [2024-12-04T04:52:20.323+0000] {taskmixin.py:205} WARNING - Dependency <Task(_PythonDecoratedOperator): log_sql_query>, print_the_context already registered for DAG: example_python_operator
[2024-12-04T04:52:20.324+0000] {logging_mixin.py:120} INFO - [2024-12-04T04:52:20.324+0000] {taskmixin.py:205} WARNING - Dependency <Task(_PythonDecoratedOperator): print_the_context>, log_sql_query already registered for DAG: example_python_operator
[2024-12-04T04:52:20.324+0000] {logging_mixin.py:120} INFO - [2024-12-04T04:52:20.324+0000] {taskmixin.py:205} WARNING - Dependency <Task(_PythonDecoratedOperator): log_sql_query>, print_the_context already registered for DAG: example_python_operator
[2024-12-04T04:52:20.337+0000] {processor.py:766} INFO - DAG(s) dict_keys(['example_python_operator']) retrieved from /home/airflow/.local/lib/python3.7/site-packages/airflow/example_dags/example_python_operator.py
[2024-12-04T04:52:20.396+0000] {logging_mixin.py:120} INFO - [2024-12-04T04:52:20.396+0000] {dag.py:2585} INFO - Sync 1 DAGs
[2024-12-04T04:52:20.435+0000] {logging_mixin.py:120} INFO - [2024-12-04T04:52:20.435+0000] {dag.py:3340} INFO - Setting next_dagrun for example_python_operator to None, run_after=None
[2024-12-04T04:52:20.464+0000] {processor.py:176} INFO - Processing /home/airflow/.local/lib/python3.7/site-packages/airflow/example_dags/example_python_operator.py took 0.176 seconds
[2024-12-04T04:59:01.637+0000] {processor.py:154} INFO - Started process (PID=48) to work on /home/airflow/.local/lib/python3.7/site-packages/airflow/example_dags/example_python_operator.py
[2024-12-04T04:59:01.638+0000] {processor.py:756} INFO - Processing file /home/airflow/.local/lib/python3.7/site-packages/airflow/example_dags/example_python_operator.py for tasks to queue
[2024-12-04T04:59:01.639+0000] {logging_mixin.py:120} INFO - [2024-12-04T04:59:01.639+0000] {dagbag.py:537} INFO - Filling up the DagBag from /home/airflow/.local/lib/python3.7/site-packages/airflow/example_dags/example_python_operator.py
[2024-12-04T04:59:01.653+0000] {logging_mixin.py:120} INFO - [2024-12-04T04:59:01.652+0000] {taskmixin.py:205} WARNING - Dependency <Task(_PythonDecoratedOperator): print_the_context>, log_sql_query already registered for DAG: example_python_operator
[2024-12-04T04:59:01.653+0000] {logging_mixin.py:120} INFO - [2024-12-04T04:59:01.653+0000] {taskmixin.py:205} WARNING - Dependency <Task(_PythonDecoratedOperator): log_sql_query>, print_the_context already registered for DAG: example_python_operator
[2024-12-04T04:59:01.653+0000] {logging_mixin.py:120} INFO - [2024-12-04T04:59:01.653+0000] {taskmixin.py:205} WARNING - Dependency <Task(_PythonDecoratedOperator): print_the_context>, log_sql_query already registered for DAG: example_python_operator
[2024-12-04T04:59:01.653+0000] {logging_mixin.py:120} INFO - [2024-12-04T04:59:01.653+0000] {taskmixin.py:205} WARNING - Dependency <Task(_PythonDecoratedOperator): log_sql_query>, print_the_context already registered for DAG: example_python_operator
[2024-12-04T04:59:01.654+0000] {logging_mixin.py:120} INFO - [2024-12-04T04:59:01.654+0000] {taskmixin.py:205} WARNING - Dependency <Task(_PythonDecoratedOperator): print_the_context>, log_sql_query already registered for DAG: example_python_operator
[2024-12-04T04:59:01.654+0000] {logging_mixin.py:120} INFO - [2024-12-04T04:59:01.654+0000] {taskmixin.py:205} WARNING - Dependency <Task(_PythonDecoratedOperator): log_sql_query>, print_the_context already registered for DAG: example_python_operator
[2024-12-04T04:59:01.654+0000] {logging_mixin.py:120} INFO - [2024-12-04T04:59:01.654+0000] {taskmixin.py:205} WARNING - Dependency <Task(_PythonDecoratedOperator): print_the_context>, log_sql_query already registered for DAG: example_python_operator
[2024-12-04T04:59:01.655+0000] {logging_mixin.py:120} INFO - [2024-12-04T04:59:01.655+0000] {taskmixin.py:205} WARNING - Dependency <Task(_PythonDecoratedOperator): log_sql_query>, print_the_context already registered for DAG: example_python_operator
[2024-12-04T04:59:01.663+0000] {processor.py:766} INFO - DAG(s) dict_keys(['example_python_operator']) retrieved from /home/airflow/.local/lib/python3.7/site-packages/airflow/example_dags/example_python_operator.py
[2024-12-04T04:59:01.688+0000] {logging_mixin.py:120} INFO - [2024-12-04T04:59:01.688+0000] {dag.py:2585} INFO - Sync 1 DAGs
[2024-12-04T04:59:01.713+0000] {logging_mixin.py:120} INFO - [2024-12-04T04:59:01.713+0000] {dag.py:3340} INFO - Setting next_dagrun for example_python_operator to None, run_after=None
[2024-12-04T04:59:01.733+0000] {processor.py:176} INFO - Processing /home/airflow/.local/lib/python3.7/site-packages/airflow/example_dags/example_python_operator.py took 0.098 seconds
[2024-12-04T04:59:32.583+0000] {processor.py:154} INFO - Started process (PID=111) to work on /home/airflow/.local/lib/python3.7/site-packages/airflow/example_dags/example_python_operator.py
[2024-12-04T04:59:32.584+0000] {processor.py:756} INFO - Processing file /home/airflow/.local/lib/python3.7/site-packages/airflow/example_dags/example_python_operator.py for tasks to queue
[2024-12-04T04:59:32.585+0000] {logging_mixin.py:120} INFO - [2024-12-04T04:59:32.585+0000] {dagbag.py:537} INFO - Filling up the DagBag from /home/airflow/.local/lib/python3.7/site-packages/airflow/example_dags/example_python_operator.py
[2024-12-04T04:59:32.603+0000] {logging_mixin.py:120} INFO - [2024-12-04T04:59:32.603+0000] {taskmixin.py:205} WARNING - Dependency <Task(_PythonDecoratedOperator): print_the_context>, log_sql_query already registered for DAG: example_python_operator
[2024-12-04T04:59:32.604+0000] {logging_mixin.py:120} INFO - [2024-12-04T04:59:32.604+0000] {taskmixin.py:205} WARNING - Dependency <Task(_PythonDecoratedOperator): log_sql_query>, print_the_context already registered for DAG: example_python_operator
[2024-12-04T04:59:32.605+0000] {logging_mixin.py:120} INFO - [2024-12-04T04:59:32.604+0000] {taskmixin.py:205} WARNING - Dependency <Task(_PythonDecoratedOperator): print_the_context>, log_sql_query already registered for DAG: example_python_operator
[2024-12-04T04:59:32.605+0000] {logging_mixin.py:120} INFO - [2024-12-04T04:59:32.605+0000] {taskmixin.py:205} WARNING - Dependency <Task(_PythonDecoratedOperator): log_sql_query>, print_the_context already registered for DAG: example_python_operator
[2024-12-04T04:59:32.606+0000] {logging_mixin.py:120} INFO - [2024-12-04T04:59:32.605+0000] {taskmixin.py:205} WARNING - Dependency <Task(_PythonDecoratedOperator): print_the_context>, log_sql_query already registered for DAG: example_python_operator
[2024-12-04T04:59:32.606+0000] {logging_mixin.py:120} INFO - [2024-12-04T04:59:32.606+0000] {taskmixin.py:205} WARNING - Dependency <Task(_PythonDecoratedOperator): log_sql_query>, print_the_context already registered for DAG: example_python_operator
[2024-12-04T04:59:32.606+0000] {logging_mixin.py:120} INFO - [2024-12-04T04:59:32.606+0000] {taskmixin.py:205} WARNING - Dependency <Task(_PythonDecoratedOperator): print_the_context>, log_sql_query already registered for DAG: example_python_operator
[2024-12-04T04:59:32.607+0000] {logging_mixin.py:120} INFO - [2024-12-04T04:59:32.607+0000] {taskmixin.py:205} WARNING - Dependency <Task(_PythonDecoratedOperator): log_sql_query>, print_the_context already registered for DAG: example_python_operator
[2024-12-04T04:59:32.615+0000] {processor.py:766} INFO - DAG(s) dict_keys(['example_python_operator']) retrieved from /home/airflow/.local/lib/python3.7/site-packages/airflow/example_dags/example_python_operator.py
[2024-12-04T04:59:32.661+0000] {logging_mixin.py:120} INFO - [2024-12-04T04:59:32.661+0000] {dag.py:2585} INFO - Sync 1 DAGs
[2024-12-04T04:59:32.690+0000] {logging_mixin.py:120} INFO - [2024-12-04T04:59:32.689+0000] {dag.py:3340} INFO - Setting next_dagrun for example_python_operator to None, run_after=None
[2024-12-04T04:59:32.712+0000] {processor.py:176} INFO - Processing /home/airflow/.local/lib/python3.7/site-packages/airflow/example_dags/example_python_operator.py took 0.132 seconds
[2024-12-04T05:00:04.230+0000] {processor.py:154} INFO - Started process (PID=175) to work on /home/airflow/.local/lib/python3.7/site-packages/airflow/example_dags/example_python_operator.py
[2024-12-04T05:00:04.232+0000] {processor.py:756} INFO - Processing file /home/airflow/.local/lib/python3.7/site-packages/airflow/example_dags/example_python_operator.py for tasks to queue
[2024-12-04T05:00:04.232+0000] {logging_mixin.py:120} INFO - [2024-12-04T05:00:04.232+0000] {dagbag.py:537} INFO - Filling up the DagBag from /home/airflow/.local/lib/python3.7/site-packages/airflow/example_dags/example_python_operator.py
[2024-12-04T05:00:04.254+0000] {logging_mixin.py:120} INFO - [2024-12-04T05:00:04.254+0000] {taskmixin.py:205} WARNING - Dependency <Task(_PythonDecoratedOperator): print_the_context>, log_sql_query already registered for DAG: example_python_operator
[2024-12-04T05:00:04.254+0000] {logging_mixin.py:120} INFO - [2024-12-04T05:00:04.254+0000] {taskmixin.py:205} WARNING - Dependency <Task(_PythonDecoratedOperator): log_sql_query>, print_the_context already registered for DAG: example_python_operator
[2024-12-04T05:00:04.255+0000] {logging_mixin.py:120} INFO - [2024-12-04T05:00:04.255+0000] {taskmixin.py:205} WARNING - Dependency <Task(_PythonDecoratedOperator): print_the_context>, log_sql_query already registered for DAG: example_python_operator
[2024-12-04T05:00:04.255+0000] {logging_mixin.py:120} INFO - [2024-12-04T05:00:04.255+0000] {taskmixin.py:205} WARNING - Dependency <Task(_PythonDecoratedOperator): log_sql_query>, print_the_context already registered for DAG: example_python_operator
[2024-12-04T05:00:04.257+0000] {logging_mixin.py:120} INFO - [2024-12-04T05:00:04.256+0000] {taskmixin.py:205} WARNING - Dependency <Task(_PythonDecoratedOperator): print_the_context>, log_sql_query already registered for DAG: example_python_operator
[2024-12-04T05:00:04.257+0000] {logging_mixin.py:120} INFO - [2024-12-04T05:00:04.257+0000] {taskmixin.py:205} WARNING - Dependency <Task(_PythonDecoratedOperator): log_sql_query>, print_the_context already registered for DAG: example_python_operator
[2024-12-04T05:00:04.258+0000] {logging_mixin.py:120} INFO - [2024-12-04T05:00:04.258+0000] {taskmixin.py:205} WARNING - Dependency <Task(_PythonDecoratedOperator): print_the_context>, log_sql_query already registered for DAG: example_python_operator
[2024-12-04T05:00:04.258+0000] {logging_mixin.py:120} INFO - [2024-12-04T05:00:04.258+0000] {taskmixin.py:205} WARNING - Dependency <Task(_PythonDecoratedOperator): log_sql_query>, print_the_context already registered for DAG: example_python_operator
[2024-12-04T05:00:04.271+0000] {processor.py:766} INFO - DAG(s) dict_keys(['example_python_operator']) retrieved from /home/airflow/.local/lib/python3.7/site-packages/airflow/example_dags/example_python_operator.py
[2024-12-04T05:00:04.348+0000] {logging_mixin.py:120} INFO - [2024-12-04T05:00:04.348+0000] {dag.py:2585} INFO - Sync 1 DAGs
[2024-12-04T05:00:04.393+0000] {logging_mixin.py:120} INFO - [2024-12-04T05:00:04.393+0000] {dag.py:3340} INFO - Setting next_dagrun for example_python_operator to None, run_after=None
[2024-12-04T05:00:04.430+0000] {processor.py:176} INFO - Processing /home/airflow/.local/lib/python3.7/site-packages/airflow/example_dags/example_python_operator.py took 0.208 seconds
[2024-12-04T05:00:34.800+0000] {processor.py:154} INFO - Started process (PID=230) to work on /home/airflow/.local/lib/python3.7/site-packages/airflow/example_dags/example_python_operator.py
[2024-12-04T05:00:34.801+0000] {processor.py:756} INFO - Processing file /home/airflow/.local/lib/python3.7/site-packages/airflow/example_dags/example_python_operator.py for tasks to queue
[2024-12-04T05:00:34.802+0000] {logging_mixin.py:120} INFO - [2024-12-04T05:00:34.802+0000] {dagbag.py:537} INFO - Filling up the DagBag from /home/airflow/.local/lib/python3.7/site-packages/airflow/example_dags/example_python_operator.py
[2024-12-04T05:00:34.827+0000] {logging_mixin.py:120} INFO - [2024-12-04T05:00:34.827+0000] {taskmixin.py:205} WARNING - Dependency <Task(_PythonDecoratedOperator): print_the_context>, log_sql_query already registered for DAG: example_python_operator
[2024-12-04T05:00:34.827+0000] {logging_mixin.py:120} INFO - [2024-12-04T05:00:34.827+0000] {taskmixin.py:205} WARNING - Dependency <Task(_PythonDecoratedOperator): log_sql_query>, print_the_context already registered for DAG: example_python_operator
[2024-12-04T05:00:34.828+0000] {logging_mixin.py:120} INFO - [2024-12-04T05:00:34.828+0000] {taskmixin.py:205} WARNING - Dependency <Task(_PythonDecoratedOperator): print_the_context>, log_sql_query already registered for DAG: example_python_operator
[2024-12-04T05:00:34.829+0000] {logging_mixin.py:120} INFO - [2024-12-04T05:00:34.829+0000] {taskmixin.py:205} WARNING - Dependency <Task(_PythonDecoratedOperator): log_sql_query>, print_the_context already registered for DAG: example_python_operator
[2024-12-04T05:00:34.830+0000] {logging_mixin.py:120} INFO - [2024-12-04T05:00:34.829+0000] {taskmixin.py:205} WARNING - Dependency <Task(_PythonDecoratedOperator): print_the_context>, log_sql_query already registered for DAG: example_python_operator
[2024-12-04T05:00:34.830+0000] {logging_mixin.py:120} INFO - [2024-12-04T05:00:34.830+0000] {taskmixin.py:205} WARNING - Dependency <Task(_PythonDecoratedOperator): log_sql_query>, print_the_context already registered for DAG: example_python_operator
[2024-12-04T05:00:34.831+0000] {logging_mixin.py:120} INFO - [2024-12-04T05:00:34.831+0000] {taskmixin.py:205} WARNING - Dependency <Task(_PythonDecoratedOperator): print_the_context>, log_sql_query already registered for DAG: example_python_operator
[2024-12-04T05:00:34.831+0000] {logging_mixin.py:120} INFO - [2024-12-04T05:00:34.831+0000] {taskmixin.py:205} WARNING - Dependency <Task(_PythonDecoratedOperator): log_sql_query>, print_the_context already registered for DAG: example_python_operator
[2024-12-04T05:00:34.842+0000] {processor.py:766} INFO - DAG(s) dict_keys(['example_python_operator']) retrieved from /home/airflow/.local/lib/python3.7/site-packages/airflow/example_dags/example_python_operator.py
[2024-12-04T05:00:34.904+0000] {logging_mixin.py:120} INFO - [2024-12-04T05:00:34.904+0000] {dag.py:2585} INFO - Sync 1 DAGs
[2024-12-04T05:00:34.939+0000] {logging_mixin.py:120} INFO - [2024-12-04T05:00:34.939+0000] {dag.py:3340} INFO - Setting next_dagrun for example_python_operator to None, run_after=None
[2024-12-04T05:00:34.968+0000] {processor.py:176} INFO - Processing /home/airflow/.local/lib/python3.7/site-packages/airflow/example_dags/example_python_operator.py took 0.173 seconds
[2024-12-04T05:01:05.206+0000] {processor.py:154} INFO - Started process (PID=292) to work on /home/airflow/.local/lib/python3.7/site-packages/airflow/example_dags/example_python_operator.py
[2024-12-04T05:01:05.207+0000] {processor.py:756} INFO - Processing file /home/airflow/.local/lib/python3.7/site-packages/airflow/example_dags/example_python_operator.py for tasks to queue
[2024-12-04T05:01:05.208+0000] {logging_mixin.py:120} INFO - [2024-12-04T05:01:05.208+0000] {dagbag.py:537} INFO - Filling up the DagBag from /home/airflow/.local/lib/python3.7/site-packages/airflow/example_dags/example_python_operator.py
[2024-12-04T05:01:05.226+0000] {logging_mixin.py:120} INFO - [2024-12-04T05:01:05.225+0000] {taskmixin.py:205} WARNING - Dependency <Task(_PythonDecoratedOperator): print_the_context>, log_sql_query already registered for DAG: example_python_operator
[2024-12-04T05:01:05.226+0000] {logging_mixin.py:120} INFO - [2024-12-04T05:01:05.226+0000] {taskmixin.py:205} WARNING - Dependency <Task(_PythonDecoratedOperator): log_sql_query>, print_the_context already registered for DAG: example_python_operator
[2024-12-04T05:01:05.226+0000] {logging_mixin.py:120} INFO - [2024-12-04T05:01:05.226+0000] {taskmixin.py:205} WARNING - Dependency <Task(_PythonDecoratedOperator): print_the_context>, log_sql_query already registered for DAG: example_python_operator
[2024-12-04T05:01:05.227+0000] {logging_mixin.py:120} INFO - [2024-12-04T05:01:05.227+0000] {taskmixin.py:205} WARNING - Dependency <Task(_PythonDecoratedOperator): log_sql_query>, print_the_context already registered for DAG: example_python_operator
[2024-12-04T05:01:05.227+0000] {logging_mixin.py:120} INFO - [2024-12-04T05:01:05.227+0000] {taskmixin.py:205} WARNING - Dependency <Task(_PythonDecoratedOperator): print_the_context>, log_sql_query already registered for DAG: example_python_operator
[2024-12-04T05:01:05.227+0000] {logging_mixin.py:120} INFO - [2024-12-04T05:01:05.227+0000] {taskmixin.py:205} WARNING - Dependency <Task(_PythonDecoratedOperator): log_sql_query>, print_the_context already registered for DAG: example_python_operator
[2024-12-04T05:01:05.228+0000] {logging_mixin.py:120} INFO - [2024-12-04T05:01:05.228+0000] {taskmixin.py:205} WARNING - Dependency <Task(_PythonDecoratedOperator): print_the_context>, log_sql_query already registered for DAG: example_python_operator
[2024-12-04T05:01:05.228+0000] {logging_mixin.py:120} INFO - [2024-12-04T05:01:05.228+0000] {taskmixin.py:205} WARNING - Dependency <Task(_PythonDecoratedOperator): log_sql_query>, print_the_context already registered for DAG: example_python_operator
[2024-12-04T05:01:05.235+0000] {processor.py:766} INFO - DAG(s) dict_keys(['example_python_operator']) retrieved from /home/airflow/.local/lib/python3.7/site-packages/airflow/example_dags/example_python_operator.py
[2024-12-04T05:01:05.273+0000] {logging_mixin.py:120} INFO - [2024-12-04T05:01:05.273+0000] {dag.py:2585} INFO - Sync 1 DAGs
[2024-12-04T05:01:05.299+0000] {logging_mixin.py:120} INFO - [2024-12-04T05:01:05.298+0000] {dag.py:3340} INFO - Setting next_dagrun for example_python_operator to None, run_after=None
[2024-12-04T05:01:05.319+0000] {processor.py:176} INFO - Processing /home/airflow/.local/lib/python3.7/site-packages/airflow/example_dags/example_python_operator.py took 0.119 seconds
[2024-12-04T05:01:35.870+0000] {processor.py:154} INFO - Started process (PID=346) to work on /home/airflow/.local/lib/python3.7/site-packages/airflow/example_dags/example_python_operator.py
[2024-12-04T05:01:35.871+0000] {processor.py:756} INFO - Processing file /home/airflow/.local/lib/python3.7/site-packages/airflow/example_dags/example_python_operator.py for tasks to queue
[2024-12-04T05:01:35.872+0000] {logging_mixin.py:120} INFO - [2024-12-04T05:01:35.872+0000] {dagbag.py:537} INFO - Filling up the DagBag from /home/airflow/.local/lib/python3.7/site-packages/airflow/example_dags/example_python_operator.py
[2024-12-04T05:01:35.898+0000] {logging_mixin.py:120} INFO - [2024-12-04T05:01:35.898+0000] {taskmixin.py:205} WARNING - Dependency <Task(_PythonDecoratedOperator): print_the_context>, log_sql_query already registered for DAG: example_python_operator
[2024-12-04T05:01:35.899+0000] {logging_mixin.py:120} INFO - [2024-12-04T05:01:35.898+0000] {taskmixin.py:205} WARNING - Dependency <Task(_PythonDecoratedOperator): log_sql_query>, print_the_context already registered for DAG: example_python_operator
[2024-12-04T05:01:35.900+0000] {logging_mixin.py:120} INFO - [2024-12-04T05:01:35.900+0000] {taskmixin.py:205} WARNING - Dependency <Task(_PythonDecoratedOperator): print_the_context>, log_sql_query already registered for DAG: example_python_operator
[2024-12-04T05:01:35.900+0000] {logging_mixin.py:120} INFO - [2024-12-04T05:01:35.900+0000] {taskmixin.py:205} WARNING - Dependency <Task(_PythonDecoratedOperator): log_sql_query>, print_the_context already registered for DAG: example_python_operator
[2024-12-04T05:01:35.901+0000] {logging_mixin.py:120} INFO - [2024-12-04T05:01:35.901+0000] {taskmixin.py:205} WARNING - Dependency <Task(_PythonDecoratedOperator): print_the_context>, log_sql_query already registered for DAG: example_python_operator
[2024-12-04T05:01:35.901+0000] {logging_mixin.py:120} INFO - [2024-12-04T05:01:35.901+0000] {taskmixin.py:205} WARNING - Dependency <Task(_PythonDecoratedOperator): log_sql_query>, print_the_context already registered for DAG: example_python_operator
[2024-12-04T05:01:35.902+0000] {logging_mixin.py:120} INFO - [2024-12-04T05:01:35.902+0000] {taskmixin.py:205} WARNING - Dependency <Task(_PythonDecoratedOperator): print_the_context>, log_sql_query already registered for DAG: example_python_operator
[2024-12-04T05:01:35.902+0000] {logging_mixin.py:120} INFO - [2024-12-04T05:01:35.902+0000] {taskmixin.py:205} WARNING - Dependency <Task(_PythonDecoratedOperator): log_sql_query>, print_the_context already registered for DAG: example_python_operator
[2024-12-04T05:01:35.915+0000] {processor.py:766} INFO - DAG(s) dict_keys(['example_python_operator']) retrieved from /home/airflow/.local/lib/python3.7/site-packages/airflow/example_dags/example_python_operator.py
[2024-12-04T05:01:35.977+0000] {logging_mixin.py:120} INFO - [2024-12-04T05:01:35.977+0000] {dag.py:2585} INFO - Sync 1 DAGs
[2024-12-04T05:01:36.015+0000] {logging_mixin.py:120} INFO - [2024-12-04T05:01:36.015+0000] {dag.py:3340} INFO - Setting next_dagrun for example_python_operator to None, run_after=None
[2024-12-04T05:01:36.046+0000] {processor.py:176} INFO - Processing /home/airflow/.local/lib/python3.7/site-packages/airflow/example_dags/example_python_operator.py took 0.181 seconds
[2024-12-04T05:02:06.571+0000] {processor.py:154} INFO - Started process (PID=409) to work on /home/airflow/.local/lib/python3.7/site-packages/airflow/example_dags/example_python_operator.py
[2024-12-04T05:02:06.572+0000] {processor.py:756} INFO - Processing file /home/airflow/.local/lib/python3.7/site-packages/airflow/example_dags/example_python_operator.py for tasks to queue
[2024-12-04T05:02:06.573+0000] {logging_mixin.py:120} INFO - [2024-12-04T05:02:06.572+0000] {dagbag.py:537} INFO - Filling up the DagBag from /home/airflow/.local/lib/python3.7/site-packages/airflow/example_dags/example_python_operator.py
[2024-12-04T05:02:06.590+0000] {logging_mixin.py:120} INFO - [2024-12-04T05:02:06.590+0000] {taskmixin.py:205} WARNING - Dependency <Task(_PythonDecoratedOperator): print_the_context>, log_sql_query already registered for DAG: example_python_operator
[2024-12-04T05:02:06.590+0000] {logging_mixin.py:120} INFO - [2024-12-04T05:02:06.590+0000] {taskmixin.py:205} WARNING - Dependency <Task(_PythonDecoratedOperator): log_sql_query>, print_the_context already registered for DAG: example_python_operator
[2024-12-04T05:02:06.591+0000] {logging_mixin.py:120} INFO - [2024-12-04T05:02:06.591+0000] {taskmixin.py:205} WARNING - Dependency <Task(_PythonDecoratedOperator): print_the_context>, log_sql_query already registered for DAG: example_python_operator
[2024-12-04T05:02:06.592+0000] {logging_mixin.py:120} INFO - [2024-12-04T05:02:06.592+0000] {taskmixin.py:205} WARNING - Dependency <Task(_PythonDecoratedOperator): log_sql_query>, print_the_context already registered for DAG: example_python_operator
[2024-12-04T05:02:06.592+0000] {logging_mixin.py:120} INFO - [2024-12-04T05:02:06.592+0000] {taskmixin.py:205} WARNING - Dependency <Task(_PythonDecoratedOperator): print_the_context>, log_sql_query already registered for DAG: example_python_operator
[2024-12-04T05:02:06.592+0000] {logging_mixin.py:120} INFO - [2024-12-04T05:02:06.592+0000] {taskmixin.py:205} WARNING - Dependency <Task(_PythonDecoratedOperator): log_sql_query>, print_the_context already registered for DAG: example_python_operator
[2024-12-04T05:02:06.593+0000] {logging_mixin.py:120} INFO - [2024-12-04T05:02:06.593+0000] {taskmixin.py:205} WARNING - Dependency <Task(_PythonDecoratedOperator): print_the_context>, log_sql_query already registered for DAG: example_python_operator
[2024-12-04T05:02:06.593+0000] {logging_mixin.py:120} INFO - [2024-12-04T05:02:06.593+0000] {taskmixin.py:205} WARNING - Dependency <Task(_PythonDecoratedOperator): log_sql_query>, print_the_context already registered for DAG: example_python_operator
[2024-12-04T05:02:06.603+0000] {processor.py:766} INFO - DAG(s) dict_keys(['example_python_operator']) retrieved from /home/airflow/.local/lib/python3.7/site-packages/airflow/example_dags/example_python_operator.py
[2024-12-04T05:02:06.648+0000] {logging_mixin.py:120} INFO - [2024-12-04T05:02:06.648+0000] {dag.py:2585} INFO - Sync 1 DAGs
[2024-12-04T05:02:06.673+0000] {logging_mixin.py:120} INFO - [2024-12-04T05:02:06.673+0000] {dag.py:3340} INFO - Setting next_dagrun for example_python_operator to None, run_after=None
[2024-12-04T05:02:06.696+0000] {processor.py:176} INFO - Processing /home/airflow/.local/lib/python3.7/site-packages/airflow/example_dags/example_python_operator.py took 0.130 seconds
[2024-12-04T05:02:37.131+0000] {processor.py:154} INFO - Started process (PID=463) to work on /home/airflow/.local/lib/python3.7/site-packages/airflow/example_dags/example_python_operator.py
[2024-12-04T05:02:37.132+0000] {processor.py:756} INFO - Processing file /home/airflow/.local/lib/python3.7/site-packages/airflow/example_dags/example_python_operator.py for tasks to queue
[2024-12-04T05:02:37.133+0000] {logging_mixin.py:120} INFO - [2024-12-04T05:02:37.133+0000] {dagbag.py:537} INFO - Filling up the DagBag from /home/airflow/.local/lib/python3.7/site-packages/airflow/example_dags/example_python_operator.py
[2024-12-04T05:02:37.159+0000] {logging_mixin.py:120} INFO - [2024-12-04T05:02:37.159+0000] {taskmixin.py:205} WARNING - Dependency <Task(_PythonDecoratedOperator): print_the_context>, log_sql_query already registered for DAG: example_python_operator
[2024-12-04T05:02:37.160+0000] {logging_mixin.py:120} INFO - [2024-12-04T05:02:37.159+0000] {taskmixin.py:205} WARNING - Dependency <Task(_PythonDecoratedOperator): log_sql_query>, print_the_context already registered for DAG: example_python_operator
[2024-12-04T05:02:37.161+0000] {logging_mixin.py:120} INFO - [2024-12-04T05:02:37.161+0000] {taskmixin.py:205} WARNING - Dependency <Task(_PythonDecoratedOperator): print_the_context>, log_sql_query already registered for DAG: example_python_operator
[2024-12-04T05:02:37.161+0000] {logging_mixin.py:120} INFO - [2024-12-04T05:02:37.161+0000] {taskmixin.py:205} WARNING - Dependency <Task(_PythonDecoratedOperator): log_sql_query>, print_the_context already registered for DAG: example_python_operator
[2024-12-04T05:02:37.162+0000] {logging_mixin.py:120} INFO - [2024-12-04T05:02:37.162+0000] {taskmixin.py:205} WARNING - Dependency <Task(_PythonDecoratedOperator): print_the_context>, log_sql_query already registered for DAG: example_python_operator
[2024-12-04T05:02:37.162+0000] {logging_mixin.py:120} INFO - [2024-12-04T05:02:37.162+0000] {taskmixin.py:205} WARNING - Dependency <Task(_PythonDecoratedOperator): log_sql_query>, print_the_context already registered for DAG: example_python_operator
[2024-12-04T05:02:37.163+0000] {logging_mixin.py:120} INFO - [2024-12-04T05:02:37.163+0000] {taskmixin.py:205} WARNING - Dependency <Task(_PythonDecoratedOperator): print_the_context>, log_sql_query already registered for DAG: example_python_operator
[2024-12-04T05:02:37.163+0000] {logging_mixin.py:120} INFO - [2024-12-04T05:02:37.163+0000] {taskmixin.py:205} WARNING - Dependency <Task(_PythonDecoratedOperator): log_sql_query>, print_the_context already registered for DAG: example_python_operator
[2024-12-04T05:02:37.176+0000] {processor.py:766} INFO - DAG(s) dict_keys(['example_python_operator']) retrieved from /home/airflow/.local/lib/python3.7/site-packages/airflow/example_dags/example_python_operator.py
[2024-12-04T05:02:37.234+0000] {logging_mixin.py:120} INFO - [2024-12-04T05:02:37.234+0000] {dag.py:2585} INFO - Sync 1 DAGs
[2024-12-04T05:02:37.268+0000] {logging_mixin.py:120} INFO - [2024-12-04T05:02:37.268+0000] {dag.py:3340} INFO - Setting next_dagrun for example_python_operator to None, run_after=None
[2024-12-04T05:02:37.304+0000] {processor.py:176} INFO - Processing /home/airflow/.local/lib/python3.7/site-packages/airflow/example_dags/example_python_operator.py took 0.179 seconds
[2024-12-04T05:03:07.541+0000] {processor.py:154} INFO - Started process (PID=526) to work on /home/airflow/.local/lib/python3.7/site-packages/airflow/example_dags/example_python_operator.py
[2024-12-04T05:03:07.542+0000] {processor.py:756} INFO - Processing file /home/airflow/.local/lib/python3.7/site-packages/airflow/example_dags/example_python_operator.py for tasks to queue
[2024-12-04T05:03:07.543+0000] {logging_mixin.py:120} INFO - [2024-12-04T05:03:07.543+0000] {dagbag.py:537} INFO - Filling up the DagBag from /home/airflow/.local/lib/python3.7/site-packages/airflow/example_dags/example_python_operator.py
[2024-12-04T05:03:07.566+0000] {logging_mixin.py:120} INFO - [2024-12-04T05:03:07.566+0000] {taskmixin.py:205} WARNING - Dependency <Task(_PythonDecoratedOperator): print_the_context>, log_sql_query already registered for DAG: example_python_operator
[2024-12-04T05:03:07.566+0000] {logging_mixin.py:120} INFO - [2024-12-04T05:03:07.566+0000] {taskmixin.py:205} WARNING - Dependency <Task(_PythonDecoratedOperator): log_sql_query>, print_the_context already registered for DAG: example_python_operator
[2024-12-04T05:03:07.568+0000] {logging_mixin.py:120} INFO - [2024-12-04T05:03:07.567+0000] {taskmixin.py:205} WARNING - Dependency <Task(_PythonDecoratedOperator): print_the_context>, log_sql_query already registered for DAG: example_python_operator
[2024-12-04T05:03:07.568+0000] {logging_mixin.py:120} INFO - [2024-12-04T05:03:07.568+0000] {taskmixin.py:205} WARNING - Dependency <Task(_PythonDecoratedOperator): log_sql_query>, print_the_context already registered for DAG: example_python_operator
[2024-12-04T05:03:07.569+0000] {logging_mixin.py:120} INFO - [2024-12-04T05:03:07.569+0000] {taskmixin.py:205} WARNING - Dependency <Task(_PythonDecoratedOperator): print_the_context>, log_sql_query already registered for DAG: example_python_operator
[2024-12-04T05:03:07.570+0000] {logging_mixin.py:120} INFO - [2024-12-04T05:03:07.569+0000] {taskmixin.py:205} WARNING - Dependency <Task(_PythonDecoratedOperator): log_sql_query>, print_the_context already registered for DAG: example_python_operator
[2024-12-04T05:03:07.571+0000] {logging_mixin.py:120} INFO - [2024-12-04T05:03:07.571+0000] {taskmixin.py:205} WARNING - Dependency <Task(_PythonDecoratedOperator): print_the_context>, log_sql_query already registered for DAG: example_python_operator
[2024-12-04T05:03:07.571+0000] {logging_mixin.py:120} INFO - [2024-12-04T05:03:07.571+0000] {taskmixin.py:205} WARNING - Dependency <Task(_PythonDecoratedOperator): log_sql_query>, print_the_context already registered for DAG: example_python_operator
[2024-12-04T05:03:07.584+0000] {processor.py:766} INFO - DAG(s) dict_keys(['example_python_operator']) retrieved from /home/airflow/.local/lib/python3.7/site-packages/airflow/example_dags/example_python_operator.py
[2024-12-04T05:03:07.649+0000] {logging_mixin.py:120} INFO - [2024-12-04T05:03:07.648+0000] {dag.py:2585} INFO - Sync 1 DAGs
[2024-12-04T05:03:07.685+0000] {logging_mixin.py:120} INFO - [2024-12-04T05:03:07.684+0000] {dag.py:3340} INFO - Setting next_dagrun for example_python_operator to None, run_after=None
[2024-12-04T05:03:07.714+0000] {processor.py:176} INFO - Processing /home/airflow/.local/lib/python3.7/site-packages/airflow/example_dags/example_python_operator.py took 0.177 seconds
[2024-12-04T05:03:38.553+0000] {processor.py:154} INFO - Started process (PID=589) to work on /home/airflow/.local/lib/python3.7/site-packages/airflow/example_dags/example_python_operator.py
[2024-12-04T05:03:38.554+0000] {processor.py:756} INFO - Processing file /home/airflow/.local/lib/python3.7/site-packages/airflow/example_dags/example_python_operator.py for tasks to queue
[2024-12-04T05:03:38.554+0000] {logging_mixin.py:120} INFO - [2024-12-04T05:03:38.554+0000] {dagbag.py:537} INFO - Filling up the DagBag from /home/airflow/.local/lib/python3.7/site-packages/airflow/example_dags/example_python_operator.py
[2024-12-04T05:03:38.577+0000] {logging_mixin.py:120} INFO - [2024-12-04T05:03:38.577+0000] {taskmixin.py:205} WARNING - Dependency <Task(_PythonDecoratedOperator): print_the_context>, log_sql_query already registered for DAG: example_python_operator
[2024-12-04T05:03:38.577+0000] {logging_mixin.py:120} INFO - [2024-12-04T05:03:38.577+0000] {taskmixin.py:205} WARNING - Dependency <Task(_PythonDecoratedOperator): log_sql_query>, print_the_context already registered for DAG: example_python_operator
[2024-12-04T05:03:38.578+0000] {logging_mixin.py:120} INFO - [2024-12-04T05:03:38.578+0000] {taskmixin.py:205} WARNING - Dependency <Task(_PythonDecoratedOperator): print_the_context>, log_sql_query already registered for DAG: example_python_operator
[2024-12-04T05:03:38.578+0000] {logging_mixin.py:120} INFO - [2024-12-04T05:03:38.578+0000] {taskmixin.py:205} WARNING - Dependency <Task(_PythonDecoratedOperator): log_sql_query>, print_the_context already registered for DAG: example_python_operator
[2024-12-04T05:03:38.580+0000] {logging_mixin.py:120} INFO - [2024-12-04T05:03:38.580+0000] {taskmixin.py:205} WARNING - Dependency <Task(_PythonDecoratedOperator): print_the_context>, log_sql_query already registered for DAG: example_python_operator
[2024-12-04T05:03:38.580+0000] {logging_mixin.py:120} INFO - [2024-12-04T05:03:38.580+0000] {taskmixin.py:205} WARNING - Dependency <Task(_PythonDecoratedOperator): log_sql_query>, print_the_context already registered for DAG: example_python_operator
[2024-12-04T05:03:38.581+0000] {logging_mixin.py:120} INFO - [2024-12-04T05:03:38.581+0000] {taskmixin.py:205} WARNING - Dependency <Task(_PythonDecoratedOperator): print_the_context>, log_sql_query already registered for DAG: example_python_operator
[2024-12-04T05:03:38.581+0000] {logging_mixin.py:120} INFO - [2024-12-04T05:03:38.581+0000] {taskmixin.py:205} WARNING - Dependency <Task(_PythonDecoratedOperator): log_sql_query>, print_the_context already registered for DAG: example_python_operator
[2024-12-04T05:03:38.592+0000] {processor.py:766} INFO - DAG(s) dict_keys(['example_python_operator']) retrieved from /home/airflow/.local/lib/python3.7/site-packages/airflow/example_dags/example_python_operator.py
[2024-12-04T05:03:38.663+0000] {logging_mixin.py:120} INFO - [2024-12-04T05:03:38.662+0000] {dag.py:2585} INFO - Sync 1 DAGs
[2024-12-04T05:03:38.707+0000] {logging_mixin.py:120} INFO - [2024-12-04T05:03:38.707+0000] {dag.py:3340} INFO - Setting next_dagrun for example_python_operator to None, run_after=None
[2024-12-04T05:03:38.737+0000] {processor.py:176} INFO - Processing /home/airflow/.local/lib/python3.7/site-packages/airflow/example_dags/example_python_operator.py took 0.189 seconds
[2024-12-04T05:04:08.906+0000] {processor.py:154} INFO - Started process (PID=643) to work on /home/airflow/.local/lib/python3.7/site-packages/airflow/example_dags/example_python_operator.py
[2024-12-04T05:04:08.906+0000] {processor.py:756} INFO - Processing file /home/airflow/.local/lib/python3.7/site-packages/airflow/example_dags/example_python_operator.py for tasks to queue
[2024-12-04T05:04:08.907+0000] {logging_mixin.py:120} INFO - [2024-12-04T05:04:08.907+0000] {dagbag.py:537} INFO - Filling up the DagBag from /home/airflow/.local/lib/python3.7/site-packages/airflow/example_dags/example_python_operator.py
[2024-12-04T05:04:08.929+0000] {logging_mixin.py:120} INFO - [2024-12-04T05:04:08.928+0000] {taskmixin.py:205} WARNING - Dependency <Task(_PythonDecoratedOperator): print_the_context>, log_sql_query already registered for DAG: example_python_operator
[2024-12-04T05:04:08.929+0000] {logging_mixin.py:120} INFO - [2024-12-04T05:04:08.929+0000] {taskmixin.py:205} WARNING - Dependency <Task(_PythonDecoratedOperator): log_sql_query>, print_the_context already registered for DAG: example_python_operator
[2024-12-04T05:04:08.930+0000] {logging_mixin.py:120} INFO - [2024-12-04T05:04:08.930+0000] {taskmixin.py:205} WARNING - Dependency <Task(_PythonDecoratedOperator): print_the_context>, log_sql_query already registered for DAG: example_python_operator
[2024-12-04T05:04:08.930+0000] {logging_mixin.py:120} INFO - [2024-12-04T05:04:08.930+0000] {taskmixin.py:205} WARNING - Dependency <Task(_PythonDecoratedOperator): log_sql_query>, print_the_context already registered for DAG: example_python_operator
[2024-12-04T05:04:08.931+0000] {logging_mixin.py:120} INFO - [2024-12-04T05:04:08.931+0000] {taskmixin.py:205} WARNING - Dependency <Task(_PythonDecoratedOperator): print_the_context>, log_sql_query already registered for DAG: example_python_operator
[2024-12-04T05:04:08.931+0000] {logging_mixin.py:120} INFO - [2024-12-04T05:04:08.931+0000] {taskmixin.py:205} WARNING - Dependency <Task(_PythonDecoratedOperator): log_sql_query>, print_the_context already registered for DAG: example_python_operator
[2024-12-04T05:04:08.932+0000] {logging_mixin.py:120} INFO - [2024-12-04T05:04:08.931+0000] {taskmixin.py:205} WARNING - Dependency <Task(_PythonDecoratedOperator): print_the_context>, log_sql_query already registered for DAG: example_python_operator
[2024-12-04T05:04:08.932+0000] {logging_mixin.py:120} INFO - [2024-12-04T05:04:08.932+0000] {taskmixin.py:205} WARNING - Dependency <Task(_PythonDecoratedOperator): log_sql_query>, print_the_context already registered for DAG: example_python_operator
[2024-12-04T05:04:08.943+0000] {processor.py:766} INFO - DAG(s) dict_keys(['example_python_operator']) retrieved from /home/airflow/.local/lib/python3.7/site-packages/airflow/example_dags/example_python_operator.py
[2024-12-04T05:04:08.999+0000] {logging_mixin.py:120} INFO - [2024-12-04T05:04:08.999+0000] {dag.py:2585} INFO - Sync 1 DAGs
[2024-12-04T05:04:09.035+0000] {logging_mixin.py:120} INFO - [2024-12-04T05:04:09.035+0000] {dag.py:3340} INFO - Setting next_dagrun for example_python_operator to None, run_after=None
[2024-12-04T05:04:09.061+0000] {processor.py:176} INFO - Processing /home/airflow/.local/lib/python3.7/site-packages/airflow/example_dags/example_python_operator.py took 0.161 seconds
[2024-12-04T05:04:39.413+0000] {processor.py:154} INFO - Started process (PID=706) to work on /home/airflow/.local/lib/python3.7/site-packages/airflow/example_dags/example_python_operator.py
[2024-12-04T05:04:39.414+0000] {processor.py:756} INFO - Processing file /home/airflow/.local/lib/python3.7/site-packages/airflow/example_dags/example_python_operator.py for tasks to queue
[2024-12-04T05:04:39.414+0000] {logging_mixin.py:120} INFO - [2024-12-04T05:04:39.414+0000] {dagbag.py:537} INFO - Filling up the DagBag from /home/airflow/.local/lib/python3.7/site-packages/airflow/example_dags/example_python_operator.py
[2024-12-04T05:04:39.436+0000] {logging_mixin.py:120} INFO - [2024-12-04T05:04:39.436+0000] {taskmixin.py:205} WARNING - Dependency <Task(_PythonDecoratedOperator): print_the_context>, log_sql_query already registered for DAG: example_python_operator
[2024-12-04T05:04:39.436+0000] {logging_mixin.py:120} INFO - [2024-12-04T05:04:39.436+0000] {taskmixin.py:205} WARNING - Dependency <Task(_PythonDecoratedOperator): log_sql_query>, print_the_context already registered for DAG: example_python_operator
[2024-12-04T05:04:39.438+0000] {logging_mixin.py:120} INFO - [2024-12-04T05:04:39.437+0000] {taskmixin.py:205} WARNING - Dependency <Task(_PythonDecoratedOperator): print_the_context>, log_sql_query already registered for DAG: example_python_operator
[2024-12-04T05:04:39.438+0000] {logging_mixin.py:120} INFO - [2024-12-04T05:04:39.438+0000] {taskmixin.py:205} WARNING - Dependency <Task(_PythonDecoratedOperator): log_sql_query>, print_the_context already registered for DAG: example_python_operator
[2024-12-04T05:04:39.439+0000] {logging_mixin.py:120} INFO - [2024-12-04T05:04:39.439+0000] {taskmixin.py:205} WARNING - Dependency <Task(_PythonDecoratedOperator): print_the_context>, log_sql_query already registered for DAG: example_python_operator
[2024-12-04T05:04:39.439+0000] {logging_mixin.py:120} INFO - [2024-12-04T05:04:39.439+0000] {taskmixin.py:205} WARNING - Dependency <Task(_PythonDecoratedOperator): log_sql_query>, print_the_context already registered for DAG: example_python_operator
[2024-12-04T05:04:39.440+0000] {logging_mixin.py:120} INFO - [2024-12-04T05:04:39.440+0000] {taskmixin.py:205} WARNING - Dependency <Task(_PythonDecoratedOperator): print_the_context>, log_sql_query already registered for DAG: example_python_operator
[2024-12-04T05:04:39.440+0000] {logging_mixin.py:120} INFO - [2024-12-04T05:04:39.440+0000] {taskmixin.py:205} WARNING - Dependency <Task(_PythonDecoratedOperator): log_sql_query>, print_the_context already registered for DAG: example_python_operator
[2024-12-04T05:04:39.454+0000] {processor.py:766} INFO - DAG(s) dict_keys(['example_python_operator']) retrieved from /home/airflow/.local/lib/python3.7/site-packages/airflow/example_dags/example_python_operator.py
[2024-12-04T05:04:39.517+0000] {logging_mixin.py:120} INFO - [2024-12-04T05:04:39.517+0000] {dag.py:2585} INFO - Sync 1 DAGs
[2024-12-04T05:04:39.549+0000] {logging_mixin.py:120} INFO - [2024-12-04T05:04:39.549+0000] {dag.py:3340} INFO - Setting next_dagrun for example_python_operator to None, run_after=None
[2024-12-04T05:04:39.575+0000] {processor.py:176} INFO - Processing /home/airflow/.local/lib/python3.7/site-packages/airflow/example_dags/example_python_operator.py took 0.166 seconds
