[2024-12-04T04:51:49.784+0000] {processor.py:154} INFO - Started process (PID=65) to work on /home/airflow/.local/lib/python3.7/site-packages/airflow/example_dags/example_time_delta_sensor_async.py
[2024-12-04T04:51:49.785+0000] {processor.py:756} INFO - Processing file /home/airflow/.local/lib/python3.7/site-packages/airflow/example_dags/example_time_delta_sensor_async.py for tasks to queue
[2024-12-04T04:51:49.786+0000] {logging_mixin.py:120} INFO - [2024-12-04T04:51:49.785+0000] {dagbag.py:537} INFO - Filling up the DagBag from /home/airflow/.local/lib/python3.7/site-packages/airflow/example_dags/example_time_delta_sensor_async.py
[2024-12-04T04:51:49.800+0000] {processor.py:766} INFO - DAG(s) dict_keys(['example_time_delta_sensor_async']) retrieved from /home/airflow/.local/lib/python3.7/site-packages/airflow/example_dags/example_time_delta_sensor_async.py
[2024-12-04T04:51:49.832+0000] {logging_mixin.py:120} INFO - [2024-12-04T04:51:49.832+0000] {dag.py:2585} INFO - Sync 1 DAGs
[2024-12-04T04:51:49.870+0000] {logging_mixin.py:120} INFO - [2024-12-04T04:51:49.869+0000] {dag.py:3340} INFO - Setting next_dagrun for example_time_delta_sensor_async to None, run_after=None
[2024-12-04T04:51:49.906+0000] {processor.py:176} INFO - Processing /home/airflow/.local/lib/python3.7/site-packages/airflow/example_dags/example_time_delta_sensor_async.py took 0.125 seconds
[2024-12-04T04:52:21.186+0000] {processor.py:154} INFO - Started process (PID=119) to work on /home/airflow/.local/lib/python3.7/site-packages/airflow/example_dags/example_time_delta_sensor_async.py
[2024-12-04T04:52:21.187+0000] {processor.py:756} INFO - Processing file /home/airflow/.local/lib/python3.7/site-packages/airflow/example_dags/example_time_delta_sensor_async.py for tasks to queue
[2024-12-04T04:52:21.188+0000] {logging_mixin.py:120} INFO - [2024-12-04T04:52:21.188+0000] {dagbag.py:537} INFO - Filling up the DagBag from /home/airflow/.local/lib/python3.7/site-packages/airflow/example_dags/example_time_delta_sensor_async.py
[2024-12-04T04:52:21.212+0000] {processor.py:766} INFO - DAG(s) dict_keys(['example_time_delta_sensor_async']) retrieved from /home/airflow/.local/lib/python3.7/site-packages/airflow/example_dags/example_time_delta_sensor_async.py
[2024-12-04T04:52:21.501+0000] {logging_mixin.py:120} INFO - [2024-12-04T04:52:21.501+0000] {dag.py:2585} INFO - Sync 1 DAGs
[2024-12-04T04:52:21.538+0000] {logging_mixin.py:120} INFO - [2024-12-04T04:52:21.537+0000] {dag.py:3340} INFO - Setting next_dagrun for example_time_delta_sensor_async to None, run_after=None
[2024-12-04T04:52:21.572+0000] {processor.py:176} INFO - Processing /home/airflow/.local/lib/python3.7/site-packages/airflow/example_dags/example_time_delta_sensor_async.py took 0.392 seconds
[2024-12-04T04:59:02.136+0000] {processor.py:154} INFO - Started process (PID=55) to work on /home/airflow/.local/lib/python3.7/site-packages/airflow/example_dags/example_time_delta_sensor_async.py
[2024-12-04T04:59:02.137+0000] {processor.py:756} INFO - Processing file /home/airflow/.local/lib/python3.7/site-packages/airflow/example_dags/example_time_delta_sensor_async.py for tasks to queue
[2024-12-04T04:59:02.137+0000] {logging_mixin.py:120} INFO - [2024-12-04T04:59:02.137+0000] {dagbag.py:537} INFO - Filling up the DagBag from /home/airflow/.local/lib/python3.7/site-packages/airflow/example_dags/example_time_delta_sensor_async.py
[2024-12-04T04:59:02.152+0000] {processor.py:766} INFO - DAG(s) dict_keys(['example_time_delta_sensor_async']) retrieved from /home/airflow/.local/lib/python3.7/site-packages/airflow/example_dags/example_time_delta_sensor_async.py
[2024-12-04T04:59:02.180+0000] {logging_mixin.py:120} INFO - [2024-12-04T04:59:02.180+0000] {dag.py:2585} INFO - Sync 1 DAGs
[2024-12-04T04:59:02.209+0000] {logging_mixin.py:120} INFO - [2024-12-04T04:59:02.209+0000] {dag.py:3340} INFO - Setting next_dagrun for example_time_delta_sensor_async to None, run_after=None
[2024-12-04T04:59:02.227+0000] {processor.py:176} INFO - Processing /home/airflow/.local/lib/python3.7/site-packages/airflow/example_dags/example_time_delta_sensor_async.py took 0.094 seconds
[2024-12-04T04:59:33.216+0000] {processor.py:154} INFO - Started process (PID=118) to work on /home/airflow/.local/lib/python3.7/site-packages/airflow/example_dags/example_time_delta_sensor_async.py
[2024-12-04T04:59:33.216+0000] {processor.py:756} INFO - Processing file /home/airflow/.local/lib/python3.7/site-packages/airflow/example_dags/example_time_delta_sensor_async.py for tasks to queue
[2024-12-04T04:59:33.217+0000] {logging_mixin.py:120} INFO - [2024-12-04T04:59:33.217+0000] {dagbag.py:537} INFO - Filling up the DagBag from /home/airflow/.local/lib/python3.7/site-packages/airflow/example_dags/example_time_delta_sensor_async.py
[2024-12-04T04:59:33.229+0000] {processor.py:766} INFO - DAG(s) dict_keys(['example_time_delta_sensor_async']) retrieved from /home/airflow/.local/lib/python3.7/site-packages/airflow/example_dags/example_time_delta_sensor_async.py
[2024-12-04T04:59:33.402+0000] {logging_mixin.py:120} INFO - [2024-12-04T04:59:33.402+0000] {dag.py:2585} INFO - Sync 1 DAGs
[2024-12-04T04:59:33.426+0000] {logging_mixin.py:120} INFO - [2024-12-04T04:59:33.426+0000] {dag.py:3340} INFO - Setting next_dagrun for example_time_delta_sensor_async to None, run_after=None
[2024-12-04T04:59:33.445+0000] {processor.py:176} INFO - Processing /home/airflow/.local/lib/python3.7/site-packages/airflow/example_dags/example_time_delta_sensor_async.py took 0.234 seconds
[2024-12-04T05:00:05.433+0000] {processor.py:154} INFO - Started process (PID=182) to work on /home/airflow/.local/lib/python3.7/site-packages/airflow/example_dags/example_time_delta_sensor_async.py
[2024-12-04T05:00:05.435+0000] {processor.py:756} INFO - Processing file /home/airflow/.local/lib/python3.7/site-packages/airflow/example_dags/example_time_delta_sensor_async.py for tasks to queue
[2024-12-04T05:00:05.436+0000] {logging_mixin.py:120} INFO - [2024-12-04T05:00:05.435+0000] {dagbag.py:537} INFO - Filling up the DagBag from /home/airflow/.local/lib/python3.7/site-packages/airflow/example_dags/example_time_delta_sensor_async.py
[2024-12-04T05:00:05.455+0000] {processor.py:766} INFO - DAG(s) dict_keys(['example_time_delta_sensor_async']) retrieved from /home/airflow/.local/lib/python3.7/site-packages/airflow/example_dags/example_time_delta_sensor_async.py
[2024-12-04T05:00:05.775+0000] {logging_mixin.py:120} INFO - [2024-12-04T05:00:05.774+0000] {dag.py:2585} INFO - Sync 1 DAGs
[2024-12-04T05:00:05.810+0000] {logging_mixin.py:120} INFO - [2024-12-04T05:00:05.810+0000] {dag.py:3340} INFO - Setting next_dagrun for example_time_delta_sensor_async to None, run_after=None
[2024-12-04T05:00:05.841+0000] {processor.py:176} INFO - Processing /home/airflow/.local/lib/python3.7/site-packages/airflow/example_dags/example_time_delta_sensor_async.py took 0.414 seconds
[2024-12-04T05:00:36.049+0000] {processor.py:154} INFO - Started process (PID=238) to work on /home/airflow/.local/lib/python3.7/site-packages/airflow/example_dags/example_time_delta_sensor_async.py
[2024-12-04T05:00:36.050+0000] {processor.py:756} INFO - Processing file /home/airflow/.local/lib/python3.7/site-packages/airflow/example_dags/example_time_delta_sensor_async.py for tasks to queue
[2024-12-04T05:00:36.051+0000] {logging_mixin.py:120} INFO - [2024-12-04T05:00:36.051+0000] {dagbag.py:537} INFO - Filling up the DagBag from /home/airflow/.local/lib/python3.7/site-packages/airflow/example_dags/example_time_delta_sensor_async.py
[2024-12-04T05:00:36.069+0000] {processor.py:766} INFO - DAG(s) dict_keys(['example_time_delta_sensor_async']) retrieved from /home/airflow/.local/lib/python3.7/site-packages/airflow/example_dags/example_time_delta_sensor_async.py
[2024-12-04T05:00:36.400+0000] {logging_mixin.py:120} INFO - [2024-12-04T05:00:36.400+0000] {dag.py:2585} INFO - Sync 1 DAGs
[2024-12-04T05:00:36.437+0000] {logging_mixin.py:120} INFO - [2024-12-04T05:00:36.437+0000] {dag.py:3340} INFO - Setting next_dagrun for example_time_delta_sensor_async to None, run_after=None
[2024-12-04T05:00:36.467+0000] {processor.py:176} INFO - Processing /home/airflow/.local/lib/python3.7/site-packages/airflow/example_dags/example_time_delta_sensor_async.py took 0.426 seconds
[2024-12-04T05:01:06.777+0000] {processor.py:154} INFO - Started process (PID=299) to work on /home/airflow/.local/lib/python3.7/site-packages/airflow/example_dags/example_time_delta_sensor_async.py
[2024-12-04T05:01:06.778+0000] {processor.py:756} INFO - Processing file /home/airflow/.local/lib/python3.7/site-packages/airflow/example_dags/example_time_delta_sensor_async.py for tasks to queue
[2024-12-04T05:01:06.779+0000] {logging_mixin.py:120} INFO - [2024-12-04T05:01:06.779+0000] {dagbag.py:537} INFO - Filling up the DagBag from /home/airflow/.local/lib/python3.7/site-packages/airflow/example_dags/example_time_delta_sensor_async.py
[2024-12-04T05:01:06.794+0000] {processor.py:766} INFO - DAG(s) dict_keys(['example_time_delta_sensor_async']) retrieved from /home/airflow/.local/lib/python3.7/site-packages/airflow/example_dags/example_time_delta_sensor_async.py
[2024-12-04T05:01:06.974+0000] {logging_mixin.py:120} INFO - [2024-12-04T05:01:06.974+0000] {dag.py:2585} INFO - Sync 1 DAGs
[2024-12-04T05:01:06.999+0000] {logging_mixin.py:120} INFO - [2024-12-04T05:01:06.999+0000] {dag.py:3340} INFO - Setting next_dagrun for example_time_delta_sensor_async to None, run_after=None
[2024-12-04T05:01:07.019+0000] {processor.py:176} INFO - Processing /home/airflow/.local/lib/python3.7/site-packages/airflow/example_dags/example_time_delta_sensor_async.py took 0.247 seconds
[2024-12-04T05:01:37.790+0000] {processor.py:154} INFO - Started process (PID=353) to work on /home/airflow/.local/lib/python3.7/site-packages/airflow/example_dags/example_time_delta_sensor_async.py
[2024-12-04T05:01:37.792+0000] {processor.py:756} INFO - Processing file /home/airflow/.local/lib/python3.7/site-packages/airflow/example_dags/example_time_delta_sensor_async.py for tasks to queue
[2024-12-04T05:01:37.792+0000] {logging_mixin.py:120} INFO - [2024-12-04T05:01:37.792+0000] {dagbag.py:537} INFO - Filling up the DagBag from /home/airflow/.local/lib/python3.7/site-packages/airflow/example_dags/example_time_delta_sensor_async.py
[2024-12-04T05:01:37.811+0000] {processor.py:766} INFO - DAG(s) dict_keys(['example_time_delta_sensor_async']) retrieved from /home/airflow/.local/lib/python3.7/site-packages/airflow/example_dags/example_time_delta_sensor_async.py
[2024-12-04T05:01:38.099+0000] {logging_mixin.py:120} INFO - [2024-12-04T05:01:38.099+0000] {dag.py:2585} INFO - Sync 1 DAGs
[2024-12-04T05:01:38.134+0000] {logging_mixin.py:120} INFO - [2024-12-04T05:01:38.134+0000] {dag.py:3340} INFO - Setting next_dagrun for example_time_delta_sensor_async to None, run_after=None
[2024-12-04T05:01:38.169+0000] {processor.py:176} INFO - Processing /home/airflow/.local/lib/python3.7/site-packages/airflow/example_dags/example_time_delta_sensor_async.py took 0.383 seconds
[2024-12-04T05:02:08.261+0000] {processor.py:154} INFO - Started process (PID=416) to work on /home/airflow/.local/lib/python3.7/site-packages/airflow/example_dags/example_time_delta_sensor_async.py
[2024-12-04T05:02:08.262+0000] {processor.py:756} INFO - Processing file /home/airflow/.local/lib/python3.7/site-packages/airflow/example_dags/example_time_delta_sensor_async.py for tasks to queue
[2024-12-04T05:02:08.263+0000] {logging_mixin.py:120} INFO - [2024-12-04T05:02:08.263+0000] {dagbag.py:537} INFO - Filling up the DagBag from /home/airflow/.local/lib/python3.7/site-packages/airflow/example_dags/example_time_delta_sensor_async.py
[2024-12-04T05:02:08.282+0000] {processor.py:766} INFO - DAG(s) dict_keys(['example_time_delta_sensor_async']) retrieved from /home/airflow/.local/lib/python3.7/site-packages/airflow/example_dags/example_time_delta_sensor_async.py
[2024-12-04T05:02:08.566+0000] {logging_mixin.py:120} INFO - [2024-12-04T05:02:08.566+0000] {dag.py:2585} INFO - Sync 1 DAGs
[2024-12-04T05:02:08.601+0000] {logging_mixin.py:120} INFO - [2024-12-04T05:02:08.601+0000] {dag.py:3340} INFO - Setting next_dagrun for example_time_delta_sensor_async to None, run_after=None
[2024-12-04T05:02:08.635+0000] {processor.py:176} INFO - Processing /home/airflow/.local/lib/python3.7/site-packages/airflow/example_dags/example_time_delta_sensor_async.py took 0.378 seconds
[2024-12-04T05:02:38.990+0000] {processor.py:154} INFO - Started process (PID=479) to work on /home/airflow/.local/lib/python3.7/site-packages/airflow/example_dags/example_time_delta_sensor_async.py
[2024-12-04T05:02:38.991+0000] {processor.py:756} INFO - Processing file /home/airflow/.local/lib/python3.7/site-packages/airflow/example_dags/example_time_delta_sensor_async.py for tasks to queue
[2024-12-04T05:02:38.992+0000] {logging_mixin.py:120} INFO - [2024-12-04T05:02:38.992+0000] {dagbag.py:537} INFO - Filling up the DagBag from /home/airflow/.local/lib/python3.7/site-packages/airflow/example_dags/example_time_delta_sensor_async.py
[2024-12-04T05:02:39.012+0000] {processor.py:766} INFO - DAG(s) dict_keys(['example_time_delta_sensor_async']) retrieved from /home/airflow/.local/lib/python3.7/site-packages/airflow/example_dags/example_time_delta_sensor_async.py
[2024-12-04T05:02:39.327+0000] {logging_mixin.py:120} INFO - [2024-12-04T05:02:39.327+0000] {dag.py:2585} INFO - Sync 1 DAGs
[2024-12-04T05:02:39.378+0000] {logging_mixin.py:120} INFO - [2024-12-04T05:02:39.378+0000] {dag.py:3340} INFO - Setting next_dagrun for example_time_delta_sensor_async to None, run_after=None
[2024-12-04T05:02:39.421+0000] {processor.py:176} INFO - Processing /home/airflow/.local/lib/python3.7/site-packages/airflow/example_dags/example_time_delta_sensor_async.py took 0.436 seconds
[2024-12-04T05:03:09.587+0000] {processor.py:154} INFO - Started process (PID=534) to work on /home/airflow/.local/lib/python3.7/site-packages/airflow/example_dags/example_time_delta_sensor_async.py
[2024-12-04T05:03:09.588+0000] {processor.py:756} INFO - Processing file /home/airflow/.local/lib/python3.7/site-packages/airflow/example_dags/example_time_delta_sensor_async.py for tasks to queue
[2024-12-04T05:03:09.589+0000] {logging_mixin.py:120} INFO - [2024-12-04T05:03:09.589+0000] {dagbag.py:537} INFO - Filling up the DagBag from /home/airflow/.local/lib/python3.7/site-packages/airflow/example_dags/example_time_delta_sensor_async.py
[2024-12-04T05:03:09.604+0000] {processor.py:766} INFO - DAG(s) dict_keys(['example_time_delta_sensor_async']) retrieved from /home/airflow/.local/lib/python3.7/site-packages/airflow/example_dags/example_time_delta_sensor_async.py
[2024-12-04T05:03:09.867+0000] {logging_mixin.py:120} INFO - [2024-12-04T05:03:09.867+0000] {dag.py:2585} INFO - Sync 1 DAGs
[2024-12-04T05:03:09.901+0000] {logging_mixin.py:120} INFO - [2024-12-04T05:03:09.901+0000] {dag.py:3340} INFO - Setting next_dagrun for example_time_delta_sensor_async to None, run_after=None
[2024-12-04T05:03:09.928+0000] {processor.py:176} INFO - Processing /home/airflow/.local/lib/python3.7/site-packages/airflow/example_dags/example_time_delta_sensor_async.py took 0.346 seconds
[2024-12-04T05:03:40.133+0000] {processor.py:154} INFO - Started process (PID=597) to work on /home/airflow/.local/lib/python3.7/site-packages/airflow/example_dags/example_time_delta_sensor_async.py
[2024-12-04T05:03:40.135+0000] {processor.py:756} INFO - Processing file /home/airflow/.local/lib/python3.7/site-packages/airflow/example_dags/example_time_delta_sensor_async.py for tasks to queue
[2024-12-04T05:03:40.136+0000] {logging_mixin.py:120} INFO - [2024-12-04T05:03:40.136+0000] {dagbag.py:537} INFO - Filling up the DagBag from /home/airflow/.local/lib/python3.7/site-packages/airflow/example_dags/example_time_delta_sensor_async.py
[2024-12-04T05:03:40.154+0000] {processor.py:766} INFO - DAG(s) dict_keys(['example_time_delta_sensor_async']) retrieved from /home/airflow/.local/lib/python3.7/site-packages/airflow/example_dags/example_time_delta_sensor_async.py
[2024-12-04T05:03:40.425+0000] {logging_mixin.py:120} INFO - [2024-12-04T05:03:40.425+0000] {dag.py:2585} INFO - Sync 1 DAGs
[2024-12-04T05:03:40.461+0000] {logging_mixin.py:120} INFO - [2024-12-04T05:03:40.460+0000] {dag.py:3340} INFO - Setting next_dagrun for example_time_delta_sensor_async to None, run_after=None
[2024-12-04T05:03:40.495+0000] {processor.py:176} INFO - Processing /home/airflow/.local/lib/python3.7/site-packages/airflow/example_dags/example_time_delta_sensor_async.py took 0.369 seconds
[2024-12-04T05:04:10.942+0000] {processor.py:154} INFO - Started process (PID=651) to work on /home/airflow/.local/lib/python3.7/site-packages/airflow/example_dags/example_time_delta_sensor_async.py
[2024-12-04T05:04:10.944+0000] {processor.py:756} INFO - Processing file /home/airflow/.local/lib/python3.7/site-packages/airflow/example_dags/example_time_delta_sensor_async.py for tasks to queue
[2024-12-04T05:04:10.945+0000] {logging_mixin.py:120} INFO - [2024-12-04T05:04:10.945+0000] {dagbag.py:537} INFO - Filling up the DagBag from /home/airflow/.local/lib/python3.7/site-packages/airflow/example_dags/example_time_delta_sensor_async.py
[2024-12-04T05:04:10.962+0000] {processor.py:766} INFO - DAG(s) dict_keys(['example_time_delta_sensor_async']) retrieved from /home/airflow/.local/lib/python3.7/site-packages/airflow/example_dags/example_time_delta_sensor_async.py
[2024-12-04T05:04:11.242+0000] {logging_mixin.py:120} INFO - [2024-12-04T05:04:11.241+0000] {dag.py:2585} INFO - Sync 1 DAGs
[2024-12-04T05:04:11.277+0000] {logging_mixin.py:120} INFO - [2024-12-04T05:04:11.277+0000] {dag.py:3340} INFO - Setting next_dagrun for example_time_delta_sensor_async to None, run_after=None
[2024-12-04T05:04:11.316+0000] {processor.py:176} INFO - Processing /home/airflow/.local/lib/python3.7/site-packages/airflow/example_dags/example_time_delta_sensor_async.py took 0.381 seconds
[2024-12-04T05:04:41.466+0000] {processor.py:154} INFO - Started process (PID=715) to work on /home/airflow/.local/lib/python3.7/site-packages/airflow/example_dags/example_time_delta_sensor_async.py
[2024-12-04T05:04:41.467+0000] {processor.py:756} INFO - Processing file /home/airflow/.local/lib/python3.7/site-packages/airflow/example_dags/example_time_delta_sensor_async.py for tasks to queue
[2024-12-04T05:04:41.468+0000] {logging_mixin.py:120} INFO - [2024-12-04T05:04:41.468+0000] {dagbag.py:537} INFO - Filling up the DagBag from /home/airflow/.local/lib/python3.7/site-packages/airflow/example_dags/example_time_delta_sensor_async.py
[2024-12-04T05:04:41.484+0000] {processor.py:766} INFO - DAG(s) dict_keys(['example_time_delta_sensor_async']) retrieved from /home/airflow/.local/lib/python3.7/site-packages/airflow/example_dags/example_time_delta_sensor_async.py
[2024-12-04T05:04:41.747+0000] {logging_mixin.py:120} INFO - [2024-12-04T05:04:41.747+0000] {dag.py:2585} INFO - Sync 1 DAGs
[2024-12-04T05:04:41.785+0000] {logging_mixin.py:120} INFO - [2024-12-04T05:04:41.784+0000] {dag.py:3340} INFO - Setting next_dagrun for example_time_delta_sensor_async to None, run_after=None
[2024-12-04T05:04:41.814+0000] {processor.py:176} INFO - Processing /home/airflow/.local/lib/python3.7/site-packages/airflow/example_dags/example_time_delta_sensor_async.py took 0.352 seconds
