[2024-12-04T04:51:48.792+0000] {processor.py:154} INFO - Started process (PID=47) to work on /home/airflow/.local/lib/python3.7/site-packages/airflow/example_dags/example_latest_only_with_trigger.py
[2024-12-04T04:51:48.792+0000] {processor.py:756} INFO - Processing file /home/airflow/.local/lib/python3.7/site-packages/airflow/example_dags/example_latest_only_with_trigger.py for tasks to queue
[2024-12-04T04:51:48.793+0000] {logging_mixin.py:120} INFO - [2024-12-04T04:51:48.793+0000] {dagbag.py:537} INFO - Filling up the DagBag from /home/airflow/.local/lib/python3.7/site-packages/airflow/example_dags/example_latest_only_with_trigger.py
[2024-12-04T04:51:48.810+0000] {processor.py:766} INFO - DAG(s) dict_keys(['latest_only_with_trigger']) retrieved from /home/airflow/.local/lib/python3.7/site-packages/airflow/example_dags/example_latest_only_with_trigger.py
[2024-12-04T04:51:48.840+0000] {logging_mixin.py:120} INFO - [2024-12-04T04:51:48.840+0000] {dag.py:2585} INFO - Sync 1 DAGs
[2024-12-04T04:51:48.866+0000] {logging_mixin.py:120} INFO - [2024-12-04T04:51:48.866+0000] {dag.py:3340} INFO - Setting next_dagrun for latest_only_with_trigger to 2024-12-04T00:51:48.866024+00:00, run_after=2024-12-04T04:51:48.866024+00:00
[2024-12-04T04:51:48.894+0000] {processor.py:176} INFO - Processing /home/airflow/.local/lib/python3.7/site-packages/airflow/example_dags/example_latest_only_with_trigger.py took 0.106 seconds
[2024-12-04T04:52:20.103+0000] {processor.py:154} INFO - Started process (PID=110) to work on /home/airflow/.local/lib/python3.7/site-packages/airflow/example_dags/example_latest_only_with_trigger.py
[2024-12-04T04:52:20.104+0000] {processor.py:756} INFO - Processing file /home/airflow/.local/lib/python3.7/site-packages/airflow/example_dags/example_latest_only_with_trigger.py for tasks to queue
[2024-12-04T04:52:20.105+0000] {logging_mixin.py:120} INFO - [2024-12-04T04:52:20.105+0000] {dagbag.py:537} INFO - Filling up the DagBag from /home/airflow/.local/lib/python3.7/site-packages/airflow/example_dags/example_latest_only_with_trigger.py
[2024-12-04T04:52:20.128+0000] {processor.py:766} INFO - DAG(s) dict_keys(['latest_only_with_trigger']) retrieved from /home/airflow/.local/lib/python3.7/site-packages/airflow/example_dags/example_latest_only_with_trigger.py
[2024-12-04T04:52:20.182+0000] {logging_mixin.py:120} INFO - [2024-12-04T04:52:20.181+0000] {dag.py:2585} INFO - Sync 1 DAGs
[2024-12-04T04:52:20.218+0000] {logging_mixin.py:120} INFO - [2024-12-04T04:52:20.218+0000] {dag.py:3340} INFO - Setting next_dagrun for latest_only_with_trigger to 2024-12-04T00:52:20.218103+00:00, run_after=2024-12-04T04:52:20.218103+00:00
[2024-12-04T04:52:20.247+0000] {processor.py:176} INFO - Processing /home/airflow/.local/lib/python3.7/site-packages/airflow/example_dags/example_latest_only_with_trigger.py took 0.148 seconds
[2024-12-04T04:59:01.516+0000] {processor.py:154} INFO - Started process (PID=46) to work on /home/airflow/.local/lib/python3.7/site-packages/airflow/example_dags/example_latest_only_with_trigger.py
[2024-12-04T04:59:01.517+0000] {processor.py:756} INFO - Processing file /home/airflow/.local/lib/python3.7/site-packages/airflow/example_dags/example_latest_only_with_trigger.py for tasks to queue
[2024-12-04T04:59:01.518+0000] {logging_mixin.py:120} INFO - [2024-12-04T04:59:01.518+0000] {dagbag.py:537} INFO - Filling up the DagBag from /home/airflow/.local/lib/python3.7/site-packages/airflow/example_dags/example_latest_only_with_trigger.py
[2024-12-04T04:59:01.534+0000] {processor.py:766} INFO - DAG(s) dict_keys(['latest_only_with_trigger']) retrieved from /home/airflow/.local/lib/python3.7/site-packages/airflow/example_dags/example_latest_only_with_trigger.py
[2024-12-04T04:59:01.559+0000] {logging_mixin.py:120} INFO - [2024-12-04T04:59:01.558+0000] {dag.py:2585} INFO - Sync 1 DAGs
[2024-12-04T04:59:01.584+0000] {logging_mixin.py:120} INFO - [2024-12-04T04:59:01.584+0000] {dag.py:3340} INFO - Setting next_dagrun for latest_only_with_trigger to 2024-12-04T00:59:01.584527+00:00, run_after=2024-12-04T04:59:01.584527+00:00
[2024-12-04T04:59:01.602+0000] {processor.py:176} INFO - Processing /home/airflow/.local/lib/python3.7/site-packages/airflow/example_dags/example_latest_only_with_trigger.py took 0.089 seconds
[2024-12-04T04:59:32.440+0000] {processor.py:154} INFO - Started process (PID=109) to work on /home/airflow/.local/lib/python3.7/site-packages/airflow/example_dags/example_latest_only_with_trigger.py
[2024-12-04T04:59:32.442+0000] {processor.py:756} INFO - Processing file /home/airflow/.local/lib/python3.7/site-packages/airflow/example_dags/example_latest_only_with_trigger.py for tasks to queue
[2024-12-04T04:59:32.443+0000] {logging_mixin.py:120} INFO - [2024-12-04T04:59:32.443+0000] {dagbag.py:537} INFO - Filling up the DagBag from /home/airflow/.local/lib/python3.7/site-packages/airflow/example_dags/example_latest_only_with_trigger.py
[2024-12-04T04:59:32.464+0000] {processor.py:766} INFO - DAG(s) dict_keys(['latest_only_with_trigger']) retrieved from /home/airflow/.local/lib/python3.7/site-packages/airflow/example_dags/example_latest_only_with_trigger.py
[2024-12-04T04:59:32.505+0000] {logging_mixin.py:120} INFO - [2024-12-04T04:59:32.505+0000] {dag.py:2585} INFO - Sync 1 DAGs
[2024-12-04T04:59:32.532+0000] {logging_mixin.py:120} INFO - [2024-12-04T04:59:32.532+0000] {dag.py:3340} INFO - Setting next_dagrun for latest_only_with_trigger to 2024-12-04T00:59:32.531835+00:00, run_after=2024-12-04T04:59:32.531835+00:00
[2024-12-04T04:59:32.555+0000] {processor.py:176} INFO - Processing /home/airflow/.local/lib/python3.7/site-packages/airflow/example_dags/example_latest_only_with_trigger.py took 0.120 seconds
[2024-12-04T05:00:04.014+0000] {processor.py:154} INFO - Started process (PID=173) to work on /home/airflow/.local/lib/python3.7/site-packages/airflow/example_dags/example_latest_only_with_trigger.py
[2024-12-04T05:00:04.016+0000] {processor.py:756} INFO - Processing file /home/airflow/.local/lib/python3.7/site-packages/airflow/example_dags/example_latest_only_with_trigger.py for tasks to queue
[2024-12-04T05:00:04.017+0000] {logging_mixin.py:120} INFO - [2024-12-04T05:00:04.016+0000] {dagbag.py:537} INFO - Filling up the DagBag from /home/airflow/.local/lib/python3.7/site-packages/airflow/example_dags/example_latest_only_with_trigger.py
[2024-12-04T05:00:04.043+0000] {processor.py:766} INFO - DAG(s) dict_keys(['latest_only_with_trigger']) retrieved from /home/airflow/.local/lib/python3.7/site-packages/airflow/example_dags/example_latest_only_with_trigger.py
[2024-12-04T05:00:04.114+0000] {logging_mixin.py:120} INFO - [2024-12-04T05:00:04.113+0000] {dag.py:2585} INFO - Sync 1 DAGs
[2024-12-04T05:00:04.154+0000] {logging_mixin.py:120} INFO - [2024-12-04T05:00:04.153+0000] {dag.py:3340} INFO - Setting next_dagrun for latest_only_with_trigger to 2024-12-04T01:00:04.153424+00:00, run_after=2024-12-04T05:00:04.153424+00:00
[2024-12-04T05:00:04.185+0000] {processor.py:176} INFO - Processing /home/airflow/.local/lib/python3.7/site-packages/airflow/example_dags/example_latest_only_with_trigger.py took 0.177 seconds
[2024-12-04T05:00:34.613+0000] {processor.py:154} INFO - Started process (PID=228) to work on /home/airflow/.local/lib/python3.7/site-packages/airflow/example_dags/example_latest_only_with_trigger.py
[2024-12-04T05:00:34.614+0000] {processor.py:756} INFO - Processing file /home/airflow/.local/lib/python3.7/site-packages/airflow/example_dags/example_latest_only_with_trigger.py for tasks to queue
[2024-12-04T05:00:34.615+0000] {logging_mixin.py:120} INFO - [2024-12-04T05:00:34.615+0000] {dagbag.py:537} INFO - Filling up the DagBag from /home/airflow/.local/lib/python3.7/site-packages/airflow/example_dags/example_latest_only_with_trigger.py
[2024-12-04T05:00:34.637+0000] {processor.py:766} INFO - DAG(s) dict_keys(['latest_only_with_trigger']) retrieved from /home/airflow/.local/lib/python3.7/site-packages/airflow/example_dags/example_latest_only_with_trigger.py
[2024-12-04T05:00:34.693+0000] {logging_mixin.py:120} INFO - [2024-12-04T05:00:34.692+0000] {dag.py:2585} INFO - Sync 1 DAGs
[2024-12-04T05:00:34.728+0000] {logging_mixin.py:120} INFO - [2024-12-04T05:00:34.727+0000] {dag.py:3340} INFO - Setting next_dagrun for latest_only_with_trigger to 2024-12-04T01:00:34.727593+00:00, run_after=2024-12-04T05:00:34.727593+00:00
[2024-12-04T05:00:34.755+0000] {processor.py:176} INFO - Processing /home/airflow/.local/lib/python3.7/site-packages/airflow/example_dags/example_latest_only_with_trigger.py took 0.146 seconds
[2024-12-04T05:01:04.918+0000] {processor.py:154} INFO - Started process (PID=290) to work on /home/airflow/.local/lib/python3.7/site-packages/airflow/example_dags/example_latest_only_with_trigger.py
[2024-12-04T05:01:04.919+0000] {processor.py:756} INFO - Processing file /home/airflow/.local/lib/python3.7/site-packages/airflow/example_dags/example_latest_only_with_trigger.py for tasks to queue
[2024-12-04T05:01:04.920+0000] {logging_mixin.py:120} INFO - [2024-12-04T05:01:04.920+0000] {dagbag.py:537} INFO - Filling up the DagBag from /home/airflow/.local/lib/python3.7/site-packages/airflow/example_dags/example_latest_only_with_trigger.py
[2024-12-04T05:01:04.937+0000] {processor.py:766} INFO - DAG(s) dict_keys(['latest_only_with_trigger']) retrieved from /home/airflow/.local/lib/python3.7/site-packages/airflow/example_dags/example_latest_only_with_trigger.py
[2024-12-04T05:01:04.991+0000] {logging_mixin.py:120} INFO - [2024-12-04T05:01:04.991+0000] {dag.py:2585} INFO - Sync 1 DAGs
[2024-12-04T05:01:05.018+0000] {logging_mixin.py:120} INFO - [2024-12-04T05:01:05.017+0000] {dag.py:3340} INFO - Setting next_dagrun for latest_only_with_trigger to 2024-12-04T01:01:05.017666+00:00, run_after=2024-12-04T05:01:05.017666+00:00
[2024-12-04T05:01:05.046+0000] {processor.py:176} INFO - Processing /home/airflow/.local/lib/python3.7/site-packages/airflow/example_dags/example_latest_only_with_trigger.py took 0.132 seconds
[2024-12-04T05:01:35.661+0000] {processor.py:154} INFO - Started process (PID=344) to work on /home/airflow/.local/lib/python3.7/site-packages/airflow/example_dags/example_latest_only_with_trigger.py
[2024-12-04T05:01:35.663+0000] {processor.py:756} INFO - Processing file /home/airflow/.local/lib/python3.7/site-packages/airflow/example_dags/example_latest_only_with_trigger.py for tasks to queue
[2024-12-04T05:01:35.663+0000] {logging_mixin.py:120} INFO - [2024-12-04T05:01:35.663+0000] {dagbag.py:537} INFO - Filling up the DagBag from /home/airflow/.local/lib/python3.7/site-packages/airflow/example_dags/example_latest_only_with_trigger.py
[2024-12-04T05:01:35.685+0000] {processor.py:766} INFO - DAG(s) dict_keys(['latest_only_with_trigger']) retrieved from /home/airflow/.local/lib/python3.7/site-packages/airflow/example_dags/example_latest_only_with_trigger.py
[2024-12-04T05:01:35.745+0000] {logging_mixin.py:120} INFO - [2024-12-04T05:01:35.745+0000] {dag.py:2585} INFO - Sync 1 DAGs
[2024-12-04T05:01:35.786+0000] {logging_mixin.py:120} INFO - [2024-12-04T05:01:35.786+0000] {dag.py:3340} INFO - Setting next_dagrun for latest_only_with_trigger to 2024-12-04T01:01:35.786370+00:00, run_after=2024-12-04T05:01:35.786370+00:00
[2024-12-04T05:01:35.819+0000] {processor.py:176} INFO - Processing /home/airflow/.local/lib/python3.7/site-packages/airflow/example_dags/example_latest_only_with_trigger.py took 0.163 seconds
[2024-12-04T05:02:06.420+0000] {processor.py:154} INFO - Started process (PID=407) to work on /home/airflow/.local/lib/python3.7/site-packages/airflow/example_dags/example_latest_only_with_trigger.py
[2024-12-04T05:02:06.421+0000] {processor.py:756} INFO - Processing file /home/airflow/.local/lib/python3.7/site-packages/airflow/example_dags/example_latest_only_with_trigger.py for tasks to queue
[2024-12-04T05:02:06.421+0000] {logging_mixin.py:120} INFO - [2024-12-04T05:02:06.421+0000] {dagbag.py:537} INFO - Filling up the DagBag from /home/airflow/.local/lib/python3.7/site-packages/airflow/example_dags/example_latest_only_with_trigger.py
[2024-12-04T05:02:06.439+0000] {processor.py:766} INFO - DAG(s) dict_keys(['latest_only_with_trigger']) retrieved from /home/airflow/.local/lib/python3.7/site-packages/airflow/example_dags/example_latest_only_with_trigger.py
[2024-12-04T05:02:06.485+0000] {logging_mixin.py:120} INFO - [2024-12-04T05:02:06.485+0000] {dag.py:2585} INFO - Sync 1 DAGs
[2024-12-04T05:02:06.512+0000] {logging_mixin.py:120} INFO - [2024-12-04T05:02:06.511+0000] {dag.py:3340} INFO - Setting next_dagrun for latest_only_with_trigger to 2024-12-04T01:02:06.511684+00:00, run_after=2024-12-04T05:02:06.511684+00:00
[2024-12-04T05:02:06.538+0000] {processor.py:176} INFO - Processing /home/airflow/.local/lib/python3.7/site-packages/airflow/example_dags/example_latest_only_with_trigger.py took 0.124 seconds
[2024-12-04T05:02:36.942+0000] {processor.py:154} INFO - Started process (PID=461) to work on /home/airflow/.local/lib/python3.7/site-packages/airflow/example_dags/example_latest_only_with_trigger.py
[2024-12-04T05:02:36.943+0000] {processor.py:756} INFO - Processing file /home/airflow/.local/lib/python3.7/site-packages/airflow/example_dags/example_latest_only_with_trigger.py for tasks to queue
[2024-12-04T05:02:36.944+0000] {logging_mixin.py:120} INFO - [2024-12-04T05:02:36.944+0000] {dagbag.py:537} INFO - Filling up the DagBag from /home/airflow/.local/lib/python3.7/site-packages/airflow/example_dags/example_latest_only_with_trigger.py
[2024-12-04T05:02:36.965+0000] {processor.py:766} INFO - DAG(s) dict_keys(['latest_only_with_trigger']) retrieved from /home/airflow/.local/lib/python3.7/site-packages/airflow/example_dags/example_latest_only_with_trigger.py
[2024-12-04T05:02:37.025+0000] {logging_mixin.py:120} INFO - [2024-12-04T05:02:37.025+0000] {dag.py:2585} INFO - Sync 1 DAGs
[2024-12-04T05:02:37.060+0000] {logging_mixin.py:120} INFO - [2024-12-04T05:02:37.060+0000] {dag.py:3340} INFO - Setting next_dagrun for latest_only_with_trigger to 2024-12-04T01:02:37.059910+00:00, run_after=2024-12-04T05:02:37.059910+00:00
[2024-12-04T05:02:37.089+0000] {processor.py:176} INFO - Processing /home/airflow/.local/lib/python3.7/site-packages/airflow/example_dags/example_latest_only_with_trigger.py took 0.152 seconds
[2024-12-04T05:03:07.349+0000] {processor.py:154} INFO - Started process (PID=524) to work on /home/airflow/.local/lib/python3.7/site-packages/airflow/example_dags/example_latest_only_with_trigger.py
[2024-12-04T05:03:07.351+0000] {processor.py:756} INFO - Processing file /home/airflow/.local/lib/python3.7/site-packages/airflow/example_dags/example_latest_only_with_trigger.py for tasks to queue
[2024-12-04T05:03:07.351+0000] {logging_mixin.py:120} INFO - [2024-12-04T05:03:07.351+0000] {dagbag.py:537} INFO - Filling up the DagBag from /home/airflow/.local/lib/python3.7/site-packages/airflow/example_dags/example_latest_only_with_trigger.py
[2024-12-04T05:03:07.372+0000] {processor.py:766} INFO - DAG(s) dict_keys(['latest_only_with_trigger']) retrieved from /home/airflow/.local/lib/python3.7/site-packages/airflow/example_dags/example_latest_only_with_trigger.py
[2024-12-04T05:03:07.429+0000] {logging_mixin.py:120} INFO - [2024-12-04T05:03:07.429+0000] {dag.py:2585} INFO - Sync 1 DAGs
[2024-12-04T05:03:07.463+0000] {logging_mixin.py:120} INFO - [2024-12-04T05:03:07.463+0000] {dag.py:3340} INFO - Setting next_dagrun for latest_only_with_trigger to 2024-12-04T01:03:07.463434+00:00, run_after=2024-12-04T05:03:07.463434+00:00
[2024-12-04T05:03:07.494+0000] {processor.py:176} INFO - Processing /home/airflow/.local/lib/python3.7/site-packages/airflow/example_dags/example_latest_only_with_trigger.py took 0.150 seconds
[2024-12-04T05:03:38.338+0000] {processor.py:154} INFO - Started process (PID=587) to work on /home/airflow/.local/lib/python3.7/site-packages/airflow/example_dags/example_latest_only_with_trigger.py
[2024-12-04T05:03:38.339+0000] {processor.py:756} INFO - Processing file /home/airflow/.local/lib/python3.7/site-packages/airflow/example_dags/example_latest_only_with_trigger.py for tasks to queue
[2024-12-04T05:03:38.340+0000] {logging_mixin.py:120} INFO - [2024-12-04T05:03:38.340+0000] {dagbag.py:537} INFO - Filling up the DagBag from /home/airflow/.local/lib/python3.7/site-packages/airflow/example_dags/example_latest_only_with_trigger.py
[2024-12-04T05:03:38.365+0000] {processor.py:766} INFO - DAG(s) dict_keys(['latest_only_with_trigger']) retrieved from /home/airflow/.local/lib/python3.7/site-packages/airflow/example_dags/example_latest_only_with_trigger.py
[2024-12-04T05:03:38.427+0000] {logging_mixin.py:120} INFO - [2024-12-04T05:03:38.427+0000] {dag.py:2585} INFO - Sync 1 DAGs
[2024-12-04T05:03:38.467+0000] {logging_mixin.py:120} INFO - [2024-12-04T05:03:38.467+0000] {dag.py:3340} INFO - Setting next_dagrun for latest_only_with_trigger to 2024-12-04T01:03:38.467469+00:00, run_after=2024-12-04T05:03:38.467469+00:00
[2024-12-04T05:03:38.501+0000] {processor.py:176} INFO - Processing /home/airflow/.local/lib/python3.7/site-packages/airflow/example_dags/example_latest_only_with_trigger.py took 0.168 seconds
[2024-12-04T05:04:08.680+0000] {processor.py:154} INFO - Started process (PID=641) to work on /home/airflow/.local/lib/python3.7/site-packages/airflow/example_dags/example_latest_only_with_trigger.py
[2024-12-04T05:04:08.681+0000] {processor.py:756} INFO - Processing file /home/airflow/.local/lib/python3.7/site-packages/airflow/example_dags/example_latest_only_with_trigger.py for tasks to queue
[2024-12-04T05:04:08.682+0000] {logging_mixin.py:120} INFO - [2024-12-04T05:04:08.682+0000] {dagbag.py:537} INFO - Filling up the DagBag from /home/airflow/.local/lib/python3.7/site-packages/airflow/example_dags/example_latest_only_with_trigger.py
[2024-12-04T05:04:08.701+0000] {processor.py:766} INFO - DAG(s) dict_keys(['latest_only_with_trigger']) retrieved from /home/airflow/.local/lib/python3.7/site-packages/airflow/example_dags/example_latest_only_with_trigger.py
[2024-12-04T05:04:08.760+0000] {logging_mixin.py:120} INFO - [2024-12-04T05:04:08.760+0000] {dag.py:2585} INFO - Sync 1 DAGs
[2024-12-04T05:04:08.796+0000] {logging_mixin.py:120} INFO - [2024-12-04T05:04:08.796+0000] {dag.py:3340} INFO - Setting next_dagrun for latest_only_with_trigger to 2024-12-04T01:04:08.796317+00:00, run_after=2024-12-04T05:04:08.796317+00:00
[2024-12-04T05:04:08.832+0000] {processor.py:176} INFO - Processing /home/airflow/.local/lib/python3.7/site-packages/airflow/example_dags/example_latest_only_with_trigger.py took 0.156 seconds
[2024-12-04T05:04:39.012+0000] {processor.py:154} INFO - Started process (PID=704) to work on /home/airflow/.local/lib/python3.7/site-packages/airflow/example_dags/example_latest_only_with_trigger.py
[2024-12-04T05:04:39.014+0000] {processor.py:756} INFO - Processing file /home/airflow/.local/lib/python3.7/site-packages/airflow/example_dags/example_latest_only_with_trigger.py for tasks to queue
[2024-12-04T05:04:39.014+0000] {logging_mixin.py:120} INFO - [2024-12-04T05:04:39.014+0000] {dagbag.py:537} INFO - Filling up the DagBag from /home/airflow/.local/lib/python3.7/site-packages/airflow/example_dags/example_latest_only_with_trigger.py
[2024-12-04T05:04:39.036+0000] {processor.py:766} INFO - DAG(s) dict_keys(['latest_only_with_trigger']) retrieved from /home/airflow/.local/lib/python3.7/site-packages/airflow/example_dags/example_latest_only_with_trigger.py
[2024-12-04T05:04:39.101+0000] {logging_mixin.py:120} INFO - [2024-12-04T05:04:39.101+0000] {dag.py:2585} INFO - Sync 1 DAGs
[2024-12-04T05:04:39.140+0000] {logging_mixin.py:120} INFO - [2024-12-04T05:04:39.140+0000] {dag.py:3340} INFO - Setting next_dagrun for latest_only_with_trigger to 2024-12-04T01:04:39.139652+00:00, run_after=2024-12-04T05:04:39.139652+00:00
[2024-12-04T05:04:39.174+0000] {processor.py:176} INFO - Processing /home/airflow/.local/lib/python3.7/site-packages/airflow/example_dags/example_latest_only_with_trigger.py took 0.168 seconds
