[2024-12-04T04:51:48.297+0000] {processor.py:154} INFO - Started process (PID=43) to work on /home/airflow/.local/lib/python3.7/site-packages/airflow/example_dags/example_kubernetes_executor.py
[2024-12-04T04:51:48.298+0000] {processor.py:756} INFO - Processing file /home/airflow/.local/lib/python3.7/site-packages/airflow/example_dags/example_kubernetes_executor.py for tasks to queue
[2024-12-04T04:51:48.299+0000] {logging_mixin.py:120} INFO - [2024-12-04T04:51:48.298+0000] {dagbag.py:537} INFO - Filling up the DagBag from /home/airflow/.local/lib/python3.7/site-packages/airflow/example_dags/example_kubernetes_executor.py
[2024-12-04T04:51:48.352+0000] {processor.py:766} INFO - DAG(s) dict_keys(['example_kubernetes_executor']) retrieved from /home/airflow/.local/lib/python3.7/site-packages/airflow/example_dags/example_kubernetes_executor.py
[2024-12-04T04:51:48.378+0000] {logging_mixin.py:120} INFO - [2024-12-04T04:51:48.378+0000] {dag.py:2585} INFO - Sync 1 DAGs
[2024-12-04T04:51:48.404+0000] {logging_mixin.py:120} INFO - [2024-12-04T04:51:48.403+0000] {dag.py:3340} INFO - Setting next_dagrun for example_kubernetes_executor to None, run_after=None
[2024-12-04T04:51:48.426+0000] {processor.py:176} INFO - Processing /home/airflow/.local/lib/python3.7/site-packages/airflow/example_dags/example_kubernetes_executor.py took 0.133 seconds
[2024-12-04T04:52:18.990+0000] {processor.py:154} INFO - Started process (PID=106) to work on /home/airflow/.local/lib/python3.7/site-packages/airflow/example_dags/example_kubernetes_executor.py
[2024-12-04T04:52:18.992+0000] {processor.py:756} INFO - Processing file /home/airflow/.local/lib/python3.7/site-packages/airflow/example_dags/example_kubernetes_executor.py for tasks to queue
[2024-12-04T04:52:18.993+0000] {logging_mixin.py:120} INFO - [2024-12-04T04:52:18.992+0000] {dagbag.py:537} INFO - Filling up the DagBag from /home/airflow/.local/lib/python3.7/site-packages/airflow/example_dags/example_kubernetes_executor.py
[2024-12-04T04:52:19.038+0000] {processor.py:766} INFO - DAG(s) dict_keys(['example_kubernetes_executor']) retrieved from /home/airflow/.local/lib/python3.7/site-packages/airflow/example_dags/example_kubernetes_executor.py
[2024-12-04T04:52:19.102+0000] {logging_mixin.py:120} INFO - [2024-12-04T04:52:19.102+0000] {dag.py:2585} INFO - Sync 1 DAGs
[2024-12-04T04:52:19.150+0000] {logging_mixin.py:120} INFO - [2024-12-04T04:52:19.150+0000] {dag.py:3340} INFO - Setting next_dagrun for example_kubernetes_executor to None, run_after=None
[2024-12-04T04:52:19.188+0000] {processor.py:176} INFO - Processing /home/airflow/.local/lib/python3.7/site-packages/airflow/example_dags/example_kubernetes_executor.py took 0.203 seconds
[2024-12-04T04:59:01.224+0000] {processor.py:154} INFO - Started process (PID=42) to work on /home/airflow/.local/lib/python3.7/site-packages/airflow/example_dags/example_kubernetes_executor.py
[2024-12-04T04:59:01.226+0000] {processor.py:756} INFO - Processing file /home/airflow/.local/lib/python3.7/site-packages/airflow/example_dags/example_kubernetes_executor.py for tasks to queue
[2024-12-04T04:59:01.226+0000] {logging_mixin.py:120} INFO - [2024-12-04T04:59:01.226+0000] {dagbag.py:537} INFO - Filling up the DagBag from /home/airflow/.local/lib/python3.7/site-packages/airflow/example_dags/example_kubernetes_executor.py
[2024-12-04T04:59:01.267+0000] {processor.py:766} INFO - DAG(s) dict_keys(['example_kubernetes_executor']) retrieved from /home/airflow/.local/lib/python3.7/site-packages/airflow/example_dags/example_kubernetes_executor.py
[2024-12-04T04:59:01.288+0000] {logging_mixin.py:120} INFO - [2024-12-04T04:59:01.288+0000] {dag.py:2585} INFO - Sync 1 DAGs
[2024-12-04T04:59:01.310+0000] {logging_mixin.py:120} INFO - [2024-12-04T04:59:01.310+0000] {dag.py:3340} INFO - Setting next_dagrun for example_kubernetes_executor to None, run_after=None
[2024-12-04T04:59:01.329+0000] {processor.py:176} INFO - Processing /home/airflow/.local/lib/python3.7/site-packages/airflow/example_dags/example_kubernetes_executor.py took 0.109 seconds
[2024-12-04T04:59:31.840+0000] {processor.py:154} INFO - Started process (PID=105) to work on /home/airflow/.local/lib/python3.7/site-packages/airflow/example_dags/example_kubernetes_executor.py
[2024-12-04T04:59:31.842+0000] {processor.py:756} INFO - Processing file /home/airflow/.local/lib/python3.7/site-packages/airflow/example_dags/example_kubernetes_executor.py for tasks to queue
[2024-12-04T04:59:31.843+0000] {logging_mixin.py:120} INFO - [2024-12-04T04:59:31.843+0000] {dagbag.py:537} INFO - Filling up the DagBag from /home/airflow/.local/lib/python3.7/site-packages/airflow/example_dags/example_kubernetes_executor.py
[2024-12-04T04:59:31.872+0000] {processor.py:766} INFO - DAG(s) dict_keys(['example_kubernetes_executor']) retrieved from /home/airflow/.local/lib/python3.7/site-packages/airflow/example_dags/example_kubernetes_executor.py
[2024-12-04T04:59:31.919+0000] {logging_mixin.py:120} INFO - [2024-12-04T04:59:31.918+0000] {dag.py:2585} INFO - Sync 1 DAGs
[2024-12-04T04:59:31.946+0000] {logging_mixin.py:120} INFO - [2024-12-04T04:59:31.946+0000] {dag.py:3340} INFO - Setting next_dagrun for example_kubernetes_executor to None, run_after=None
[2024-12-04T04:59:31.973+0000] {processor.py:176} INFO - Processing /home/airflow/.local/lib/python3.7/site-packages/airflow/example_dags/example_kubernetes_executor.py took 0.137 seconds
[2024-12-04T05:00:02.852+0000] {processor.py:154} INFO - Started process (PID=160) to work on /home/airflow/.local/lib/python3.7/site-packages/airflow/example_dags/example_kubernetes_executor.py
[2024-12-04T05:00:02.856+0000] {processor.py:756} INFO - Processing file /home/airflow/.local/lib/python3.7/site-packages/airflow/example_dags/example_kubernetes_executor.py for tasks to queue
[2024-12-04T05:00:02.858+0000] {logging_mixin.py:120} INFO - [2024-12-04T05:00:02.858+0000] {dagbag.py:537} INFO - Filling up the DagBag from /home/airflow/.local/lib/python3.7/site-packages/airflow/example_dags/example_kubernetes_executor.py
[2024-12-04T05:00:02.927+0000] {processor.py:766} INFO - DAG(s) dict_keys(['example_kubernetes_executor']) retrieved from /home/airflow/.local/lib/python3.7/site-packages/airflow/example_dags/example_kubernetes_executor.py
[2024-12-04T05:00:03.051+0000] {logging_mixin.py:120} INFO - [2024-12-04T05:00:03.051+0000] {dag.py:2585} INFO - Sync 1 DAGs
[2024-12-04T05:00:03.111+0000] {logging_mixin.py:120} INFO - [2024-12-04T05:00:03.111+0000] {dag.py:3340} INFO - Setting next_dagrun for example_kubernetes_executor to None, run_after=None
[2024-12-04T05:00:03.170+0000] {processor.py:176} INFO - Processing /home/airflow/.local/lib/python3.7/site-packages/airflow/example_dags/example_kubernetes_executor.py took 0.328 seconds
[2024-12-04T05:00:33.712+0000] {processor.py:154} INFO - Started process (PID=224) to work on /home/airflow/.local/lib/python3.7/site-packages/airflow/example_dags/example_kubernetes_executor.py
[2024-12-04T05:00:33.713+0000] {processor.py:756} INFO - Processing file /home/airflow/.local/lib/python3.7/site-packages/airflow/example_dags/example_kubernetes_executor.py for tasks to queue
[2024-12-04T05:00:33.714+0000] {logging_mixin.py:120} INFO - [2024-12-04T05:00:33.714+0000] {dagbag.py:537} INFO - Filling up the DagBag from /home/airflow/.local/lib/python3.7/site-packages/airflow/example_dags/example_kubernetes_executor.py
[2024-12-04T05:00:33.762+0000] {processor.py:766} INFO - DAG(s) dict_keys(['example_kubernetes_executor']) retrieved from /home/airflow/.local/lib/python3.7/site-packages/airflow/example_dags/example_kubernetes_executor.py
[2024-12-04T05:00:33.834+0000] {logging_mixin.py:120} INFO - [2024-12-04T05:00:33.834+0000] {dag.py:2585} INFO - Sync 1 DAGs
[2024-12-04T05:00:33.879+0000] {logging_mixin.py:120} INFO - [2024-12-04T05:00:33.878+0000] {dag.py:3340} INFO - Setting next_dagrun for example_kubernetes_executor to None, run_after=None
[2024-12-04T05:00:33.915+0000] {processor.py:176} INFO - Processing /home/airflow/.local/lib/python3.7/site-packages/airflow/example_dags/example_kubernetes_executor.py took 0.207 seconds
[2024-12-04T05:01:04.252+0000] {processor.py:154} INFO - Started process (PID=286) to work on /home/airflow/.local/lib/python3.7/site-packages/airflow/example_dags/example_kubernetes_executor.py
[2024-12-04T05:01:04.253+0000] {processor.py:756} INFO - Processing file /home/airflow/.local/lib/python3.7/site-packages/airflow/example_dags/example_kubernetes_executor.py for tasks to queue
[2024-12-04T05:01:04.254+0000] {logging_mixin.py:120} INFO - [2024-12-04T05:01:04.253+0000] {dagbag.py:537} INFO - Filling up the DagBag from /home/airflow/.local/lib/python3.7/site-packages/airflow/example_dags/example_kubernetes_executor.py
[2024-12-04T05:01:04.303+0000] {processor.py:766} INFO - DAG(s) dict_keys(['example_kubernetes_executor']) retrieved from /home/airflow/.local/lib/python3.7/site-packages/airflow/example_dags/example_kubernetes_executor.py
[2024-12-04T05:01:04.362+0000] {logging_mixin.py:120} INFO - [2024-12-04T05:01:04.362+0000] {dag.py:2585} INFO - Sync 1 DAGs
[2024-12-04T05:01:04.392+0000] {logging_mixin.py:120} INFO - [2024-12-04T05:01:04.392+0000] {dag.py:3340} INFO - Setting next_dagrun for example_kubernetes_executor to None, run_after=None
[2024-12-04T05:01:04.423+0000] {processor.py:176} INFO - Processing /home/airflow/.local/lib/python3.7/site-packages/airflow/example_dags/example_kubernetes_executor.py took 0.178 seconds
[2024-12-04T05:01:34.786+0000] {processor.py:154} INFO - Started process (PID=340) to work on /home/airflow/.local/lib/python3.7/site-packages/airflow/example_dags/example_kubernetes_executor.py
[2024-12-04T05:01:34.788+0000] {processor.py:756} INFO - Processing file /home/airflow/.local/lib/python3.7/site-packages/airflow/example_dags/example_kubernetes_executor.py for tasks to queue
[2024-12-04T05:01:34.789+0000] {logging_mixin.py:120} INFO - [2024-12-04T05:01:34.789+0000] {dagbag.py:537} INFO - Filling up the DagBag from /home/airflow/.local/lib/python3.7/site-packages/airflow/example_dags/example_kubernetes_executor.py
[2024-12-04T05:01:34.830+0000] {processor.py:766} INFO - DAG(s) dict_keys(['example_kubernetes_executor']) retrieved from /home/airflow/.local/lib/python3.7/site-packages/airflow/example_dags/example_kubernetes_executor.py
[2024-12-04T05:01:34.892+0000] {logging_mixin.py:120} INFO - [2024-12-04T05:01:34.892+0000] {dag.py:2585} INFO - Sync 1 DAGs
[2024-12-04T05:01:34.932+0000] {logging_mixin.py:120} INFO - [2024-12-04T05:01:34.931+0000] {dag.py:3340} INFO - Setting next_dagrun for example_kubernetes_executor to None, run_after=None
[2024-12-04T05:01:34.972+0000] {processor.py:176} INFO - Processing /home/airflow/.local/lib/python3.7/site-packages/airflow/example_dags/example_kubernetes_executor.py took 0.192 seconds
[2024-12-04T05:02:05.042+0000] {processor.py:154} INFO - Started process (PID=403) to work on /home/airflow/.local/lib/python3.7/site-packages/airflow/example_dags/example_kubernetes_executor.py
[2024-12-04T05:02:05.043+0000] {processor.py:756} INFO - Processing file /home/airflow/.local/lib/python3.7/site-packages/airflow/example_dags/example_kubernetes_executor.py for tasks to queue
[2024-12-04T05:02:05.044+0000] {logging_mixin.py:120} INFO - [2024-12-04T05:02:05.044+0000] {dagbag.py:537} INFO - Filling up the DagBag from /home/airflow/.local/lib/python3.7/site-packages/airflow/example_dags/example_kubernetes_executor.py
[2024-12-04T05:02:05.084+0000] {processor.py:766} INFO - DAG(s) dict_keys(['example_kubernetes_executor']) retrieved from /home/airflow/.local/lib/python3.7/site-packages/airflow/example_dags/example_kubernetes_executor.py
[2024-12-04T05:02:05.144+0000] {logging_mixin.py:120} INFO - [2024-12-04T05:02:05.144+0000] {dag.py:2585} INFO - Sync 1 DAGs
[2024-12-04T05:02:05.181+0000] {logging_mixin.py:120} INFO - [2024-12-04T05:02:05.181+0000] {dag.py:3340} INFO - Setting next_dagrun for example_kubernetes_executor to None, run_after=None
[2024-12-04T05:02:05.209+0000] {processor.py:176} INFO - Processing /home/airflow/.local/lib/python3.7/site-packages/airflow/example_dags/example_kubernetes_executor.py took 0.171 seconds
[2024-12-04T05:02:35.327+0000] {processor.py:154} INFO - Started process (PID=457) to work on /home/airflow/.local/lib/python3.7/site-packages/airflow/example_dags/example_kubernetes_executor.py
[2024-12-04T05:02:35.329+0000] {processor.py:756} INFO - Processing file /home/airflow/.local/lib/python3.7/site-packages/airflow/example_dags/example_kubernetes_executor.py for tasks to queue
[2024-12-04T05:02:35.329+0000] {logging_mixin.py:120} INFO - [2024-12-04T05:02:35.329+0000] {dagbag.py:537} INFO - Filling up the DagBag from /home/airflow/.local/lib/python3.7/site-packages/airflow/example_dags/example_kubernetes_executor.py
[2024-12-04T05:02:35.367+0000] {processor.py:766} INFO - DAG(s) dict_keys(['example_kubernetes_executor']) retrieved from /home/airflow/.local/lib/python3.7/site-packages/airflow/example_dags/example_kubernetes_executor.py
[2024-12-04T05:02:35.428+0000] {logging_mixin.py:120} INFO - [2024-12-04T05:02:35.428+0000] {dag.py:2585} INFO - Sync 1 DAGs
[2024-12-04T05:02:35.464+0000] {logging_mixin.py:120} INFO - [2024-12-04T05:02:35.464+0000] {dag.py:3340} INFO - Setting next_dagrun for example_kubernetes_executor to None, run_after=None
[2024-12-04T05:02:35.496+0000] {processor.py:176} INFO - Processing /home/airflow/.local/lib/python3.7/site-packages/airflow/example_dags/example_kubernetes_executor.py took 0.174 seconds
[2024-12-04T05:03:05.858+0000] {processor.py:154} INFO - Started process (PID=520) to work on /home/airflow/.local/lib/python3.7/site-packages/airflow/example_dags/example_kubernetes_executor.py
[2024-12-04T05:03:05.859+0000] {processor.py:756} INFO - Processing file /home/airflow/.local/lib/python3.7/site-packages/airflow/example_dags/example_kubernetes_executor.py for tasks to queue
[2024-12-04T05:03:05.860+0000] {logging_mixin.py:120} INFO - [2024-12-04T05:03:05.860+0000] {dagbag.py:537} INFO - Filling up the DagBag from /home/airflow/.local/lib/python3.7/site-packages/airflow/example_dags/example_kubernetes_executor.py
[2024-12-04T05:03:05.899+0000] {processor.py:766} INFO - DAG(s) dict_keys(['example_kubernetes_executor']) retrieved from /home/airflow/.local/lib/python3.7/site-packages/airflow/example_dags/example_kubernetes_executor.py
[2024-12-04T05:03:05.960+0000] {logging_mixin.py:120} INFO - [2024-12-04T05:03:05.960+0000] {dag.py:2585} INFO - Sync 1 DAGs
[2024-12-04T05:03:05.995+0000] {logging_mixin.py:120} INFO - [2024-12-04T05:03:05.995+0000] {dag.py:3340} INFO - Setting next_dagrun for example_kubernetes_executor to None, run_after=None
[2024-12-04T05:03:06.028+0000] {processor.py:176} INFO - Processing /home/airflow/.local/lib/python3.7/site-packages/airflow/example_dags/example_kubernetes_executor.py took 0.174 seconds
[2024-12-04T05:03:36.640+0000] {processor.py:154} INFO - Started process (PID=574) to work on /home/airflow/.local/lib/python3.7/site-packages/airflow/example_dags/example_kubernetes_executor.py
[2024-12-04T05:03:36.641+0000] {processor.py:756} INFO - Processing file /home/airflow/.local/lib/python3.7/site-packages/airflow/example_dags/example_kubernetes_executor.py for tasks to queue
[2024-12-04T05:03:36.642+0000] {logging_mixin.py:120} INFO - [2024-12-04T05:03:36.642+0000] {dagbag.py:537} INFO - Filling up the DagBag from /home/airflow/.local/lib/python3.7/site-packages/airflow/example_dags/example_kubernetes_executor.py
[2024-12-04T05:03:36.681+0000] {processor.py:766} INFO - DAG(s) dict_keys(['example_kubernetes_executor']) retrieved from /home/airflow/.local/lib/python3.7/site-packages/airflow/example_dags/example_kubernetes_executor.py
[2024-12-04T05:03:36.738+0000] {logging_mixin.py:120} INFO - [2024-12-04T05:03:36.738+0000] {dag.py:2585} INFO - Sync 1 DAGs
[2024-12-04T05:03:36.775+0000] {logging_mixin.py:120} INFO - [2024-12-04T05:03:36.775+0000] {dag.py:3340} INFO - Setting next_dagrun for example_kubernetes_executor to None, run_after=None
[2024-12-04T05:03:36.803+0000] {processor.py:176} INFO - Processing /home/airflow/.local/lib/python3.7/site-packages/airflow/example_dags/example_kubernetes_executor.py took 0.167 seconds
[2024-12-04T05:04:07.004+0000] {processor.py:154} INFO - Started process (PID=637) to work on /home/airflow/.local/lib/python3.7/site-packages/airflow/example_dags/example_kubernetes_executor.py
[2024-12-04T05:04:07.005+0000] {processor.py:756} INFO - Processing file /home/airflow/.local/lib/python3.7/site-packages/airflow/example_dags/example_kubernetes_executor.py for tasks to queue
[2024-12-04T05:04:07.006+0000] {logging_mixin.py:120} INFO - [2024-12-04T05:04:07.006+0000] {dagbag.py:537} INFO - Filling up the DagBag from /home/airflow/.local/lib/python3.7/site-packages/airflow/example_dags/example_kubernetes_executor.py
[2024-12-04T05:04:07.045+0000] {processor.py:766} INFO - DAG(s) dict_keys(['example_kubernetes_executor']) retrieved from /home/airflow/.local/lib/python3.7/site-packages/airflow/example_dags/example_kubernetes_executor.py
[2024-12-04T05:04:07.104+0000] {logging_mixin.py:120} INFO - [2024-12-04T05:04:07.104+0000] {dag.py:2585} INFO - Sync 1 DAGs
[2024-12-04T05:04:07.141+0000] {logging_mixin.py:120} INFO - [2024-12-04T05:04:07.140+0000] {dag.py:3340} INFO - Setting next_dagrun for example_kubernetes_executor to None, run_after=None
[2024-12-04T05:04:07.169+0000] {processor.py:176} INFO - Processing /home/airflow/.local/lib/python3.7/site-packages/airflow/example_dags/example_kubernetes_executor.py took 0.171 seconds
[2024-12-04T05:04:37.683+0000] {processor.py:154} INFO - Started process (PID=700) to work on /home/airflow/.local/lib/python3.7/site-packages/airflow/example_dags/example_kubernetes_executor.py
[2024-12-04T05:04:37.684+0000] {processor.py:756} INFO - Processing file /home/airflow/.local/lib/python3.7/site-packages/airflow/example_dags/example_kubernetes_executor.py for tasks to queue
[2024-12-04T05:04:37.685+0000] {logging_mixin.py:120} INFO - [2024-12-04T05:04:37.684+0000] {dagbag.py:537} INFO - Filling up the DagBag from /home/airflow/.local/lib/python3.7/site-packages/airflow/example_dags/example_kubernetes_executor.py
[2024-12-04T05:04:37.728+0000] {processor.py:766} INFO - DAG(s) dict_keys(['example_kubernetes_executor']) retrieved from /home/airflow/.local/lib/python3.7/site-packages/airflow/example_dags/example_kubernetes_executor.py
[2024-12-04T05:04:37.789+0000] {logging_mixin.py:120} INFO - [2024-12-04T05:04:37.789+0000] {dag.py:2585} INFO - Sync 1 DAGs
[2024-12-04T05:04:37.826+0000] {logging_mixin.py:120} INFO - [2024-12-04T05:04:37.826+0000] {dag.py:3340} INFO - Setting next_dagrun for example_kubernetes_executor to None, run_after=None
[2024-12-04T05:04:37.862+0000] {processor.py:176} INFO - Processing /home/airflow/.local/lib/python3.7/site-packages/airflow/example_dags/example_kubernetes_executor.py took 0.183 seconds
[2024-12-04T05:05:08.106+0000] {processor.py:154} INFO - Started process (PID=754) to work on /home/airflow/.local/lib/python3.7/site-packages/airflow/example_dags/example_kubernetes_executor.py
[2024-12-04T05:05:08.107+0000] {processor.py:756} INFO - Processing file /home/airflow/.local/lib/python3.7/site-packages/airflow/example_dags/example_kubernetes_executor.py for tasks to queue
[2024-12-04T05:05:08.109+0000] {logging_mixin.py:120} INFO - [2024-12-04T05:05:08.108+0000] {dagbag.py:537} INFO - Filling up the DagBag from /home/airflow/.local/lib/python3.7/site-packages/airflow/example_dags/example_kubernetes_executor.py
[2024-12-04T05:05:08.174+0000] {processor.py:766} INFO - DAG(s) dict_keys(['example_kubernetes_executor']) retrieved from /home/airflow/.local/lib/python3.7/site-packages/airflow/example_dags/example_kubernetes_executor.py
[2024-12-04T05:05:09.210+0000] {logging_mixin.py:120} INFO - [2024-12-04T05:05:09.209+0000] {process_utils.py:256} INFO - Waiting up to 5 seconds for processes to exit...
