[2024-12-04T04:51:50.479+0000] {processor.py:154} INFO - Started process (PID=71) to work on /home/airflow/.local/lib/python3.7/site-packages/airflow/example_dags/tutorial_dag.py
[2024-12-04T04:51:50.480+0000] {processor.py:756} INFO - Processing file /home/airflow/.local/lib/python3.7/site-packages/airflow/example_dags/tutorial_dag.py for tasks to queue
[2024-12-04T04:51:50.480+0000] {logging_mixin.py:120} INFO - [2024-12-04T04:51:50.480+0000] {dagbag.py:537} INFO - Filling up the DagBag from /home/airflow/.local/lib/python3.7/site-packages/airflow/example_dags/tutorial_dag.py
[2024-12-04T04:51:50.497+0000] {processor.py:766} INFO - DAG(s) dict_keys(['tutorial_dag']) retrieved from /home/airflow/.local/lib/python3.7/site-packages/airflow/example_dags/tutorial_dag.py
[2024-12-04T04:51:50.552+0000] {logging_mixin.py:120} INFO - [2024-12-04T04:51:50.551+0000] {dag.py:2585} INFO - Sync 1 DAGs
[2024-12-04T04:51:50.591+0000] {logging_mixin.py:120} INFO - [2024-12-04T04:51:50.590+0000] {dag.py:3340} INFO - Setting next_dagrun for tutorial_dag to None, run_after=None
[2024-12-04T04:51:50.630+0000] {processor.py:176} INFO - Processing /home/airflow/.local/lib/python3.7/site-packages/airflow/example_dags/tutorial_dag.py took 0.154 seconds
[2024-12-04T04:52:21.896+0000] {processor.py:154} INFO - Started process (PID=125) to work on /home/airflow/.local/lib/python3.7/site-packages/airflow/example_dags/tutorial_dag.py
[2024-12-04T04:52:21.897+0000] {processor.py:756} INFO - Processing file /home/airflow/.local/lib/python3.7/site-packages/airflow/example_dags/tutorial_dag.py for tasks to queue
[2024-12-04T04:52:21.898+0000] {logging_mixin.py:120} INFO - [2024-12-04T04:52:21.898+0000] {dagbag.py:537} INFO - Filling up the DagBag from /home/airflow/.local/lib/python3.7/site-packages/airflow/example_dags/tutorial_dag.py
[2024-12-04T04:52:21.922+0000] {processor.py:766} INFO - DAG(s) dict_keys(['tutorial_dag']) retrieved from /home/airflow/.local/lib/python3.7/site-packages/airflow/example_dags/tutorial_dag.py
[2024-12-04T04:52:21.982+0000] {logging_mixin.py:120} INFO - [2024-12-04T04:52:21.981+0000] {dag.py:2585} INFO - Sync 1 DAGs
[2024-12-04T04:52:22.020+0000] {logging_mixin.py:120} INFO - [2024-12-04T04:52:22.020+0000] {dag.py:3340} INFO - Setting next_dagrun for tutorial_dag to None, run_after=None
[2024-12-04T04:52:22.053+0000] {processor.py:176} INFO - Processing /home/airflow/.local/lib/python3.7/site-packages/airflow/example_dags/tutorial_dag.py took 0.165 seconds
[2024-12-04T04:59:02.557+0000] {processor.py:154} INFO - Started process (PID=61) to work on /home/airflow/.local/lib/python3.7/site-packages/airflow/example_dags/tutorial_dag.py
[2024-12-04T04:59:02.558+0000] {processor.py:756} INFO - Processing file /home/airflow/.local/lib/python3.7/site-packages/airflow/example_dags/tutorial_dag.py for tasks to queue
[2024-12-04T04:59:02.559+0000] {logging_mixin.py:120} INFO - [2024-12-04T04:59:02.559+0000] {dagbag.py:537} INFO - Filling up the DagBag from /home/airflow/.local/lib/python3.7/site-packages/airflow/example_dags/tutorial_dag.py
[2024-12-04T04:59:02.575+0000] {processor.py:766} INFO - DAG(s) dict_keys(['tutorial_dag']) retrieved from /home/airflow/.local/lib/python3.7/site-packages/airflow/example_dags/tutorial_dag.py
[2024-12-04T04:59:02.604+0000] {logging_mixin.py:120} INFO - [2024-12-04T04:59:02.604+0000] {dag.py:2585} INFO - Sync 1 DAGs
[2024-12-04T04:59:02.632+0000] {logging_mixin.py:120} INFO - [2024-12-04T04:59:02.632+0000] {dag.py:3340} INFO - Setting next_dagrun for tutorial_dag to None, run_after=None
[2024-12-04T04:59:02.658+0000] {processor.py:176} INFO - Processing /home/airflow/.local/lib/python3.7/site-packages/airflow/example_dags/tutorial_dag.py took 0.104 seconds
[2024-12-04T04:59:33.668+0000] {processor.py:154} INFO - Started process (PID=124) to work on /home/airflow/.local/lib/python3.7/site-packages/airflow/example_dags/tutorial_dag.py
[2024-12-04T04:59:33.669+0000] {processor.py:756} INFO - Processing file /home/airflow/.local/lib/python3.7/site-packages/airflow/example_dags/tutorial_dag.py for tasks to queue
[2024-12-04T04:59:33.670+0000] {logging_mixin.py:120} INFO - [2024-12-04T04:59:33.669+0000] {dagbag.py:537} INFO - Filling up the DagBag from /home/airflow/.local/lib/python3.7/site-packages/airflow/example_dags/tutorial_dag.py
[2024-12-04T04:59:33.681+0000] {processor.py:766} INFO - DAG(s) dict_keys(['tutorial_dag']) retrieved from /home/airflow/.local/lib/python3.7/site-packages/airflow/example_dags/tutorial_dag.py
[2024-12-04T04:59:33.715+0000] {logging_mixin.py:120} INFO - [2024-12-04T04:59:33.715+0000] {dag.py:2585} INFO - Sync 1 DAGs
[2024-12-04T04:59:33.740+0000] {logging_mixin.py:120} INFO - [2024-12-04T04:59:33.740+0000] {dag.py:3340} INFO - Setting next_dagrun for tutorial_dag to None, run_after=None
[2024-12-04T04:59:33.757+0000] {processor.py:176} INFO - Processing /home/airflow/.local/lib/python3.7/site-packages/airflow/example_dags/tutorial_dag.py took 0.095 seconds
[2024-12-04T05:00:06.262+0000] {processor.py:154} INFO - Started process (PID=188) to work on /home/airflow/.local/lib/python3.7/site-packages/airflow/example_dags/tutorial_dag.py
[2024-12-04T05:00:06.263+0000] {processor.py:756} INFO - Processing file /home/airflow/.local/lib/python3.7/site-packages/airflow/example_dags/tutorial_dag.py for tasks to queue
[2024-12-04T05:00:06.264+0000] {logging_mixin.py:120} INFO - [2024-12-04T05:00:06.264+0000] {dagbag.py:537} INFO - Filling up the DagBag from /home/airflow/.local/lib/python3.7/site-packages/airflow/example_dags/tutorial_dag.py
[2024-12-04T05:00:06.282+0000] {processor.py:766} INFO - DAG(s) dict_keys(['tutorial_dag']) retrieved from /home/airflow/.local/lib/python3.7/site-packages/airflow/example_dags/tutorial_dag.py
[2024-12-04T05:00:06.346+0000] {logging_mixin.py:120} INFO - [2024-12-04T05:00:06.346+0000] {dag.py:2585} INFO - Sync 1 DAGs
[2024-12-04T05:00:06.380+0000] {logging_mixin.py:120} INFO - [2024-12-04T05:00:06.380+0000] {dag.py:3340} INFO - Setting next_dagrun for tutorial_dag to None, run_after=None
[2024-12-04T05:00:06.410+0000] {processor.py:176} INFO - Processing /home/airflow/.local/lib/python3.7/site-packages/airflow/example_dags/tutorial_dag.py took 0.151 seconds
[2024-12-04T05:00:36.979+0000] {processor.py:154} INFO - Started process (PID=243) to work on /home/airflow/.local/lib/python3.7/site-packages/airflow/example_dags/tutorial_dag.py
[2024-12-04T05:00:36.980+0000] {processor.py:756} INFO - Processing file /home/airflow/.local/lib/python3.7/site-packages/airflow/example_dags/tutorial_dag.py for tasks to queue
[2024-12-04T05:00:36.981+0000] {logging_mixin.py:120} INFO - [2024-12-04T05:00:36.980+0000] {dagbag.py:537} INFO - Filling up the DagBag from /home/airflow/.local/lib/python3.7/site-packages/airflow/example_dags/tutorial_dag.py
[2024-12-04T05:00:37.000+0000] {processor.py:766} INFO - DAG(s) dict_keys(['tutorial_dag']) retrieved from /home/airflow/.local/lib/python3.7/site-packages/airflow/example_dags/tutorial_dag.py
[2024-12-04T05:00:37.063+0000] {logging_mixin.py:120} INFO - [2024-12-04T05:00:37.063+0000] {dag.py:2585} INFO - Sync 1 DAGs
[2024-12-04T05:00:37.103+0000] {logging_mixin.py:120} INFO - [2024-12-04T05:00:37.102+0000] {dag.py:3340} INFO - Setting next_dagrun for tutorial_dag to None, run_after=None
[2024-12-04T05:00:37.132+0000] {processor.py:176} INFO - Processing /home/airflow/.local/lib/python3.7/site-packages/airflow/example_dags/tutorial_dag.py took 0.158 seconds
[2024-12-04T05:01:07.349+0000] {processor.py:154} INFO - Started process (PID=305) to work on /home/airflow/.local/lib/python3.7/site-packages/airflow/example_dags/tutorial_dag.py
[2024-12-04T05:01:07.350+0000] {processor.py:756} INFO - Processing file /home/airflow/.local/lib/python3.7/site-packages/airflow/example_dags/tutorial_dag.py for tasks to queue
[2024-12-04T05:01:07.350+0000] {logging_mixin.py:120} INFO - [2024-12-04T05:01:07.350+0000] {dagbag.py:537} INFO - Filling up the DagBag from /home/airflow/.local/lib/python3.7/site-packages/airflow/example_dags/tutorial_dag.py
[2024-12-04T05:01:07.361+0000] {processor.py:766} INFO - DAG(s) dict_keys(['tutorial_dag']) retrieved from /home/airflow/.local/lib/python3.7/site-packages/airflow/example_dags/tutorial_dag.py
[2024-12-04T05:01:07.397+0000] {logging_mixin.py:120} INFO - [2024-12-04T05:01:07.397+0000] {dag.py:2585} INFO - Sync 1 DAGs
[2024-12-04T05:01:07.419+0000] {logging_mixin.py:120} INFO - [2024-12-04T05:01:07.418+0000] {dag.py:3340} INFO - Setting next_dagrun for tutorial_dag to None, run_after=None
[2024-12-04T05:01:07.436+0000] {processor.py:176} INFO - Processing /home/airflow/.local/lib/python3.7/site-packages/airflow/example_dags/tutorial_dag.py took 0.091 seconds
[2024-12-04T05:01:38.662+0000] {processor.py:154} INFO - Started process (PID=365) to work on /home/airflow/.local/lib/python3.7/site-packages/airflow/example_dags/tutorial_dag.py
[2024-12-04T05:01:38.663+0000] {processor.py:756} INFO - Processing file /home/airflow/.local/lib/python3.7/site-packages/airflow/example_dags/tutorial_dag.py for tasks to queue
[2024-12-04T05:01:38.664+0000] {logging_mixin.py:120} INFO - [2024-12-04T05:01:38.664+0000] {dagbag.py:537} INFO - Filling up the DagBag from /home/airflow/.local/lib/python3.7/site-packages/airflow/example_dags/tutorial_dag.py
[2024-12-04T05:01:38.682+0000] {processor.py:766} INFO - DAG(s) dict_keys(['tutorial_dag']) retrieved from /home/airflow/.local/lib/python3.7/site-packages/airflow/example_dags/tutorial_dag.py
[2024-12-04T05:01:38.753+0000] {logging_mixin.py:120} INFO - [2024-12-04T05:01:38.753+0000] {dag.py:2585} INFO - Sync 1 DAGs
[2024-12-04T05:01:38.791+0000] {logging_mixin.py:120} INFO - [2024-12-04T05:01:38.791+0000] {dag.py:3340} INFO - Setting next_dagrun for tutorial_dag to None, run_after=None
[2024-12-04T05:01:38.821+0000] {processor.py:176} INFO - Processing /home/airflow/.local/lib/python3.7/site-packages/airflow/example_dags/tutorial_dag.py took 0.163 seconds
[2024-12-04T05:02:09.113+0000] {processor.py:154} INFO - Started process (PID=422) to work on /home/airflow/.local/lib/python3.7/site-packages/airflow/example_dags/tutorial_dag.py
[2024-12-04T05:02:09.114+0000] {processor.py:756} INFO - Processing file /home/airflow/.local/lib/python3.7/site-packages/airflow/example_dags/tutorial_dag.py for tasks to queue
[2024-12-04T05:02:09.115+0000] {logging_mixin.py:120} INFO - [2024-12-04T05:02:09.115+0000] {dagbag.py:537} INFO - Filling up the DagBag from /home/airflow/.local/lib/python3.7/site-packages/airflow/example_dags/tutorial_dag.py
[2024-12-04T05:02:09.133+0000] {processor.py:766} INFO - DAG(s) dict_keys(['tutorial_dag']) retrieved from /home/airflow/.local/lib/python3.7/site-packages/airflow/example_dags/tutorial_dag.py
[2024-12-04T05:02:09.190+0000] {logging_mixin.py:120} INFO - [2024-12-04T05:02:09.189+0000] {dag.py:2585} INFO - Sync 1 DAGs
[2024-12-04T05:02:09.227+0000] {logging_mixin.py:120} INFO - [2024-12-04T05:02:09.227+0000] {dag.py:3340} INFO - Setting next_dagrun for tutorial_dag to None, run_after=None
[2024-12-04T05:02:09.254+0000] {processor.py:176} INFO - Processing /home/airflow/.local/lib/python3.7/site-packages/airflow/example_dags/tutorial_dag.py took 0.145 seconds
[2024-12-04T05:02:39.897+0000] {processor.py:154} INFO - Started process (PID=485) to work on /home/airflow/.local/lib/python3.7/site-packages/airflow/example_dags/tutorial_dag.py
[2024-12-04T05:02:39.899+0000] {processor.py:756} INFO - Processing file /home/airflow/.local/lib/python3.7/site-packages/airflow/example_dags/tutorial_dag.py for tasks to queue
[2024-12-04T05:02:39.900+0000] {logging_mixin.py:120} INFO - [2024-12-04T05:02:39.899+0000] {dagbag.py:537} INFO - Filling up the DagBag from /home/airflow/.local/lib/python3.7/site-packages/airflow/example_dags/tutorial_dag.py
[2024-12-04T05:02:39.918+0000] {processor.py:766} INFO - DAG(s) dict_keys(['tutorial_dag']) retrieved from /home/airflow/.local/lib/python3.7/site-packages/airflow/example_dags/tutorial_dag.py
[2024-12-04T05:02:39.973+0000] {logging_mixin.py:120} INFO - [2024-12-04T05:02:39.973+0000] {dag.py:2585} INFO - Sync 1 DAGs
[2024-12-04T05:02:40.007+0000] {logging_mixin.py:120} INFO - [2024-12-04T05:02:40.007+0000] {dag.py:3340} INFO - Setting next_dagrun for tutorial_dag to None, run_after=None
[2024-12-04T05:02:40.042+0000] {processor.py:176} INFO - Processing /home/airflow/.local/lib/python3.7/site-packages/airflow/example_dags/tutorial_dag.py took 0.151 seconds
[2024-12-04T05:03:10.405+0000] {processor.py:154} INFO - Started process (PID=539) to work on /home/airflow/.local/lib/python3.7/site-packages/airflow/example_dags/tutorial_dag.py
[2024-12-04T05:03:10.406+0000] {processor.py:756} INFO - Processing file /home/airflow/.local/lib/python3.7/site-packages/airflow/example_dags/tutorial_dag.py for tasks to queue
[2024-12-04T05:03:10.407+0000] {logging_mixin.py:120} INFO - [2024-12-04T05:03:10.407+0000] {dagbag.py:537} INFO - Filling up the DagBag from /home/airflow/.local/lib/python3.7/site-packages/airflow/example_dags/tutorial_dag.py
[2024-12-04T05:03:10.426+0000] {processor.py:766} INFO - DAG(s) dict_keys(['tutorial_dag']) retrieved from /home/airflow/.local/lib/python3.7/site-packages/airflow/example_dags/tutorial_dag.py
[2024-12-04T05:03:10.483+0000] {logging_mixin.py:120} INFO - [2024-12-04T05:03:10.482+0000] {dag.py:2585} INFO - Sync 1 DAGs
[2024-12-04T05:03:10.517+0000] {logging_mixin.py:120} INFO - [2024-12-04T05:03:10.517+0000] {dag.py:3340} INFO - Setting next_dagrun for tutorial_dag to None, run_after=None
[2024-12-04T05:03:10.553+0000] {processor.py:176} INFO - Processing /home/airflow/.local/lib/python3.7/site-packages/airflow/example_dags/tutorial_dag.py took 0.154 seconds
[2024-12-04T05:03:40.935+0000] {processor.py:154} INFO - Started process (PID=602) to work on /home/airflow/.local/lib/python3.7/site-packages/airflow/example_dags/tutorial_dag.py
[2024-12-04T05:03:40.937+0000] {processor.py:756} INFO - Processing file /home/airflow/.local/lib/python3.7/site-packages/airflow/example_dags/tutorial_dag.py for tasks to queue
[2024-12-04T05:03:40.937+0000] {logging_mixin.py:120} INFO - [2024-12-04T05:03:40.937+0000] {dagbag.py:537} INFO - Filling up the DagBag from /home/airflow/.local/lib/python3.7/site-packages/airflow/example_dags/tutorial_dag.py
[2024-12-04T05:03:40.955+0000] {processor.py:766} INFO - DAG(s) dict_keys(['tutorial_dag']) retrieved from /home/airflow/.local/lib/python3.7/site-packages/airflow/example_dags/tutorial_dag.py
[2024-12-04T05:03:41.008+0000] {logging_mixin.py:120} INFO - [2024-12-04T05:03:41.008+0000] {dag.py:2585} INFO - Sync 1 DAGs
[2024-12-04T05:03:41.044+0000] {logging_mixin.py:120} INFO - [2024-12-04T05:03:41.044+0000] {dag.py:3340} INFO - Setting next_dagrun for tutorial_dag to None, run_after=None
[2024-12-04T05:03:41.071+0000] {processor.py:176} INFO - Processing /home/airflow/.local/lib/python3.7/site-packages/airflow/example_dags/tutorial_dag.py took 0.143 seconds
[2024-12-04T05:04:11.586+0000] {processor.py:154} INFO - Started process (PID=656) to work on /home/airflow/.local/lib/python3.7/site-packages/airflow/example_dags/tutorial_dag.py
[2024-12-04T05:04:11.587+0000] {processor.py:756} INFO - Processing file /home/airflow/.local/lib/python3.7/site-packages/airflow/example_dags/tutorial_dag.py for tasks to queue
[2024-12-04T05:04:11.588+0000] {logging_mixin.py:120} INFO - [2024-12-04T05:04:11.588+0000] {dagbag.py:537} INFO - Filling up the DagBag from /home/airflow/.local/lib/python3.7/site-packages/airflow/example_dags/tutorial_dag.py
[2024-12-04T05:04:11.607+0000] {processor.py:766} INFO - DAG(s) dict_keys(['tutorial_dag']) retrieved from /home/airflow/.local/lib/python3.7/site-packages/airflow/example_dags/tutorial_dag.py
[2024-12-04T05:04:11.673+0000] {logging_mixin.py:120} INFO - [2024-12-04T05:04:11.673+0000] {dag.py:2585} INFO - Sync 1 DAGs
[2024-12-04T05:04:11.724+0000] {logging_mixin.py:120} INFO - [2024-12-04T05:04:11.723+0000] {dag.py:3340} INFO - Setting next_dagrun for tutorial_dag to None, run_after=None
[2024-12-04T05:04:11.751+0000] {processor.py:176} INFO - Processing /home/airflow/.local/lib/python3.7/site-packages/airflow/example_dags/tutorial_dag.py took 0.168 seconds
[2024-12-04T05:04:41.916+0000] {processor.py:154} INFO - Started process (PID=719) to work on /home/airflow/.local/lib/python3.7/site-packages/airflow/example_dags/tutorial_dag.py
[2024-12-04T05:04:41.918+0000] {processor.py:756} INFO - Processing file /home/airflow/.local/lib/python3.7/site-packages/airflow/example_dags/tutorial_dag.py for tasks to queue
[2024-12-04T05:04:41.919+0000] {logging_mixin.py:120} INFO - [2024-12-04T05:04:41.919+0000] {dagbag.py:537} INFO - Filling up the DagBag from /home/airflow/.local/lib/python3.7/site-packages/airflow/example_dags/tutorial_dag.py
[2024-12-04T05:04:41.942+0000] {processor.py:766} INFO - DAG(s) dict_keys(['tutorial_dag']) retrieved from /home/airflow/.local/lib/python3.7/site-packages/airflow/example_dags/tutorial_dag.py
[2024-12-04T05:04:42.004+0000] {logging_mixin.py:120} INFO - [2024-12-04T05:04:42.004+0000] {dag.py:2585} INFO - Sync 1 DAGs
[2024-12-04T05:04:42.038+0000] {logging_mixin.py:120} INFO - [2024-12-04T05:04:42.038+0000] {dag.py:3340} INFO - Setting next_dagrun for tutorial_dag to None, run_after=None
[2024-12-04T05:04:42.061+0000] {processor.py:176} INFO - Processing /home/airflow/.local/lib/python3.7/site-packages/airflow/example_dags/tutorial_dag.py took 0.151 seconds
