[2024-12-04T04:51:50.969+0000] {processor.py:154} INFO - Started process (PID=76) to work on /home/airflow/.local/lib/python3.7/site-packages/airflow/example_dags/tutorial.py
[2024-12-04T04:51:50.970+0000] {processor.py:756} INFO - Processing file /home/airflow/.local/lib/python3.7/site-packages/airflow/example_dags/tutorial.py for tasks to queue
[2024-12-04T04:51:50.970+0000] {logging_mixin.py:120} INFO - [2024-12-04T04:51:50.970+0000] {dagbag.py:537} INFO - Filling up the DagBag from /home/airflow/.local/lib/python3.7/site-packages/airflow/example_dags/tutorial.py
[2024-12-04T04:51:50.985+0000] {processor.py:766} INFO - DAG(s) dict_keys(['tutorial']) retrieved from /home/airflow/.local/lib/python3.7/site-packages/airflow/example_dags/tutorial.py
[2024-12-04T04:51:51.016+0000] {logging_mixin.py:120} INFO - [2024-12-04T04:51:51.016+0000] {dag.py:2585} INFO - Sync 1 DAGs
[2024-12-04T04:51:51.042+0000] {logging_mixin.py:120} INFO - [2024-12-04T04:51:51.042+0000] {dag.py:3340} INFO - Setting next_dagrun for tutorial to 2024-12-03T04:51:51.042163+00:00, run_after=2024-12-04T04:51:51.042163+00:00
[2024-12-04T04:51:51.070+0000] {processor.py:176} INFO - Processing /home/airflow/.local/lib/python3.7/site-packages/airflow/example_dags/tutorial.py took 0.106 seconds
[2024-12-04T04:52:22.468+0000] {processor.py:154} INFO - Started process (PID=130) to work on /home/airflow/.local/lib/python3.7/site-packages/airflow/example_dags/tutorial.py
[2024-12-04T04:52:22.469+0000] {processor.py:756} INFO - Processing file /home/airflow/.local/lib/python3.7/site-packages/airflow/example_dags/tutorial.py for tasks to queue
[2024-12-04T04:52:22.470+0000] {logging_mixin.py:120} INFO - [2024-12-04T04:52:22.470+0000] {dagbag.py:537} INFO - Filling up the DagBag from /home/airflow/.local/lib/python3.7/site-packages/airflow/example_dags/tutorial.py
[2024-12-04T04:52:22.492+0000] {processor.py:766} INFO - DAG(s) dict_keys(['tutorial']) retrieved from /home/airflow/.local/lib/python3.7/site-packages/airflow/example_dags/tutorial.py
[2024-12-04T04:52:22.546+0000] {logging_mixin.py:120} INFO - [2024-12-04T04:52:22.546+0000] {dag.py:2585} INFO - Sync 1 DAGs
[2024-12-04T04:52:22.580+0000] {logging_mixin.py:120} INFO - [2024-12-04T04:52:22.580+0000] {dag.py:3340} INFO - Setting next_dagrun for tutorial to 2024-12-03T04:52:22.580184+00:00, run_after=2024-12-04T04:52:22.580184+00:00
[2024-12-04T04:52:22.604+0000] {processor.py:176} INFO - Processing /home/airflow/.local/lib/python3.7/site-packages/airflow/example_dags/tutorial.py took 0.142 seconds
[2024-12-04T04:59:02.907+0000] {processor.py:154} INFO - Started process (PID=66) to work on /home/airflow/.local/lib/python3.7/site-packages/airflow/example_dags/tutorial.py
[2024-12-04T04:59:02.908+0000] {processor.py:756} INFO - Processing file /home/airflow/.local/lib/python3.7/site-packages/airflow/example_dags/tutorial.py for tasks to queue
[2024-12-04T04:59:02.909+0000] {logging_mixin.py:120} INFO - [2024-12-04T04:59:02.909+0000] {dagbag.py:537} INFO - Filling up the DagBag from /home/airflow/.local/lib/python3.7/site-packages/airflow/example_dags/tutorial.py
[2024-12-04T04:59:02.938+0000] {processor.py:766} INFO - DAG(s) dict_keys(['tutorial']) retrieved from /home/airflow/.local/lib/python3.7/site-packages/airflow/example_dags/tutorial.py
[2024-12-04T04:59:02.978+0000] {logging_mixin.py:120} INFO - [2024-12-04T04:59:02.978+0000] {dag.py:2585} INFO - Sync 1 DAGs
[2024-12-04T04:59:03.014+0000] {logging_mixin.py:120} INFO - [2024-12-04T04:59:03.014+0000] {dag.py:3340} INFO - Setting next_dagrun for tutorial to 2024-12-03T04:59:03.014408+00:00, run_after=2024-12-04T04:59:03.014408+00:00
[2024-12-04T04:59:03.046+0000] {processor.py:176} INFO - Processing /home/airflow/.local/lib/python3.7/site-packages/airflow/example_dags/tutorial.py took 0.144 seconds
[2024-12-04T04:59:33.995+0000] {processor.py:154} INFO - Started process (PID=129) to work on /home/airflow/.local/lib/python3.7/site-packages/airflow/example_dags/tutorial.py
[2024-12-04T04:59:33.996+0000] {processor.py:756} INFO - Processing file /home/airflow/.local/lib/python3.7/site-packages/airflow/example_dags/tutorial.py for tasks to queue
[2024-12-04T04:59:33.997+0000] {logging_mixin.py:120} INFO - [2024-12-04T04:59:33.997+0000] {dagbag.py:537} INFO - Filling up the DagBag from /home/airflow/.local/lib/python3.7/site-packages/airflow/example_dags/tutorial.py
[2024-12-04T04:59:34.014+0000] {processor.py:766} INFO - DAG(s) dict_keys(['tutorial']) retrieved from /home/airflow/.local/lib/python3.7/site-packages/airflow/example_dags/tutorial.py
[2024-12-04T04:59:34.053+0000] {logging_mixin.py:120} INFO - [2024-12-04T04:59:34.052+0000] {dag.py:2585} INFO - Sync 1 DAGs
[2024-12-04T04:59:34.078+0000] {logging_mixin.py:120} INFO - [2024-12-04T04:59:34.077+0000] {dag.py:3340} INFO - Setting next_dagrun for tutorial to 2024-12-03T04:59:34.077690+00:00, run_after=2024-12-04T04:59:34.077690+00:00
[2024-12-04T04:59:34.095+0000] {processor.py:176} INFO - Processing /home/airflow/.local/lib/python3.7/site-packages/airflow/example_dags/tutorial.py took 0.106 seconds
[2024-12-04T05:00:06.670+0000] {processor.py:154} INFO - Started process (PID=193) to work on /home/airflow/.local/lib/python3.7/site-packages/airflow/example_dags/tutorial.py
[2024-12-04T05:00:06.671+0000] {processor.py:756} INFO - Processing file /home/airflow/.local/lib/python3.7/site-packages/airflow/example_dags/tutorial.py for tasks to queue
[2024-12-04T05:00:06.672+0000] {logging_mixin.py:120} INFO - [2024-12-04T05:00:06.671+0000] {dagbag.py:537} INFO - Filling up the DagBag from /home/airflow/.local/lib/python3.7/site-packages/airflow/example_dags/tutorial.py
[2024-12-04T05:00:06.688+0000] {processor.py:766} INFO - DAG(s) dict_keys(['tutorial']) retrieved from /home/airflow/.local/lib/python3.7/site-packages/airflow/example_dags/tutorial.py
[2024-12-04T05:00:06.743+0000] {logging_mixin.py:120} INFO - [2024-12-04T05:00:06.743+0000] {dag.py:2585} INFO - Sync 1 DAGs
[2024-12-04T05:00:06.770+0000] {logging_mixin.py:120} INFO - [2024-12-04T05:00:06.770+0000] {dag.py:3340} INFO - Setting next_dagrun for tutorial to 2024-12-03T05:00:06.770336+00:00, run_after=2024-12-04T05:00:06.770336+00:00
[2024-12-04T05:00:06.794+0000] {processor.py:176} INFO - Processing /home/airflow/.local/lib/python3.7/site-packages/airflow/example_dags/tutorial.py took 0.130 seconds
[2024-12-04T05:00:37.918+0000] {processor.py:154} INFO - Started process (PID=248) to work on /home/airflow/.local/lib/python3.7/site-packages/airflow/example_dags/tutorial.py
[2024-12-04T05:00:37.919+0000] {processor.py:756} INFO - Processing file /home/airflow/.local/lib/python3.7/site-packages/airflow/example_dags/tutorial.py for tasks to queue
[2024-12-04T05:00:37.920+0000] {logging_mixin.py:120} INFO - [2024-12-04T05:00:37.920+0000] {dagbag.py:537} INFO - Filling up the DagBag from /home/airflow/.local/lib/python3.7/site-packages/airflow/example_dags/tutorial.py
[2024-12-04T05:00:37.942+0000] {processor.py:766} INFO - DAG(s) dict_keys(['tutorial']) retrieved from /home/airflow/.local/lib/python3.7/site-packages/airflow/example_dags/tutorial.py
[2024-12-04T05:00:38.002+0000] {logging_mixin.py:120} INFO - [2024-12-04T05:00:38.002+0000] {dag.py:2585} INFO - Sync 1 DAGs
[2024-12-04T05:00:38.039+0000] {logging_mixin.py:120} INFO - [2024-12-04T05:00:38.039+0000] {dag.py:3340} INFO - Setting next_dagrun for tutorial to 2024-12-03T05:00:38.039234+00:00, run_after=2024-12-04T05:00:38.039234+00:00
[2024-12-04T05:00:38.079+0000] {processor.py:176} INFO - Processing /home/airflow/.local/lib/python3.7/site-packages/airflow/example_dags/tutorial.py took 0.165 seconds
[2024-12-04T05:01:08.835+0000] {processor.py:154} INFO - Started process (PID=310) to work on /home/airflow/.local/lib/python3.7/site-packages/airflow/example_dags/tutorial.py
[2024-12-04T05:01:08.836+0000] {processor.py:756} INFO - Processing file /home/airflow/.local/lib/python3.7/site-packages/airflow/example_dags/tutorial.py for tasks to queue
[2024-12-04T05:01:08.836+0000] {logging_mixin.py:120} INFO - [2024-12-04T05:01:08.836+0000] {dagbag.py:537} INFO - Filling up the DagBag from /home/airflow/.local/lib/python3.7/site-packages/airflow/example_dags/tutorial.py
[2024-12-04T05:01:08.852+0000] {processor.py:766} INFO - DAG(s) dict_keys(['tutorial']) retrieved from /home/airflow/.local/lib/python3.7/site-packages/airflow/example_dags/tutorial.py
[2024-12-04T05:01:08.894+0000] {logging_mixin.py:120} INFO - [2024-12-04T05:01:08.894+0000] {dag.py:2585} INFO - Sync 1 DAGs
[2024-12-04T05:01:08.919+0000] {logging_mixin.py:120} INFO - [2024-12-04T05:01:08.918+0000] {dag.py:3340} INFO - Setting next_dagrun for tutorial to 2024-12-03T05:01:08.918721+00:00, run_after=2024-12-04T05:01:08.918721+00:00
[2024-12-04T05:01:08.941+0000] {processor.py:176} INFO - Processing /home/airflow/.local/lib/python3.7/site-packages/airflow/example_dags/tutorial.py took 0.109 seconds
[2024-12-04T05:01:39.523+0000] {processor.py:154} INFO - Started process (PID=373) to work on /home/airflow/.local/lib/python3.7/site-packages/airflow/example_dags/tutorial.py
[2024-12-04T05:01:39.524+0000] {processor.py:756} INFO - Processing file /home/airflow/.local/lib/python3.7/site-packages/airflow/example_dags/tutorial.py for tasks to queue
[2024-12-04T05:01:39.525+0000] {logging_mixin.py:120} INFO - [2024-12-04T05:01:39.525+0000] {dagbag.py:537} INFO - Filling up the DagBag from /home/airflow/.local/lib/python3.7/site-packages/airflow/example_dags/tutorial.py
[2024-12-04T05:01:39.548+0000] {processor.py:766} INFO - DAG(s) dict_keys(['tutorial']) retrieved from /home/airflow/.local/lib/python3.7/site-packages/airflow/example_dags/tutorial.py
[2024-12-04T05:01:39.621+0000] {logging_mixin.py:120} INFO - [2024-12-04T05:01:39.621+0000] {dag.py:2585} INFO - Sync 1 DAGs
[2024-12-04T05:01:39.675+0000] {logging_mixin.py:120} INFO - [2024-12-04T05:01:39.675+0000] {dag.py:3340} INFO - Setting next_dagrun for tutorial to 2024-12-03T05:01:39.675300+00:00, run_after=2024-12-04T05:01:39.675300+00:00
[2024-12-04T05:01:39.703+0000] {processor.py:176} INFO - Processing /home/airflow/.local/lib/python3.7/site-packages/airflow/example_dags/tutorial.py took 0.185 seconds
[2024-12-04T05:02:09.925+0000] {processor.py:154} INFO - Started process (PID=427) to work on /home/airflow/.local/lib/python3.7/site-packages/airflow/example_dags/tutorial.py
[2024-12-04T05:02:09.926+0000] {processor.py:756} INFO - Processing file /home/airflow/.local/lib/python3.7/site-packages/airflow/example_dags/tutorial.py for tasks to queue
[2024-12-04T05:02:09.927+0000] {logging_mixin.py:120} INFO - [2024-12-04T05:02:09.927+0000] {dagbag.py:537} INFO - Filling up the DagBag from /home/airflow/.local/lib/python3.7/site-packages/airflow/example_dags/tutorial.py
[2024-12-04T05:02:09.946+0000] {processor.py:766} INFO - DAG(s) dict_keys(['tutorial']) retrieved from /home/airflow/.local/lib/python3.7/site-packages/airflow/example_dags/tutorial.py
[2024-12-04T05:02:10.003+0000] {logging_mixin.py:120} INFO - [2024-12-04T05:02:10.002+0000] {dag.py:2585} INFO - Sync 1 DAGs
[2024-12-04T05:02:10.043+0000] {logging_mixin.py:120} INFO - [2024-12-04T05:02:10.042+0000] {dag.py:3340} INFO - Setting next_dagrun for tutorial to 2024-12-03T05:02:10.042595+00:00, run_after=2024-12-04T05:02:10.042595+00:00
[2024-12-04T05:02:10.077+0000] {processor.py:176} INFO - Processing /home/airflow/.local/lib/python3.7/site-packages/airflow/example_dags/tutorial.py took 0.159 seconds
[2024-12-04T05:02:40.704+0000] {processor.py:154} INFO - Started process (PID=490) to work on /home/airflow/.local/lib/python3.7/site-packages/airflow/example_dags/tutorial.py
[2024-12-04T05:02:40.706+0000] {processor.py:756} INFO - Processing file /home/airflow/.local/lib/python3.7/site-packages/airflow/example_dags/tutorial.py for tasks to queue
[2024-12-04T05:02:40.707+0000] {logging_mixin.py:120} INFO - [2024-12-04T05:02:40.707+0000] {dagbag.py:537} INFO - Filling up the DagBag from /home/airflow/.local/lib/python3.7/site-packages/airflow/example_dags/tutorial.py
[2024-12-04T05:02:40.728+0000] {processor.py:766} INFO - DAG(s) dict_keys(['tutorial']) retrieved from /home/airflow/.local/lib/python3.7/site-packages/airflow/example_dags/tutorial.py
[2024-12-04T05:02:40.784+0000] {logging_mixin.py:120} INFO - [2024-12-04T05:02:40.784+0000] {dag.py:2585} INFO - Sync 1 DAGs
[2024-12-04T05:02:40.820+0000] {logging_mixin.py:120} INFO - [2024-12-04T05:02:40.820+0000] {dag.py:3340} INFO - Setting next_dagrun for tutorial to 2024-12-03T05:02:40.819684+00:00, run_after=2024-12-04T05:02:40.819684+00:00
[2024-12-04T05:02:40.851+0000] {processor.py:176} INFO - Processing /home/airflow/.local/lib/python3.7/site-packages/airflow/example_dags/tutorial.py took 0.153 seconds
[2024-12-04T05:03:11.238+0000] {processor.py:154} INFO - Started process (PID=544) to work on /home/airflow/.local/lib/python3.7/site-packages/airflow/example_dags/tutorial.py
[2024-12-04T05:03:11.239+0000] {processor.py:756} INFO - Processing file /home/airflow/.local/lib/python3.7/site-packages/airflow/example_dags/tutorial.py for tasks to queue
[2024-12-04T05:03:11.240+0000] {logging_mixin.py:120} INFO - [2024-12-04T05:03:11.240+0000] {dagbag.py:537} INFO - Filling up the DagBag from /home/airflow/.local/lib/python3.7/site-packages/airflow/example_dags/tutorial.py
[2024-12-04T05:03:11.262+0000] {processor.py:766} INFO - DAG(s) dict_keys(['tutorial']) retrieved from /home/airflow/.local/lib/python3.7/site-packages/airflow/example_dags/tutorial.py
[2024-12-04T05:03:11.320+0000] {logging_mixin.py:120} INFO - [2024-12-04T05:03:11.320+0000] {dag.py:2585} INFO - Sync 1 DAGs
[2024-12-04T05:03:11.356+0000] {logging_mixin.py:120} INFO - [2024-12-04T05:03:11.356+0000] {dag.py:3340} INFO - Setting next_dagrun for tutorial to 2024-12-03T05:03:11.356181+00:00, run_after=2024-12-04T05:03:11.356181+00:00
[2024-12-04T05:03:11.393+0000] {processor.py:176} INFO - Processing /home/airflow/.local/lib/python3.7/site-packages/airflow/example_dags/tutorial.py took 0.161 seconds
[2024-12-04T05:03:41.569+0000] {processor.py:154} INFO - Started process (PID=607) to work on /home/airflow/.local/lib/python3.7/site-packages/airflow/example_dags/tutorial.py
[2024-12-04T05:03:41.570+0000] {processor.py:756} INFO - Processing file /home/airflow/.local/lib/python3.7/site-packages/airflow/example_dags/tutorial.py for tasks to queue
[2024-12-04T05:03:41.571+0000] {logging_mixin.py:120} INFO - [2024-12-04T05:03:41.571+0000] {dagbag.py:537} INFO - Filling up the DagBag from /home/airflow/.local/lib/python3.7/site-packages/airflow/example_dags/tutorial.py
[2024-12-04T05:03:41.595+0000] {processor.py:766} INFO - DAG(s) dict_keys(['tutorial']) retrieved from /home/airflow/.local/lib/python3.7/site-packages/airflow/example_dags/tutorial.py
[2024-12-04T05:03:41.651+0000] {logging_mixin.py:120} INFO - [2024-12-04T05:03:41.651+0000] {dag.py:2585} INFO - Sync 1 DAGs
[2024-12-04T05:03:41.691+0000] {logging_mixin.py:120} INFO - [2024-12-04T05:03:41.691+0000] {dag.py:3340} INFO - Setting next_dagrun for tutorial to 2024-12-03T05:03:41.691318+00:00, run_after=2024-12-04T05:03:41.691318+00:00
[2024-12-04T05:03:41.727+0000] {processor.py:176} INFO - Processing /home/airflow/.local/lib/python3.7/site-packages/airflow/example_dags/tutorial.py took 0.162 seconds
[2024-12-04T05:04:12.448+0000] {processor.py:154} INFO - Started process (PID=661) to work on /home/airflow/.local/lib/python3.7/site-packages/airflow/example_dags/tutorial.py
[2024-12-04T05:04:12.449+0000] {processor.py:756} INFO - Processing file /home/airflow/.local/lib/python3.7/site-packages/airflow/example_dags/tutorial.py for tasks to queue
[2024-12-04T05:04:12.449+0000] {logging_mixin.py:120} INFO - [2024-12-04T05:04:12.449+0000] {dagbag.py:537} INFO - Filling up the DagBag from /home/airflow/.local/lib/python3.7/site-packages/airflow/example_dags/tutorial.py
[2024-12-04T05:04:12.468+0000] {processor.py:766} INFO - DAG(s) dict_keys(['tutorial']) retrieved from /home/airflow/.local/lib/python3.7/site-packages/airflow/example_dags/tutorial.py
[2024-12-04T05:04:12.522+0000] {logging_mixin.py:120} INFO - [2024-12-04T05:04:12.521+0000] {dag.py:2585} INFO - Sync 1 DAGs
[2024-12-04T05:04:12.558+0000] {logging_mixin.py:120} INFO - [2024-12-04T05:04:12.557+0000] {dag.py:3340} INFO - Setting next_dagrun for tutorial to 2024-12-03T05:04:12.557565+00:00, run_after=2024-12-04T05:04:12.557565+00:00
[2024-12-04T05:04:12.590+0000] {processor.py:176} INFO - Processing /home/airflow/.local/lib/python3.7/site-packages/airflow/example_dags/tutorial.py took 0.147 seconds
[2024-12-04T05:04:42.684+0000] {processor.py:154} INFO - Started process (PID=724) to work on /home/airflow/.local/lib/python3.7/site-packages/airflow/example_dags/tutorial.py
[2024-12-04T05:04:42.686+0000] {processor.py:756} INFO - Processing file /home/airflow/.local/lib/python3.7/site-packages/airflow/example_dags/tutorial.py for tasks to queue
[2024-12-04T05:04:42.686+0000] {logging_mixin.py:120} INFO - [2024-12-04T05:04:42.686+0000] {dagbag.py:537} INFO - Filling up the DagBag from /home/airflow/.local/lib/python3.7/site-packages/airflow/example_dags/tutorial.py
[2024-12-04T05:04:42.708+0000] {processor.py:766} INFO - DAG(s) dict_keys(['tutorial']) retrieved from /home/airflow/.local/lib/python3.7/site-packages/airflow/example_dags/tutorial.py
[2024-12-04T05:04:42.762+0000] {logging_mixin.py:120} INFO - [2024-12-04T05:04:42.762+0000] {dag.py:2585} INFO - Sync 1 DAGs
[2024-12-04T05:04:42.796+0000] {logging_mixin.py:120} INFO - [2024-12-04T05:04:42.796+0000] {dag.py:3340} INFO - Setting next_dagrun for tutorial to 2024-12-03T05:04:42.796312+00:00, run_after=2024-12-04T05:04:42.796312+00:00
[2024-12-04T05:04:42.830+0000] {processor.py:176} INFO - Processing /home/airflow/.local/lib/python3.7/site-packages/airflow/example_dags/tutorial.py took 0.153 seconds
