[2024-12-04T19:25:40.203+0000] {taskinstance.py:1165} INFO - Dependencies all met for <TaskInstance: python_operator.hello_with_python manual__2024-12-04T19:25:39.588593+00:00 [queued]>
[2024-12-04T19:25:40.213+0000] {taskinstance.py:1165} INFO - Dependencies all met for <TaskInstance: python_operator.hello_with_python manual__2024-12-04T19:25:39.588593+00:00 [queued]>
[2024-12-04T19:25:40.213+0000] {taskinstance.py:1362} INFO - 
--------------------------------------------------------------------------------
[2024-12-04T19:25:40.213+0000] {taskinstance.py:1363} INFO - Starting attempt 1 of 1
[2024-12-04T19:25:40.214+0000] {taskinstance.py:1364} INFO - 
--------------------------------------------------------------------------------
[2024-12-04T19:25:40.229+0000] {taskinstance.py:1383} INFO - Executing <Task(PythonOperator): hello_with_python> on 2024-12-04 19:25:39.588593+00:00
[2024-12-04T19:25:40.236+0000] {standard_task_runner.py:55} INFO - Started process 291 to run task
[2024-12-04T19:25:40.239+0000] {standard_task_runner.py:82} INFO - Running: ['***', 'tasks', 'run', 'python_operator', 'hello_with_python', 'manual__2024-12-04T19:25:39.588593+00:00', '--job-id', '42', '--raw', '--subdir', 'DAGS_FOLDER/python_operator_dag.py', '--cfg-path', '/tmp/tmp50tmea0a']
[2024-12-04T19:25:40.240+0000] {standard_task_runner.py:83} INFO - Job 42: Subtask hello_with_python
[2024-12-04T19:25:40.302+0000] {task_command.py:376} INFO - Running <TaskInstance: python_operator.hello_with_python manual__2024-12-04T19:25:39.588593+00:00 [running]> on host 308becaf7165
[2024-12-04T19:25:40.377+0000] {taskinstance.py:1592} INFO - Exporting the following env vars:
AIRFLOW_CTX_DAG_OWNER=***
AIRFLOW_CTX_DAG_ID=python_operator
AIRFLOW_CTX_TASK_ID=hello_with_python
AIRFLOW_CTX_EXECUTION_DATE=2024-12-04T19:25:39.588593+00:00
AIRFLOW_CTX_TRY_NUMBER=1
AIRFLOW_CTX_DAG_RUN_ID=manual__2024-12-04T19:25:39.588593+00:00
[2024-12-04T19:25:40.377+0000] {logging_mixin.py:120} INFO - Hola haciendo print desde python operator
[2024-12-04T19:25:40.378+0000] {python.py:177} INFO - Done. Returned value was: None
[2024-12-04T19:25:40.390+0000] {taskinstance.py:1406} INFO - Marking task as SUCCESS. dag_id=python_operator, task_id=hello_with_python, execution_date=20241204T192539, start_date=20241204T192540, end_date=20241204T192540
[2024-12-04T19:25:40.411+0000] {local_task_job.py:164} INFO - Task exited with return code 0
[2024-12-04T19:25:40.433+0000] {local_task_job.py:273} INFO - 0 downstream tasks scheduled from follow-on schedule check
