[2024-12-04T19:33:38.494+0000] {taskinstance.py:1165} INFO - Dependencies all met for <TaskInstance: dependencias.t1_primer_task_python scheduled__2022-07-01T00:00:00+00:00 [queued]>
[2024-12-04T19:33:38.504+0000] {taskinstance.py:1165} INFO - Dependencies all met for <TaskInstance: dependencias.t1_primer_task_python scheduled__2022-07-01T00:00:00+00:00 [queued]>
[2024-12-04T19:33:38.504+0000] {taskinstance.py:1362} INFO - 
--------------------------------------------------------------------------------
[2024-12-04T19:33:38.505+0000] {taskinstance.py:1363} INFO - Starting attempt 1 of 1
[2024-12-04T19:33:38.505+0000] {taskinstance.py:1364} INFO - 
--------------------------------------------------------------------------------
[2024-12-04T19:33:38.519+0000] {taskinstance.py:1383} INFO - Executing <Task(PythonOperator): t1_primer_task_python> on 2022-07-01 00:00:00+00:00
[2024-12-04T19:33:38.527+0000] {standard_task_runner.py:55} INFO - Started process 672 to run task
[2024-12-04T19:33:38.530+0000] {standard_task_runner.py:82} INFO - Running: ['***', 'tasks', 'run', 'dependencias', 't1_primer_task_python', 'scheduled__2022-07-01T00:00:00+00:00', '--job-id', '43', '--raw', '--subdir', 'DAGS_FOLDER/dependencia_tareas_dag.py', '--cfg-path', '/tmp/tmp1ow2zyy3']
[2024-12-04T19:33:38.530+0000] {standard_task_runner.py:83} INFO - Job 43: Subtask t1_primer_task_python
[2024-12-04T19:33:38.594+0000] {task_command.py:376} INFO - Running <TaskInstance: dependencias.t1_primer_task_python scheduled__2022-07-01T00:00:00+00:00 [running]> on host 308becaf7165
[2024-12-04T19:33:38.675+0000] {taskinstance.py:1592} INFO - Exporting the following env vars:
AIRFLOW_CTX_DAG_OWNER=***
AIRFLOW_CTX_DAG_ID=dependencias
AIRFLOW_CTX_TASK_ID=t1_primer_task_python
AIRFLOW_CTX_EXECUTION_DATE=2022-07-01T00:00:00+00:00
AIRFLOW_CTX_TRY_NUMBER=1
AIRFLOW_CTX_DAG_RUN_ID=scheduled__2022-07-01T00:00:00+00:00
[2024-12-04T19:33:38.676+0000] {logging_mixin.py:120} INFO - hello world with python in ***
[2024-12-04T19:33:38.676+0000] {python.py:177} INFO - Done. Returned value was: None
[2024-12-04T19:33:38.689+0000] {taskinstance.py:1406} INFO - Marking task as SUCCESS. dag_id=dependencias, task_id=t1_primer_task_python, execution_date=20220701T000000, start_date=20241204T193338, end_date=20241204T193338
[2024-12-04T19:33:38.742+0000] {local_task_job.py:164} INFO - Task exited with return code 0
[2024-12-04T19:33:38.787+0000] {local_task_job.py:273} INFO - 2 downstream tasks scheduled from follow-on schedule check
